[0.314s] Invoking command in '/home/pi/ams_ws/build/ams_hardware': CMAKE_PREFIX_PATH=/opt/ros/humble /usr/bin/cmake --build /home/pi/ams_ws/build/ams_hardware -- -j4 -l4
[3.227s] Invoked command in '/home/pi/ams_ws/build/ams_hardware' returned '0': CMAKE_PREFIX_PATH=/opt/ros/humble /usr/bin/cmake --build /home/pi/ams_ws/build/ams_hardware -- -j4 -l4
[3.384s] Invoking command in '/home/pi/ams_ws/build/ams_hardware': CMAKE_PREFIX_PATH=/opt/ros/humble /usr/bin/cmake --install /home/pi/ams_ws/build/ams_hardware
[3.420s] -- Install configuration: ""
[3.422s] -- Up-to-date: /home/pi/ams_ws/install/ams_hardware/share/ament_index/resource_index/package_run_dependencies/ams_hardware
[3.423s] -- Up-to-date: /home/pi/ams_ws/install/ams_hardware/share/ament_index/resource_index/parent_prefix_path/ams_hardware
[3.424s] -- Up-to-date: /home/pi/ams_ws/install/ams_hardware/share/ams_hardware/environment/ament_prefix_path.sh
[3.425s] -- Up-to-date: /home/pi/ams_ws/install/ams_hardware/share/ams_hardware/environment/ament_prefix_path.dsv
[3.426s] -- Up-to-date: /home/pi/ams_ws/install/ams_hardware/share/ams_hardware/environment/path.sh
[3.427s] -- Up-to-date: /home/pi/ams_ws/install/ams_hardware/share/ams_hardware/environment/path.dsv
[3.427s] -- Up-to-date: /home/pi/ams_ws/install/ams_hardware/share/ams_hardware/local_setup.bash
[3.429s] -- Up-to-date: /home/pi/ams_ws/install/ams_hardware/share/ams_hardware/local_setup.sh
[3.430s] -- Up-to-date: /home/pi/ams_ws/install/ams_hardware/share/ams_hardware/local_setup.zsh
[3.431s] -- Up-to-date: /home/pi/ams_ws/install/ams_hardware/share/ams_hardware/local_setup.dsv
[3.431s] -- Installing: /home/pi/ams_ws/install/ams_hardware/share/ams_hardware/package.dsv
[3.432s] -- Up-to-date: /home/pi/ams_ws/install/ams_hardware/share/ament_index/resource_index/packages/ams_hardware
[3.453s] -- Up-to-date: /home/pi/ams_ws/install/ams_hardware/share/ams_hardware/cmake/ams_hardwareConfig.cmake
[3.454s] -- Up-to-date: /home/pi/ams_ws/install/ams_hardware/share/ams_hardware/cmake/ams_hardwareConfig-version.cmake
[3.455s] -- Up-to-date: /home/pi/ams_ws/install/ams_hardware/share/ams_hardware/package.xml
[3.455s] Invoked command in '/home/pi/ams_ws/build/ams_hardware' returned '0': CMAKE_PREFIX_PATH=/opt/ros/humble /usr/bin/cmake --install /home/pi/ams_ws/build/ams_hardware
