[5.467s] Invoking command in '/home/pi/ams_ws/src/bno055': PYTHONPATH=/home/pi/ams_ws/build/bno055/prefix_override:/home/pi/ams_ws/install/bno055/lib/python3.10/site-packages:${PYTHONPATH} /usr/bin/python3 setup.py egg_info --egg-base ../../build/bno055 build --build-base /home/pi/ams_ws/build/bno055/build install --record /home/pi/ams_ws/build/bno055/install.log --single-version-externally-managed
[6.925s] running egg_info
[6.928s] writing ../../build/bno055/bno055.egg-info/PKG-INFO
[6.931s] writing dependency_links to ../../build/bno055/bno055.egg-info/dependency_links.txt
[6.933s] writing entry points to ../../build/bno055/bno055.egg-info/entry_points.txt
[6.934s] writing requirements to ../../build/bno055/bno055.egg-info/requires.txt
[6.934s] writing top-level names to ../../build/bno055/bno055.egg-info/top_level.txt
[6.945s] reading manifest file '../../build/bno055/bno055.egg-info/SOURCES.txt'
[6.947s] adding license file 'LICENSE'
[6.948s] adding license file 'AUTHORS'
[6.951s] writing manifest file '../../build/bno055/bno055.egg-info/SOURCES.txt'
[6.951s] running build
[6.952s] running build_py
[6.964s] running install
[6.965s] running install_lib
[6.981s] running install_data
[6.988s] running install_egg_info
[6.994s] removing '/home/pi/ams_ws/install/bno055/lib/python3.10/site-packages/bno055-0.4.1-py3.10.egg-info' (and everything under it)
[6.996s] Copying ../../build/bno055/bno055.egg-info to /home/pi/ams_ws/install/bno055/lib/python3.10/site-packages/bno055-0.4.1-py3.10.egg-info
[7.003s] running install_scripts
[7.090s] Installing bno055 script to /home/pi/ams_ws/install/bno055/lib/bno055
[7.098s] writing list of installed files to '/home/pi/ams_ws/build/bno055/install.log'
[7.387s] Invoked command in '/home/pi/ams_ws/src/bno055' returned '0': PYTHONPATH=/home/pi/ams_ws/build/bno055/prefix_override:/home/pi/ams_ws/install/bno055/lib/python3.10/site-packages:${PYTHONPATH} /usr/bin/python3 setup.py egg_info --egg-base ../../build/bno055 build --build-base /home/pi/ams_ws/build/bno055/build install --record /home/pi/ams_ws/build/bno055/install.log --single-version-externally-managed
