[0.091s] Invoking command in '/home/pi/ams_ws/src/build/sllidar_ros2': CMAKE_PREFIX_PATH=/opt/ros/humble /usr/bin/cmake /home/pi/ams_ws/src/sllidar_ros2 -DAMENT_CMAKE_SYMLINK_INSTALL=1 -DCMAKE_INSTALL_PREFIX=/home/pi/ams_ws/src/install/sllidar_ros2
[0.136s] -- Found ament_cmake: 1.3.3 (/opt/ros/humble/share/ament_cmake/cmake)
[0.767s] -- Override CMake install command with custom implementation using symlinks instead of copying resources
[0.808s] -- Found rclcpp: 16.0.3 (/opt/ros/humble/share/rclcpp/cmake)
[1.001s] -- Found rosidl_generator_c: 3.1.4 (/opt/ros/humble/share/rosidl_generator_c/cmake)
[1.012s] -- Found rosidl_adapter: 3.1.4 (/opt/ros/humble/share/rosidl_adapter/cmake)
[1.036s] -- Found rosidl_generator_cpp: 3.1.4 (/opt/ros/humble/share/rosidl_generator_cpp/cmake)
[1.079s] -- Using all available rosidl_typesupport_c: rosidl_typesupport_fastrtps_c;rosidl_typesupport_introspection_c
[1.141s] -- Using all available rosidl_typesupport_cpp: rosidl_typesupport_fastrtps_cpp;rosidl_typesupport_introspection_cpp
[1.365s] -- Found rmw_implementation_cmake: 6.1.1 (/opt/ros/humble/share/rmw_implementation_cmake/cmake)
[1.371s] -- Found rmw_fastrtps_cpp: 6.2.2 (/opt/ros/humble/share/rmw_fastrtps_cpp/cmake)
[2.477s] -- Using RMW implementation 'rmw_fastrtps_cpp' as default
[3.048s] -- Found sensor_msgs: 4.2.3 (/opt/ros/humble/share/sensor_msgs/cmake)
[3.496s] -- Found std_srvs: 4.2.3 (/opt/ros/humble/share/std_srvs/cmake)
[3.860s] -- Configuring done
[3.934s] -- Generating done
[3.943s] -- Build files have been written to: /home/pi/ams_ws/src/build/sllidar_ros2
[3.972s] Invoked command in '/home/pi/ams_ws/src/build/sllidar_ros2' returned '0': CMAKE_PREFIX_PATH=/opt/ros/humble /usr/bin/cmake /home/pi/ams_ws/src/sllidar_ros2 -DAMENT_CMAKE_SYMLINK_INSTALL=1 -DCMAKE_INSTALL_PREFIX=/home/pi/ams_ws/src/install/sllidar_ros2
[3.981s] Invoking command in '/home/pi/ams_ws/src/build/sllidar_ros2': CMAKE_PREFIX_PATH=/opt/ros/humble /usr/bin/cmake --build /home/pi/ams_ws/src/build/sllidar_ros2 -- -j4 -l4
[4.139s] [35m[1mConsolidate compiler generated dependencies of target sllidar_client[0m
[4.145s] [35m[1mConsolidate compiler generated dependencies of target sllidar_node[0m
[4.221s] [  7%] [32m[1mLinking CXX executable sllidar_client[0m
[4.269s] [ 14%] [32m[1mLinking CXX executable sllidar_node[0m
[5.798s] [ 92%] Built target sllidar_node
[6.445s] [100%] Built target sllidar_client
[6.482s] Invoked command in '/home/pi/ams_ws/src/build/sllidar_ros2' returned '0': CMAKE_PREFIX_PATH=/opt/ros/humble /usr/bin/cmake --build /home/pi/ams_ws/src/build/sllidar_ros2 -- -j4 -l4
[6.826s] Invoking command in '/home/pi/ams_ws/src/build/sllidar_ros2': CMAKE_PREFIX_PATH=/opt/ros/humble /usr/bin/cmake --install /home/pi/ams_ws/src/build/sllidar_ros2
[6.850s] -- Install configuration: ""
[6.852s] -- Execute custom install script
[6.855s] -- Symlinking: /home/pi/ams_ws/src/install/sllidar_ros2/share/sllidar_ros2/launch/sllidar_a3_launch.py
[6.883s] -- Symlinking: /home/pi/ams_ws/src/install/sllidar_ros2/share/sllidar_ros2/launch/sllidar_launch.py
[6.914s] -- Symlinking: /home/pi/ams_ws/src/install/sllidar_ros2/share/sllidar_ros2/launch/sllidar_s1_launch.py
[6.944s] -- Symlinking: /home/pi/ams_ws/src/install/sllidar_ros2/share/sllidar_ros2/launch/sllidar_s1_tcp_launch.py
[6.978s] -- Symlinking: /home/pi/ams_ws/src/install/sllidar_ros2/share/sllidar_ros2/launch/sllidar_s2_launch.py
[7.008s] -- Symlinking: /home/pi/ams_ws/src/install/sllidar_ros2/share/sllidar_ros2/launch/sllidar_s2e_launch.py
[7.038s] -- Symlinking: /home/pi/ams_ws/src/install/sllidar_ros2/share/sllidar_ros2/launch/sllidar_t1_launch.py
[7.069s] -- Symlinking: /home/pi/ams_ws/src/install/sllidar_ros2/share/sllidar_ros2/launch/view_sllidar_a3_launch.py
[7.099s] -- Symlinking: /home/pi/ams_ws/src/install/sllidar_ros2/share/sllidar_ros2/launch/view_sllidar_launch.py
[7.131s] -- Symlinking: /home/pi/ams_ws/src/install/sllidar_ros2/share/sllidar_ros2/launch/view_sllidar_s1_launch.py
[7.161s] -- Symlinking: /home/pi/ams_ws/src/install/sllidar_ros2/share/sllidar_ros2/launch/view_sllidar_s1_tcp_launch.py
[7.192s] -- Symlinking: /home/pi/ams_ws/src/install/sllidar_ros2/share/sllidar_ros2/launch/view_sllidar_s2_launch.py
[7.224s] -- Symlinking: /home/pi/ams_ws/src/install/sllidar_ros2/share/sllidar_ros2/launch/view_sllidar_s2e_launch.py
[7.255s] -- Symlinking: /home/pi/ams_ws/src/install/sllidar_ros2/share/sllidar_ros2/launch/view_sllidar_t1_launch.py
[7.286s] -- Symlinking: /home/pi/ams_ws/src/install/sllidar_ros2/share/sllidar_ros2/rviz/sllidar_ros2.rviz
[7.319s] -- Symlinking: /home/pi/ams_ws/src/install/sllidar_ros2/lib/sllidar_ros2/sllidar_node
[7.350s] -- Symlinking: /home/pi/ams_ws/src/install/sllidar_ros2/lib/sllidar_ros2/sllidar_client
[7.383s] -- Symlinking: /home/pi/ams_ws/src/install/sllidar_ros2/share/ament_index/resource_index/package_run_dependencies/sllidar_ros2
[7.416s] -- Symlinking: /home/pi/ams_ws/src/install/sllidar_ros2/share/ament_index/resource_index/parent_prefix_path/sllidar_ros2
[7.448s] -- Symlinking: /home/pi/ams_ws/src/install/sllidar_ros2/share/sllidar_ros2/environment/ament_prefix_path.sh
[7.479s] -- Symlinking: /home/pi/ams_ws/src/install/sllidar_ros2/share/sllidar_ros2/environment/ament_prefix_path.dsv
[7.512s] -- Symlinking: /home/pi/ams_ws/src/install/sllidar_ros2/share/sllidar_ros2/environment/path.sh
[7.543s] -- Symlinking: /home/pi/ams_ws/src/install/sllidar_ros2/share/sllidar_ros2/environment/path.dsv
[7.575s] -- Symlinking: /home/pi/ams_ws/src/install/sllidar_ros2/share/sllidar_ros2/local_setup.bash
[7.606s] -- Symlinking: /home/pi/ams_ws/src/install/sllidar_ros2/share/sllidar_ros2/local_setup.sh
[7.637s] -- Symlinking: /home/pi/ams_ws/src/install/sllidar_ros2/share/sllidar_ros2/local_setup.zsh
[7.670s] -- Symlinking: /home/pi/ams_ws/src/install/sllidar_ros2/share/sllidar_ros2/local_setup.dsv
[7.702s] -- Symlinking: /home/pi/ams_ws/src/install/sllidar_ros2/share/sllidar_ros2/package.dsv
[7.732s] -- Symlinking: /home/pi/ams_ws/src/install/sllidar_ros2/share/ament_index/resource_index/packages/sllidar_ros2
[7.763s] -- Symlinking: /home/pi/ams_ws/src/install/sllidar_ros2/share/sllidar_ros2/cmake/ament_cmake_export_dependencies-extras.cmake
[7.794s] -- Symlinking: /home/pi/ams_ws/src/install/sllidar_ros2/share/sllidar_ros2/cmake/ament_cmake_export_include_directories-extras.cmake
[7.826s] -- Symlinking: /home/pi/ams_ws/src/install/sllidar_ros2/share/sllidar_ros2/cmake/sllidar_ros2Config.cmake
[7.857s] -- Symlinking: /home/pi/ams_ws/src/install/sllidar_ros2/share/sllidar_ros2/cmake/sllidar_ros2Config-version.cmake
[7.888s] -- Symlinking: /home/pi/ams_ws/src/install/sllidar_ros2/share/sllidar_ros2/package.xml
[7.928s] Invoked command in '/home/pi/ams_ws/src/build/sllidar_ros2' returned '0': CMAKE_PREFIX_PATH=/opt/ros/humble /usr/bin/cmake --install /home/pi/ams_ws/src/build/sllidar_ros2
