[6.237s] Invoking command in '/home/pi/ams_ws/src/nmea_navsat_driver': PYTHONPATH=/home/pi/ams_ws/build/nmea_navsat_driver/prefix_override:/home/pi/ams_ws/install/nmea_navsat_driver/lib/python3.10/site-packages:${PYTHONPATH} /usr/bin/python3 setup.py egg_info --egg-base ../../build/nmea_navsat_driver build --build-base /home/pi/ams_ws/build/nmea_navsat_driver/build install --record /home/pi/ams_ws/build/nmea_navsat_driver/install.log --single-version-externally-managed
[7.699s] running egg_info
[7.702s] writing ../../build/nmea_navsat_driver/nmea_navsat_driver.egg-info/PKG-INFO
[7.704s] writing dependency_links to ../../build/nmea_navsat_driver/nmea_navsat_driver.egg-info/dependency_links.txt
[7.707s] writing entry points to ../../build/nmea_navsat_driver/nmea_navsat_driver.egg-info/entry_points.txt
[7.707s] writing requirements to ../../build/nmea_navsat_driver/nmea_navsat_driver.egg-info/requires.txt
[7.711s] writing top-level names to ../../build/nmea_navsat_driver/nmea_navsat_driver.egg-info/top_level.txt
[7.723s] reading manifest file '../../build/nmea_navsat_driver/nmea_navsat_driver.egg-info/SOURCES.txt'
[7.729s] writing manifest file '../../build/nmea_navsat_driver/nmea_navsat_driver.egg-info/SOURCES.txt'
[7.729s] running build
[7.730s] running build_py
[7.736s] running install
[7.738s] running install_lib
[7.750s] running install_data
[7.756s] running install_egg_info
[7.764s] removing '/home/pi/ams_ws/install/nmea_navsat_driver/lib/python3.10/site-packages/nmea_navsat_driver-2.0.0-py3.10.egg-info' (and everything under it)
[7.766s] Copying ../../build/nmea_navsat_driver/nmea_navsat_driver.egg-info to /home/pi/ams_ws/install/nmea_navsat_driver/lib/python3.10/site-packages/nmea_navsat_driver-2.0.0-py3.10.egg-info
[7.773s] running install_scripts
[7.856s] Installing nmea_serial_driver script to /home/pi/ams_ws/install/nmea_navsat_driver/lib/nmea_navsat_driver
[7.859s] Installing nmea_socket_driver script to /home/pi/ams_ws/install/nmea_navsat_driver/lib/nmea_navsat_driver
[7.860s] Installing nmea_tcpclient_driver script to /home/pi/ams_ws/install/nmea_navsat_driver/lib/nmea_navsat_driver
[7.861s] Installing nmea_topic_driver script to /home/pi/ams_ws/install/nmea_navsat_driver/lib/nmea_navsat_driver
[7.862s] Installing nmea_topic_serial_reader script to /home/pi/ams_ws/install/nmea_navsat_driver/lib/nmea_navsat_driver
[7.864s] writing list of installed files to '/home/pi/ams_ws/build/nmea_navsat_driver/install.log'
[8.079s] Invoked command in '/home/pi/ams_ws/src/nmea_navsat_driver' returned '0': PYTHONPATH=/home/pi/ams_ws/build/nmea_navsat_driver/prefix_override:/home/pi/ams_ws/install/nmea_navsat_driver/lib/python3.10/site-packages:${PYTHONPATH} /usr/bin/python3 setup.py egg_info --egg-base ../../build/nmea_navsat_driver build --build-base /home/pi/ams_ws/build/nmea_navsat_driver/build install --record /home/pi/ams_ws/build/nmea_navsat_driver/install.log --single-version-externally-managed
