[0.306s] Invoking command in '/home/pi/ams_ws/build/sllidar_ros2': CMAKE_PREFIX_PATH=${CMAKE_PREFIX_PATH}:/home/pi/ams_ws/install/nmea_navsat_driver:/home/pi/ams_ws/install/bno055:/opt/ros/humble /usr/bin/cmake --build /home/pi/ams_ws/build/sllidar_ros2 -- -j4 -l4
[0.663s] [ 14%] Built target sllidar_client
[0.813s] [100%] Built target sllidar_node
[0.996s] Invoked command in '/home/pi/ams_ws/build/sllidar_ros2' returned '0': CMAKE_PREFIX_PATH=${CMAKE_PREFIX_PATH}:/home/pi/ams_ws/install/nmea_navsat_driver:/home/pi/ams_ws/install/bno055:/opt/ros/humble /usr/bin/cmake --build /home/pi/ams_ws/build/sllidar_ros2 -- -j4 -l4
[1.399s] Invoking command in '/home/pi/ams_ws/build/sllidar_ros2': CMAKE_PREFIX_PATH=${CMAKE_PREFIX_PATH}:/home/pi/ams_ws/install/nmea_navsat_driver:/home/pi/ams_ws/install/bno055:/opt/ros/humble /usr/bin/cmake --install /home/pi/ams_ws/build/sllidar_ros2
[1.450s] -- Install configuration: ""
[1.453s] -- Execute custom install script
[1.458s] -- Up-to-date symlink: /home/pi/ams_ws/install/sllidar_ros2/share/sllidar_ros2/launch/sllidar_a3_launch.py
[1.460s] -- Up-to-date symlink: /home/pi/ams_ws/install/sllidar_ros2/share/sllidar_ros2/launch/sllidar_launch.py
[1.463s] -- Up-to-date symlink: /home/pi/ams_ws/install/sllidar_ros2/share/sllidar_ros2/launch/sllidar_s1_launch.py
[1.465s] -- Up-to-date symlink: /home/pi/ams_ws/install/sllidar_ros2/share/sllidar_ros2/launch/sllidar_s1_tcp_launch.py
[1.468s] -- Up-to-date symlink: /home/pi/ams_ws/install/sllidar_ros2/share/sllidar_ros2/launch/sllidar_s2_launch.py
[1.470s] -- Up-to-date symlink: /home/pi/ams_ws/install/sllidar_ros2/share/sllidar_ros2/launch/sllidar_s2e_launch.py
[1.473s] -- Up-to-date symlink: /home/pi/ams_ws/install/sllidar_ros2/share/sllidar_ros2/launch/sllidar_t1_launch.py
[1.475s] -- Up-to-date symlink: /home/pi/ams_ws/install/sllidar_ros2/share/sllidar_ros2/launch/view_sllidar_a3_launch.py
[1.478s] -- Up-to-date symlink: /home/pi/ams_ws/install/sllidar_ros2/share/sllidar_ros2/launch/view_sllidar_launch.py
[1.481s] -- Up-to-date symlink: /home/pi/ams_ws/install/sllidar_ros2/share/sllidar_ros2/launch/view_sllidar_s1_launch.py
[1.488s] -- Up-to-date symlink: /home/pi/ams_ws/install/sllidar_ros2/share/sllidar_ros2/launch/view_sllidar_s1_tcp_launch.py
[1.489s] -- Up-to-date symlink: /home/pi/ams_ws/install/sllidar_ros2/share/sllidar_ros2/launch/view_sllidar_s2_launch.py
[1.490s] -- Up-to-date symlink: /home/pi/ams_ws/install/sllidar_ros2/share/sllidar_ros2/launch/view_sllidar_s2e_launch.py
[1.491s] -- Up-to-date symlink: /home/pi/ams_ws/install/sllidar_ros2/share/sllidar_ros2/launch/view_sllidar_t1_launch.py
[1.493s] -- Up-to-date symlink: /home/pi/ams_ws/install/sllidar_ros2/share/sllidar_ros2/rviz/sllidar_ros2.rviz
[1.495s] -- Up-to-date symlink: /home/pi/ams_ws/install/sllidar_ros2/lib/sllidar_ros2/sllidar_node
[1.496s] -- Up-to-date symlink: /home/pi/ams_ws/install/sllidar_ros2/lib/sllidar_ros2/sllidar_client
[1.498s] -- Up-to-date symlink: /home/pi/ams_ws/install/sllidar_ros2/share/ament_index/resource_index/package_run_dependencies/sllidar_ros2
[1.501s] -- Up-to-date symlink: /home/pi/ams_ws/install/sllidar_ros2/share/ament_index/resource_index/parent_prefix_path/sllidar_ros2
[1.504s] -- Up-to-date symlink: /home/pi/ams_ws/install/sllidar_ros2/share/sllidar_ros2/environment/ament_prefix_path.sh
[1.507s] -- Up-to-date symlink: /home/pi/ams_ws/install/sllidar_ros2/share/sllidar_ros2/environment/ament_prefix_path.dsv
[1.510s] -- Up-to-date symlink: /home/pi/ams_ws/install/sllidar_ros2/share/sllidar_ros2/environment/path.sh
[1.514s] -- Up-to-date symlink: /home/pi/ams_ws/install/sllidar_ros2/share/sllidar_ros2/environment/path.dsv
[1.518s] -- Up-to-date symlink: /home/pi/ams_ws/install/sllidar_ros2/share/sllidar_ros2/local_setup.bash
[1.521s] -- Up-to-date symlink: /home/pi/ams_ws/install/sllidar_ros2/share/sllidar_ros2/local_setup.sh
[1.524s] -- Up-to-date symlink: /home/pi/ams_ws/install/sllidar_ros2/share/sllidar_ros2/local_setup.zsh
[1.528s] -- Up-to-date symlink: /home/pi/ams_ws/install/sllidar_ros2/share/sllidar_ros2/local_setup.dsv
[1.531s] -- Symlinking: /home/pi/ams_ws/install/sllidar_ros2/share/sllidar_ros2/package.dsv
[1.578s] -- Up-to-date symlink: /home/pi/ams_ws/install/sllidar_ros2/share/ament_index/resource_index/packages/sllidar_ros2
[1.582s] -- Up-to-date symlink: /home/pi/ams_ws/install/sllidar_ros2/share/sllidar_ros2/cmake/ament_cmake_export_dependencies-extras.cmake
[1.590s] -- Up-to-date symlink: /home/pi/ams_ws/install/sllidar_ros2/share/sllidar_ros2/cmake/ament_cmake_export_include_directories-extras.cmake
[1.593s] -- Up-to-date symlink: /home/pi/ams_ws/install/sllidar_ros2/share/sllidar_ros2/cmake/sllidar_ros2Config.cmake
[1.595s] -- Up-to-date symlink: /home/pi/ams_ws/install/sllidar_ros2/share/sllidar_ros2/cmake/sllidar_ros2Config-version.cmake
[1.598s] -- Up-to-date symlink: /home/pi/ams_ws/install/sllidar_ros2/share/sllidar_ros2/package.xml
[1.623s] Invoked command in '/home/pi/ams_ws/build/sllidar_ros2' returned '0': CMAKE_PREFIX_PATH=${CMAKE_PREFIX_PATH}:/home/pi/ams_ws/install/nmea_navsat_driver:/home/pi/ams_ws/install/bno055:/opt/ros/humble /usr/bin/cmake --install /home/pi/ams_ws/build/sllidar_ros2
