[3.481s] DEBUG:colcon:Command line arguments: ['/home/pi/.local/bin/colcon', 'build']
[3.481s] DEBUG:colcon:Parsed command line arguments: Namespace(log_base=None, log_level=None, verb_name='build', build_base='build', install_base='install', merge_install=False, symlink_install=False, test_result_base=None, continue_on_error=False, executor='parallel', parallel_workers=4, event_handlers=None, ignore_user_meta=False, metas=['./colcon.meta'], base_paths=['.'], packages_ignore=None, packages_ignore_regex=None, paths=None, packages_up_to=None, packages_up_to_regex=None, packages_above=None, packages_above_and_dependencies=None, packages_above_depth=None, packages_select_by_dep=None, packages_skip_by_dep=None, packages_skip_up_to=None, packages_select_build_failed=False, packages_skip_build_finished=False, packages_select_test_failures=False, packages_skip_test_passed=False, packages_select=None, packages_skip=None, packages_select_regex=None, packages_skip_regex=None, packages_start=None, packages_end=None, allow_overriding=[], cmake_args=None, cmake_target=None, cmake_target_skip_unavailable=False, cmake_clean_cache=False, cmake_clean_first=False, cmake_force_configure=False, ament_cmake_args=None, catkin_cmake_args=None, catkin_skip_building_tests=False, verb_parser=<colcon_defaults.argument_parser.defaults.DefaultArgumentsDecorator object at 0xffffbbe3e650>, verb_extension=<colcon_core.verb.build.BuildVerb object at 0xffffbbe3e0e0>, main=<bound method BuildVerb.main of <colcon_core.verb.build.BuildVerb object at 0xffffbbe3e0e0>>)
[3.687s] Level 1:colcon.colcon_core.package_discovery:discover_packages(colcon_meta) check parameters
[3.688s] Level 1:colcon.colcon_core.package_discovery:discover_packages(recursive) check parameters
[3.688s] Level 1:colcon.colcon_core.package_discovery:discover_packages(ignore) check parameters
[3.688s] Level 1:colcon.colcon_core.package_discovery:discover_packages(path) check parameters
[3.688s] Level 1:colcon.colcon_core.package_discovery:discover_packages(colcon_meta) discover
[3.689s] Level 1:colcon.colcon_core.package_discovery:discover_packages(recursive) discover
[3.689s] INFO:colcon.colcon_core.package_discovery:Crawling recursively for packages in '/home/pi/ams_ws'
[3.689s] Level 1:colcon.colcon_core.package_identification:_identify(.) by extensions ['ignore', 'ignore_ament_install']
[3.689s] Level 1:colcon.colcon_core.package_identification:_identify(.) by extension 'ignore'
[3.690s] Level 1:colcon.colcon_core.package_identification:_identify(.) by extension 'ignore_ament_install'
[3.690s] Level 1:colcon.colcon_core.package_identification:_identify(.) by extensions ['colcon_pkg']
[3.690s] Level 1:colcon.colcon_core.package_identification:_identify(.) by extension 'colcon_pkg'
[3.690s] Level 1:colcon.colcon_core.package_identification:_identify(.) by extensions ['colcon_meta']
[3.690s] Level 1:colcon.colcon_core.package_identification:_identify(.) by extension 'colcon_meta'
[3.690s] Level 1:colcon.colcon_core.package_identification:_identify(.) by extensions ['ros']
[3.691s] Level 1:colcon.colcon_core.package_identification:_identify(.) by extension 'ros'
[3.764s] Level 1:colcon.colcon_core.package_identification:_identify(.) by extensions ['cmake', 'python']
[3.764s] Level 1:colcon.colcon_core.package_identification:_identify(.) by extension 'cmake'
[3.764s] Level 1:colcon.colcon_core.package_identification:_identify(.) by extension 'python'
[3.764s] Level 1:colcon.colcon_core.package_identification:_identify(.) by extensions ['python_setup_py']
[3.764s] Level 1:colcon.colcon_core.package_identification:_identify(.) by extension 'python_setup_py'
[3.765s] Level 1:colcon.colcon_core.package_identification:_identify(build) by extensions ['ignore', 'ignore_ament_install']
[3.765s] Level 1:colcon.colcon_core.package_identification:_identify(build) by extension 'ignore'
[3.766s] Level 1:colcon.colcon_core.package_identification:_identify(build) ignored
[3.766s] Level 1:colcon.colcon_core.package_identification:_identify(install) by extensions ['ignore', 'ignore_ament_install']
[3.766s] Level 1:colcon.colcon_core.package_identification:_identify(install) by extension 'ignore'
[3.767s] Level 1:colcon.colcon_core.package_identification:_identify(install) ignored
[3.767s] Level 1:colcon.colcon_core.package_identification:_identify(log) by extensions ['ignore', 'ignore_ament_install']
[3.767s] Level 1:colcon.colcon_core.package_identification:_identify(log) by extension 'ignore'
[3.767s] Level 1:colcon.colcon_core.package_identification:_identify(log) ignored
[3.768s] Level 1:colcon.colcon_core.package_identification:_identify(src) by extensions ['ignore', 'ignore_ament_install']
[3.768s] Level 1:colcon.colcon_core.package_identification:_identify(src) by extension 'ignore'
[3.768s] Level 1:colcon.colcon_core.package_identification:_identify(src) by extension 'ignore_ament_install'
[3.768s] Level 1:colcon.colcon_core.package_identification:_identify(src) by extensions ['colcon_pkg']
[3.769s] Level 1:colcon.colcon_core.package_identification:_identify(src) by extension 'colcon_pkg'
[3.769s] Level 1:colcon.colcon_core.package_identification:_identify(src) by extensions ['colcon_meta']
[3.769s] Level 1:colcon.colcon_core.package_identification:_identify(src) by extension 'colcon_meta'
[3.769s] Level 1:colcon.colcon_core.package_identification:_identify(src) by extensions ['ros']
[3.769s] Level 1:colcon.colcon_core.package_identification:_identify(src) by extension 'ros'
[3.769s] Level 1:colcon.colcon_core.package_identification:_identify(src) by extensions ['cmake', 'python']
[3.770s] Level 1:colcon.colcon_core.package_identification:_identify(src) by extension 'cmake'
[3.770s] Level 1:colcon.colcon_core.package_identification:_identify(src) by extension 'python'
[3.770s] Level 1:colcon.colcon_core.package_identification:_identify(src) by extensions ['python_setup_py']
[3.770s] Level 1:colcon.colcon_core.package_identification:_identify(src) by extension 'python_setup_py'
[3.770s] Level 1:colcon.colcon_core.package_identification:_identify(src/ams_description) by extensions ['ignore', 'ignore_ament_install']
[3.771s] Level 1:colcon.colcon_core.package_identification:_identify(src/ams_description) by extension 'ignore'
[3.771s] Level 1:colcon.colcon_core.package_identification:_identify(src/ams_description) by extension 'ignore_ament_install'
[3.771s] Level 1:colcon.colcon_core.package_identification:_identify(src/ams_description) by extensions ['colcon_pkg']
[3.771s] Level 1:colcon.colcon_core.package_identification:_identify(src/ams_description) by extension 'colcon_pkg'
[3.771s] Level 1:colcon.colcon_core.package_identification:_identify(src/ams_description) by extensions ['colcon_meta']
[3.772s] Level 1:colcon.colcon_core.package_identification:_identify(src/ams_description) by extension 'colcon_meta'
[3.772s] Level 1:colcon.colcon_core.package_identification:_identify(src/ams_description) by extensions ['ros']
[3.772s] Level 1:colcon.colcon_core.package_identification:_identify(src/ams_description) by extension 'ros'
[3.784s] DEBUG:colcon.colcon_core.package_identification:Package 'src/ams_description' with type 'ros.ament_cmake' and name 'ams_description'
[3.784s] Level 1:colcon.colcon_core.package_discovery:discover_packages(recursive) using defaults
[3.784s] Level 1:colcon.colcon_core.package_discovery:discover_packages(ignore) discover
[3.784s] Level 1:colcon.colcon_core.package_discovery:discover_packages(ignore) using defaults
[3.785s] Level 1:colcon.colcon_core.package_discovery:discover_packages(path) discover
[3.785s] Level 1:colcon.colcon_core.package_discovery:discover_packages(path) using defaults
[3.959s] Level 1:colcon.colcon_core.package_discovery:discover_packages(prefix_path) check parameters
[3.960s] Level 1:colcon.colcon_core.package_discovery:discover_packages(prefix_path) discover
[4.010s] DEBUG:colcon.colcon_installed_package_information.package_discovery:Found 376 installed packages in /opt/ros/humble
[4.018s] Level 1:colcon.colcon_core.package_discovery:discover_packages(prefix_path) using defaults
[4.366s] Level 5:colcon.colcon_core.verb:set package 'ams_description' build argument 'cmake_args' from command line to 'None'
[4.366s] Level 5:colcon.colcon_core.verb:set package 'ams_description' build argument 'cmake_target' from command line to 'None'
[4.366s] Level 5:colcon.colcon_core.verb:set package 'ams_description' build argument 'cmake_target_skip_unavailable' from command line to 'False'
[4.366s] Level 5:colcon.colcon_core.verb:set package 'ams_description' build argument 'cmake_clean_cache' from command line to 'False'
[4.366s] Level 5:colcon.colcon_core.verb:set package 'ams_description' build argument 'cmake_clean_first' from command line to 'False'
[4.366s] Level 5:colcon.colcon_core.verb:set package 'ams_description' build argument 'cmake_force_configure' from command line to 'False'
[4.366s] Level 5:colcon.colcon_core.verb:set package 'ams_description' build argument 'ament_cmake_args' from command line to 'None'
[4.366s] Level 5:colcon.colcon_core.verb:set package 'ams_description' build argument 'catkin_cmake_args' from command line to 'None'
[4.367s] Level 5:colcon.colcon_core.verb:set package 'ams_description' build argument 'catkin_skip_building_tests' from command line to 'False'
[4.367s] DEBUG:colcon.colcon_core.verb:Building package 'ams_description' with the following arguments: {'ament_cmake_args': None, 'build_base': '/home/pi/ams_ws/build/ams_description', 'catkin_cmake_args': None, 'catkin_skip_building_tests': False, 'cmake_args': None, 'cmake_clean_cache': False, 'cmake_clean_first': False, 'cmake_force_configure': False, 'cmake_target': None, 'cmake_target_skip_unavailable': False, 'install_base': '/home/pi/ams_ws/install/ams_description', 'merge_install': False, 'path': '/home/pi/ams_ws/src/ams_description', 'symlink_install': False, 'test_result_base': None}
[4.373s] INFO:colcon.colcon_core.executor:Executing jobs using 'parallel' executor
[4.412s] DEBUG:colcon.colcon_parallel_executor.executor.parallel:run_until_complete
[4.413s] INFO:colcon.colcon_ros.task.ament_cmake.build:Building ROS package in '/home/pi/ams_ws/src/ams_description' with build type 'ament_cmake'
[4.414s] INFO:colcon.colcon_cmake.task.cmake.build:Building CMake package in '/home/pi/ams_ws/src/ams_description'
[4.458s] INFO:colcon.colcon_core.plugin_system:Skipping extension 'colcon_core.shell.bat': Not used on non-Windows systems
[4.459s] INFO:colcon.colcon_core.shell:Skip shell extension 'powershell' for command environment: Not usable outside of PowerShell
[4.459s] DEBUG:colcon.colcon_core.shell:Skip shell extension 'dsv' for command environment
[4.532s] DEBUG:colcon.colcon_core.event_handler.log_command:Invoking command in '/home/pi/ams_ws/build/ams_description': CMAKE_PREFIX_PATH=/opt/ros/humble /usr/bin/cmake --build /home/pi/ams_ws/build/ams_description -- -j4 -l4
[5.036s] DEBUG:colcon.colcon_core.event_handler.log_command:Invoked command in '/home/pi/ams_ws/build/ams_description' returned '0': CMAKE_PREFIX_PATH=/opt/ros/humble /usr/bin/cmake --build /home/pi/ams_ws/build/ams_description -- -j4 -l4
[5.181s] DEBUG:colcon.colcon_core.event_handler.log_command:Invoking command in '/home/pi/ams_ws/build/ams_description': CMAKE_PREFIX_PATH=/opt/ros/humble /usr/bin/cmake --install /home/pi/ams_ws/build/ams_description
[5.246s] Level 1:colcon.colcon_core.environment:create_environment_scripts_only(ams_description)
[5.254s] DEBUG:colcon.colcon_core.event_handler.log_command:Invoked command in '/home/pi/ams_ws/build/ams_description' returned '0': CMAKE_PREFIX_PATH=/opt/ros/humble /usr/bin/cmake --install /home/pi/ams_ws/build/ams_description
[5.296s] Level 1:colcon.colcon_core.environment:checking '/home/pi/ams_ws/install/ams_description' for CMake module files
[5.299s] Level 1:colcon.colcon_core.environment:checking '/home/pi/ams_ws/install/ams_description' for CMake config files
[5.303s] Level 1:colcon.colcon_core.shell:create_environment_hook('ams_description', 'cmake_prefix_path')
[5.320s] INFO:colcon.colcon_core.shell:Creating environment hook '/home/pi/ams_ws/install/ams_description/share/ams_description/hook/cmake_prefix_path.ps1'
[5.324s] INFO:colcon.colcon_core.shell:Creating environment descriptor '/home/pi/ams_ws/install/ams_description/share/ams_description/hook/cmake_prefix_path.dsv'
[5.331s] INFO:colcon.colcon_core.shell:Creating environment hook '/home/pi/ams_ws/install/ams_description/share/ams_description/hook/cmake_prefix_path.sh'
[5.335s] Level 1:colcon.colcon_core.environment:checking '/home/pi/ams_ws/install/ams_description/bin'
[5.335s] Level 1:colcon.colcon_core.environment:checking '/home/pi/ams_ws/install/ams_description/lib/pkgconfig/ams_description.pc'
[5.336s] Level 1:colcon.colcon_core.environment:checking '/home/pi/ams_ws/install/ams_description/lib/python3.10/site-packages'
[5.337s] Level 1:colcon.colcon_core.environment:checking '/home/pi/ams_ws/install/ams_description/bin'
[5.355s] INFO:colcon.colcon_core.shell:Creating package script '/home/pi/ams_ws/install/ams_description/share/ams_description/package.ps1'
[5.358s] INFO:colcon.colcon_core.shell:Creating package descriptor '/home/pi/ams_ws/install/ams_description/share/ams_description/package.dsv'
[5.361s] INFO:colcon.colcon_core.shell:Creating package script '/home/pi/ams_ws/install/ams_description/share/ams_description/package.sh'
[5.365s] INFO:colcon.colcon_core.shell:Creating package script '/home/pi/ams_ws/install/ams_description/share/ams_description/package.bash'
[5.369s] INFO:colcon.colcon_core.shell:Creating package script '/home/pi/ams_ws/install/ams_description/share/ams_description/package.zsh'
[5.373s] Level 1:colcon.colcon_core.environment:create_file_with_runtime_dependencies(/home/pi/ams_ws/install/ams_description/share/colcon-core/packages/ams_description)
[5.500s] Level 1:colcon.colcon_core.environment:create_environment_scripts_only(ams_description)
[5.519s] Level 1:colcon.colcon_core.environment:checking '/home/pi/ams_ws/install/ams_description' for CMake module files
[5.522s] Level 1:colcon.colcon_core.environment:checking '/home/pi/ams_ws/install/ams_description' for CMake config files
[5.525s] Level 1:colcon.colcon_core.shell:create_environment_hook('ams_description', 'cmake_prefix_path')
[5.541s] INFO:colcon.colcon_core.shell:Creating environment hook '/home/pi/ams_ws/install/ams_description/share/ams_description/hook/cmake_prefix_path.ps1'
[5.543s] INFO:colcon.colcon_core.shell:Creating environment descriptor '/home/pi/ams_ws/install/ams_description/share/ams_description/hook/cmake_prefix_path.dsv'
[5.545s] INFO:colcon.colcon_core.shell:Creating environment hook '/home/pi/ams_ws/install/ams_description/share/ams_description/hook/cmake_prefix_path.sh'
[5.547s] Level 1:colcon.colcon_core.environment:checking '/home/pi/ams_ws/install/ams_description/bin'
[5.548s] Level 1:colcon.colcon_core.environment:checking '/home/pi/ams_ws/install/ams_description/lib/pkgconfig/ams_description.pc'
[5.548s] Level 1:colcon.colcon_core.environment:checking '/home/pi/ams_ws/install/ams_description/lib/python3.10/site-packages'
[5.549s] Level 1:colcon.colcon_core.environment:checking '/home/pi/ams_ws/install/ams_description/bin'
[5.566s] INFO:colcon.colcon_core.shell:Creating package script '/home/pi/ams_ws/install/ams_description/share/ams_description/package.ps1'
[5.569s] INFO:colcon.colcon_core.shell:Creating package descriptor '/home/pi/ams_ws/install/ams_description/share/ams_description/package.dsv'
[5.571s] INFO:colcon.colcon_core.shell:Creating package script '/home/pi/ams_ws/install/ams_description/share/ams_description/package.sh'
[5.573s] INFO:colcon.colcon_core.shell:Creating package script '/home/pi/ams_ws/install/ams_description/share/ams_description/package.bash'
[5.575s] INFO:colcon.colcon_core.shell:Creating package script '/home/pi/ams_ws/install/ams_description/share/ams_description/package.zsh'
[5.577s] Level 1:colcon.colcon_core.environment:create_file_with_runtime_dependencies(/home/pi/ams_ws/install/ams_description/share/colcon-core/packages/ams_description)
[5.578s] DEBUG:colcon.colcon_parallel_executor.executor.parallel:closing loop
[5.579s] DEBUG:colcon.colcon_parallel_executor.executor.parallel:loop closed
[5.579s] DEBUG:colcon.colcon_parallel_executor.executor.parallel:run_until_complete finished with '0'
[5.580s] DEBUG:colcon.colcon_core.event_reactor:joining thread
[5.619s] INFO:colcon.colcon_core.plugin_system:Skipping extension 'colcon_notification.desktop_notification.notify_send': Could not find 'notify-send'
[5.619s] INFO:colcon.colcon_core.plugin_system:Skipping extension 'colcon_notification.desktop_notification.terminal_notifier': Not used on non-Darwin systems
[5.619s] INFO:colcon.colcon_core.plugin_system:Skipping extension 'colcon_notification.desktop_notification.win32': Not used on non-Windows systems
[5.620s] INFO:colcon.colcon_notification.desktop_notification:Sending desktop notification using 'notify2'
[5.689s] DEBUG:colcon.colcon_notification.desktop_notification.notify2:Failed to initialize notify2: org.freedesktop.DBus.Error.ServiceUnknown: The name org.freedesktop.Notifications was not provided by any .service files
[5.689s] DEBUG:colcon.colcon_core.event_reactor:joined thread
[5.710s] INFO:colcon.colcon_core.shell:Creating prefix script '/home/pi/ams_ws/install/local_setup.ps1'
[5.715s] INFO:colcon.colcon_core.shell:Creating prefix util module '/home/pi/ams_ws/install/_local_setup_util_ps1.py'
[5.721s] INFO:colcon.colcon_core.shell:Creating prefix chain script '/home/pi/ams_ws/install/setup.ps1'
[5.741s] INFO:colcon.colcon_core.shell:Creating prefix script '/home/pi/ams_ws/install/local_setup.sh'
[5.745s] INFO:colcon.colcon_core.shell:Creating prefix util module '/home/pi/ams_ws/install/_local_setup_util_sh.py'
[5.748s] INFO:colcon.colcon_core.shell:Creating prefix chain script '/home/pi/ams_ws/install/setup.sh'
[5.768s] INFO:colcon.colcon_core.shell:Creating prefix script '/home/pi/ams_ws/install/local_setup.bash'
[5.771s] INFO:colcon.colcon_core.shell:Creating prefix chain script '/home/pi/ams_ws/install/setup.bash'
[5.790s] INFO:colcon.colcon_core.shell:Creating prefix script '/home/pi/ams_ws/install/local_setup.zsh'
[5.793s] INFO:colcon.colcon_core.shell:Creating prefix chain script '/home/pi/ams_ws/install/setup.zsh'
