[0.349s] Invoking command in '/home/pi/ros2_ws/build/diffbot_description': CMAKE_PREFIX_PATH=/opt/ros/humble /usr/bin/cmake /home/pi/ros2_ws/ros2_control_demos/ros2_control_demo_description/diffbot_description -DAMENT_CMAKE_SYMLINK_INSTALL=1 -DCMAKE_INSTALL_PREFIX=/home/pi/ros2_ws/install/diffbot_description
[2.030s] -- The C compiler identification is GNU 11.3.0
[2.219s] -- The CXX compiler identification is GNU 11.3.0
[2.277s] -- Detecting C compiler ABI info
[2.728s] -- Detecting C compiler ABI info - done
[2.756s] -- Check for working C compiler: /usr/bin/cc - skipped
[2.758s] -- Detecting C compile features
[2.761s] -- Detecting C compile features - done
[2.778s] -- Detecting CXX compiler ABI info
[3.229s] -- Detecting CXX compiler ABI info - done
[3.259s] -- Check for working CXX compiler: /usr/bin/c++ - skipped
[3.260s] -- Detecting CXX compile features
[3.262s] -- Detecting CXX compile features - done
[3.300s] -- Found ament_cmake: 1.3.3 (/opt/ros/humble/share/ament_cmake/cmake)
[4.580s] -- Found Python3: /usr/bin/python3.10 (found version "3.10.6") found components: Interpreter 
[5.071s] -- Override CMake install command with custom implementation using symlinks instead of copying resources
[5.874s] -- Configuring done
[5.898s] -- Generating done
[5.903s] -- Build files have been written to: /home/pi/ros2_ws/build/diffbot_description
[5.928s] Invoked command in '/home/pi/ros2_ws/build/diffbot_description' returned '0': CMAKE_PREFIX_PATH=/opt/ros/humble /usr/bin/cmake /home/pi/ros2_ws/ros2_control_demos/ros2_control_demo_description/diffbot_description -DAMENT_CMAKE_SYMLINK_INSTALL=1 -DCMAKE_INSTALL_PREFIX=/home/pi/ros2_ws/install/diffbot_description
[5.939s] Invoking command in '/home/pi/ros2_ws/build/diffbot_description': CMAKE_PREFIX_PATH=/opt/ros/humble /usr/bin/cmake --build /home/pi/ros2_ws/build/diffbot_description -- -j4 -l4
[6.117s] Invoked command in '/home/pi/ros2_ws/build/diffbot_description' returned '0': CMAKE_PREFIX_PATH=/opt/ros/humble /usr/bin/cmake --build /home/pi/ros2_ws/build/diffbot_description -- -j4 -l4
[6.332s] Invoking command in '/home/pi/ros2_ws/build/diffbot_description': CMAKE_PREFIX_PATH=/opt/ros/humble /usr/bin/cmake --install /home/pi/ros2_ws/build/diffbot_description
[6.364s] -- Install configuration: ""
[6.366s] -- Execute custom install script
[6.368s] -- Symlinking: /home/pi/ros2_ws/install/diffbot_description/share/diffbot_description/config/diffbot.rviz
[6.411s] -- Symlinking: /home/pi/ros2_ws/install/diffbot_description/share/diffbot_description/config/diffbot_view.rviz
[6.463s] -- Symlinking: /home/pi/ros2_ws/install/diffbot_description/share/diffbot_description/gazebo/diffbot.gazebo.xacro
[6.509s] -- Symlinking: /home/pi/ros2_ws/install/diffbot_description/share/diffbot_description/gazebo/diffbot.materials.xacro
[6.545s] -- Symlinking: /home/pi/ros2_ws/install/diffbot_description/share/diffbot_description/launch/view_robot.launch.py
[6.591s] -- Symlinking: /home/pi/ros2_ws/install/diffbot_description/share/diffbot_description/ros2_control/diffbot.ros2_control.xacro
[6.623s] -- Symlinking: /home/pi/ros2_ws/install/diffbot_description/share/diffbot_description/ros2_control/diffbot_system.ros2_control.xacro
[6.662s] -- Symlinking: /home/pi/ros2_ws/install/diffbot_description/share/diffbot_description/urdf/diffbot.urdf.xacro
[6.700s] -- Symlinking: /home/pi/ros2_ws/install/diffbot_description/share/diffbot_description/urdf/diffbot_description.urdf.xacro
[6.741s] -- Symlinking: /home/pi/ros2_ws/install/diffbot_description/share/diffbot_description/urdf/diffbot_system.urdf.xacro
[6.785s] -- Symlinking: /home/pi/ros2_ws/install/diffbot_description/share/ament_index/resource_index/package_run_dependencies/diffbot_description
[6.828s] -- Symlinking: /home/pi/ros2_ws/install/diffbot_description/share/ament_index/resource_index/parent_prefix_path/diffbot_description
[6.872s] -- Symlinking: /home/pi/ros2_ws/install/diffbot_description/share/diffbot_description/environment/ament_prefix_path.sh
[6.914s] -- Symlinking: /home/pi/ros2_ws/install/diffbot_description/share/diffbot_description/environment/ament_prefix_path.dsv
[6.955s] -- Symlinking: /home/pi/ros2_ws/install/diffbot_description/share/diffbot_description/environment/path.sh
[6.997s] -- Symlinking: /home/pi/ros2_ws/install/diffbot_description/share/diffbot_description/environment/path.dsv
[7.042s] -- Symlinking: /home/pi/ros2_ws/install/diffbot_description/share/diffbot_description/local_setup.bash
[7.082s] -- Symlinking: /home/pi/ros2_ws/install/diffbot_description/share/diffbot_description/local_setup.sh
[7.120s] -- Symlinking: /home/pi/ros2_ws/install/diffbot_description/share/diffbot_description/local_setup.zsh
[7.160s] -- Symlinking: /home/pi/ros2_ws/install/diffbot_description/share/diffbot_description/local_setup.dsv
[7.202s] -- Symlinking: /home/pi/ros2_ws/install/diffbot_description/share/diffbot_description/package.dsv
[7.241s] -- Symlinking: /home/pi/ros2_ws/install/diffbot_description/share/ament_index/resource_index/packages/diffbot_description
[7.279s] -- Symlinking: /home/pi/ros2_ws/install/diffbot_description/share/diffbot_description/cmake/diffbot_descriptionConfig.cmake
[7.318s] -- Symlinking: /home/pi/ros2_ws/install/diffbot_description/share/diffbot_description/cmake/diffbot_descriptionConfig-version.cmake
[7.357s] -- Symlinking: /home/pi/ros2_ws/install/diffbot_description/share/diffbot_description/package.xml
[7.410s] Invoked command in '/home/pi/ros2_ws/build/diffbot_description' returned '0': CMAKE_PREFIX_PATH=/opt/ros/humble /usr/bin/cmake --install /home/pi/ros2_ws/build/diffbot_description
