[4.276s] Invoking command in '/home/pi/ams_ws/build/ros2_control_ams': CMAKE_PREFIX_PATH=${CMAKE_PREFIX_PATH}:/home/pi/ams_ws/install/nmea_navsat_driver:/home/pi/ams_ws/install/bno055:/opt/ros/humble /usr/bin/cmake --build /home/pi/ams_ws/build/ros2_control_ams -- -j4 -l4
[4.702s] [100%] Built target ros2_control_ams
[4.914s] Invoked command in '/home/pi/ams_ws/build/ros2_control_ams' returned '0': CMAKE_PREFIX_PATH=${CMAKE_PREFIX_PATH}:/home/pi/ams_ws/install/nmea_navsat_driver:/home/pi/ams_ws/install/bno055:/opt/ros/humble /usr/bin/cmake --build /home/pi/ams_ws/build/ros2_control_ams -- -j4 -l4
[5.375s] Invoking command in '/home/pi/ams_ws/build/ros2_control_ams': CMAKE_PREFIX_PATH=${CMAKE_PREFIX_PATH}:/home/pi/ams_ws/install/nmea_navsat_driver:/home/pi/ams_ws/install/bno055:/opt/ros/humble /usr/bin/cmake --install /home/pi/ams_ws/build/ros2_control_ams
[5.444s] -- Install configuration: ""
[5.445s] -- Up-to-date: /home/pi/ams_ws/install/ros2_control_ams/share/ros2_control_ams/ros2_control_ams.xml
[5.446s] -- Up-to-date: /home/pi/ams_ws/install/ros2_control_ams/include/ros2_control_ams
[5.447s] -- Up-to-date: /home/pi/ams_ws/install/ros2_control_ams/include/ros2_control_ams/ros2_control_ams
[5.448s] -- Up-to-date: /home/pi/ams_ws/install/ros2_control_ams/include/ros2_control_ams/ros2_control_ams/ams.hpp
[5.449s] -- Up-to-date: /home/pi/ams_ws/install/ros2_control_ams/include/ros2_control_ams/ros2_control_ams/visibility_control.h
[5.449s] -- Up-to-date: /home/pi/ams_ws/install/ros2_control_ams/include/ros2_control_ams/ros2_control_ams/ams_actuator.hpp
[5.450s] -- Up-to-date: /home/pi/ams_ws/install/ros2_control_ams/share/ros2_control_ams/launch
[5.458s] -- Up-to-date: /home/pi/ams_ws/install/ros2_control_ams/share/ros2_control_ams/launch/display.launch.py
[5.458s] -- Up-to-date: /home/pi/ams_ws/install/ros2_control_ams/share/ros2_control_ams/ros2_control
[5.459s] -- Up-to-date: /home/pi/ams_ws/install/ros2_control_ams/share/ros2_control_ams/ros2_control/ams_hardware.ros2_control.xacro
[5.460s] -- Up-to-date: /home/pi/ams_ws/install/ros2_control_ams/share/ros2_control_ams/ros2_control/ams_actuators.ros2_control.xacro
[5.461s] -- Up-to-date: /home/pi/ams_ws/install/ros2_control_ams/share/ros2_control_ams/urdf
[5.461s] -- Installing: /home/pi/ams_ws/install/ros2_control_ams/share/ros2_control_ams/urdf/ams_description.urdf
[5.462s] -- Installing: /home/pi/ams_ws/install/ros2_control_ams/share/ros2_control_ams/urdf/ams_actuators.urdf.xacro
[5.464s] -- Up-to-date: /home/pi/ams_ws/install/ros2_control_ams/share/ros2_control_ams/meshes
[5.465s] -- Up-to-date: /home/pi/ams_ws/install/ros2_control_ams/share/ros2_control_ams/meshes/lo_leg_plate_6.STL
[5.466s] -- Up-to-date: /home/pi/ams_ws/install/ros2_control_ams/share/ros2_control_ams/meshes/up_ro_base_5.STL
[5.466s] -- Up-to-date: /home/pi/ams_ws/install/ros2_control_ams/share/ros2_control_ams/meshes/lo_leg_plate_2.STL
[5.467s] -- Up-to-date: /home/pi/ams_ws/install/ros2_control_ams/share/ros2_control_ams/meshes/up_leg_plate_3.STL
[5.468s] -- Up-to-date: /home/pi/ams_ws/install/ros2_control_ams/share/ros2_control_ams/meshes/up_ro_base_4.STL
[5.471s] -- Up-to-date: /home/pi/ams_ws/install/ros2_control_ams/share/ros2_control_ams/meshes/up_ro_base_3.STL
[5.472s] -- Up-to-date: /home/pi/ams_ws/install/ros2_control_ams/share/ros2_control_ams/meshes/lo_leg_plate_4.STL
[5.473s] -- Up-to-date: /home/pi/ams_ws/install/ros2_control_ams/share/ros2_control_ams/meshes/up_leg_plate_4.STL
[5.474s] -- Up-to-date: /home/pi/ams_ws/install/ros2_control_ams/share/ros2_control_ams/meshes/up_ro_base_6.STL
[5.474s] -- Up-to-date: /home/pi/ams_ws/install/ros2_control_ams/share/ros2_control_ams/meshes/up_leg_plate_5.STL
[5.475s] -- Up-to-date: /home/pi/ams_ws/install/ros2_control_ams/share/ros2_control_ams/meshes/up_ro_base_2.STL
[5.476s] -- Up-to-date: /home/pi/ams_ws/install/ros2_control_ams/share/ros2_control_ams/meshes/up_ro_base_1.STL
[5.476s] -- Up-to-date: /home/pi/ams_ws/install/ros2_control_ams/share/ros2_control_ams/meshes/up_leg_plate_1.STL
[5.477s] -- Up-to-date: /home/pi/ams_ws/install/ros2_control_ams/share/ros2_control_ams/meshes/up_leg_plate_6.STL
[5.478s] -- Up-to-date: /home/pi/ams_ws/install/ros2_control_ams/share/ros2_control_ams/meshes/lo_leg_plate_5.STL
[5.481s] -- Up-to-date: /home/pi/ams_ws/install/ros2_control_ams/share/ros2_control_ams/meshes/lo_leg_plate_1.STL
[5.482s] -- Up-to-date: /home/pi/ams_ws/install/ros2_control_ams/share/ros2_control_ams/meshes/base_link_ams_body.STL
[5.482s] -- Up-to-date: /home/pi/ams_ws/install/ros2_control_ams/share/ros2_control_ams/meshes/lo_leg_plate_3.STL
[5.483s] -- Up-to-date: /home/pi/ams_ws/install/ros2_control_ams/share/ros2_control_ams/meshes/up_leg_plate_2.STL
[5.483s] -- Up-to-date: /home/pi/ams_ws/install/ros2_control_ams/share/ros2_control_ams/rviz
[5.484s] -- Up-to-date: /home/pi/ams_ws/install/ros2_control_ams/share/ros2_control_ams/rviz/ams.rviz
[5.484s] -- Up-to-date: /home/pi/ams_ws/install/ros2_control_ams/share/ros2_control_ams/rviz/urdf_config.rviz
[5.491s] -- Up-to-date: /home/pi/ams_ws/install/ros2_control_ams/share/ros2_control_ams/launch
[5.492s] -- Up-to-date: /home/pi/ams_ws/install/ros2_control_ams/share/ros2_control_ams/launch/ams_actuators.launch.py
[5.494s] -- Up-to-date: /home/pi/ams_ws/install/ros2_control_ams/share/ros2_control_ams/launch/ams_base.launch.py
[5.512s] -- Up-to-date: /home/pi/ams_ws/install/ros2_control_ams/share/ros2_control_ams/launch/test_position_controllers.launch.py
[5.513s] -- Up-to-date: /home/pi/ams_ws/install/ros2_control_ams/share/ros2_control_ams/launch/ams_hardware.launch.py
[5.514s] -- Up-to-date: /home/pi/ams_ws/install/ros2_control_ams/share/ros2_control_ams/launch/ams_actuators.ros2_control.xacro
[5.515s] -- Up-to-date: /home/pi/ams_ws/install/ros2_control_ams/share/ros2_control_ams/config
[5.516s] -- Up-to-date: /home/pi/ams_ws/install/ros2_control_ams/share/ros2_control_ams/config/ams_actuators.yaml
[5.517s] -- Up-to-date: /home/pi/ams_ws/install/ros2_control_ams/share/ros2_control_ams/config/ams_position_publisher.yaml
[5.520s] -- Up-to-date: /home/pi/ams_ws/install/ros2_control_ams/lib/libros2_control_ams.so
[5.522s] -- Up-to-date: /home/pi/ams_ws/install/ros2_control_ams/share/ros2_control_ams/environment/library_path.sh
[5.529s] -- Up-to-date: /home/pi/ams_ws/install/ros2_control_ams/share/ros2_control_ams/environment/library_path.dsv
[5.530s] -- Up-to-date: /home/pi/ams_ws/install/ros2_control_ams/share/ament_index/resource_index/package_run_dependencies/ros2_control_ams
[5.530s] -- Up-to-date: /home/pi/ams_ws/install/ros2_control_ams/share/ament_index/resource_index/parent_prefix_path/ros2_control_ams
[5.531s] -- Up-to-date: /home/pi/ams_ws/install/ros2_control_ams/share/ros2_control_ams/environment/ament_prefix_path.sh
[5.532s] -- Up-to-date: /home/pi/ams_ws/install/ros2_control_ams/share/ros2_control_ams/environment/ament_prefix_path.dsv
[5.533s] -- Up-to-date: /home/pi/ams_ws/install/ros2_control_ams/share/ros2_control_ams/environment/path.sh
[5.533s] -- Up-to-date: /home/pi/ams_ws/install/ros2_control_ams/share/ros2_control_ams/environment/path.dsv
[5.540s] -- Up-to-date: /home/pi/ams_ws/install/ros2_control_ams/share/ros2_control_ams/local_setup.bash
[5.541s] -- Up-to-date: /home/pi/ams_ws/install/ros2_control_ams/share/ros2_control_ams/local_setup.sh
[5.541s] -- Up-to-date: /home/pi/ams_ws/install/ros2_control_ams/share/ros2_control_ams/local_setup.zsh
[5.542s] -- Up-to-date: /home/pi/ams_ws/install/ros2_control_ams/share/ros2_control_ams/local_setup.dsv
[5.542s] -- Installing: /home/pi/ams_ws/install/ros2_control_ams/share/ros2_control_ams/package.dsv
[5.543s] -- Up-to-date: /home/pi/ams_ws/install/ros2_control_ams/share/ament_index/resource_index/packages/ros2_control_ams
[5.544s] -- Up-to-date: /home/pi/ams_ws/install/ros2_control_ams/share/ament_index/resource_index/hardware_interface__pluginlib__plugin/ros2_control_ams
[5.545s] -- Up-to-date: /home/pi/ams_ws/install/ros2_control_ams/share/ros2_control_ams/cmake/export_ros2_control_amsExport.cmake
[5.546s] -- Up-to-date: /home/pi/ams_ws/install/ros2_control_ams/share/ros2_control_ams/cmake/export_ros2_control_amsExport-noconfig.cmake
[5.547s] -- Up-to-date: /home/pi/ams_ws/install/ros2_control_ams/share/ros2_control_ams/cmake/ament_cmake_export_targets-extras.cmake
[5.548s] -- Up-to-date: /home/pi/ams_ws/install/ros2_control_ams/share/ros2_control_ams/cmake/ament_cmake_export_dependencies-extras.cmake
[5.548s] -- Up-to-date: /home/pi/ams_ws/install/ros2_control_ams/share/ros2_control_ams/cmake/ros2_control_amsConfig.cmake
[5.549s] -- Up-to-date: /home/pi/ams_ws/install/ros2_control_ams/share/ros2_control_ams/cmake/ros2_control_amsConfig-version.cmake
[5.550s] -- Up-to-date: /home/pi/ams_ws/install/ros2_control_ams/share/ros2_control_ams/package.xml
[5.564s] Invoked command in '/home/pi/ams_ws/build/ros2_control_ams' returned '0': CMAKE_PREFIX_PATH=${CMAKE_PREFIX_PATH}:/home/pi/ams_ws/install/nmea_navsat_driver:/home/pi/ams_ws/install/bno055:/opt/ros/humble /usr/bin/cmake --install /home/pi/ams_ws/build/ros2_control_ams
