[0.406s] Invoking command in '/home/pi/ams_ws/build/ams_hardware': CMAKE_PREFIX_PATH=/opt/ros/humble /usr/bin/cmake --build /home/pi/ams_ws/build/ams_hardware -- -j4 -l4
[4.292s] Invoked command in '/home/pi/ams_ws/build/ams_hardware' returned '0': CMAKE_PREFIX_PATH=/opt/ros/humble /usr/bin/cmake --build /home/pi/ams_ws/build/ams_hardware -- -j4 -l4
[4.660s] Invoking command in '/home/pi/ams_ws/build/ams_hardware': CMAKE_PREFIX_PATH=/opt/ros/humble /usr/bin/cmake --install /home/pi/ams_ws/build/ams_hardware
[4.728s] -- Install configuration: ""
[4.736s] -- Up-to-date: /home/pi/ams_ws/install/ams_hardware/share/ament_index/resource_index/package_run_dependencies/ams_hardware
[4.747s] -- Up-to-date: /home/pi/ams_ws/install/ams_hardware/share/ament_index/resource_index/parent_prefix_path/ams_hardware
[4.749s] -- Up-to-date: /home/pi/ams_ws/install/ams_hardware/share/ams_hardware/environment/ament_prefix_path.sh
[4.750s] -- Up-to-date: /home/pi/ams_ws/install/ams_hardware/share/ams_hardware/environment/ament_prefix_path.dsv
[4.751s] -- Up-to-date: /home/pi/ams_ws/install/ams_hardware/share/ams_hardware/environment/path.sh
[4.752s] -- Up-to-date: /home/pi/ams_ws/install/ams_hardware/share/ams_hardware/environment/path.dsv
[4.753s] -- Up-to-date: /home/pi/ams_ws/install/ams_hardware/share/ams_hardware/local_setup.bash
[4.754s] -- Up-to-date: /home/pi/ams_ws/install/ams_hardware/share/ams_hardware/local_setup.sh
[4.755s] -- Up-to-date: /home/pi/ams_ws/install/ams_hardware/share/ams_hardware/local_setup.zsh
[4.756s] -- Up-to-date: /home/pi/ams_ws/install/ams_hardware/share/ams_hardware/local_setup.dsv
[4.756s] -- Installing: /home/pi/ams_ws/install/ams_hardware/share/ams_hardware/package.dsv
[4.760s] -- Up-to-date: /home/pi/ams_ws/install/ams_hardware/share/ament_index/resource_index/packages/ams_hardware
[4.762s] -- Up-to-date: /home/pi/ams_ws/install/ams_hardware/share/ams_hardware/cmake/ams_hardwareConfig.cmake
[4.762s] -- Up-to-date: /home/pi/ams_ws/install/ams_hardware/share/ams_hardware/cmake/ams_hardwareConfig-version.cmake
[4.763s] -- Up-to-date: /home/pi/ams_ws/install/ams_hardware/share/ams_hardware/package.xml
[4.784s] Invoked command in '/home/pi/ams_ws/build/ams_hardware' returned '0': CMAKE_PREFIX_PATH=/opt/ros/humble /usr/bin/cmake --install /home/pi/ams_ws/build/ams_hardware
