[0.181s] Invoking command in '/home/pi/ams_ws/build/sllidar_ros2': CMAKE_PREFIX_PATH=${CMAKE_PREFIX_PATH}:/home/pi/ams_ws/install/nmea_navsat_driver:/home/pi/ams_ws/install/bno055:/opt/ros/humble /usr/bin/cmake --build /home/pi/ams_ws/build/sllidar_ros2 -- -j4 -l4
[0.711s] [ 14%] Built target sllidar_client
[0.761s] [100%] Built target sllidar_node
[0.822s] Invoked command in '/home/pi/ams_ws/build/sllidar_ros2' returned '0': CMAKE_PREFIX_PATH=${CMAKE_PREFIX_PATH}:/home/pi/ams_ws/install/nmea_navsat_driver:/home/pi/ams_ws/install/bno055:/opt/ros/humble /usr/bin/cmake --build /home/pi/ams_ws/build/sllidar_ros2 -- -j4 -l4
[1.362s] Invoking command in '/home/pi/ams_ws/build/sllidar_ros2': CMAKE_PREFIX_PATH=${CMAKE_PREFIX_PATH}:/home/pi/ams_ws/install/nmea_navsat_driver:/home/pi/ams_ws/install/bno055:/opt/ros/humble /usr/bin/cmake --install /home/pi/ams_ws/build/sllidar_ros2
[1.417s] -- Install configuration: ""
[1.420s] -- Execute custom install script
[1.425s] -- Up-to-date symlink: /home/pi/ams_ws/install/sllidar_ros2/share/sllidar_ros2/launch/sllidar_a3_launch.py
[1.426s] -- Up-to-date symlink: /home/pi/ams_ws/install/sllidar_ros2/share/sllidar_ros2/launch/sllidar_launch.py
[1.428s] -- Up-to-date symlink: /home/pi/ams_ws/install/sllidar_ros2/share/sllidar_ros2/launch/sllidar_s1_launch.py
[1.430s] -- Up-to-date symlink: /home/pi/ams_ws/install/sllidar_ros2/share/sllidar_ros2/launch/sllidar_s1_tcp_launch.py
[1.431s] -- Up-to-date symlink: /home/pi/ams_ws/install/sllidar_ros2/share/sllidar_ros2/launch/sllidar_s2_launch.py
[1.433s] -- Up-to-date symlink: /home/pi/ams_ws/install/sllidar_ros2/share/sllidar_ros2/launch/sllidar_s2e_launch.py
[1.436s] -- Up-to-date symlink: /home/pi/ams_ws/install/sllidar_ros2/share/sllidar_ros2/launch/sllidar_t1_launch.py
[1.438s] -- Up-to-date symlink: /home/pi/ams_ws/install/sllidar_ros2/share/sllidar_ros2/launch/view_sllidar_a3_launch.py
[1.440s] -- Up-to-date symlink: /home/pi/ams_ws/install/sllidar_ros2/share/sllidar_ros2/launch/view_sllidar_launch.py
[1.442s] -- Up-to-date symlink: /home/pi/ams_ws/install/sllidar_ros2/share/sllidar_ros2/launch/view_sllidar_s1_launch.py
[1.445s] -- Up-to-date symlink: /home/pi/ams_ws/install/sllidar_ros2/share/sllidar_ros2/launch/view_sllidar_s1_tcp_launch.py
[1.448s] -- Up-to-date symlink: /home/pi/ams_ws/install/sllidar_ros2/share/sllidar_ros2/launch/view_sllidar_s2_launch.py
[1.451s] -- Up-to-date symlink: /home/pi/ams_ws/install/sllidar_ros2/share/sllidar_ros2/launch/view_sllidar_s2e_launch.py
[1.453s] -- Up-to-date symlink: /home/pi/ams_ws/install/sllidar_ros2/share/sllidar_ros2/launch/view_sllidar_t1_launch.py
[1.457s] -- Up-to-date symlink: /home/pi/ams_ws/install/sllidar_ros2/share/sllidar_ros2/rviz/sllidar_ros2.rviz
[1.461s] -- Up-to-date symlink: /home/pi/ams_ws/install/sllidar_ros2/lib/sllidar_ros2/sllidar_node
[1.463s] -- Up-to-date symlink: /home/pi/ams_ws/install/sllidar_ros2/lib/sllidar_ros2/sllidar_client
[1.467s] -- Up-to-date symlink: /home/pi/ams_ws/install/sllidar_ros2/share/ament_index/resource_index/package_run_dependencies/sllidar_ros2
[1.470s] -- Up-to-date symlink: /home/pi/ams_ws/install/sllidar_ros2/share/ament_index/resource_index/parent_prefix_path/sllidar_ros2
[1.473s] -- Up-to-date symlink: /home/pi/ams_ws/install/sllidar_ros2/share/sllidar_ros2/environment/ament_prefix_path.sh
[1.485s] -- Up-to-date symlink: /home/pi/ams_ws/install/sllidar_ros2/share/sllidar_ros2/environment/ament_prefix_path.dsv
[1.486s] -- Up-to-date symlink: /home/pi/ams_ws/install/sllidar_ros2/share/sllidar_ros2/environment/path.sh
[1.487s] -- Up-to-date symlink: /home/pi/ams_ws/install/sllidar_ros2/share/sllidar_ros2/environment/path.dsv
[1.487s] -- Up-to-date symlink: /home/pi/ams_ws/install/sllidar_ros2/share/sllidar_ros2/local_setup.bash
[1.488s] -- Up-to-date symlink: /home/pi/ams_ws/install/sllidar_ros2/share/sllidar_ros2/local_setup.sh
[1.488s] -- Up-to-date symlink: /home/pi/ams_ws/install/sllidar_ros2/share/sllidar_ros2/local_setup.zsh
[1.489s] -- Up-to-date symlink: /home/pi/ams_ws/install/sllidar_ros2/share/sllidar_ros2/local_setup.dsv
[1.489s] -- Symlinking: /home/pi/ams_ws/install/sllidar_ros2/share/sllidar_ros2/package.dsv
[1.534s] -- Up-to-date symlink: /home/pi/ams_ws/install/sllidar_ros2/share/ament_index/resource_index/packages/sllidar_ros2
[1.535s] -- Up-to-date symlink: /home/pi/ams_ws/install/sllidar_ros2/share/sllidar_ros2/cmake/ament_cmake_export_dependencies-extras.cmake
[1.537s] -- Up-to-date symlink: /home/pi/ams_ws/install/sllidar_ros2/share/sllidar_ros2/cmake/ament_cmake_export_include_directories-extras.cmake
[1.538s] -- Up-to-date symlink: /home/pi/ams_ws/install/sllidar_ros2/share/sllidar_ros2/cmake/sllidar_ros2Config.cmake
[1.539s] -- Up-to-date symlink: /home/pi/ams_ws/install/sllidar_ros2/share/sllidar_ros2/cmake/sllidar_ros2Config-version.cmake
[1.540s] -- Up-to-date symlink: /home/pi/ams_ws/install/sllidar_ros2/share/sllidar_ros2/package.xml
[1.558s] Invoked command in '/home/pi/ams_ws/build/sllidar_ros2' returned '0': CMAKE_PREFIX_PATH=${CMAKE_PREFIX_PATH}:/home/pi/ams_ws/install/nmea_navsat_driver:/home/pi/ams_ws/install/bno055:/opt/ros/humble /usr/bin/cmake --install /home/pi/ams_ws/build/sllidar_ros2
