[0.289s] Invoking command in '/home/pi/ams_ws/build/ams_description': CMAKE_PREFIX_PATH=/opt/ros/humble /usr/bin/cmake --build /home/pi/ams_ws/build/ams_description -- -j4 -l4
[1.777s] Invoked command in '/home/pi/ams_ws/build/ams_description' returned '0': CMAKE_PREFIX_PATH=/opt/ros/humble /usr/bin/cmake --build /home/pi/ams_ws/build/ams_description -- -j4 -l4
[3.279s] Invoking command in '/home/pi/ams_ws/build/ams_description': CMAKE_PREFIX_PATH=/opt/ros/humble /usr/bin/cmake --install /home/pi/ams_ws/build/ams_description
[3.312s] -- Install configuration: ""
[3.314s] -- Up-to-date: /home/pi/ams_ws/install/ams_description/share/ams_description/src
[3.316s] -- Up-to-date: /home/pi/ams_ws/install/ams_description/share/ams_description/src/description
[3.318s] -- Up-to-date: /home/pi/ams_ws/install/ams_description/share/ams_description/src/description/ams_description.urdf
[3.319s] -- Up-to-date: /home/pi/ams_ws/install/ams_description/share/ams_description/launch
[3.319s] -- Up-to-date: /home/pi/ams_ws/install/ams_description/share/ams_description/launch/display.launch.py
[3.320s] -- Up-to-date: /home/pi/ams_ws/install/ams_description/share/ams_description/rviz
[3.320s] -- Up-to-date: /home/pi/ams_ws/install/ams_description/share/ams_description/rviz/urdf_config.rviz
[3.321s] -- Up-to-date: /home/pi/ams_ws/install/ams_description/share/ams_description/meshes
[3.322s] -- Up-to-date: /home/pi/ams_ws/install/ams_description/share/ams_description/meshes/lo_leg_plate_6.STL
[3.323s] -- Up-to-date: /home/pi/ams_ws/install/ams_description/share/ams_description/meshes/up_ro_base_5.STL
[3.324s] -- Up-to-date: /home/pi/ams_ws/install/ams_description/share/ams_description/meshes/lo_leg_plate_2.STL
[3.324s] -- Up-to-date: /home/pi/ams_ws/install/ams_description/share/ams_description/meshes/up_leg_plate_3.STL
[3.326s] -- Up-to-date: /home/pi/ams_ws/install/ams_description/share/ams_description/meshes/up_ro_base_4.STL
[3.327s] -- Up-to-date: /home/pi/ams_ws/install/ams_description/share/ams_description/meshes/up_ro_base_3.STL
[3.328s] -- Up-to-date: /home/pi/ams_ws/install/ams_description/share/ams_description/meshes/lo_leg_plate_4.STL
[3.329s] -- Up-to-date: /home/pi/ams_ws/install/ams_description/share/ams_description/meshes/up_leg_plate_4.STL
[3.330s] -- Up-to-date: /home/pi/ams_ws/install/ams_description/share/ams_description/meshes/up_ro_base_6.STL
[3.331s] -- Up-to-date: /home/pi/ams_ws/install/ams_description/share/ams_description/meshes/up_leg_plate_5.STL
[3.332s] -- Up-to-date: /home/pi/ams_ws/install/ams_description/share/ams_description/meshes/up_ro_base_2.STL
[3.334s] -- Up-to-date: /home/pi/ams_ws/install/ams_description/share/ams_description/meshes/up_ro_base_1.STL
[3.335s] -- Up-to-date: /home/pi/ams_ws/install/ams_description/share/ams_description/meshes/up_leg_plate_1.STL
[3.336s] -- Up-to-date: /home/pi/ams_ws/install/ams_description/share/ams_description/meshes/up_leg_plate_6.STL
[3.336s] -- Up-to-date: /home/pi/ams_ws/install/ams_description/share/ams_description/meshes/lo_leg_plate_5.STL
[3.337s] -- Up-to-date: /home/pi/ams_ws/install/ams_description/share/ams_description/meshes/lo_leg_plate_1.STL
[3.338s] -- Up-to-date: /home/pi/ams_ws/install/ams_description/share/ams_description/meshes/base_link_ams_body.STL
[3.338s] -- Up-to-date: /home/pi/ams_ws/install/ams_description/share/ams_description/meshes/lo_leg_plate_3.STL
[3.339s] -- Up-to-date: /home/pi/ams_ws/install/ams_description/share/ams_description/meshes/up_leg_plate_2.STL
[3.339s] -- Up-to-date: /home/pi/ams_ws/install/ams_description/share/ament_index/resource_index/package_run_dependencies/ams_description
[3.340s] -- Up-to-date: /home/pi/ams_ws/install/ams_description/share/ament_index/resource_index/parent_prefix_path/ams_description
[3.340s] -- Up-to-date: /home/pi/ams_ws/install/ams_description/share/ams_description/environment/ament_prefix_path.sh
[3.341s] -- Up-to-date: /home/pi/ams_ws/install/ams_description/share/ams_description/environment/ament_prefix_path.dsv
[3.341s] -- Up-to-date: /home/pi/ams_ws/install/ams_description/share/ams_description/environment/path.sh
[3.343s] -- Up-to-date: /home/pi/ams_ws/install/ams_description/share/ams_description/environment/path.dsv
[3.343s] -- Up-to-date: /home/pi/ams_ws/install/ams_description/share/ams_description/local_setup.bash
[3.344s] -- Up-to-date: /home/pi/ams_ws/install/ams_description/share/ams_description/local_setup.sh
[3.344s] -- Up-to-date: /home/pi/ams_ws/install/ams_description/share/ams_description/local_setup.zsh
[3.345s] -- Up-to-date: /home/pi/ams_ws/install/ams_description/share/ams_description/local_setup.dsv
[3.345s] -- Installing: /home/pi/ams_ws/install/ams_description/share/ams_description/package.dsv
[3.346s] -- Up-to-date: /home/pi/ams_ws/install/ams_description/share/ament_index/resource_index/packages/ams_description
[3.346s] -- Up-to-date: /home/pi/ams_ws/install/ams_description/share/ams_description/cmake/ams_descriptionConfig.cmake
[3.347s] -- Up-to-date: /home/pi/ams_ws/install/ams_description/share/ams_description/cmake/ams_descriptionConfig-version.cmake
[3.348s] -- Up-to-date: /home/pi/ams_ws/install/ams_description/share/ams_description/package.xml
[3.360s] Invoked command in '/home/pi/ams_ws/build/ams_description' returned '0': CMAKE_PREFIX_PATH=/opt/ros/humble /usr/bin/cmake --install /home/pi/ams_ws/build/ams_description
