[3.414s] Invoking command in '/home/pi/ams_ws/src/bno055': PYTHONPATH=/home/pi/ams_ws/build/bno055/prefix_override:/home/pi/ams_ws/install/bno055/lib/python3.10/site-packages:${PYTHONPATH} /usr/bin/python3 setup.py egg_info --egg-base ../../build/bno055 build --build-base /home/pi/ams_ws/build/bno055/build install --record /home/pi/ams_ws/build/bno055/install.log --single-version-externally-managed
[4.681s] running egg_info
[4.684s] writing ../../build/bno055/bno055.egg-info/PKG-INFO
[4.685s] writing dependency_links to ../../build/bno055/bno055.egg-info/dependency_links.txt
[4.685s] writing entry points to ../../build/bno055/bno055.egg-info/entry_points.txt
[4.686s] writing requirements to ../../build/bno055/bno055.egg-info/requires.txt
[4.687s] writing top-level names to ../../build/bno055/bno055.egg-info/top_level.txt
[4.697s] reading manifest file '../../build/bno055/bno055.egg-info/SOURCES.txt'
[4.699s] adding license file 'LICENSE'
[4.699s] adding license file 'AUTHORS'
[4.702s] writing manifest file '../../build/bno055/bno055.egg-info/SOURCES.txt'
[4.702s] running build
[4.703s] running build_py
[4.709s] running install
[4.710s] running install_lib
[4.719s] running install_data
[4.722s] copying launch/bno055.launch.py -> /home/pi/ams_ws/install/bno055/share/bno055/launch
[4.723s] running install_egg_info
[4.729s] removing '/home/pi/ams_ws/install/bno055/lib/python3.10/site-packages/bno055-0.4.1-py3.10.egg-info' (and everything under it)
[4.731s] Copying ../../build/bno055/bno055.egg-info to /home/pi/ams_ws/install/bno055/lib/python3.10/site-packages/bno055-0.4.1-py3.10.egg-info
[4.735s] running install_scripts
[4.809s] Installing bno055 script to /home/pi/ams_ws/install/bno055/lib/bno055
[4.812s] writing list of installed files to '/home/pi/ams_ws/build/bno055/install.log'
[4.950s] Invoked command in '/home/pi/ams_ws/src/bno055' returned '0': PYTHONPATH=/home/pi/ams_ws/build/bno055/prefix_override:/home/pi/ams_ws/install/bno055/lib/python3.10/site-packages:${PYTHONPATH} /usr/bin/python3 setup.py egg_info --egg-base ../../build/bno055 build --build-base /home/pi/ams_ws/build/bno055/build install --record /home/pi/ams_ws/build/bno055/install.log --single-version-externally-managed
