[2.392s] DEBUG:colcon:Command line arguments: ['/home/pi/.local/bin/colcon', 'build', '--packages-select', 'sllidar_ros2']
[2.393s] DEBUG:colcon:Parsed command line arguments: Namespace(log_base=None, log_level=None, verb_name='build', build_base='build', install_base='install', merge_install=False, symlink_install=False, test_result_base=None, continue_on_error=False, executor='parallel', parallel_workers=4, event_handlers=None, ignore_user_meta=False, metas=['./colcon.meta'], base_paths=['.'], packages_ignore=None, packages_ignore_regex=None, paths=None, packages_up_to=None, packages_up_to_regex=None, packages_above=None, packages_above_and_dependencies=None, packages_above_depth=None, packages_select_by_dep=None, packages_skip_by_dep=None, packages_skip_up_to=None, packages_select_build_failed=False, packages_skip_build_finished=False, packages_select_test_failures=False, packages_skip_test_passed=False, packages_select=['sllidar_ros2'], packages_skip=None, packages_select_regex=None, packages_skip_regex=None, packages_start=None, packages_end=None, allow_overriding=[], cmake_args=None, cmake_target=None, cmake_target_skip_unavailable=False, cmake_clean_cache=False, cmake_clean_first=False, cmake_force_configure=False, ament_cmake_args=None, catkin_cmake_args=None, catkin_skip_building_tests=False, verb_parser=<colcon_defaults.argument_parser.defaults.DefaultArgumentsDecorator object at 0xffff9fb9eec0>, verb_extension=<colcon_core.verb.build.BuildVerb object at 0xffff9fb9e950>, main=<bound method BuildVerb.main of <colcon_core.verb.build.BuildVerb object at 0xffff9fb9e950>>)
[2.507s] Level 1:colcon.colcon_core.package_discovery:discover_packages(colcon_meta) check parameters
[2.507s] Level 1:colcon.colcon_core.package_discovery:discover_packages(recursive) check parameters
[2.507s] Level 1:colcon.colcon_core.package_discovery:discover_packages(ignore) check parameters
[2.508s] Level 1:colcon.colcon_core.package_discovery:discover_packages(path) check parameters
[2.508s] Level 1:colcon.colcon_core.package_discovery:discover_packages(colcon_meta) discover
[2.508s] Level 1:colcon.colcon_core.package_discovery:discover_packages(recursive) discover
[2.508s] INFO:colcon.colcon_core.package_discovery:Crawling recursively for packages in '/home/pi/ams_ws/src'
[2.509s] Level 1:colcon.colcon_core.package_identification:_identify(.) by extensions ['ignore', 'ignore_ament_install']
[2.509s] Level 1:colcon.colcon_core.package_identification:_identify(.) by extension 'ignore'
[2.509s] Level 1:colcon.colcon_core.package_identification:_identify(.) by extension 'ignore_ament_install'
[2.509s] Level 1:colcon.colcon_core.package_identification:_identify(.) by extensions ['colcon_pkg']
[2.510s] Level 1:colcon.colcon_core.package_identification:_identify(.) by extension 'colcon_pkg'
[2.510s] Level 1:colcon.colcon_core.package_identification:_identify(.) by extensions ['colcon_meta']
[2.510s] Level 1:colcon.colcon_core.package_identification:_identify(.) by extension 'colcon_meta'
[2.510s] Level 1:colcon.colcon_core.package_identification:_identify(.) by extensions ['ros']
[2.510s] Level 1:colcon.colcon_core.package_identification:_identify(.) by extension 'ros'
[2.553s] Level 1:colcon.colcon_core.package_identification:_identify(.) by extensions ['cmake', 'python']
[2.553s] Level 1:colcon.colcon_core.package_identification:_identify(.) by extension 'cmake'
[2.553s] Level 1:colcon.colcon_core.package_identification:_identify(.) by extension 'python'
[2.554s] Level 1:colcon.colcon_core.package_identification:_identify(.) by extensions ['python_setup_py']
[2.554s] Level 1:colcon.colcon_core.package_identification:_identify(.) by extension 'python_setup_py'
[2.554s] Level 1:colcon.colcon_core.package_identification:_identify(ams_description) by extensions ['ignore', 'ignore_ament_install']
[2.555s] Level 1:colcon.colcon_core.package_identification:_identify(ams_description) by extension 'ignore'
[2.555s] Level 1:colcon.colcon_core.package_identification:_identify(ams_description) by extension 'ignore_ament_install'
[2.555s] Level 1:colcon.colcon_core.package_identification:_identify(ams_description) by extensions ['colcon_pkg']
[2.555s] Level 1:colcon.colcon_core.package_identification:_identify(ams_description) by extension 'colcon_pkg'
[2.555s] Level 1:colcon.colcon_core.package_identification:_identify(ams_description) by extensions ['colcon_meta']
[2.555s] Level 1:colcon.colcon_core.package_identification:_identify(ams_description) by extension 'colcon_meta'
[2.556s] Level 1:colcon.colcon_core.package_identification:_identify(ams_description) by extensions ['ros']
[2.556s] Level 1:colcon.colcon_core.package_identification:_identify(ams_description) by extension 'ros'
[2.564s] DEBUG:colcon.colcon_core.package_identification:Package 'ams_description' with type 'ros.ament_cmake' and name 'ams_description'
[2.565s] Level 1:colcon.colcon_core.package_identification:_identify(ams_hardware) by extensions ['ignore', 'ignore_ament_install']
[2.565s] Level 1:colcon.colcon_core.package_identification:_identify(ams_hardware) by extension 'ignore'
[2.566s] Level 1:colcon.colcon_core.package_identification:_identify(ams_hardware) by extension 'ignore_ament_install'
[2.566s] Level 1:colcon.colcon_core.package_identification:_identify(ams_hardware) by extensions ['colcon_pkg']
[2.566s] Level 1:colcon.colcon_core.package_identification:_identify(ams_hardware) by extension 'colcon_pkg'
[2.566s] Level 1:colcon.colcon_core.package_identification:_identify(ams_hardware) by extensions ['colcon_meta']
[2.566s] Level 1:colcon.colcon_core.package_identification:_identify(ams_hardware) by extension 'colcon_meta'
[2.566s] Level 1:colcon.colcon_core.package_identification:_identify(ams_hardware) by extensions ['ros']
[2.566s] Level 1:colcon.colcon_core.package_identification:_identify(ams_hardware) by extension 'ros'
[2.568s] DEBUG:colcon.colcon_core.package_identification:Package 'ams_hardware' with type 'ros.ament_cmake' and name 'ams_hardware'
[2.569s] Level 1:colcon.colcon_core.package_identification:_identify(bno055) by extensions ['ignore', 'ignore_ament_install']
[2.569s] Level 1:colcon.colcon_core.package_identification:_identify(bno055) by extension 'ignore'
[2.570s] Level 1:colcon.colcon_core.package_identification:_identify(bno055) by extension 'ignore_ament_install'
[2.570s] Level 1:colcon.colcon_core.package_identification:_identify(bno055) by extensions ['colcon_pkg']
[2.570s] Level 1:colcon.colcon_core.package_identification:_identify(bno055) by extension 'colcon_pkg'
[2.570s] Level 1:colcon.colcon_core.package_identification:_identify(bno055) by extensions ['colcon_meta']
[2.570s] Level 1:colcon.colcon_core.package_identification:_identify(bno055) by extension 'colcon_meta'
[2.570s] Level 1:colcon.colcon_core.package_identification:_identify(bno055) by extensions ['ros']
[2.570s] Level 1:colcon.colcon_core.package_identification:_identify(bno055) by extension 'ros'
[2.573s] DEBUG:colcon.colcon_core.package_identification:Package 'bno055' with type 'ros.ament_python' and name 'bno055'
[2.574s] Level 1:colcon.colcon_core.package_identification:_identify(build) by extensions ['ignore', 'ignore_ament_install']
[2.574s] Level 1:colcon.colcon_core.package_identification:_identify(build) by extension 'ignore'
[2.574s] Level 1:colcon.colcon_core.package_identification:_identify(build) ignored
[2.575s] Level 1:colcon.colcon_core.package_identification:_identify(install) by extensions ['ignore', 'ignore_ament_install']
[2.575s] Level 1:colcon.colcon_core.package_identification:_identify(install) by extension 'ignore'
[2.575s] Level 1:colcon.colcon_core.package_identification:_identify(install) ignored
[2.576s] Level 1:colcon.colcon_core.package_identification:_identify(log) by extensions ['ignore', 'ignore_ament_install']
[2.576s] Level 1:colcon.colcon_core.package_identification:_identify(log) by extension 'ignore'
[2.576s] Level 1:colcon.colcon_core.package_identification:_identify(log) ignored
[2.577s] Level 1:colcon.colcon_core.package_identification:_identify(nmea_navsat_driver) by extensions ['ignore', 'ignore_ament_install']
[2.577s] Level 1:colcon.colcon_core.package_identification:_identify(nmea_navsat_driver) by extension 'ignore'
[2.577s] Level 1:colcon.colcon_core.package_identification:_identify(nmea_navsat_driver) by extension 'ignore_ament_install'
[2.577s] Level 1:colcon.colcon_core.package_identification:_identify(nmea_navsat_driver) by extensions ['colcon_pkg']
[2.577s] Level 1:colcon.colcon_core.package_identification:_identify(nmea_navsat_driver) by extension 'colcon_pkg'
[2.578s] Level 1:colcon.colcon_core.package_identification:_identify(nmea_navsat_driver) by extensions ['colcon_meta']
[2.578s] Level 1:colcon.colcon_core.package_identification:_identify(nmea_navsat_driver) by extension 'colcon_meta'
[2.578s] Level 1:colcon.colcon_core.package_identification:_identify(nmea_navsat_driver) by extensions ['ros']
[2.578s] Level 1:colcon.colcon_core.package_identification:_identify(nmea_navsat_driver) by extension 'ros'
[2.585s] DEBUG:colcon.colcon_core.package_identification:Package 'nmea_navsat_driver' with type 'ros.ament_python' and name 'nmea_navsat_driver'
[2.585s] Level 1:colcon.colcon_core.package_identification:_identify(sllidar_ros2) by extensions ['ignore', 'ignore_ament_install']
[2.586s] Level 1:colcon.colcon_core.package_identification:_identify(sllidar_ros2) by extension 'ignore'
[2.586s] Level 1:colcon.colcon_core.package_identification:_identify(sllidar_ros2) by extension 'ignore_ament_install'
[2.586s] Level 1:colcon.colcon_core.package_identification:_identify(sllidar_ros2) by extensions ['colcon_pkg']
[2.586s] Level 1:colcon.colcon_core.package_identification:_identify(sllidar_ros2) by extension 'colcon_pkg'
[2.586s] Level 1:colcon.colcon_core.package_identification:_identify(sllidar_ros2) by extensions ['colcon_meta']
[2.586s] Level 1:colcon.colcon_core.package_identification:_identify(sllidar_ros2) by extension 'colcon_meta'
[2.587s] Level 1:colcon.colcon_core.package_identification:_identify(sllidar_ros2) by extensions ['ros']
[2.587s] Level 1:colcon.colcon_core.package_identification:_identify(sllidar_ros2) by extension 'ros'
[2.589s] DEBUG:colcon.colcon_core.package_identification:Package 'sllidar_ros2' with type 'ros.ament_cmake' and name 'sllidar_ros2'
[2.589s] Level 1:colcon.colcon_core.package_discovery:discover_packages(recursive) using defaults
[2.590s] Level 1:colcon.colcon_core.package_discovery:discover_packages(ignore) discover
[2.590s] Level 1:colcon.colcon_core.package_discovery:discover_packages(ignore) using defaults
[2.590s] Level 1:colcon.colcon_core.package_discovery:discover_packages(path) discover
[2.590s] Level 1:colcon.colcon_core.package_discovery:discover_packages(path) using defaults
[2.712s] INFO:colcon.colcon_core.package_selection:Skipping not selected package 'ams_description' in 'ams_description'
[2.713s] INFO:colcon.colcon_core.package_selection:Skipping not selected package 'ams_hardware' in 'ams_hardware'
[2.713s] INFO:colcon.colcon_core.package_selection:Skipping not selected package 'bno055' in 'bno055'
[2.713s] INFO:colcon.colcon_core.package_selection:Skipping not selected package 'nmea_navsat_driver' in 'nmea_navsat_driver'
[2.716s] Level 1:colcon.colcon_core.package_discovery:discover_packages(prefix_path) check parameters
[2.717s] Level 1:colcon.colcon_core.package_discovery:discover_packages(prefix_path) discover
[2.760s] DEBUG:colcon.colcon_installed_package_information.package_discovery:Found 396 installed packages in /opt/ros/humble
[2.771s] Level 1:colcon.colcon_core.package_discovery:discover_packages(prefix_path) using defaults
[3.119s] Level 5:colcon.colcon_core.verb:set package 'sllidar_ros2' build argument 'cmake_args' from command line to 'None'
[3.119s] Level 5:colcon.colcon_core.verb:set package 'sllidar_ros2' build argument 'cmake_target' from command line to 'None'
[3.119s] Level 5:colcon.colcon_core.verb:set package 'sllidar_ros2' build argument 'cmake_target_skip_unavailable' from command line to 'False'
[3.119s] Level 5:colcon.colcon_core.verb:set package 'sllidar_ros2' build argument 'cmake_clean_cache' from command line to 'False'
[3.119s] Level 5:colcon.colcon_core.verb:set package 'sllidar_ros2' build argument 'cmake_clean_first' from command line to 'False'
[3.119s] Level 5:colcon.colcon_core.verb:set package 'sllidar_ros2' build argument 'cmake_force_configure' from command line to 'False'
[3.119s] Level 5:colcon.colcon_core.verb:set package 'sllidar_ros2' build argument 'ament_cmake_args' from command line to 'None'
[3.119s] Level 5:colcon.colcon_core.verb:set package 'sllidar_ros2' build argument 'catkin_cmake_args' from command line to 'None'
[3.120s] Level 5:colcon.colcon_core.verb:set package 'sllidar_ros2' build argument 'catkin_skip_building_tests' from command line to 'False'
[3.120s] DEBUG:colcon.colcon_core.verb:Building package 'sllidar_ros2' with the following arguments: {'ament_cmake_args': None, 'build_base': '/home/pi/ams_ws/src/build/sllidar_ros2', 'catkin_cmake_args': None, 'catkin_skip_building_tests': False, 'cmake_args': None, 'cmake_clean_cache': False, 'cmake_clean_first': False, 'cmake_force_configure': False, 'cmake_target': None, 'cmake_target_skip_unavailable': False, 'install_base': '/home/pi/ams_ws/src/install/sllidar_ros2', 'merge_install': False, 'path': '/home/pi/ams_ws/src/sllidar_ros2', 'symlink_install': False, 'test_result_base': None}
[3.126s] INFO:colcon.colcon_core.executor:Executing jobs using 'parallel' executor
[3.166s] DEBUG:colcon.colcon_parallel_executor.executor.parallel:run_until_complete
[3.167s] INFO:colcon.colcon_ros.task.ament_cmake.build:Building ROS package in '/home/pi/ams_ws/src/sllidar_ros2' with build type 'ament_cmake'
[3.168s] INFO:colcon.colcon_cmake.task.cmake.build:Building CMake package in '/home/pi/ams_ws/src/sllidar_ros2'
[3.199s] INFO:colcon.colcon_core.plugin_system:Skipping extension 'colcon_core.shell.bat': Not used on non-Windows systems
[3.200s] INFO:colcon.colcon_core.shell:Skip shell extension 'powershell' for command environment: Not usable outside of PowerShell
[3.200s] DEBUG:colcon.colcon_core.shell:Skip shell extension 'dsv' for command environment
[3.263s] DEBUG:colcon.colcon_core.event_handler.log_command:Invoking command in '/home/pi/ams_ws/src/build/sllidar_ros2': CMAKE_PREFIX_PATH=/opt/ros/humble /usr/bin/cmake /home/pi/ams_ws/src/sllidar_ros2 -DCMAKE_INSTALL_PREFIX=/home/pi/ams_ws/src/install/sllidar_ros2
[11.638s] DEBUG:colcon.colcon_core.event_handler.log_command:Invoked command in '/home/pi/ams_ws/src/build/sllidar_ros2' returned '0': CMAKE_PREFIX_PATH=/opt/ros/humble /usr/bin/cmake /home/pi/ams_ws/src/sllidar_ros2 -DCMAKE_INSTALL_PREFIX=/home/pi/ams_ws/src/install/sllidar_ros2
[11.648s] DEBUG:colcon.colcon_core.event_handler.log_command:Invoking command in '/home/pi/ams_ws/src/build/sllidar_ros2': CMAKE_PREFIX_PATH=/opt/ros/humble /usr/bin/cmake --build /home/pi/ams_ws/src/build/sllidar_ros2 -- -j4 -l4
[53.064s] DEBUG:colcon.colcon_core.event_handler.log_command:Invoked command in '/home/pi/ams_ws/src/build/sllidar_ros2' returned '0': CMAKE_PREFIX_PATH=/opt/ros/humble /usr/bin/cmake --build /home/pi/ams_ws/src/build/sllidar_ros2 -- -j4 -l4
[53.403s] DEBUG:colcon.colcon_core.event_handler.log_command:Invoking command in '/home/pi/ams_ws/src/build/sllidar_ros2': CMAKE_PREFIX_PATH=/opt/ros/humble /usr/bin/cmake --install /home/pi/ams_ws/src/build/sllidar_ros2
[53.512s] Level 1:colcon.colcon_core.environment:create_environment_scripts_only(sllidar_ros2)
[53.517s] DEBUG:colcon.colcon_core.event_handler.log_command:Invoked command in '/home/pi/ams_ws/src/build/sllidar_ros2' returned '0': CMAKE_PREFIX_PATH=/opt/ros/humble /usr/bin/cmake --install /home/pi/ams_ws/src/build/sllidar_ros2
[53.553s] Level 1:colcon.colcon_core.environment:checking '/home/pi/ams_ws/src/install/sllidar_ros2' for CMake module files
[53.555s] Level 1:colcon.colcon_core.environment:checking '/home/pi/ams_ws/src/install/sllidar_ros2' for CMake config files
[53.558s] Level 1:colcon.colcon_core.shell:create_environment_hook('sllidar_ros2', 'cmake_prefix_path')
[53.574s] INFO:colcon.colcon_core.shell:Creating environment hook '/home/pi/ams_ws/src/install/sllidar_ros2/share/sllidar_ros2/hook/cmake_prefix_path.ps1'
[53.576s] INFO:colcon.colcon_core.shell:Creating environment descriptor '/home/pi/ams_ws/src/install/sllidar_ros2/share/sllidar_ros2/hook/cmake_prefix_path.dsv'
[53.578s] INFO:colcon.colcon_core.shell:Creating environment hook '/home/pi/ams_ws/src/install/sllidar_ros2/share/sllidar_ros2/hook/cmake_prefix_path.sh'
[53.581s] Level 1:colcon.colcon_core.environment:checking '/home/pi/ams_ws/src/install/sllidar_ros2/lib'
[53.582s] Level 1:colcon.colcon_core.environment:checking '/home/pi/ams_ws/src/install/sllidar_ros2/bin'
[53.582s] Level 1:colcon.colcon_core.environment:checking '/home/pi/ams_ws/src/install/sllidar_ros2/lib/pkgconfig/sllidar_ros2.pc'
[53.583s] Level 1:colcon.colcon_core.environment:checking '/home/pi/ams_ws/src/install/sllidar_ros2/lib/python3.10/site-packages'
[53.584s] Level 1:colcon.colcon_core.environment:checking '/home/pi/ams_ws/src/install/sllidar_ros2/bin'
[53.601s] INFO:colcon.colcon_core.shell:Creating package script '/home/pi/ams_ws/src/install/sllidar_ros2/share/sllidar_ros2/package.ps1'
[53.604s] INFO:colcon.colcon_core.shell:Creating package descriptor '/home/pi/ams_ws/src/install/sllidar_ros2/share/sllidar_ros2/package.dsv'
[53.606s] INFO:colcon.colcon_core.shell:Creating package script '/home/pi/ams_ws/src/install/sllidar_ros2/share/sllidar_ros2/package.sh'
[53.609s] INFO:colcon.colcon_core.shell:Creating package script '/home/pi/ams_ws/src/install/sllidar_ros2/share/sllidar_ros2/package.bash'
[53.612s] INFO:colcon.colcon_core.shell:Creating package script '/home/pi/ams_ws/src/install/sllidar_ros2/share/sllidar_ros2/package.zsh'
[53.614s] Level 1:colcon.colcon_core.environment:create_file_with_runtime_dependencies(/home/pi/ams_ws/src/install/sllidar_ros2/share/colcon-core/packages/sllidar_ros2)
[53.935s] Level 1:colcon.colcon_core.environment:create_environment_scripts_only(sllidar_ros2)
[53.955s] Level 1:colcon.colcon_core.environment:checking '/home/pi/ams_ws/src/install/sllidar_ros2' for CMake module files
[53.958s] Level 1:colcon.colcon_core.environment:checking '/home/pi/ams_ws/src/install/sllidar_ros2' for CMake config files
[53.961s] Level 1:colcon.colcon_core.shell:create_environment_hook('sllidar_ros2', 'cmake_prefix_path')
[53.977s] INFO:colcon.colcon_core.shell:Creating environment hook '/home/pi/ams_ws/src/install/sllidar_ros2/share/sllidar_ros2/hook/cmake_prefix_path.ps1'
[53.979s] INFO:colcon.colcon_core.shell:Creating environment descriptor '/home/pi/ams_ws/src/install/sllidar_ros2/share/sllidar_ros2/hook/cmake_prefix_path.dsv'
[53.981s] INFO:colcon.colcon_core.shell:Creating environment hook '/home/pi/ams_ws/src/install/sllidar_ros2/share/sllidar_ros2/hook/cmake_prefix_path.sh'
[53.983s] Level 1:colcon.colcon_core.environment:checking '/home/pi/ams_ws/src/install/sllidar_ros2/lib'
[53.983s] Level 1:colcon.colcon_core.environment:checking '/home/pi/ams_ws/src/install/sllidar_ros2/bin'
[53.984s] Level 1:colcon.colcon_core.environment:checking '/home/pi/ams_ws/src/install/sllidar_ros2/lib/pkgconfig/sllidar_ros2.pc'
[53.985s] Level 1:colcon.colcon_core.environment:checking '/home/pi/ams_ws/src/install/sllidar_ros2/lib/python3.10/site-packages'
[53.985s] Level 1:colcon.colcon_core.environment:checking '/home/pi/ams_ws/src/install/sllidar_ros2/bin'
[54.002s] INFO:colcon.colcon_core.shell:Creating package script '/home/pi/ams_ws/src/install/sllidar_ros2/share/sllidar_ros2/package.ps1'
[54.005s] INFO:colcon.colcon_core.shell:Creating package descriptor '/home/pi/ams_ws/src/install/sllidar_ros2/share/sllidar_ros2/package.dsv'
[54.007s] INFO:colcon.colcon_core.shell:Creating package script '/home/pi/ams_ws/src/install/sllidar_ros2/share/sllidar_ros2/package.sh'
[54.009s] INFO:colcon.colcon_core.shell:Creating package script '/home/pi/ams_ws/src/install/sllidar_ros2/share/sllidar_ros2/package.bash'
[54.010s] INFO:colcon.colcon_core.shell:Creating package script '/home/pi/ams_ws/src/install/sllidar_ros2/share/sllidar_ros2/package.zsh'
[54.012s] Level 1:colcon.colcon_core.environment:create_file_with_runtime_dependencies(/home/pi/ams_ws/src/install/sllidar_ros2/share/colcon-core/packages/sllidar_ros2)
[54.013s] DEBUG:colcon.colcon_parallel_executor.executor.parallel:closing loop
[54.015s] DEBUG:colcon.colcon_parallel_executor.executor.parallel:loop closed
[54.016s] DEBUG:colcon.colcon_parallel_executor.executor.parallel:run_until_complete finished with '0'
[54.016s] DEBUG:colcon.colcon_core.event_reactor:joining thread
[54.050s] INFO:colcon.colcon_core.plugin_system:Skipping extension 'colcon_notification.desktop_notification.notify_send': Could not find 'notify-send'
[54.051s] INFO:colcon.colcon_core.plugin_system:Skipping extension 'colcon_notification.desktop_notification.terminal_notifier': Not used on non-Darwin systems
[54.051s] INFO:colcon.colcon_core.plugin_system:Skipping extension 'colcon_notification.desktop_notification.win32': Not used on non-Windows systems
[54.051s] INFO:colcon.colcon_notification.desktop_notification:Sending desktop notification using 'notify2'
[54.054s] DEBUG:colcon.colcon_notification.desktop_notification.notify2:Failed to initialize notify2: org.freedesktop.DBus.Error.ServiceUnknown: The name org.freedesktop.Notifications was not provided by any .service files
[54.054s] DEBUG:colcon.colcon_core.event_reactor:joined thread
[54.074s] INFO:colcon.colcon_core.shell:Creating prefix script '/home/pi/ams_ws/src/install/local_setup.ps1'
[54.077s] INFO:colcon.colcon_core.shell:Creating prefix util module '/home/pi/ams_ws/src/install/_local_setup_util_ps1.py'
[54.083s] INFO:colcon.colcon_core.shell:Creating prefix chain script '/home/pi/ams_ws/src/install/setup.ps1'
[54.100s] INFO:colcon.colcon_core.shell:Creating prefix script '/home/pi/ams_ws/src/install/local_setup.sh'
[54.103s] INFO:colcon.colcon_core.shell:Creating prefix util module '/home/pi/ams_ws/src/install/_local_setup_util_sh.py'
[54.105s] INFO:colcon.colcon_core.shell:Creating prefix chain script '/home/pi/ams_ws/src/install/setup.sh'
[54.123s] INFO:colcon.colcon_core.shell:Creating prefix script '/home/pi/ams_ws/src/install/local_setup.bash'
[54.125s] INFO:colcon.colcon_core.shell:Creating prefix chain script '/home/pi/ams_ws/src/install/setup.bash'
[54.143s] INFO:colcon.colcon_core.shell:Creating prefix script '/home/pi/ams_ws/src/install/local_setup.zsh'
[54.145s] INFO:colcon.colcon_core.shell:Creating prefix chain script '/home/pi/ams_ws/src/install/setup.zsh'
