[4.031s] Invoking command in '/home/pi/ams_ws/build/ros2_control_ams': CMAKE_PREFIX_PATH=${CMAKE_PREFIX_PATH}:/home/pi/ams_ws/install/nmea_navsat_driver:/home/pi/ams_ws/install/bno055:/opt/ros/humble /usr/bin/cmake --build /home/pi/ams_ws/build/ros2_control_ams -- -j4 -l4
[4.423s] [100%] Built target ros2_control_ams
[4.664s] Invoked command in '/home/pi/ams_ws/build/ros2_control_ams' returned '0': CMAKE_PREFIX_PATH=${CMAKE_PREFIX_PATH}:/home/pi/ams_ws/install/nmea_navsat_driver:/home/pi/ams_ws/install/bno055:/opt/ros/humble /usr/bin/cmake --build /home/pi/ams_ws/build/ros2_control_ams -- -j4 -l4
[5.120s] Invoking command in '/home/pi/ams_ws/build/ros2_control_ams': CMAKE_PREFIX_PATH=${CMAKE_PREFIX_PATH}:/home/pi/ams_ws/install/nmea_navsat_driver:/home/pi/ams_ws/install/bno055:/opt/ros/humble /usr/bin/cmake --install /home/pi/ams_ws/build/ros2_control_ams
[5.176s] -- Install configuration: ""
[5.177s] -- Up-to-date: /home/pi/ams_ws/install/ros2_control_ams/share/ros2_control_ams/ros2_control_ams.xml
[5.178s] -- Up-to-date: /home/pi/ams_ws/install/ros2_control_ams/include/ros2_control_ams
[5.179s] -- Up-to-date: /home/pi/ams_ws/install/ros2_control_ams/include/ros2_control_ams/ros2_control_ams
[5.181s] -- Up-to-date: /home/pi/ams_ws/install/ros2_control_ams/include/ros2_control_ams/ros2_control_ams/ams.hpp
[5.183s] -- Up-to-date: /home/pi/ams_ws/install/ros2_control_ams/include/ros2_control_ams/ros2_control_ams/visibility_control.h
[5.185s] -- Up-to-date: /home/pi/ams_ws/install/ros2_control_ams/include/ros2_control_ams/ros2_control_ams/ams_actuator.hpp
[5.187s] -- Up-to-date: /home/pi/ams_ws/install/ros2_control_ams/share/ros2_control_ams/launch
[5.188s] -- Up-to-date: /home/pi/ams_ws/install/ros2_control_ams/share/ros2_control_ams/launch/display.launch.py
[5.189s] -- Up-to-date: /home/pi/ams_ws/install/ros2_control_ams/share/ros2_control_ams/ros2_control
[5.190s] -- Up-to-date: /home/pi/ams_ws/install/ros2_control_ams/share/ros2_control_ams/ros2_control/ams_hardware.ros2_control.xacro
[5.190s] -- Up-to-date: /home/pi/ams_ws/install/ros2_control_ams/share/ros2_control_ams/ros2_control/ams_actuators.ros2_control.xacro
[5.195s] -- Up-to-date: /home/pi/ams_ws/install/ros2_control_ams/share/ros2_control_ams/urdf
[5.196s] -- Up-to-date: /home/pi/ams_ws/install/ros2_control_ams/share/ros2_control_ams/urdf/ams_description.urdf
[5.197s] -- Up-to-date: /home/pi/ams_ws/install/ros2_control_ams/share/ros2_control_ams/urdf/ams_actuators.urdf.xacro
[5.198s] -- Up-to-date: /home/pi/ams_ws/install/ros2_control_ams/share/ros2_control_ams/meshes
[5.198s] -- Up-to-date: /home/pi/ams_ws/install/ros2_control_ams/share/ros2_control_ams/meshes/lo_leg_plate_6.STL
[5.199s] -- Up-to-date: /home/pi/ams_ws/install/ros2_control_ams/share/ros2_control_ams/meshes/up_ro_base_5.STL
[5.199s] -- Up-to-date: /home/pi/ams_ws/install/ros2_control_ams/share/ros2_control_ams/meshes/lo_leg_plate_2.STL
[5.200s] -- Up-to-date: /home/pi/ams_ws/install/ros2_control_ams/share/ros2_control_ams/meshes/up_leg_plate_3.STL
[5.201s] -- Up-to-date: /home/pi/ams_ws/install/ros2_control_ams/share/ros2_control_ams/meshes/up_ro_base_4.STL
[5.201s] -- Up-to-date: /home/pi/ams_ws/install/ros2_control_ams/share/ros2_control_ams/meshes/up_ro_base_3.STL
[5.202s] -- Up-to-date: /home/pi/ams_ws/install/ros2_control_ams/share/ros2_control_ams/meshes/lo_leg_plate_4.STL
[5.211s] -- Up-to-date: /home/pi/ams_ws/install/ros2_control_ams/share/ros2_control_ams/meshes/up_leg_plate_4.STL
[5.212s] -- Up-to-date: /home/pi/ams_ws/install/ros2_control_ams/share/ros2_control_ams/meshes/up_ro_base_6.STL
[5.215s] -- Up-to-date: /home/pi/ams_ws/install/ros2_control_ams/share/ros2_control_ams/meshes/up_leg_plate_5.STL
[5.218s] -- Up-to-date: /home/pi/ams_ws/install/ros2_control_ams/share/ros2_control_ams/meshes/up_ro_base_2.STL
[5.225s] -- Up-to-date: /home/pi/ams_ws/install/ros2_control_ams/share/ros2_control_ams/meshes/up_ro_base_1.STL
[5.225s] -- Up-to-date: /home/pi/ams_ws/install/ros2_control_ams/share/ros2_control_ams/meshes/up_leg_plate_1.STL
[5.226s] -- Up-to-date: /home/pi/ams_ws/install/ros2_control_ams/share/ros2_control_ams/meshes/up_leg_plate_6.STL
[5.227s] -- Up-to-date: /home/pi/ams_ws/install/ros2_control_ams/share/ros2_control_ams/meshes/lo_leg_plate_5.STL
[5.228s] -- Up-to-date: /home/pi/ams_ws/install/ros2_control_ams/share/ros2_control_ams/meshes/lo_leg_plate_1.STL
[5.229s] -- Up-to-date: /home/pi/ams_ws/install/ros2_control_ams/share/ros2_control_ams/meshes/base_link_ams_body.STL
[5.238s] -- Up-to-date: /home/pi/ams_ws/install/ros2_control_ams/share/ros2_control_ams/meshes/lo_leg_plate_3.STL
[5.239s] -- Up-to-date: /home/pi/ams_ws/install/ros2_control_ams/share/ros2_control_ams/meshes/up_leg_plate_2.STL
[5.241s] -- Up-to-date: /home/pi/ams_ws/install/ros2_control_ams/share/ros2_control_ams/rviz
[5.241s] -- Up-to-date: /home/pi/ams_ws/install/ros2_control_ams/share/ros2_control_ams/rviz/ams.rviz
[5.266s] -- Up-to-date: /home/pi/ams_ws/install/ros2_control_ams/share/ros2_control_ams/rviz/urdf_config.rviz
[5.267s] -- Up-to-date: /home/pi/ams_ws/install/ros2_control_ams/share/ros2_control_ams/launch
[5.268s] -- Up-to-date: /home/pi/ams_ws/install/ros2_control_ams/share/ros2_control_ams/launch/ams_actuators.launch.py
[5.269s] -- Up-to-date: /home/pi/ams_ws/install/ros2_control_ams/share/ros2_control_ams/launch/ams_base.launch.py
[5.270s] -- Up-to-date: /home/pi/ams_ws/install/ros2_control_ams/share/ros2_control_ams/launch/test_position_controllers.launch.py
[5.271s] -- Up-to-date: /home/pi/ams_ws/install/ros2_control_ams/share/ros2_control_ams/launch/ams_hardware.launch.py
[5.272s] -- Up-to-date: /home/pi/ams_ws/install/ros2_control_ams/share/ros2_control_ams/launch/ams_actuators.ros2_control.xacro
[5.290s] -- Up-to-date: /home/pi/ams_ws/install/ros2_control_ams/share/ros2_control_ams/config
[5.291s] -- Installing: /home/pi/ams_ws/install/ros2_control_ams/share/ros2_control_ams/config/ams_actuators.yaml
[5.292s] -- Up-to-date: /home/pi/ams_ws/install/ros2_control_ams/share/ros2_control_ams/config/ams_position_publisher.yaml
[5.292s] -- Up-to-date: /home/pi/ams_ws/install/ros2_control_ams/lib/libros2_control_ams.so
[5.293s] -- Up-to-date: /home/pi/ams_ws/install/ros2_control_ams/share/ros2_control_ams/environment/library_path.sh
[5.294s] -- Up-to-date: /home/pi/ams_ws/install/ros2_control_ams/share/ros2_control_ams/environment/library_path.dsv
[5.294s] -- Up-to-date: /home/pi/ams_ws/install/ros2_control_ams/share/ament_index/resource_index/package_run_dependencies/ros2_control_ams
[5.295s] -- Up-to-date: /home/pi/ams_ws/install/ros2_control_ams/share/ament_index/resource_index/parent_prefix_path/ros2_control_ams
[5.296s] -- Up-to-date: /home/pi/ams_ws/install/ros2_control_ams/share/ros2_control_ams/environment/ament_prefix_path.sh
[5.296s] -- Up-to-date: /home/pi/ams_ws/install/ros2_control_ams/share/ros2_control_ams/environment/ament_prefix_path.dsv
[5.304s] -- Up-to-date: /home/pi/ams_ws/install/ros2_control_ams/share/ros2_control_ams/environment/path.sh
[5.305s] -- Up-to-date: /home/pi/ams_ws/install/ros2_control_ams/share/ros2_control_ams/environment/path.dsv
[5.306s] -- Up-to-date: /home/pi/ams_ws/install/ros2_control_ams/share/ros2_control_ams/local_setup.bash
[5.306s] -- Up-to-date: /home/pi/ams_ws/install/ros2_control_ams/share/ros2_control_ams/local_setup.sh
[5.307s] -- Up-to-date: /home/pi/ams_ws/install/ros2_control_ams/share/ros2_control_ams/local_setup.zsh
[5.307s] -- Up-to-date: /home/pi/ams_ws/install/ros2_control_ams/share/ros2_control_ams/local_setup.dsv
[5.308s] -- Installing: /home/pi/ams_ws/install/ros2_control_ams/share/ros2_control_ams/package.dsv
[5.322s] -- Up-to-date: /home/pi/ams_ws/install/ros2_control_ams/share/ament_index/resource_index/packages/ros2_control_ams
[5.323s] -- Up-to-date: /home/pi/ams_ws/install/ros2_control_ams/share/ament_index/resource_index/hardware_interface__pluginlib__plugin/ros2_control_ams
[5.324s] -- Up-to-date: /home/pi/ams_ws/install/ros2_control_ams/share/ros2_control_ams/cmake/export_ros2_control_amsExport.cmake
[5.325s] -- Up-to-date: /home/pi/ams_ws/install/ros2_control_ams/share/ros2_control_ams/cmake/export_ros2_control_amsExport-noconfig.cmake
[5.325s] -- Up-to-date: /home/pi/ams_ws/install/ros2_control_ams/share/ros2_control_ams/cmake/ament_cmake_export_targets-extras.cmake
[5.326s] -- Up-to-date: /home/pi/ams_ws/install/ros2_control_ams/share/ros2_control_ams/cmake/ament_cmake_export_dependencies-extras.cmake
[5.327s] -- Up-to-date: /home/pi/ams_ws/install/ros2_control_ams/share/ros2_control_ams/cmake/ros2_control_amsConfig.cmake
[5.327s] -- Up-to-date: /home/pi/ams_ws/install/ros2_control_ams/share/ros2_control_ams/cmake/ros2_control_amsConfig-version.cmake
[5.328s] -- Up-to-date: /home/pi/ams_ws/install/ros2_control_ams/share/ros2_control_ams/package.xml
[5.329s] Invoked command in '/home/pi/ams_ws/build/ros2_control_ams' returned '0': CMAKE_PREFIX_PATH=${CMAKE_PREFIX_PATH}:/home/pi/ams_ws/install/nmea_navsat_driver:/home/pi/ams_ws/install/bno055:/opt/ros/humble /usr/bin/cmake --install /home/pi/ams_ws/build/ros2_control_ams
