-- Found ament_cmake: 1.3.3 (/opt/ros/humble/share/ament_cmake/cmake)
-- Override CMake install command with custom implementation using symlinks instead of copying resources
-- Found hardware_interface: 2.20.0 (/opt/ros/humble/share/hardware_interface/cmake)
-- Found rosidl_generator_c: 3.1.4 (/opt/ros/humble/share/rosidl_generator_c/cmake)
-- Found rosidl_adapter: 3.1.4 (/opt/ros/humble/share/rosidl_adapter/cmake)
-- Found rosidl_generator_cpp: 3.1.4 (/opt/ros/humble/share/rosidl_generator_cpp/cmake)
-- Using all available rosidl_typesupport_c: rosidl_typesupport_fastrtps_c;rosidl_typesupport_introspection_c
-- Using all available rosidl_typesupport_cpp: rosidl_typesupport_fastrtps_cpp;rosidl_typesupport_introspection_cpp
-- Found rmw_implementation_cmake: 6.1.1 (/opt/ros/humble/share/rmw_implementation_cmake/cmake)
-- Found rmw_fastrtps_cpp: 6.2.2 (/opt/ros/humble/share/rmw_fastrtps_cpp/cmake)
-- Using RMW implementation 'rmw_fastrtps_cpp' as default
[31mCMake Error at CMakeLists.txt:19 (find_package):
  By not providing "Findtransmission_interface.cmake" in CMAKE_MODULE_PATH
  this project has asked CMake to find a package configuration file provided
  by "transmission_interface", but CMake did not find one.

  Could not find a package configuration file provided by
  "transmission_interface" with any of the following names:

    transmission_interfaceConfig.cmake
    transmission_interface-config.cmake

  Add the installation prefix of "transmission_interface" to
  CMAKE_PREFIX_PATH or set "transmission_interface_DIR" to a directory
  containing one of the above files.  If "transmission_interface" provides a
  separate development package or SDK, be sure it has been installed.

[0m
-- Configuring incomplete, errors occurred!
See also "/home/pi/ros2_ws/build/ros2_control_demo_hardware/CMakeFiles/CMakeOutput.log".
