[3.178s] DEBUG:colcon:Command line arguments: ['/home/pi/.local/bin/colcon', 'build']
[3.178s] DEBUG:colcon:Parsed command line arguments: Namespace(log_base=None, log_level=None, verb_name='build', build_base='build', install_base='install', merge_install=False, symlink_install=False, test_result_base=None, continue_on_error=False, executor='parallel', parallel_workers=4, event_handlers=None, ignore_user_meta=False, metas=['./colcon.meta'], base_paths=['.'], packages_ignore=None, packages_ignore_regex=None, paths=None, packages_up_to=None, packages_up_to_regex=None, packages_above=None, packages_above_and_dependencies=None, packages_above_depth=None, packages_select_by_dep=None, packages_skip_by_dep=None, packages_skip_up_to=None, packages_select_build_failed=False, packages_skip_build_finished=False, packages_select_test_failures=False, packages_skip_test_passed=False, packages_select=None, packages_skip=None, packages_select_regex=None, packages_skip_regex=None, packages_start=None, packages_end=None, allow_overriding=[], cmake_args=None, cmake_target=None, cmake_target_skip_unavailable=False, cmake_clean_cache=False, cmake_clean_first=False, cmake_force_configure=False, ament_cmake_args=None, catkin_cmake_args=None, catkin_skip_building_tests=False, verb_parser=<colcon_defaults.argument_parser.defaults.DefaultArgumentsDecorator object at 0xffff958f7dc0>, verb_extension=<colcon_core.verb.build.BuildVerb object at 0xffff958f7850>, main=<bound method BuildVerb.main of <colcon_core.verb.build.BuildVerb object at 0xffff958f7850>>)
[3.338s] Level 1:colcon.colcon_core.package_discovery:discover_packages(colcon_meta) check parameters
[3.338s] Level 1:colcon.colcon_core.package_discovery:discover_packages(recursive) check parameters
[3.339s] Level 1:colcon.colcon_core.package_discovery:discover_packages(ignore) check parameters
[3.339s] Level 1:colcon.colcon_core.package_discovery:discover_packages(path) check parameters
[3.339s] Level 1:colcon.colcon_core.package_discovery:discover_packages(colcon_meta) discover
[3.340s] Level 1:colcon.colcon_core.package_discovery:discover_packages(recursive) discover
[3.340s] INFO:colcon.colcon_core.package_discovery:Crawling recursively for packages in '/home/pi/ams_ws'
[3.341s] Level 1:colcon.colcon_core.package_identification:_identify(.) by extensions ['ignore', 'ignore_ament_install']
[3.342s] Level 1:colcon.colcon_core.package_identification:_identify(.) by extension 'ignore'
[3.342s] Level 1:colcon.colcon_core.package_identification:_identify(.) by extension 'ignore_ament_install'
[3.343s] Level 1:colcon.colcon_core.package_identification:_identify(.) by extensions ['colcon_pkg']
[3.343s] Level 1:colcon.colcon_core.package_identification:_identify(.) by extension 'colcon_pkg'
[3.344s] Level 1:colcon.colcon_core.package_identification:_identify(.) by extensions ['colcon_meta']
[3.344s] Level 1:colcon.colcon_core.package_identification:_identify(.) by extension 'colcon_meta'
[3.344s] Level 1:colcon.colcon_core.package_identification:_identify(.) by extensions ['ros']
[3.344s] Level 1:colcon.colcon_core.package_identification:_identify(.) by extension 'ros'
[3.398s] Level 1:colcon.colcon_core.package_identification:_identify(.) by extensions ['cmake', 'python']
[3.399s] Level 1:colcon.colcon_core.package_identification:_identify(.) by extension 'cmake'
[3.399s] Level 1:colcon.colcon_core.package_identification:_identify(.) by extension 'python'
[3.399s] Level 1:colcon.colcon_core.package_identification:_identify(.) by extensions ['python_setup_py']
[3.399s] Level 1:colcon.colcon_core.package_identification:_identify(.) by extension 'python_setup_py'
[3.400s] Level 1:colcon.colcon_core.package_identification:_identify(build) by extensions ['ignore', 'ignore_ament_install']
[3.400s] Level 1:colcon.colcon_core.package_identification:_identify(build) by extension 'ignore'
[3.400s] Level 1:colcon.colcon_core.package_identification:_identify(build) ignored
[3.401s] Level 1:colcon.colcon_core.package_identification:_identify(install) by extensions ['ignore', 'ignore_ament_install']
[3.401s] Level 1:colcon.colcon_core.package_identification:_identify(install) by extension 'ignore'
[3.401s] Level 1:colcon.colcon_core.package_identification:_identify(install) ignored
[3.402s] Level 1:colcon.colcon_core.package_identification:_identify(log) by extensions ['ignore', 'ignore_ament_install']
[3.402s] Level 1:colcon.colcon_core.package_identification:_identify(log) by extension 'ignore'
[3.403s] Level 1:colcon.colcon_core.package_identification:_identify(log) ignored
[3.403s] Level 1:colcon.colcon_core.package_identification:_identify(src) by extensions ['ignore', 'ignore_ament_install']
[3.403s] Level 1:colcon.colcon_core.package_identification:_identify(src) by extension 'ignore'
[3.404s] Level 1:colcon.colcon_core.package_identification:_identify(src) by extension 'ignore_ament_install'
[3.404s] Level 1:colcon.colcon_core.package_identification:_identify(src) by extensions ['colcon_pkg']
[3.404s] Level 1:colcon.colcon_core.package_identification:_identify(src) by extension 'colcon_pkg'
[3.404s] Level 1:colcon.colcon_core.package_identification:_identify(src) by extensions ['colcon_meta']
[3.404s] Level 1:colcon.colcon_core.package_identification:_identify(src) by extension 'colcon_meta'
[3.404s] Level 1:colcon.colcon_core.package_identification:_identify(src) by extensions ['ros']
[3.404s] Level 1:colcon.colcon_core.package_identification:_identify(src) by extension 'ros'
[3.405s] Level 1:colcon.colcon_core.package_identification:_identify(src) by extensions ['cmake', 'python']
[3.405s] Level 1:colcon.colcon_core.package_identification:_identify(src) by extension 'cmake'
[3.405s] Level 1:colcon.colcon_core.package_identification:_identify(src) by extension 'python'
[3.405s] Level 1:colcon.colcon_core.package_identification:_identify(src) by extensions ['python_setup_py']
[3.405s] Level 1:colcon.colcon_core.package_identification:_identify(src) by extension 'python_setup_py'
[3.406s] Level 1:colcon.colcon_core.package_identification:_identify(src/ams_description) by extensions ['ignore', 'ignore_ament_install']
[3.406s] Level 1:colcon.colcon_core.package_identification:_identify(src/ams_description) by extension 'ignore'
[3.406s] Level 1:colcon.colcon_core.package_identification:_identify(src/ams_description) by extension 'ignore_ament_install'
[3.406s] Level 1:colcon.colcon_core.package_identification:_identify(src/ams_description) by extensions ['colcon_pkg']
[3.407s] Level 1:colcon.colcon_core.package_identification:_identify(src/ams_description) by extension 'colcon_pkg'
[3.407s] Level 1:colcon.colcon_core.package_identification:_identify(src/ams_description) by extensions ['colcon_meta']
[3.407s] Level 1:colcon.colcon_core.package_identification:_identify(src/ams_description) by extension 'colcon_meta'
[3.407s] Level 1:colcon.colcon_core.package_identification:_identify(src/ams_description) by extensions ['ros']
[3.407s] Level 1:colcon.colcon_core.package_identification:_identify(src/ams_description) by extension 'ros'
[3.417s] DEBUG:colcon.colcon_core.package_identification:Package 'src/ams_description' with type 'ros.ament_cmake' and name 'ros2_control_ams'
[3.418s] Level 1:colcon.colcon_core.package_identification:_identify(src/ams_hardware) by extensions ['ignore', 'ignore_ament_install']
[3.418s] Level 1:colcon.colcon_core.package_identification:_identify(src/ams_hardware) by extension 'ignore'
[3.419s] Level 1:colcon.colcon_core.package_identification:_identify(src/ams_hardware) by extension 'ignore_ament_install'
[3.419s] Level 1:colcon.colcon_core.package_identification:_identify(src/ams_hardware) by extensions ['colcon_pkg']
[3.419s] Level 1:colcon.colcon_core.package_identification:_identify(src/ams_hardware) by extension 'colcon_pkg'
[3.419s] Level 1:colcon.colcon_core.package_identification:_identify(src/ams_hardware) by extensions ['colcon_meta']
[3.419s] Level 1:colcon.colcon_core.package_identification:_identify(src/ams_hardware) by extension 'colcon_meta'
[3.420s] Level 1:colcon.colcon_core.package_identification:_identify(src/ams_hardware) by extensions ['ros']
[3.420s] Level 1:colcon.colcon_core.package_identification:_identify(src/ams_hardware) by extension 'ros'
[3.421s] DEBUG:colcon.colcon_core.package_identification:Package 'src/ams_hardware' with type 'ros.ament_cmake' and name 'ams_hardware'
[3.423s] Level 1:colcon.colcon_core.package_identification:_identify(src/bno055) by extensions ['ignore', 'ignore_ament_install']
[3.423s] Level 1:colcon.colcon_core.package_identification:_identify(src/bno055) by extension 'ignore'
[3.423s] Level 1:colcon.colcon_core.package_identification:_identify(src/bno055) by extension 'ignore_ament_install'
[3.424s] Level 1:colcon.colcon_core.package_identification:_identify(src/bno055) by extensions ['colcon_pkg']
[3.424s] Level 1:colcon.colcon_core.package_identification:_identify(src/bno055) by extension 'colcon_pkg'
[3.424s] Level 1:colcon.colcon_core.package_identification:_identify(src/bno055) by extensions ['colcon_meta']
[3.424s] Level 1:colcon.colcon_core.package_identification:_identify(src/bno055) by extension 'colcon_meta'
[3.424s] Level 1:colcon.colcon_core.package_identification:_identify(src/bno055) by extensions ['ros']
[3.424s] Level 1:colcon.colcon_core.package_identification:_identify(src/bno055) by extension 'ros'
[3.432s] DEBUG:colcon.colcon_core.package_identification:Package 'src/bno055' with type 'ros.ament_python' and name 'bno055'
[3.433s] Level 1:colcon.colcon_core.package_identification:_identify(src/build) by extensions ['ignore', 'ignore_ament_install']
[3.433s] Level 1:colcon.colcon_core.package_identification:_identify(src/build) by extension 'ignore'
[3.434s] Level 1:colcon.colcon_core.package_identification:_identify(src/build) ignored
[3.434s] Level 1:colcon.colcon_core.package_identification:_identify(src/install) by extensions ['ignore', 'ignore_ament_install']
[3.435s] Level 1:colcon.colcon_core.package_identification:_identify(src/install) by extension 'ignore'
[3.435s] Level 1:colcon.colcon_core.package_identification:_identify(src/install) ignored
[3.436s] Level 1:colcon.colcon_core.package_identification:_identify(src/log) by extensions ['ignore', 'ignore_ament_install']
[3.437s] Level 1:colcon.colcon_core.package_identification:_identify(src/log) by extension 'ignore'
[3.437s] Level 1:colcon.colcon_core.package_identification:_identify(src/log) ignored
[3.438s] Level 1:colcon.colcon_core.package_identification:_identify(src/nmea_navsat_driver) by extensions ['ignore', 'ignore_ament_install']
[3.439s] Level 1:colcon.colcon_core.package_identification:_identify(src/nmea_navsat_driver) by extension 'ignore'
[3.440s] Level 1:colcon.colcon_core.package_identification:_identify(src/nmea_navsat_driver) by extension 'ignore_ament_install'
[3.440s] Level 1:colcon.colcon_core.package_identification:_identify(src/nmea_navsat_driver) by extensions ['colcon_pkg']
[3.441s] Level 1:colcon.colcon_core.package_identification:_identify(src/nmea_navsat_driver) by extension 'colcon_pkg'
[3.441s] Level 1:colcon.colcon_core.package_identification:_identify(src/nmea_navsat_driver) by extensions ['colcon_meta']
[3.441s] Level 1:colcon.colcon_core.package_identification:_identify(src/nmea_navsat_driver) by extension 'colcon_meta'
[3.442s] Level 1:colcon.colcon_core.package_identification:_identify(src/nmea_navsat_driver) by extensions ['ros']
[3.442s] Level 1:colcon.colcon_core.package_identification:_identify(src/nmea_navsat_driver) by extension 'ros'
[3.445s] DEBUG:colcon.colcon_core.package_identification:Package 'src/nmea_navsat_driver' with type 'ros.ament_python' and name 'nmea_navsat_driver'
[3.446s] Level 1:colcon.colcon_core.package_identification:_identify(src/sllidar_ros2) by extensions ['ignore', 'ignore_ament_install']
[3.447s] Level 1:colcon.colcon_core.package_identification:_identify(src/sllidar_ros2) by extension 'ignore'
[3.447s] Level 1:colcon.colcon_core.package_identification:_identify(src/sllidar_ros2) by extension 'ignore_ament_install'
[3.447s] Level 1:colcon.colcon_core.package_identification:_identify(src/sllidar_ros2) by extensions ['colcon_pkg']
[3.448s] Level 1:colcon.colcon_core.package_identification:_identify(src/sllidar_ros2) by extension 'colcon_pkg'
[3.448s] Level 1:colcon.colcon_core.package_identification:_identify(src/sllidar_ros2) by extensions ['colcon_meta']
[3.448s] Level 1:colcon.colcon_core.package_identification:_identify(src/sllidar_ros2) by extension 'colcon_meta'
[3.449s] Level 1:colcon.colcon_core.package_identification:_identify(src/sllidar_ros2) by extensions ['ros']
[3.449s] Level 1:colcon.colcon_core.package_identification:_identify(src/sllidar_ros2) by extension 'ros'
[3.452s] DEBUG:colcon.colcon_core.package_identification:Package 'src/sllidar_ros2' with type 'ros.ament_cmake' and name 'sllidar_ros2'
[3.453s] Level 1:colcon.colcon_core.package_discovery:discover_packages(recursive) using defaults
[3.453s] Level 1:colcon.colcon_core.package_discovery:discover_packages(ignore) discover
[3.453s] Level 1:colcon.colcon_core.package_discovery:discover_packages(ignore) using defaults
[3.453s] Level 1:colcon.colcon_core.package_discovery:discover_packages(path) discover
[3.453s] Level 1:colcon.colcon_core.package_discovery:discover_packages(path) using defaults
[3.604s] Level 1:colcon.colcon_core.package_discovery:discover_packages(prefix_path) check parameters
[3.605s] Level 1:colcon.colcon_core.package_discovery:discover_packages(prefix_path) discover
[3.642s] DEBUG:colcon.colcon_installed_package_information.package_discovery:Found 8 installed packages in /home/pi/ams_ws/install
[3.668s] DEBUG:colcon.colcon_installed_package_information.package_discovery:Found 396 installed packages in /opt/ros/humble
[3.681s] Level 1:colcon.colcon_core.package_discovery:discover_packages(prefix_path) using defaults
[4.168s] Level 5:colcon.colcon_core.verb:set package 'ams_hardware' build argument 'cmake_args' from command line to 'None'
[4.169s] Level 5:colcon.colcon_core.verb:set package 'ams_hardware' build argument 'cmake_target' from command line to 'None'
[4.169s] Level 5:colcon.colcon_core.verb:set package 'ams_hardware' build argument 'cmake_target_skip_unavailable' from command line to 'False'
[4.169s] Level 5:colcon.colcon_core.verb:set package 'ams_hardware' build argument 'cmake_clean_cache' from command line to 'False'
[4.169s] Level 5:colcon.colcon_core.verb:set package 'ams_hardware' build argument 'cmake_clean_first' from command line to 'False'
[4.169s] Level 5:colcon.colcon_core.verb:set package 'ams_hardware' build argument 'cmake_force_configure' from command line to 'False'
[4.169s] Level 5:colcon.colcon_core.verb:set package 'ams_hardware' build argument 'ament_cmake_args' from command line to 'None'
[4.169s] Level 5:colcon.colcon_core.verb:set package 'ams_hardware' build argument 'catkin_cmake_args' from command line to 'None'
[4.169s] Level 5:colcon.colcon_core.verb:set package 'ams_hardware' build argument 'catkin_skip_building_tests' from command line to 'False'
[4.170s] DEBUG:colcon.colcon_core.verb:Building package 'ams_hardware' with the following arguments: {'ament_cmake_args': None, 'build_base': '/home/pi/ams_ws/build/ams_hardware', 'catkin_cmake_args': None, 'catkin_skip_building_tests': False, 'cmake_args': None, 'cmake_clean_cache': False, 'cmake_clean_first': False, 'cmake_force_configure': False, 'cmake_target': None, 'cmake_target_skip_unavailable': False, 'install_base': '/home/pi/ams_ws/install/ams_hardware', 'merge_install': False, 'path': '/home/pi/ams_ws/src/ams_hardware', 'symlink_install': False, 'test_result_base': None}
[4.204s] Level 5:colcon.colcon_core.verb:set package 'bno055' build argument 'cmake_args' from command line to 'None'
[4.204s] Level 5:colcon.colcon_core.verb:set package 'bno055' build argument 'cmake_target' from command line to 'None'
[4.205s] Level 5:colcon.colcon_core.verb:set package 'bno055' build argument 'cmake_target_skip_unavailable' from command line to 'False'
[4.205s] Level 5:colcon.colcon_core.verb:set package 'bno055' build argument 'cmake_clean_cache' from command line to 'False'
[4.205s] Level 5:colcon.colcon_core.verb:set package 'bno055' build argument 'cmake_clean_first' from command line to 'False'
[4.205s] Level 5:colcon.colcon_core.verb:set package 'bno055' build argument 'cmake_force_configure' from command line to 'False'
[4.205s] Level 5:colcon.colcon_core.verb:set package 'bno055' build argument 'ament_cmake_args' from command line to 'None'
[4.205s] Level 5:colcon.colcon_core.verb:set package 'bno055' build argument 'catkin_cmake_args' from command line to 'None'
[4.205s] Level 5:colcon.colcon_core.verb:set package 'bno055' build argument 'catkin_skip_building_tests' from command line to 'False'
[4.205s] DEBUG:colcon.colcon_core.verb:Building package 'bno055' with the following arguments: {'ament_cmake_args': None, 'build_base': '/home/pi/ams_ws/build/bno055', 'catkin_cmake_args': None, 'catkin_skip_building_tests': False, 'cmake_args': None, 'cmake_clean_cache': False, 'cmake_clean_first': False, 'cmake_force_configure': False, 'cmake_target': None, 'cmake_target_skip_unavailable': False, 'install_base': '/home/pi/ams_ws/install/bno055', 'merge_install': False, 'path': '/home/pi/ams_ws/src/bno055', 'symlink_install': False, 'test_result_base': None}
[4.242s] Level 5:colcon.colcon_core.verb:set package 'nmea_navsat_driver' build argument 'cmake_args' from command line to 'None'
[4.243s] Level 5:colcon.colcon_core.verb:set package 'nmea_navsat_driver' build argument 'cmake_target' from command line to 'None'
[4.243s] Level 5:colcon.colcon_core.verb:set package 'nmea_navsat_driver' build argument 'cmake_target_skip_unavailable' from command line to 'False'
[4.243s] Level 5:colcon.colcon_core.verb:set package 'nmea_navsat_driver' build argument 'cmake_clean_cache' from command line to 'False'
[4.243s] Level 5:colcon.colcon_core.verb:set package 'nmea_navsat_driver' build argument 'cmake_clean_first' from command line to 'False'
[4.243s] Level 5:colcon.colcon_core.verb:set package 'nmea_navsat_driver' build argument 'cmake_force_configure' from command line to 'False'
[4.243s] Level 5:colcon.colcon_core.verb:set package 'nmea_navsat_driver' build argument 'ament_cmake_args' from command line to 'None'
[4.244s] Level 5:colcon.colcon_core.verb:set package 'nmea_navsat_driver' build argument 'catkin_cmake_args' from command line to 'None'
[4.244s] Level 5:colcon.colcon_core.verb:set package 'nmea_navsat_driver' build argument 'catkin_skip_building_tests' from command line to 'False'
[4.244s] DEBUG:colcon.colcon_core.verb:Building package 'nmea_navsat_driver' with the following arguments: {'ament_cmake_args': None, 'build_base': '/home/pi/ams_ws/build/nmea_navsat_driver', 'catkin_cmake_args': None, 'catkin_skip_building_tests': False, 'cmake_args': None, 'cmake_clean_cache': False, 'cmake_clean_first': False, 'cmake_force_configure': False, 'cmake_target': None, 'cmake_target_skip_unavailable': False, 'install_base': '/home/pi/ams_ws/install/nmea_navsat_driver', 'merge_install': False, 'path': '/home/pi/ams_ws/src/nmea_navsat_driver', 'symlink_install': False, 'test_result_base': None}
[4.281s] Level 5:colcon.colcon_core.verb:set package 'ros2_control_ams' build argument 'cmake_args' from command line to 'None'
[4.281s] Level 5:colcon.colcon_core.verb:set package 'ros2_control_ams' build argument 'cmake_target' from command line to 'None'
[4.281s] Level 5:colcon.colcon_core.verb:set package 'ros2_control_ams' build argument 'cmake_target_skip_unavailable' from command line to 'False'
[4.281s] Level 5:colcon.colcon_core.verb:set package 'ros2_control_ams' build argument 'cmake_clean_cache' from command line to 'False'
[4.281s] Level 5:colcon.colcon_core.verb:set package 'ros2_control_ams' build argument 'cmake_clean_first' from command line to 'False'
[4.282s] Level 5:colcon.colcon_core.verb:set package 'ros2_control_ams' build argument 'cmake_force_configure' from command line to 'False'
[4.282s] Level 5:colcon.colcon_core.verb:set package 'ros2_control_ams' build argument 'ament_cmake_args' from command line to 'None'
[4.282s] Level 5:colcon.colcon_core.verb:set package 'ros2_control_ams' build argument 'catkin_cmake_args' from command line to 'None'
[4.282s] Level 5:colcon.colcon_core.verb:set package 'ros2_control_ams' build argument 'catkin_skip_building_tests' from command line to 'False'
[4.282s] DEBUG:colcon.colcon_core.verb:Building package 'ros2_control_ams' with the following arguments: {'ament_cmake_args': None, 'build_base': '/home/pi/ams_ws/build/ros2_control_ams', 'catkin_cmake_args': None, 'catkin_skip_building_tests': False, 'cmake_args': None, 'cmake_clean_cache': False, 'cmake_clean_first': False, 'cmake_force_configure': False, 'cmake_target': None, 'cmake_target_skip_unavailable': False, 'install_base': '/home/pi/ams_ws/install/ros2_control_ams', 'merge_install': False, 'path': '/home/pi/ams_ws/src/ams_description', 'symlink_install': False, 'test_result_base': None}
[4.315s] Level 5:colcon.colcon_core.verb:set package 'sllidar_ros2' build argument 'cmake_args' from command line to 'None'
[4.315s] Level 5:colcon.colcon_core.verb:set package 'sllidar_ros2' build argument 'cmake_target' from command line to 'None'
[4.316s] Level 5:colcon.colcon_core.verb:set package 'sllidar_ros2' build argument 'cmake_target_skip_unavailable' from command line to 'False'
[4.316s] Level 5:colcon.colcon_core.verb:set package 'sllidar_ros2' build argument 'cmake_clean_cache' from command line to 'False'
[4.316s] Level 5:colcon.colcon_core.verb:set package 'sllidar_ros2' build argument 'cmake_clean_first' from command line to 'False'
[4.316s] Level 5:colcon.colcon_core.verb:set package 'sllidar_ros2' build argument 'cmake_force_configure' from command line to 'False'
[4.316s] Level 5:colcon.colcon_core.verb:set package 'sllidar_ros2' build argument 'ament_cmake_args' from command line to 'None'
[4.316s] Level 5:colcon.colcon_core.verb:set package 'sllidar_ros2' build argument 'catkin_cmake_args' from command line to 'None'
[4.316s] Level 5:colcon.colcon_core.verb:set package 'sllidar_ros2' build argument 'catkin_skip_building_tests' from command line to 'False'
[4.317s] DEBUG:colcon.colcon_core.verb:Building package 'sllidar_ros2' with the following arguments: {'ament_cmake_args': None, 'build_base': '/home/pi/ams_ws/build/sllidar_ros2', 'catkin_cmake_args': None, 'catkin_skip_building_tests': False, 'cmake_args': None, 'cmake_clean_cache': False, 'cmake_clean_first': False, 'cmake_force_configure': False, 'cmake_target': None, 'cmake_target_skip_unavailable': False, 'install_base': '/home/pi/ams_ws/install/sllidar_ros2', 'merge_install': False, 'path': '/home/pi/ams_ws/src/sllidar_ros2', 'symlink_install': False, 'test_result_base': None}
[4.325s] INFO:colcon.colcon_core.executor:Executing jobs using 'parallel' executor
[4.374s] DEBUG:colcon.colcon_parallel_executor.executor.parallel:run_until_complete
[4.374s] INFO:colcon.colcon_ros.task.ament_cmake.build:Building ROS package in '/home/pi/ams_ws/src/ams_hardware' with build type 'ament_cmake'
[4.375s] INFO:colcon.colcon_cmake.task.cmake.build:Building CMake package in '/home/pi/ams_ws/src/ams_hardware'
[4.416s] INFO:colcon.colcon_core.plugin_system:Skipping extension 'colcon_core.shell.bat': Not used on non-Windows systems
[4.416s] INFO:colcon.colcon_core.shell:Skip shell extension 'powershell' for command environment: Not usable outside of PowerShell
[4.417s] DEBUG:colcon.colcon_core.shell:Skip shell extension 'dsv' for command environment
[4.488s] INFO:colcon.colcon_ros.task.ament_python.build:Building ROS package in '/home/pi/ams_ws/src/bno055' with build type 'ament_python'
[4.489s] Level 1:colcon.colcon_core.shell:create_environment_hook('bno055', 'ament_prefix_path')
[4.514s] INFO:colcon.colcon_core.shell:Creating environment hook '/home/pi/ams_ws/install/bno055/share/bno055/hook/ament_prefix_path.ps1'
[4.518s] INFO:colcon.colcon_core.shell:Creating environment descriptor '/home/pi/ams_ws/install/bno055/share/bno055/hook/ament_prefix_path.dsv'
[4.521s] INFO:colcon.colcon_core.shell:Creating environment hook '/home/pi/ams_ws/install/bno055/share/bno055/hook/ament_prefix_path.sh'
[4.543s] INFO:colcon.colcon_core.shell:Skip shell extension 'powershell' for command environment: Not usable outside of PowerShell
[4.544s] DEBUG:colcon.colcon_core.shell:Skip shell extension 'dsv' for command environment
[4.613s] INFO:colcon.colcon_ros.task.ament_python.build:Building ROS package in '/home/pi/ams_ws/src/nmea_navsat_driver' with build type 'ament_python'
[4.614s] Level 1:colcon.colcon_core.shell:create_environment_hook('nmea_navsat_driver', 'ament_prefix_path')
[4.639s] INFO:colcon.colcon_core.shell:Creating environment hook '/home/pi/ams_ws/install/nmea_navsat_driver/share/nmea_navsat_driver/hook/ament_prefix_path.ps1'
[4.642s] INFO:colcon.colcon_core.shell:Creating environment descriptor '/home/pi/ams_ws/install/nmea_navsat_driver/share/nmea_navsat_driver/hook/ament_prefix_path.dsv'
[4.644s] INFO:colcon.colcon_core.shell:Creating environment hook '/home/pi/ams_ws/install/nmea_navsat_driver/share/nmea_navsat_driver/hook/ament_prefix_path.sh'
[4.667s] INFO:colcon.colcon_core.shell:Skip shell extension 'powershell' for command environment: Not usable outside of PowerShell
[4.667s] DEBUG:colcon.colcon_core.shell:Skip shell extension 'dsv' for command environment
[4.736s] INFO:colcon.colcon_ros.task.ament_cmake.build:Building ROS package in '/home/pi/ams_ws/src/ams_description' with build type 'ament_cmake'
[4.737s] INFO:colcon.colcon_cmake.task.cmake.build:Building CMake package in '/home/pi/ams_ws/src/ams_description'
[4.761s] INFO:colcon.colcon_core.shell:Skip shell extension 'powershell' for command environment: Not usable outside of PowerShell
[4.761s] DEBUG:colcon.colcon_core.shell:Skip shell extension 'dsv' for command environment
[4.855s] DEBUG:colcon.colcon_core.event_handler.log_command:Invoking command in '/home/pi/ams_ws/build/ams_hardware': CMAKE_PREFIX_PATH=${CMAKE_PREFIX_PATH}:/home/pi/ams_ws/install/nmea_navsat_driver:/home/pi/ams_ws/install/bno055:/opt/ros/humble /usr/bin/cmake --build /home/pi/ams_ws/build/ams_hardware -- -j4 -l4
[6.726s] INFO:colcon.colcon_core.task.python.build:Building Python package in '/home/pi/ams_ws/src/bno055'
[6.744s] INFO:colcon.colcon_core.shell:Skip shell extension 'powershell' for command environment: Not usable outside of PowerShell
[6.745s] DEBUG:colcon.colcon_core.shell:Skip shell extension 'dsv' for command environment
[8.642s] INFO:colcon.colcon_core.task.python.build:Building Python package in '/home/pi/ams_ws/src/nmea_navsat_driver'
[8.661s] INFO:colcon.colcon_core.shell:Skip shell extension 'powershell' for command environment: Not usable outside of PowerShell
[8.661s] DEBUG:colcon.colcon_core.shell:Skip shell extension 'dsv' for command environment
[8.737s] DEBUG:colcon.colcon_core.event_handler.log_command:Invoked command in '/home/pi/ams_ws/build/ams_hardware' returned '0': CMAKE_PREFIX_PATH=${CMAKE_PREFIX_PATH}:/home/pi/ams_ws/install/nmea_navsat_driver:/home/pi/ams_ws/install/bno055:/opt/ros/humble /usr/bin/cmake --build /home/pi/ams_ws/build/ams_hardware -- -j4 -l4
[8.757s] DEBUG:colcon.colcon_core.event_handler.log_command:Invoking command in '/home/pi/ams_ws/build/ros2_control_ams': CMAKE_PREFIX_PATH=${CMAKE_PREFIX_PATH}:/home/pi/ams_ws/install/nmea_navsat_driver:/home/pi/ams_ws/install/bno055:/opt/ros/humble /usr/bin/cmake --build /home/pi/ams_ws/build/ros2_control_ams -- -j4 -l4
[9.151s] DEBUG:colcon.colcon_core.event_handler.log_command:Invoking command in '/home/pi/ams_ws/build/ams_hardware': CMAKE_PREFIX_PATH=${CMAKE_PREFIX_PATH}:/home/pi/ams_ws/install/nmea_navsat_driver:/home/pi/ams_ws/install/bno055:/opt/ros/humble /usr/bin/cmake --install /home/pi/ams_ws/build/ams_hardware
[9.229s] DEBUG:colcon.colcon_core.event_handler.log_command:Invoked command in '/home/pi/ams_ws/build/ros2_control_ams' returned '0': CMAKE_PREFIX_PATH=${CMAKE_PREFIX_PATH}:/home/pi/ams_ws/install/nmea_navsat_driver:/home/pi/ams_ws/install/bno055:/opt/ros/humble /usr/bin/cmake --build /home/pi/ams_ws/build/ros2_control_ams -- -j4 -l4
[9.288s] Level 1:colcon.colcon_core.environment:create_environment_scripts_only(ams_hardware)
[9.296s] DEBUG:colcon.colcon_core.event_handler.log_command:Invoked command in '/home/pi/ams_ws/build/ams_hardware' returned '0': CMAKE_PREFIX_PATH=${CMAKE_PREFIX_PATH}:/home/pi/ams_ws/install/nmea_navsat_driver:/home/pi/ams_ws/install/bno055:/opt/ros/humble /usr/bin/cmake --install /home/pi/ams_ws/build/ams_hardware
[9.343s] Level 1:colcon.colcon_core.environment:checking '/home/pi/ams_ws/install/ams_hardware' for CMake module files
[9.347s] Level 1:colcon.colcon_core.environment:checking '/home/pi/ams_ws/install/ams_hardware' for CMake config files
[9.350s] Level 1:colcon.colcon_core.shell:create_environment_hook('ams_hardware', 'cmake_prefix_path')
[9.376s] INFO:colcon.colcon_core.shell:Creating environment hook '/home/pi/ams_ws/install/ams_hardware/share/ams_hardware/hook/cmake_prefix_path.ps1'
[9.379s] INFO:colcon.colcon_core.shell:Creating environment descriptor '/home/pi/ams_ws/install/ams_hardware/share/ams_hardware/hook/cmake_prefix_path.dsv'
[9.382s] INFO:colcon.colcon_core.shell:Creating environment hook '/home/pi/ams_ws/install/ams_hardware/share/ams_hardware/hook/cmake_prefix_path.sh'
[9.391s] Level 1:colcon.colcon_core.environment:checking '/home/pi/ams_ws/install/ams_hardware/bin'
[9.392s] Level 1:colcon.colcon_core.environment:checking '/home/pi/ams_ws/install/ams_hardware/lib/pkgconfig/ams_hardware.pc'
[9.393s] Level 1:colcon.colcon_core.environment:checking '/home/pi/ams_ws/install/ams_hardware/lib/python3.10/site-packages'
[9.395s] Level 1:colcon.colcon_core.environment:checking '/home/pi/ams_ws/install/ams_hardware/bin'
[9.419s] INFO:colcon.colcon_core.shell:Creating package script '/home/pi/ams_ws/install/ams_hardware/share/ams_hardware/package.ps1'
[9.425s] INFO:colcon.colcon_core.shell:Creating package descriptor '/home/pi/ams_ws/install/ams_hardware/share/ams_hardware/package.dsv'
[9.427s] INFO:colcon.colcon_core.shell:Creating package script '/home/pi/ams_ws/install/ams_hardware/share/ams_hardware/package.sh'
[9.431s] INFO:colcon.colcon_core.shell:Creating package script '/home/pi/ams_ws/install/ams_hardware/share/ams_hardware/package.bash'
[9.435s] INFO:colcon.colcon_core.shell:Creating package script '/home/pi/ams_ws/install/ams_hardware/share/ams_hardware/package.zsh'
[9.439s] Level 1:colcon.colcon_core.environment:create_file_with_runtime_dependencies(/home/pi/ams_ws/install/ams_hardware/share/colcon-core/packages/ams_hardware)
[9.564s] DEBUG:colcon.colcon_core.event_handler.log_command:Invoking command in '/home/pi/ams_ws/build/ros2_control_ams': CMAKE_PREFIX_PATH=${CMAKE_PREFIX_PATH}:/home/pi/ams_ws/install/nmea_navsat_driver:/home/pi/ams_ws/install/bno055:/opt/ros/humble /usr/bin/cmake --install /home/pi/ams_ws/build/ros2_control_ams
[9.725s] Level 1:colcon.colcon_core.environment:create_environment_scripts_only(ams_hardware)
[9.759s] Level 1:colcon.colcon_core.environment:checking '/home/pi/ams_ws/install/ams_hardware' for CMake module files
[9.764s] Level 1:colcon.colcon_core.environment:checking '/home/pi/ams_ws/install/ams_hardware' for CMake config files
[9.767s] Level 1:colcon.colcon_core.shell:create_environment_hook('ams_hardware', 'cmake_prefix_path')
[9.793s] INFO:colcon.colcon_core.shell:Creating environment hook '/home/pi/ams_ws/install/ams_hardware/share/ams_hardware/hook/cmake_prefix_path.ps1'
[9.795s] INFO:colcon.colcon_core.shell:Creating environment descriptor '/home/pi/ams_ws/install/ams_hardware/share/ams_hardware/hook/cmake_prefix_path.dsv'
[9.797s] INFO:colcon.colcon_core.shell:Creating environment hook '/home/pi/ams_ws/install/ams_hardware/share/ams_hardware/hook/cmake_prefix_path.sh'
[9.801s] Level 1:colcon.colcon_core.environment:checking '/home/pi/ams_ws/install/ams_hardware/bin'
[9.802s] Level 1:colcon.colcon_core.environment:checking '/home/pi/ams_ws/install/ams_hardware/lib/pkgconfig/ams_hardware.pc'
[9.803s] Level 1:colcon.colcon_core.environment:checking '/home/pi/ams_ws/install/ams_hardware/lib/python3.10/site-packages'
[9.804s] Level 1:colcon.colcon_core.environment:checking '/home/pi/ams_ws/install/ams_hardware/bin'
[9.837s] INFO:colcon.colcon_core.shell:Creating package script '/home/pi/ams_ws/install/ams_hardware/share/ams_hardware/package.ps1'
[9.841s] INFO:colcon.colcon_core.shell:Creating package descriptor '/home/pi/ams_ws/install/ams_hardware/share/ams_hardware/package.dsv'
[9.844s] INFO:colcon.colcon_core.shell:Creating package script '/home/pi/ams_ws/install/ams_hardware/share/ams_hardware/package.sh'
[9.847s] INFO:colcon.colcon_core.shell:Creating package script '/home/pi/ams_ws/install/ams_hardware/share/ams_hardware/package.bash'
[9.849s] INFO:colcon.colcon_core.shell:Creating package script '/home/pi/ams_ws/install/ams_hardware/share/ams_hardware/package.zsh'
[9.852s] Level 1:colcon.colcon_core.environment:create_file_with_runtime_dependencies(/home/pi/ams_ws/install/ams_hardware/share/colcon-core/packages/ams_hardware)
[9.857s] INFO:colcon.colcon_ros.task.ament_cmake.build:Building ROS package in '/home/pi/ams_ws/src/sllidar_ros2' with build type 'ament_cmake'
[9.859s] INFO:colcon.colcon_cmake.task.cmake.build:Building CMake package in '/home/pi/ams_ws/src/sllidar_ros2'
[9.900s] INFO:colcon.colcon_core.shell:Skip shell extension 'powershell' for command environment: Not usable outside of PowerShell
[9.901s] DEBUG:colcon.colcon_core.shell:Skip shell extension 'dsv' for command environment
[10.004s] Level 1:colcon.colcon_core.environment:create_environment_scripts_only(ros2_control_ams)
[10.039s] Level 1:colcon.colcon_core.environment:checking '/home/pi/ams_ws/install/ros2_control_ams' for CMake module files
[10.040s] DEBUG:colcon.colcon_core.event_handler.log_command:Invoked command in '/home/pi/ams_ws/build/ros2_control_ams' returned '0': CMAKE_PREFIX_PATH=${CMAKE_PREFIX_PATH}:/home/pi/ams_ws/install/nmea_navsat_driver:/home/pi/ams_ws/install/bno055:/opt/ros/humble /usr/bin/cmake --install /home/pi/ams_ws/build/ros2_control_ams
[10.044s] Level 1:colcon.colcon_core.environment:checking '/home/pi/ams_ws/install/ros2_control_ams' for CMake config files
[10.050s] Level 1:colcon.colcon_core.shell:create_environment_hook('ros2_control_ams', 'cmake_prefix_path')
[10.074s] INFO:colcon.colcon_core.shell:Creating environment hook '/home/pi/ams_ws/install/ros2_control_ams/share/ros2_control_ams/hook/cmake_prefix_path.ps1'
[10.078s] INFO:colcon.colcon_core.shell:Creating environment descriptor '/home/pi/ams_ws/install/ros2_control_ams/share/ros2_control_ams/hook/cmake_prefix_path.dsv'
[10.080s] INFO:colcon.colcon_core.shell:Creating environment hook '/home/pi/ams_ws/install/ros2_control_ams/share/ros2_control_ams/hook/cmake_prefix_path.sh'
[10.086s] Level 1:colcon.colcon_core.environment:checking '/home/pi/ams_ws/install/ros2_control_ams/lib'
[10.088s] Level 1:colcon.colcon_core.shell:create_environment_hook('ros2_control_ams', 'ld_library_path_lib')
[10.120s] INFO:colcon.colcon_core.shell:Creating environment hook '/home/pi/ams_ws/install/ros2_control_ams/share/ros2_control_ams/hook/ld_library_path_lib.ps1'
[10.127s] INFO:colcon.colcon_core.shell:Creating environment descriptor '/home/pi/ams_ws/install/ros2_control_ams/share/ros2_control_ams/hook/ld_library_path_lib.dsv'
[10.129s] INFO:colcon.colcon_core.shell:Creating environment hook '/home/pi/ams_ws/install/ros2_control_ams/share/ros2_control_ams/hook/ld_library_path_lib.sh'
[10.132s] Level 1:colcon.colcon_core.environment:checking '/home/pi/ams_ws/install/ros2_control_ams/bin'
[10.133s] Level 1:colcon.colcon_core.environment:checking '/home/pi/ams_ws/install/ros2_control_ams/lib/pkgconfig/ros2_control_ams.pc'
[10.134s] Level 1:colcon.colcon_core.environment:checking '/home/pi/ams_ws/install/ros2_control_ams/lib/python3.10/site-packages'
[10.136s] Level 1:colcon.colcon_core.environment:checking '/home/pi/ams_ws/install/ros2_control_ams/bin'
[10.165s] INFO:colcon.colcon_core.shell:Creating package script '/home/pi/ams_ws/install/ros2_control_ams/share/ros2_control_ams/package.ps1'
[10.168s] INFO:colcon.colcon_core.shell:Creating package descriptor '/home/pi/ams_ws/install/ros2_control_ams/share/ros2_control_ams/package.dsv'
[10.170s] INFO:colcon.colcon_core.shell:Creating package script '/home/pi/ams_ws/install/ros2_control_ams/share/ros2_control_ams/package.sh'
[10.173s] INFO:colcon.colcon_core.shell:Creating package script '/home/pi/ams_ws/install/ros2_control_ams/share/ros2_control_ams/package.bash'
[10.176s] INFO:colcon.colcon_core.shell:Creating package script '/home/pi/ams_ws/install/ros2_control_ams/share/ros2_control_ams/package.zsh'
[10.179s] Level 1:colcon.colcon_core.environment:create_file_with_runtime_dependencies(/home/pi/ams_ws/install/ros2_control_ams/share/colcon-core/packages/ros2_control_ams)
[10.221s] DEBUG:colcon.colcon_core.event_handler.log_command:Invoking command in '/home/pi/ams_ws/build/sllidar_ros2': CMAKE_PREFIX_PATH=${CMAKE_PREFIX_PATH}:/home/pi/ams_ws/install/nmea_navsat_driver:/home/pi/ams_ws/install/bno055:/opt/ros/humble /usr/bin/cmake --build /home/pi/ams_ws/build/sllidar_ros2 -- -j4 -l4
[10.449s] Level 1:colcon.colcon_core.environment:create_environment_scripts_only(ros2_control_ams)
[10.498s] Level 1:colcon.colcon_core.environment:checking '/home/pi/ams_ws/install/ros2_control_ams' for CMake module files
[10.514s] Level 1:colcon.colcon_core.environment:checking '/home/pi/ams_ws/install/ros2_control_ams' for CMake config files
[10.518s] Level 1:colcon.colcon_core.shell:create_environment_hook('ros2_control_ams', 'cmake_prefix_path')
[10.573s] INFO:colcon.colcon_core.shell:Creating environment hook '/home/pi/ams_ws/install/ros2_control_ams/share/ros2_control_ams/hook/cmake_prefix_path.ps1'
[10.576s] INFO:colcon.colcon_core.shell:Creating environment descriptor '/home/pi/ams_ws/install/ros2_control_ams/share/ros2_control_ams/hook/cmake_prefix_path.dsv'
[10.578s] INFO:colcon.colcon_core.shell:Creating environment hook '/home/pi/ams_ws/install/ros2_control_ams/share/ros2_control_ams/hook/cmake_prefix_path.sh'
[10.589s] Level 1:colcon.colcon_core.environment:checking '/home/pi/ams_ws/install/ros2_control_ams/lib'
[10.590s] Level 1:colcon.colcon_core.shell:create_environment_hook('ros2_control_ams', 'ld_library_path_lib')
[10.636s] INFO:colcon.colcon_core.shell:Creating environment hook '/home/pi/ams_ws/install/ros2_control_ams/share/ros2_control_ams/hook/ld_library_path_lib.ps1'
[10.650s] INFO:colcon.colcon_core.shell:Creating environment descriptor '/home/pi/ams_ws/install/ros2_control_ams/share/ros2_control_ams/hook/ld_library_path_lib.dsv'
[10.653s] INFO:colcon.colcon_core.shell:Creating environment hook '/home/pi/ams_ws/install/ros2_control_ams/share/ros2_control_ams/hook/ld_library_path_lib.sh'
[10.662s] Level 1:colcon.colcon_core.environment:checking '/home/pi/ams_ws/install/ros2_control_ams/bin'
[10.663s] Level 1:colcon.colcon_core.environment:checking '/home/pi/ams_ws/install/ros2_control_ams/lib/pkgconfig/ros2_control_ams.pc'
[10.665s] Level 1:colcon.colcon_core.environment:checking '/home/pi/ams_ws/install/ros2_control_ams/lib/python3.10/site-packages'
[10.667s] Level 1:colcon.colcon_core.environment:checking '/home/pi/ams_ws/install/ros2_control_ams/bin'
[10.691s] INFO:colcon.colcon_core.shell:Creating package script '/home/pi/ams_ws/install/ros2_control_ams/share/ros2_control_ams/package.ps1'
[10.696s] INFO:colcon.colcon_core.shell:Creating package descriptor '/home/pi/ams_ws/install/ros2_control_ams/share/ros2_control_ams/package.dsv'
[10.700s] INFO:colcon.colcon_core.shell:Creating package script '/home/pi/ams_ws/install/ros2_control_ams/share/ros2_control_ams/package.sh'
[10.703s] INFO:colcon.colcon_core.shell:Creating package script '/home/pi/ams_ws/install/ros2_control_ams/share/ros2_control_ams/package.bash'
[10.706s] INFO:colcon.colcon_core.shell:Creating package script '/home/pi/ams_ws/install/ros2_control_ams/share/ros2_control_ams/package.zsh'
[10.709s] Level 1:colcon.colcon_core.environment:create_file_with_runtime_dependencies(/home/pi/ams_ws/install/ros2_control_ams/share/colcon-core/packages/ros2_control_ams)
[10.771s] DEBUG:colcon.colcon_core.event_handler.log_command:Invoked command in '/home/pi/ams_ws/build/sllidar_ros2' returned '0': CMAKE_PREFIX_PATH=${CMAKE_PREFIX_PATH}:/home/pi/ams_ws/install/nmea_navsat_driver:/home/pi/ams_ws/install/bno055:/opt/ros/humble /usr/bin/cmake --build /home/pi/ams_ws/build/sllidar_ros2 -- -j4 -l4
[11.166s] DEBUG:colcon.colcon_core.event_handler.log_command:Invoking command in '/home/pi/ams_ws/build/sllidar_ros2': CMAKE_PREFIX_PATH=${CMAKE_PREFIX_PATH}:/home/pi/ams_ws/install/nmea_navsat_driver:/home/pi/ams_ws/install/bno055:/opt/ros/humble /usr/bin/cmake --install /home/pi/ams_ws/build/sllidar_ros2
[11.357s] Level 1:colcon.colcon_core.environment:create_environment_scripts_only(sllidar_ros2)
[11.359s] DEBUG:colcon.colcon_core.event_handler.log_command:Invoked command in '/home/pi/ams_ws/build/sllidar_ros2' returned '0': CMAKE_PREFIX_PATH=${CMAKE_PREFIX_PATH}:/home/pi/ams_ws/install/nmea_navsat_driver:/home/pi/ams_ws/install/bno055:/opt/ros/humble /usr/bin/cmake --install /home/pi/ams_ws/build/sllidar_ros2
[11.394s] Level 1:colcon.colcon_core.environment:checking '/home/pi/ams_ws/install/sllidar_ros2' for CMake module files
[11.400s] Level 1:colcon.colcon_core.environment:checking '/home/pi/ams_ws/install/sllidar_ros2' for CMake config files
[11.406s] Level 1:colcon.colcon_core.shell:create_environment_hook('sllidar_ros2', 'cmake_prefix_path')
[11.433s] INFO:colcon.colcon_core.shell:Creating environment hook '/home/pi/ams_ws/install/sllidar_ros2/share/sllidar_ros2/hook/cmake_prefix_path.ps1'
[11.435s] INFO:colcon.colcon_core.shell:Creating environment descriptor '/home/pi/ams_ws/install/sllidar_ros2/share/sllidar_ros2/hook/cmake_prefix_path.dsv'
[11.438s] INFO:colcon.colcon_core.shell:Creating environment hook '/home/pi/ams_ws/install/sllidar_ros2/share/sllidar_ros2/hook/cmake_prefix_path.sh'
[11.442s] Level 1:colcon.colcon_core.environment:checking '/home/pi/ams_ws/install/sllidar_ros2/lib'
[11.443s] Level 1:colcon.colcon_core.environment:checking '/home/pi/ams_ws/install/sllidar_ros2/bin'
[11.443s] Level 1:colcon.colcon_core.environment:checking '/home/pi/ams_ws/install/sllidar_ros2/lib/pkgconfig/sllidar_ros2.pc'
[11.445s] Level 1:colcon.colcon_core.environment:checking '/home/pi/ams_ws/install/sllidar_ros2/lib/python3.10/site-packages'
[11.447s] Level 1:colcon.colcon_core.environment:checking '/home/pi/ams_ws/install/sllidar_ros2/bin'
[11.484s] INFO:colcon.colcon_core.shell:Creating package script '/home/pi/ams_ws/install/sllidar_ros2/share/sllidar_ros2/package.ps1'
[11.487s] INFO:colcon.colcon_core.shell:Creating package descriptor '/home/pi/ams_ws/install/sllidar_ros2/share/sllidar_ros2/package.dsv'
[11.489s] INFO:colcon.colcon_core.shell:Creating package script '/home/pi/ams_ws/install/sllidar_ros2/share/sllidar_ros2/package.sh'
[11.492s] INFO:colcon.colcon_core.shell:Creating package script '/home/pi/ams_ws/install/sllidar_ros2/share/sllidar_ros2/package.bash'
[11.495s] INFO:colcon.colcon_core.shell:Creating package script '/home/pi/ams_ws/install/sllidar_ros2/share/sllidar_ros2/package.zsh'
[11.499s] Level 1:colcon.colcon_core.environment:create_file_with_runtime_dependencies(/home/pi/ams_ws/install/sllidar_ros2/share/colcon-core/packages/sllidar_ros2)
[11.972s] Level 1:colcon.colcon_core.environment:create_environment_scripts_only(sllidar_ros2)
[12.051s] Level 1:colcon.colcon_core.environment:checking '/home/pi/ams_ws/install/sllidar_ros2' for CMake module files
[12.057s] Level 1:colcon.colcon_core.environment:checking '/home/pi/ams_ws/install/sllidar_ros2' for CMake config files
[12.065s] Level 1:colcon.colcon_core.shell:create_environment_hook('sllidar_ros2', 'cmake_prefix_path')
[12.102s] INFO:colcon.colcon_core.shell:Creating environment hook '/home/pi/ams_ws/install/sllidar_ros2/share/sllidar_ros2/hook/cmake_prefix_path.ps1'
[12.107s] INFO:colcon.colcon_core.shell:Creating environment descriptor '/home/pi/ams_ws/install/sllidar_ros2/share/sllidar_ros2/hook/cmake_prefix_path.dsv'
[12.112s] INFO:colcon.colcon_core.shell:Creating environment hook '/home/pi/ams_ws/install/sllidar_ros2/share/sllidar_ros2/hook/cmake_prefix_path.sh'
[12.122s] Level 1:colcon.colcon_core.environment:checking '/home/pi/ams_ws/install/sllidar_ros2/lib'
[12.123s] Level 1:colcon.colcon_core.environment:checking '/home/pi/ams_ws/install/sllidar_ros2/bin'
[12.123s] Level 1:colcon.colcon_core.environment:checking '/home/pi/ams_ws/install/sllidar_ros2/lib/pkgconfig/sllidar_ros2.pc'
[12.127s] Level 1:colcon.colcon_core.environment:checking '/home/pi/ams_ws/install/sllidar_ros2/lib/python3.10/site-packages'
[12.129s] Level 1:colcon.colcon_core.environment:checking '/home/pi/ams_ws/install/sllidar_ros2/bin'
[12.159s] INFO:colcon.colcon_core.shell:Creating package script '/home/pi/ams_ws/install/sllidar_ros2/share/sllidar_ros2/package.ps1'
[12.165s] INFO:colcon.colcon_core.shell:Creating package descriptor '/home/pi/ams_ws/install/sllidar_ros2/share/sllidar_ros2/package.dsv'
[12.169s] INFO:colcon.colcon_core.shell:Creating package script '/home/pi/ams_ws/install/sllidar_ros2/share/sllidar_ros2/package.sh'
[12.173s] INFO:colcon.colcon_core.shell:Creating package script '/home/pi/ams_ws/install/sllidar_ros2/share/sllidar_ros2/package.bash'
[12.177s] INFO:colcon.colcon_core.shell:Creating package script '/home/pi/ams_ws/install/sllidar_ros2/share/sllidar_ros2/package.zsh'
[12.182s] Level 1:colcon.colcon_core.environment:create_file_with_runtime_dependencies(/home/pi/ams_ws/install/sllidar_ros2/share/colcon-core/packages/sllidar_ros2)
[12.202s] DEBUG:colcon.colcon_core.event_handler.log_command:Invoking command in '/home/pi/ams_ws/src/bno055': PYTHONPATH=/home/pi/ams_ws/build/bno055/prefix_override:/home/pi/ams_ws/install/bno055/lib/python3.10/site-packages:${PYTHONPATH} /usr/bin/python3 setup.py egg_info --egg-base ../../build/bno055 build --build-base /home/pi/ams_ws/build/bno055/build install --record /home/pi/ams_ws/build/bno055/install.log --single-version-externally-managed
[12.223s] DEBUG:colcon.colcon_core.event_handler.log_command:Invoking command in '/home/pi/ams_ws/src/nmea_navsat_driver': PYTHONPATH=/home/pi/ams_ws/build/nmea_navsat_driver/prefix_override:/home/pi/ams_ws/install/nmea_navsat_driver/lib/python3.10/site-packages:${PYTHONPATH} /usr/bin/python3 setup.py egg_info --egg-base ../../build/nmea_navsat_driver build --build-base /home/pi/ams_ws/build/nmea_navsat_driver/build install --record /home/pi/ams_ws/build/nmea_navsat_driver/install.log --single-version-externally-managed
[14.510s] DEBUG:colcon.colcon_core.event_handler.log_command:Invoked command in '/home/pi/ams_ws/src/nmea_navsat_driver' returned '0': PYTHONPATH=/home/pi/ams_ws/build/nmea_navsat_driver/prefix_override:/home/pi/ams_ws/install/nmea_navsat_driver/lib/python3.10/site-packages:${PYTHONPATH} /usr/bin/python3 setup.py egg_info --egg-base ../../build/nmea_navsat_driver build --build-base /home/pi/ams_ws/build/nmea_navsat_driver/build install --record /home/pi/ams_ws/build/nmea_navsat_driver/install.log --single-version-externally-managed
[14.516s] Level 1:colcon.colcon_core.environment:checking '/home/pi/ams_ws/install/nmea_navsat_driver' for CMake module files
[14.520s] Level 1:colcon.colcon_core.environment:checking '/home/pi/ams_ws/install/nmea_navsat_driver' for CMake config files
[14.528s] Level 1:colcon.colcon_core.environment:checking '/home/pi/ams_ws/install/nmea_navsat_driver/lib'
[14.529s] Level 1:colcon.colcon_core.environment:checking '/home/pi/ams_ws/install/nmea_navsat_driver/bin'
[14.530s] Level 1:colcon.colcon_core.environment:checking '/home/pi/ams_ws/install/nmea_navsat_driver/lib/pkgconfig/nmea_navsat_driver.pc'
[14.532s] Level 1:colcon.colcon_core.environment:checking '/home/pi/ams_ws/install/nmea_navsat_driver/lib/python3.10/site-packages'
[14.532s] Level 1:colcon.colcon_core.shell:create_environment_hook('nmea_navsat_driver', 'pythonpath')
[14.568s] INFO:colcon.colcon_core.shell:Creating environment hook '/home/pi/ams_ws/install/nmea_navsat_driver/share/nmea_navsat_driver/hook/pythonpath.ps1'
[14.572s] INFO:colcon.colcon_core.shell:Creating environment descriptor '/home/pi/ams_ws/install/nmea_navsat_driver/share/nmea_navsat_driver/hook/pythonpath.dsv'
[14.575s] INFO:colcon.colcon_core.shell:Creating environment hook '/home/pi/ams_ws/install/nmea_navsat_driver/share/nmea_navsat_driver/hook/pythonpath.sh'
[14.578s] Level 1:colcon.colcon_core.environment:checking '/home/pi/ams_ws/install/nmea_navsat_driver/bin'
[14.578s] Level 1:colcon.colcon_core.environment:create_environment_scripts_only(nmea_navsat_driver)
[14.599s] INFO:colcon.colcon_core.shell:Creating package script '/home/pi/ams_ws/install/nmea_navsat_driver/share/nmea_navsat_driver/package.ps1'
[14.601s] INFO:colcon.colcon_core.shell:Creating package descriptor '/home/pi/ams_ws/install/nmea_navsat_driver/share/nmea_navsat_driver/package.dsv'
[14.604s] INFO:colcon.colcon_core.shell:Creating package script '/home/pi/ams_ws/install/nmea_navsat_driver/share/nmea_navsat_driver/package.sh'
[14.606s] INFO:colcon.colcon_core.shell:Creating package script '/home/pi/ams_ws/install/nmea_navsat_driver/share/nmea_navsat_driver/package.bash'
[14.607s] INFO:colcon.colcon_core.shell:Creating package script '/home/pi/ams_ws/install/nmea_navsat_driver/share/nmea_navsat_driver/package.zsh'
[14.609s] Level 1:colcon.colcon_core.environment:create_file_with_runtime_dependencies(/home/pi/ams_ws/install/nmea_navsat_driver/share/colcon-core/packages/nmea_navsat_driver)
[14.641s] Level 1:colcon.colcon_core.environment:checking '/home/pi/ams_ws/install/bno055' for CMake module files
[14.644s] Level 1:colcon.colcon_core.environment:checking '/home/pi/ams_ws/install/bno055' for CMake config files
[14.650s] DEBUG:colcon.colcon_core.event_handler.log_command:Invoked command in '/home/pi/ams_ws/src/bno055' returned '0': PYTHONPATH=/home/pi/ams_ws/build/bno055/prefix_override:/home/pi/ams_ws/install/bno055/lib/python3.10/site-packages:${PYTHONPATH} /usr/bin/python3 setup.py egg_info --egg-base ../../build/bno055 build --build-base /home/pi/ams_ws/build/bno055/build install --record /home/pi/ams_ws/build/bno055/install.log --single-version-externally-managed
[14.653s] Level 1:colcon.colcon_core.environment:checking '/home/pi/ams_ws/install/bno055/lib'
[14.654s] Level 1:colcon.colcon_core.environment:checking '/home/pi/ams_ws/install/bno055/bin'
[14.654s] Level 1:colcon.colcon_core.environment:checking '/home/pi/ams_ws/install/bno055/lib/pkgconfig/bno055.pc'
[14.655s] Level 1:colcon.colcon_core.environment:checking '/home/pi/ams_ws/install/bno055/lib/python3.10/site-packages'
[14.655s] Level 1:colcon.colcon_core.shell:create_environment_hook('bno055', 'pythonpath')
[14.674s] INFO:colcon.colcon_core.shell:Creating environment hook '/home/pi/ams_ws/install/bno055/share/bno055/hook/pythonpath.ps1'
[14.677s] INFO:colcon.colcon_core.shell:Creating environment descriptor '/home/pi/ams_ws/install/bno055/share/bno055/hook/pythonpath.dsv'
[14.678s] INFO:colcon.colcon_core.shell:Creating environment hook '/home/pi/ams_ws/install/bno055/share/bno055/hook/pythonpath.sh'
[14.681s] Level 1:colcon.colcon_core.environment:checking '/home/pi/ams_ws/install/bno055/bin'
[14.681s] Level 1:colcon.colcon_core.environment:create_environment_scripts_only(bno055)
[14.702s] INFO:colcon.colcon_core.shell:Creating package script '/home/pi/ams_ws/install/bno055/share/bno055/package.ps1'
[14.706s] INFO:colcon.colcon_core.shell:Creating package descriptor '/home/pi/ams_ws/install/bno055/share/bno055/package.dsv'
[14.708s] INFO:colcon.colcon_core.shell:Creating package script '/home/pi/ams_ws/install/bno055/share/bno055/package.sh'
[14.711s] INFO:colcon.colcon_core.shell:Creating package script '/home/pi/ams_ws/install/bno055/share/bno055/package.bash'
[14.714s] INFO:colcon.colcon_core.shell:Creating package script '/home/pi/ams_ws/install/bno055/share/bno055/package.zsh'
[14.716s] Level 1:colcon.colcon_core.environment:create_file_with_runtime_dependencies(/home/pi/ams_ws/install/bno055/share/colcon-core/packages/bno055)
[14.718s] DEBUG:colcon.colcon_parallel_executor.executor.parallel:closing loop
[14.719s] DEBUG:colcon.colcon_parallel_executor.executor.parallel:loop closed
[14.719s] DEBUG:colcon.colcon_parallel_executor.executor.parallel:run_until_complete finished with '0'
[14.721s] DEBUG:colcon.colcon_core.event_reactor:joining thread
[14.766s] INFO:colcon.colcon_core.plugin_system:Skipping extension 'colcon_notification.desktop_notification.notify_send': Could not find 'notify-send'
[14.767s] INFO:colcon.colcon_core.plugin_system:Skipping extension 'colcon_notification.desktop_notification.terminal_notifier': Not used on non-Darwin systems
[14.767s] INFO:colcon.colcon_core.plugin_system:Skipping extension 'colcon_notification.desktop_notification.win32': Not used on non-Windows systems
[14.768s] INFO:colcon.colcon_notification.desktop_notification:Sending desktop notification using 'notify2'
[14.772s] DEBUG:colcon.colcon_notification.desktop_notification.notify2:Failed to initialize notify2: org.freedesktop.DBus.Error.ServiceUnknown: The name org.freedesktop.Notifications was not provided by any .service files
[14.773s] DEBUG:colcon.colcon_core.event_reactor:joined thread
[14.794s] INFO:colcon.colcon_core.shell:Creating prefix script '/home/pi/ams_ws/install/local_setup.ps1'
[14.799s] INFO:colcon.colcon_core.shell:Creating prefix util module '/home/pi/ams_ws/install/_local_setup_util_ps1.py'
[14.804s] INFO:colcon.colcon_core.shell:Creating prefix chain script '/home/pi/ams_ws/install/setup.ps1'
[14.825s] INFO:colcon.colcon_core.shell:Creating prefix script '/home/pi/ams_ws/install/local_setup.sh'
[14.827s] INFO:colcon.colcon_core.shell:Creating prefix util module '/home/pi/ams_ws/install/_local_setup_util_sh.py'
[14.830s] INFO:colcon.colcon_core.shell:Creating prefix chain script '/home/pi/ams_ws/install/setup.sh'
[14.855s] INFO:colcon.colcon_core.shell:Creating prefix script '/home/pi/ams_ws/install/local_setup.bash'
[14.858s] INFO:colcon.colcon_core.shell:Creating prefix chain script '/home/pi/ams_ws/install/setup.bash'
[14.881s] INFO:colcon.colcon_core.shell:Creating prefix script '/home/pi/ams_ws/install/local_setup.zsh'
[14.884s] INFO:colcon.colcon_core.shell:Creating prefix chain script '/home/pi/ams_ws/install/setup.zsh'
