[0.113s] Invoking command in '/home/pi/ams_ws/build/ams_description': CMAKE_PREFIX_PATH=${CMAKE_PREFIX_PATH}:/opt/ros/humble /usr/bin/cmake --build /home/pi/ams_ws/build/ams_description -- -j4 -l4
[0.249s] Invoked command in '/home/pi/ams_ws/build/ams_description' returned '0': CMAKE_PREFIX_PATH=${CMAKE_PREFIX_PATH}:/opt/ros/humble /usr/bin/cmake --build /home/pi/ams_ws/build/ams_description -- -j4 -l4
[0.400s] Invoking command in '/home/pi/ams_ws/build/ams_description': CMAKE_PREFIX_PATH=${CMAKE_PREFIX_PATH}:/opt/ros/humble /usr/bin/cmake --install /home/pi/ams_ws/build/ams_description
[0.425s] -- Install configuration: ""
[0.425s] -- Up-to-date: /home/pi/ams_ws/install/ams_description/share/ams_description/src
[0.426s] -- Up-to-date: /home/pi/ams_ws/install/ams_description/share/ams_description/src/description
[0.426s] -- Installing: /home/pi/ams_ws/install/ams_description/share/ams_description/src/description/ams_description.urdf
[0.427s] -- Up-to-date: /home/pi/ams_ws/install/ams_description/share/ams_description/launch
[0.428s] -- Up-to-date: /home/pi/ams_ws/install/ams_description/share/ams_description/launch/display.launch.py
[0.428s] -- Up-to-date: /home/pi/ams_ws/install/ams_description/share/ams_description/rviz
[0.428s] -- Installing: /home/pi/ams_ws/install/ams_description/share/ams_description/rviz/urdf_config.rviz
[0.429s] -- Up-to-date: /home/pi/ams_ws/install/ams_description/share/ams_description/meshes
[0.430s] -- Up-to-date: /home/pi/ams_ws/install/ams_description/share/ams_description/meshes/lo_leg_plate_6.STL
[0.430s] -- Up-to-date: /home/pi/ams_ws/install/ams_description/share/ams_description/meshes/up_ro_base_5.STL
[0.430s] -- Up-to-date: /home/pi/ams_ws/install/ams_description/share/ams_description/meshes/lo_leg_plate_2.STL
[0.431s] -- Up-to-date: /home/pi/ams_ws/install/ams_description/share/ams_description/meshes/up_leg_plate_3.STL
[0.431s] -- Up-to-date: /home/pi/ams_ws/install/ams_description/share/ams_description/meshes/up_ro_base_4.STL
[0.432s] -- Up-to-date: /home/pi/ams_ws/install/ams_description/share/ams_description/meshes/up_ro_base_3.STL
[0.432s] -- Up-to-date: /home/pi/ams_ws/install/ams_description/share/ams_description/meshes/lo_leg_plate_4.STL
[0.432s] -- Up-to-date: /home/pi/ams_ws/install/ams_description/share/ams_description/meshes/up_leg_plate_4.STL
[0.433s] -- Up-to-date: /home/pi/ams_ws/install/ams_description/share/ams_description/meshes/up_ro_base_6.STL
[0.433s] -- Up-to-date: /home/pi/ams_ws/install/ams_description/share/ams_description/meshes/up_leg_plate_5.STL
[0.434s] -- Up-to-date: /home/pi/ams_ws/install/ams_description/share/ams_description/meshes/up_ro_base_2.STL
[0.434s] -- Up-to-date: /home/pi/ams_ws/install/ams_description/share/ams_description/meshes/up_ro_base_1.STL
[0.434s] -- Up-to-date: /home/pi/ams_ws/install/ams_description/share/ams_description/meshes/up_leg_plate_1.STL
[0.435s] -- Up-to-date: /home/pi/ams_ws/install/ams_description/share/ams_description/meshes/up_leg_plate_6.STL
[0.435s] -- Up-to-date: /home/pi/ams_ws/install/ams_description/share/ams_description/meshes/lo_leg_plate_5.STL
[0.435s] -- Up-to-date: /home/pi/ams_ws/install/ams_description/share/ams_description/meshes/lo_leg_plate_1.STL
[0.436s] -- Up-to-date: /home/pi/ams_ws/install/ams_description/share/ams_description/meshes/base_link_ams_body.STL
[0.436s] -- Up-to-date: /home/pi/ams_ws/install/ams_description/share/ams_description/meshes/lo_leg_plate_3.STL
[0.437s] -- Up-to-date: /home/pi/ams_ws/install/ams_description/share/ams_description/meshes/up_leg_plate_2.STL
[0.437s] -- Up-to-date: /home/pi/ams_ws/install/ams_description/share/ament_index/resource_index/package_run_dependencies/ams_description
[0.437s] -- Up-to-date: /home/pi/ams_ws/install/ams_description/share/ament_index/resource_index/parent_prefix_path/ams_description
[0.438s] -- Up-to-date: /home/pi/ams_ws/install/ams_description/share/ams_description/environment/ament_prefix_path.sh
[0.438s] -- Up-to-date: /home/pi/ams_ws/install/ams_description/share/ams_description/environment/ament_prefix_path.dsv
[0.438s] -- Up-to-date: /home/pi/ams_ws/install/ams_description/share/ams_description/environment/path.sh
[0.439s] -- Up-to-date: /home/pi/ams_ws/install/ams_description/share/ams_description/environment/path.dsv
[0.439s] -- Up-to-date: /home/pi/ams_ws/install/ams_description/share/ams_description/local_setup.bash
[0.440s] -- Up-to-date: /home/pi/ams_ws/install/ams_description/share/ams_description/local_setup.sh
[0.440s] -- Up-to-date: /home/pi/ams_ws/install/ams_description/share/ams_description/local_setup.zsh
[0.440s] -- Up-to-date: /home/pi/ams_ws/install/ams_description/share/ams_description/local_setup.dsv
[0.441s] -- Installing: /home/pi/ams_ws/install/ams_description/share/ams_description/package.dsv
[0.441s] -- Up-to-date: /home/pi/ams_ws/install/ams_description/share/ament_index/resource_index/packages/ams_description
[0.442s] -- Up-to-date: /home/pi/ams_ws/install/ams_description/share/ams_description/cmake/ams_descriptionConfig.cmake
[0.442s] -- Up-to-date: /home/pi/ams_ws/install/ams_description/share/ams_description/cmake/ams_descriptionConfig-version.cmake
[0.444s] -- Up-to-date: /home/pi/ams_ws/install/ams_description/share/ams_description/package.xml
[0.449s] Invoked command in '/home/pi/ams_ws/build/ams_description' returned '0': CMAKE_PREFIX_PATH=${CMAKE_PREFIX_PATH}:/opt/ros/humble /usr/bin/cmake --install /home/pi/ams_ws/build/ams_description
