[4.314s] Invoking command in '/home/pi/ams_ws/src/bno055': PYTHONPATH=/home/pi/ams_ws/build/bno055/prefix_override:/home/pi/ams_ws/install/bno055/lib/python3.10/site-packages:${PYTHONPATH} /usr/bin/python3 setup.py egg_info --egg-base ../../build/bno055 build --build-base /home/pi/ams_ws/build/bno055/build install --record /home/pi/ams_ws/build/bno055/install.log --single-version-externally-managed
[5.663s] running egg_info
[5.666s] writing ../../build/bno055/bno055.egg-info/PKG-INFO
[5.668s] writing dependency_links to ../../build/bno055/bno055.egg-info/dependency_links.txt
[5.669s] writing entry points to ../../build/bno055/bno055.egg-info/entry_points.txt
[5.669s] writing requirements to ../../build/bno055/bno055.egg-info/requires.txt
[5.670s] writing top-level names to ../../build/bno055/bno055.egg-info/top_level.txt
[5.681s] reading manifest file '../../build/bno055/bno055.egg-info/SOURCES.txt'
[5.683s] adding license file 'LICENSE'
[5.684s] adding license file 'AUTHORS'
[5.686s] writing manifest file '../../build/bno055/bno055.egg-info/SOURCES.txt'
[5.687s] running build
[5.687s] running build_py
[5.697s] running install
[5.699s] running install_lib
[5.712s] running install_data
[5.717s] running install_egg_info
[5.724s] removing '/home/pi/ams_ws/install/bno055/lib/python3.10/site-packages/bno055-0.4.1-py3.10.egg-info' (and everything under it)
[5.726s] Copying ../../build/bno055/bno055.egg-info to /home/pi/ams_ws/install/bno055/lib/python3.10/site-packages/bno055-0.4.1-py3.10.egg-info
[5.731s] running install_scripts
[5.804s] Installing bno055 script to /home/pi/ams_ws/install/bno055/lib/bno055
[5.809s] writing list of installed files to '/home/pi/ams_ws/build/bno055/install.log'
