[7.686s] Invoking command in '/home/pi/ams_ws/src/bno055': PYTHONPATH=/home/pi/ams_ws/build/bno055/prefix_override:/home/pi/ams_ws/install/bno055/lib/python3.10/site-packages:${PYTHONPATH} /usr/bin/python3 setup.py egg_info --egg-base ../../build/bno055 build --build-base /home/pi/ams_ws/build/bno055/build install --record /home/pi/ams_ws/build/bno055/install.log --single-version-externally-managed
[9.757s] running egg_info
[9.760s] writing ../../build/bno055/bno055.egg-info/PKG-INFO
[9.763s] writing dependency_links to ../../build/bno055/bno055.egg-info/dependency_links.txt
[9.764s] writing entry points to ../../build/bno055/bno055.egg-info/entry_points.txt
[9.765s] writing requirements to ../../build/bno055/bno055.egg-info/requires.txt
[9.766s] writing top-level names to ../../build/bno055/bno055.egg-info/top_level.txt
[9.779s] reading manifest file '../../build/bno055/bno055.egg-info/SOURCES.txt'
[9.786s] adding license file 'LICENSE'
[9.786s] adding license file 'AUTHORS'
[9.788s] writing manifest file '../../build/bno055/bno055.egg-info/SOURCES.txt'
[9.789s] running build
[9.790s] running build_py
[9.800s] running install
[9.803s] running install_lib
[9.814s] running install_data
[9.818s] running install_egg_info
[9.827s] removing '/home/pi/ams_ws/install/bno055/lib/python3.10/site-packages/bno055-0.4.1-py3.10.egg-info' (and everything under it)
[9.829s] Copying ../../build/bno055/bno055.egg-info to /home/pi/ams_ws/install/bno055/lib/python3.10/site-packages/bno055-0.4.1-py3.10.egg-info
[9.838s] running install_scripts
[9.939s] Installing bno055 script to /home/pi/ams_ws/install/bno055/lib/bno055
[9.958s] writing list of installed files to '/home/pi/ams_ws/build/bno055/install.log'
[10.135s] Invoked command in '/home/pi/ams_ws/src/bno055' returned '0': PYTHONPATH=/home/pi/ams_ws/build/bno055/prefix_override:/home/pi/ams_ws/install/bno055/lib/python3.10/site-packages:${PYTHONPATH} /usr/bin/python3 setup.py egg_info --egg-base ../../build/bno055 build --build-base /home/pi/ams_ws/build/bno055/build install --record /home/pi/ams_ws/build/bno055/install.log --single-version-externally-managed
