[2.638s] DEBUG:colcon:Command line arguments: ['/home/pi/.local/bin/colcon', 'build', '--symlink-install']
[2.638s] DEBUG:colcon:Parsed command line arguments: Namespace(log_base=None, log_level=None, verb_name='build', build_base='build', install_base='install', merge_install=False, symlink_install=True, test_result_base=None, continue_on_error=False, executor='parallel', parallel_workers=4, event_handlers=None, ignore_user_meta=False, metas=['./colcon.meta'], base_paths=['.'], packages_ignore=None, packages_ignore_regex=None, paths=None, packages_up_to=None, packages_up_to_regex=None, packages_above=None, packages_above_and_dependencies=None, packages_above_depth=None, packages_select_by_dep=None, packages_skip_by_dep=None, packages_skip_up_to=None, packages_select_build_failed=False, packages_skip_build_finished=False, packages_select_test_failures=False, packages_skip_test_passed=False, packages_select=None, packages_skip=None, packages_select_regex=None, packages_skip_regex=None, packages_start=None, packages_end=None, allow_overriding=[], cmake_args=None, cmake_target=None, cmake_target_skip_unavailable=False, cmake_clean_cache=False, cmake_clean_first=False, cmake_force_configure=False, ament_cmake_args=None, catkin_cmake_args=None, catkin_skip_building_tests=False, verb_parser=<colcon_defaults.argument_parser.defaults.DefaultArgumentsDecorator object at 0xffff8c65fa30>, verb_extension=<colcon_core.verb.build.BuildVerb object at 0xffff8c65f4c0>, main=<bound method BuildVerb.main of <colcon_core.verb.build.BuildVerb object at 0xffff8c65f4c0>>)
[2.772s] Level 1:colcon.colcon_core.package_discovery:discover_packages(colcon_meta) check parameters
[2.772s] Level 1:colcon.colcon_core.package_discovery:discover_packages(recursive) check parameters
[2.772s] Level 1:colcon.colcon_core.package_discovery:discover_packages(ignore) check parameters
[2.772s] Level 1:colcon.colcon_core.package_discovery:discover_packages(path) check parameters
[2.773s] Level 1:colcon.colcon_core.package_discovery:discover_packages(colcon_meta) discover
[2.773s] Level 1:colcon.colcon_core.package_discovery:discover_packages(recursive) discover
[2.773s] INFO:colcon.colcon_core.package_discovery:Crawling recursively for packages in '/home/pi/ros2_ws/src'
[2.773s] Level 1:colcon.colcon_core.package_identification:_identify(.) by extensions ['ignore', 'ignore_ament_install']
[2.774s] Level 1:colcon.colcon_core.package_identification:_identify(.) by extension 'ignore'
[2.774s] Level 1:colcon.colcon_core.package_identification:_identify(.) by extension 'ignore_ament_install'
[2.774s] Level 1:colcon.colcon_core.package_identification:_identify(.) by extensions ['colcon_pkg']
[2.774s] Level 1:colcon.colcon_core.package_identification:_identify(.) by extension 'colcon_pkg'
[2.775s] Level 1:colcon.colcon_core.package_identification:_identify(.) by extensions ['colcon_meta']
[2.775s] Level 1:colcon.colcon_core.package_identification:_identify(.) by extension 'colcon_meta'
[2.775s] Level 1:colcon.colcon_core.package_identification:_identify(.) by extensions ['ros']
[2.775s] Level 1:colcon.colcon_core.package_identification:_identify(.) by extension 'ros'
[2.838s] Level 1:colcon.colcon_core.package_identification:_identify(.) by extensions ['cmake', 'python']
[2.839s] Level 1:colcon.colcon_core.package_identification:_identify(.) by extension 'cmake'
[2.839s] Level 1:colcon.colcon_core.package_identification:_identify(.) by extension 'python'
[2.839s] Level 1:colcon.colcon_core.package_identification:_identify(.) by extensions ['python_setup_py']
[2.839s] Level 1:colcon.colcon_core.package_identification:_identify(.) by extension 'python_setup_py'
[2.840s] Level 1:colcon.colcon_core.package_identification:_identify(build) by extensions ['ignore', 'ignore_ament_install']
[2.840s] Level 1:colcon.colcon_core.package_identification:_identify(build) by extension 'ignore'
[2.840s] Level 1:colcon.colcon_core.package_identification:_identify(build) ignored
[2.841s] Level 1:colcon.colcon_core.package_identification:_identify(install) by extensions ['ignore', 'ignore_ament_install']
[2.841s] Level 1:colcon.colcon_core.package_identification:_identify(install) by extension 'ignore'
[2.841s] Level 1:colcon.colcon_core.package_identification:_identify(install) ignored
[2.842s] Level 1:colcon.colcon_core.package_identification:_identify(log) by extensions ['ignore', 'ignore_ament_install']
[2.842s] Level 1:colcon.colcon_core.package_identification:_identify(log) by extension 'ignore'
[2.842s] Level 1:colcon.colcon_core.package_identification:_identify(log) ignored
[2.842s] Level 1:colcon.colcon_core.package_identification:_identify(rplidar_ros) by extensions ['ignore', 'ignore_ament_install']
[2.843s] Level 1:colcon.colcon_core.package_identification:_identify(rplidar_ros) by extension 'ignore'
[2.843s] Level 1:colcon.colcon_core.package_identification:_identify(rplidar_ros) by extension 'ignore_ament_install'
[2.843s] Level 1:colcon.colcon_core.package_identification:_identify(rplidar_ros) by extensions ['colcon_pkg']
[2.843s] Level 1:colcon.colcon_core.package_identification:_identify(rplidar_ros) by extension 'colcon_pkg'
[2.844s] Level 1:colcon.colcon_core.package_identification:_identify(rplidar_ros) by extensions ['colcon_meta']
[2.844s] Level 1:colcon.colcon_core.package_identification:_identify(rplidar_ros) by extension 'colcon_meta'
[2.844s] Level 1:colcon.colcon_core.package_identification:_identify(rplidar_ros) by extensions ['ros']
[2.844s] Level 1:colcon.colcon_core.package_identification:_identify(rplidar_ros) by extension 'ros'
[2.856s] DEBUG:colcon.colcon_core.package_identification:Package 'rplidar_ros' with type 'ros.catkin' and name 'rplidar_ros'
[2.857s] Level 1:colcon.colcon_core.package_discovery:discover_packages(recursive) using defaults
[2.857s] Level 1:colcon.colcon_core.package_discovery:discover_packages(ignore) discover
[2.857s] Level 1:colcon.colcon_core.package_discovery:discover_packages(ignore) using defaults
[2.857s] Level 1:colcon.colcon_core.package_discovery:discover_packages(path) discover
[2.857s] Level 1:colcon.colcon_core.package_discovery:discover_packages(path) using defaults
[3.007s] Level 1:colcon.colcon_core.package_discovery:discover_packages(prefix_path) check parameters
[3.007s] Level 1:colcon.colcon_core.package_discovery:discover_packages(prefix_path) discover
[3.058s] DEBUG:colcon.colcon_installed_package_information.package_discovery:Found 402 installed packages in /opt/ros/humble
[3.067s] Level 1:colcon.colcon_core.package_discovery:discover_packages(prefix_path) using defaults
[3.430s] Level 5:colcon.colcon_core.verb:set package 'rplidar_ros' build argument 'cmake_args' from command line to 'None'
[3.430s] Level 5:colcon.colcon_core.verb:set package 'rplidar_ros' build argument 'cmake_target' from command line to 'None'
[3.430s] Level 5:colcon.colcon_core.verb:set package 'rplidar_ros' build argument 'cmake_target_skip_unavailable' from command line to 'False'
[3.430s] Level 5:colcon.colcon_core.verb:set package 'rplidar_ros' build argument 'cmake_clean_cache' from command line to 'False'
[3.431s] Level 5:colcon.colcon_core.verb:set package 'rplidar_ros' build argument 'cmake_clean_first' from command line to 'False'
[3.431s] Level 5:colcon.colcon_core.verb:set package 'rplidar_ros' build argument 'cmake_force_configure' from command line to 'False'
[3.431s] Level 5:colcon.colcon_core.verb:set package 'rplidar_ros' build argument 'ament_cmake_args' from command line to 'None'
[3.431s] Level 5:colcon.colcon_core.verb:set package 'rplidar_ros' build argument 'catkin_cmake_args' from command line to 'None'
[3.431s] Level 5:colcon.colcon_core.verb:set package 'rplidar_ros' build argument 'catkin_skip_building_tests' from command line to 'False'
[3.431s] DEBUG:colcon.colcon_core.verb:Building package 'rplidar_ros' with the following arguments: {'ament_cmake_args': None, 'build_base': '/home/pi/ros2_ws/src/build/rplidar_ros', 'catkin_cmake_args': None, 'catkin_skip_building_tests': False, 'cmake_args': None, 'cmake_clean_cache': False, 'cmake_clean_first': False, 'cmake_force_configure': False, 'cmake_target': None, 'cmake_target_skip_unavailable': False, 'install_base': '/home/pi/ros2_ws/src/install/rplidar_ros', 'merge_install': False, 'path': '/home/pi/ros2_ws/src/rplidar_ros', 'symlink_install': True, 'test_result_base': None}
[3.438s] INFO:colcon.colcon_core.executor:Executing jobs using 'parallel' executor
[3.477s] DEBUG:colcon.colcon_parallel_executor.executor.parallel:run_until_complete
[3.478s] INFO:colcon.colcon_ros.task.catkin.build:Building ROS package in '/home/pi/ros2_ws/src/rplidar_ros' with build type 'catkin'
[3.479s] INFO:colcon.colcon_cmake.task.cmake.build:Building CMake package in '/home/pi/ros2_ws/src/rplidar_ros'
[3.524s] INFO:colcon.colcon_core.plugin_system:Skipping extension 'colcon_core.shell.bat': Not used on non-Windows systems
[3.524s] INFO:colcon.colcon_core.shell:Skip shell extension 'powershell' for command environment: Not usable outside of PowerShell
[3.525s] DEBUG:colcon.colcon_core.shell:Skip shell extension 'dsv' for command environment
[3.593s] DEBUG:colcon.colcon_core.event_handler.log_command:Invoking command in '/home/pi/ros2_ws/src/build/rplidar_ros': /usr/bin/cmake /home/pi/ros2_ws/src/rplidar_ros -DCATKIN_INSTALL_INTO_PREFIX_ROOT=0 -DCATKIN_SYMLINK_INSTALL=ON -DCMAKE_INSTALL_PREFIX=/home/pi/ros2_ws/src/install/rplidar_ros
[6.503s] DEBUG:colcon.colcon_core.event_handler.log_command:Invoked command in '/home/pi/ros2_ws/src/build/rplidar_ros' returned '1': /usr/bin/cmake /home/pi/ros2_ws/src/rplidar_ros -DCATKIN_INSTALL_INTO_PREFIX_ROOT=0 -DCATKIN_SYMLINK_INSTALL=ON -DCMAKE_INSTALL_PREFIX=/home/pi/ros2_ws/src/install/rplidar_ros
[6.544s] Level 1:colcon.colcon_core.environment:create_environment_scripts_only(rplidar_ros)
[6.595s] Level 1:colcon.colcon_core.environment:checking '/home/pi/ros2_ws/src/install/rplidar_ros' for CMake module files
[6.597s] Level 1:colcon.colcon_core.environment:checking '/home/pi/ros2_ws/src/install/rplidar_ros' for CMake config files
[6.598s] Level 1:colcon.colcon_core.environment:checking '/home/pi/ros2_ws/src/install/rplidar_ros/bin'
[6.599s] Level 1:colcon.colcon_core.environment:checking '/home/pi/ros2_ws/src/install/rplidar_ros/lib/pkgconfig/rplidar_ros.pc'
[6.600s] Level 1:colcon.colcon_core.environment:checking '/home/pi/ros2_ws/src/install/rplidar_ros/lib/python3.10/site-packages'
[6.601s] Level 1:colcon.colcon_core.environment:checking '/home/pi/ros2_ws/src/install/rplidar_ros/bin'
[6.618s] INFO:colcon.colcon_core.shell:Creating package script '/home/pi/ros2_ws/src/install/rplidar_ros/share/rplidar_ros/package.ps1'
[6.623s] INFO:colcon.colcon_core.shell:Creating package descriptor '/home/pi/ros2_ws/src/install/rplidar_ros/share/rplidar_ros/package.dsv'
[6.625s] INFO:colcon.colcon_core.shell:Creating package script '/home/pi/ros2_ws/src/install/rplidar_ros/share/rplidar_ros/package.sh'
[6.628s] INFO:colcon.colcon_core.shell:Creating package script '/home/pi/ros2_ws/src/install/rplidar_ros/share/rplidar_ros/package.bash'
[6.632s] INFO:colcon.colcon_core.shell:Creating package script '/home/pi/ros2_ws/src/install/rplidar_ros/share/rplidar_ros/package.zsh'
[6.636s] Level 1:colcon.colcon_core.environment:create_file_with_runtime_dependencies(/home/pi/ros2_ws/src/install/rplidar_ros/share/colcon-core/packages/rplidar_ros)
[6.648s] DEBUG:colcon.colcon_parallel_executor.executor.parallel:closing loop
[6.649s] DEBUG:colcon.colcon_parallel_executor.executor.parallel:loop closed
[6.649s] DEBUG:colcon.colcon_parallel_executor.executor.parallel:run_until_complete finished with '1'
[6.649s] DEBUG:colcon.colcon_core.event_reactor:joining thread
[6.693s] INFO:colcon.colcon_core.plugin_system:Skipping extension 'colcon_notification.desktop_notification.notify_send': Could not find 'notify-send'
[6.693s] INFO:colcon.colcon_core.plugin_system:Skipping extension 'colcon_notification.desktop_notification.terminal_notifier': Not used on non-Darwin systems
[6.693s] INFO:colcon.colcon_core.plugin_system:Skipping extension 'colcon_notification.desktop_notification.win32': Not used on non-Windows systems
[6.693s] INFO:colcon.colcon_notification.desktop_notification:Sending desktop notification using 'notify2'
[6.754s] DEBUG:colcon.colcon_notification.desktop_notification.notify2:Failed to initialize notify2: org.freedesktop.DBus.Error.ServiceUnknown: The name org.freedesktop.Notifications was not provided by any .service files
[6.754s] DEBUG:colcon.colcon_core.event_reactor:joined thread
[6.776s] INFO:colcon.colcon_core.shell:Creating prefix script '/home/pi/ros2_ws/src/install/local_setup.ps1'
[6.780s] INFO:colcon.colcon_core.shell:Creating prefix util module '/home/pi/ros2_ws/src/install/_local_setup_util_ps1.py'
[6.786s] INFO:colcon.colcon_core.shell:Creating prefix chain script '/home/pi/ros2_ws/src/install/setup.ps1'
[6.806s] INFO:colcon.colcon_core.shell:Creating prefix script '/home/pi/ros2_ws/src/install/local_setup.sh'
[6.808s] INFO:colcon.colcon_core.shell:Creating prefix util module '/home/pi/ros2_ws/src/install/_local_setup_util_sh.py'
[6.810s] INFO:colcon.colcon_core.shell:Creating prefix chain script '/home/pi/ros2_ws/src/install/setup.sh'
[6.829s] INFO:colcon.colcon_core.shell:Creating prefix script '/home/pi/ros2_ws/src/install/local_setup.bash'
[6.831s] INFO:colcon.colcon_core.shell:Creating prefix chain script '/home/pi/ros2_ws/src/install/setup.bash'
[6.850s] INFO:colcon.colcon_core.shell:Creating prefix script '/home/pi/ros2_ws/src/install/local_setup.zsh'
[6.853s] INFO:colcon.colcon_core.shell:Creating prefix chain script '/home/pi/ros2_ws/src/install/setup.zsh'
