[7.713s] Invoking command in '/home/pi/ams_ws/src/bno055': PYTHONPATH=/home/pi/ams_ws/build/bno055/prefix_override:/home/pi/ams_ws/install/bno055/lib/python3.10/site-packages:${PYTHONPATH} /usr/bin/python3 setup.py egg_info --egg-base ../../build/bno055 build --build-base /home/pi/ams_ws/build/bno055/build install --record /home/pi/ams_ws/build/bno055/install.log --single-version-externally-managed
[9.667s] running egg_info
[9.676s] writing ../../build/bno055/bno055.egg-info/PKG-INFO
[9.681s] writing dependency_links to ../../build/bno055/bno055.egg-info/dependency_links.txt
[9.683s] writing entry points to ../../build/bno055/bno055.egg-info/entry_points.txt
[9.684s] writing requirements to ../../build/bno055/bno055.egg-info/requires.txt
[9.685s] writing top-level names to ../../build/bno055/bno055.egg-info/top_level.txt
[9.696s] reading manifest file '../../build/bno055/bno055.egg-info/SOURCES.txt'
[9.698s] adding license file 'LICENSE'
[9.699s] adding license file 'AUTHORS'
[9.702s] writing manifest file '../../build/bno055/bno055.egg-info/SOURCES.txt'
[9.703s] running build
[9.704s] running build_py
[9.717s] running install
[9.719s] running install_lib
[9.732s] running install_data
[9.737s] running install_egg_info
[9.746s] removing '/home/pi/ams_ws/install/bno055/lib/python3.10/site-packages/bno055-0.4.1-py3.10.egg-info' (and everything under it)
[9.748s] Copying ../../build/bno055/bno055.egg-info to /home/pi/ams_ws/install/bno055/lib/python3.10/site-packages/bno055-0.4.1-py3.10.egg-info
[9.755s] running install_scripts
[9.876s] Installing bno055 script to /home/pi/ams_ws/install/bno055/lib/bno055
[9.883s] writing list of installed files to '/home/pi/ams_ws/build/bno055/install.log'
[10.161s] Invoked command in '/home/pi/ams_ws/src/bno055' returned '0': PYTHONPATH=/home/pi/ams_ws/build/bno055/prefix_override:/home/pi/ams_ws/install/bno055/lib/python3.10/site-packages:${PYTHONPATH} /usr/bin/python3 setup.py egg_info --egg-base ../../build/bno055 build --build-base /home/pi/ams_ws/build/bno055/build install --record /home/pi/ams_ws/build/bno055/install.log --single-version-externally-managed
