[0.111s] Invoking command in '/home/pi/ams_ws/build/rf2o_laser_odometry': /usr/bin/cmake /home/pi/ams_ws/src/rf2o_laser_odometry -DCATKIN_INSTALL_INTO_PREFIX_ROOT=0 -DCMAKE_INSTALL_PREFIX=/home/pi/ams_ws/install/rf2o_laser_odometry
[1.234s] -- The C compiler identification is GNU 11.3.0
[1.978s] -- The CXX compiler identification is GNU 11.3.0
[2.029s] -- Detecting C compiler ABI info
[2.390s] -- Detecting C compiler ABI info - done
[2.420s] -- Check for working C compiler: /usr/bin/cc - skipped
[2.422s] -- Detecting C compile features
[2.425s] -- Detecting C compile features - done
[2.441s] -- Detecting CXX compiler ABI info
[2.791s] -- Detecting CXX compiler ABI info - done
[2.822s] -- Check for working CXX compiler: /usr/bin/c++ - skipped
[2.823s] -- Detecting CXX compile features
[2.825s] -- Detecting CXX compile features - done
[3.037s] [31mCMake Error at CMakeLists.txt:15 (find_package):
[3.037s]   By not providing "Findcatkin.cmake" in CMAKE_MODULE_PATH this project has
[3.038s]   asked CMake to find a package configuration file provided by "catkin", but
[3.038s]   CMake did not find one.
[3.038s] 
[3.038s]   Could not find a package configuration file provided by "catkin" with any
[3.039s]   of the following names:
[3.039s] 
[3.040s]     catkinConfig.cmake
[3.040s]     catkin-config.cmake
[3.041s] 
[3.041s]   Add the installation prefix of "catkin" to CMAKE_PREFIX_PATH or set
[3.042s]   "catkin_DIR" to a directory containing one of the above files.  If "catkin"
[3.043s]   provides a separate development package or SDK, be sure it has been
[3.044s]   installed.
[3.045s] 
[3.046s] [0m
[3.046s] -- Configuring incomplete, errors occurred!
[3.046s] See also "/home/pi/ams_ws/build/rf2o_laser_odometry/CMakeFiles/CMakeOutput.log".
[3.051s] Invoked command in '/home/pi/ams_ws/build/rf2o_laser_odometry' returned '1': /usr/bin/cmake /home/pi/ams_ws/src/rf2o_laser_odometry -DCATKIN_INSTALL_INTO_PREFIX_ROOT=0 -DCMAKE_INSTALL_PREFIX=/home/pi/ams_ws/install/rf2o_laser_odometry
