[8.340s] Invoking command in '/home/pi/ams_ws/src/nmea_navsat_driver': PYTHONPATH=/home/pi/ams_ws/build/nmea_navsat_driver/prefix_override:/home/pi/ams_ws/install/nmea_navsat_driver/lib/python3.10/site-packages:${PYTHONPATH} /usr/bin/python3 setup.py egg_info --egg-base ../../build/nmea_navsat_driver build --build-base /home/pi/ams_ws/build/nmea_navsat_driver/build install --record /home/pi/ams_ws/build/nmea_navsat_driver/install.log --single-version-externally-managed
[10.438s] running egg_info
[10.442s] writing ../../build/nmea_navsat_driver/nmea_navsat_driver.egg-info/PKG-INFO
[10.444s] writing dependency_links to ../../build/nmea_navsat_driver/nmea_navsat_driver.egg-info/dependency_links.txt
[10.446s] writing entry points to ../../build/nmea_navsat_driver/nmea_navsat_driver.egg-info/entry_points.txt
[10.447s] writing requirements to ../../build/nmea_navsat_driver/nmea_navsat_driver.egg-info/requires.txt
[10.447s] writing top-level names to ../../build/nmea_navsat_driver/nmea_navsat_driver.egg-info/top_level.txt
[10.461s] reading manifest file '../../build/nmea_navsat_driver/nmea_navsat_driver.egg-info/SOURCES.txt'
[10.467s] writing manifest file '../../build/nmea_navsat_driver/nmea_navsat_driver.egg-info/SOURCES.txt'
[10.468s] running build
[10.468s] running build_py
[10.475s] running install
[10.486s] running install_lib
[10.494s] running install_data
[10.502s] running install_egg_info
[10.512s] removing '/home/pi/ams_ws/install/nmea_navsat_driver/lib/python3.10/site-packages/nmea_navsat_driver-2.0.0-py3.10.egg-info' (and everything under it)
[10.515s] Copying ../../build/nmea_navsat_driver/nmea_navsat_driver.egg-info to /home/pi/ams_ws/install/nmea_navsat_driver/lib/python3.10/site-packages/nmea_navsat_driver-2.0.0-py3.10.egg-info
[10.532s] running install_scripts
[10.629s] Installing nmea_serial_driver script to /home/pi/ams_ws/install/nmea_navsat_driver/lib/nmea_navsat_driver
[10.631s] Installing nmea_socket_driver script to /home/pi/ams_ws/install/nmea_navsat_driver/lib/nmea_navsat_driver
[10.632s] Installing nmea_tcpclient_driver script to /home/pi/ams_ws/install/nmea_navsat_driver/lib/nmea_navsat_driver
[10.635s] Installing nmea_topic_driver script to /home/pi/ams_ws/install/nmea_navsat_driver/lib/nmea_navsat_driver
[10.635s] Installing nmea_topic_serial_reader script to /home/pi/ams_ws/install/nmea_navsat_driver/lib/nmea_navsat_driver
[10.640s] writing list of installed files to '/home/pi/ams_ws/build/nmea_navsat_driver/install.log'
[10.843s] Invoked command in '/home/pi/ams_ws/src/nmea_navsat_driver' returned '0': PYTHONPATH=/home/pi/ams_ws/build/nmea_navsat_driver/prefix_override:/home/pi/ams_ws/install/nmea_navsat_driver/lib/python3.10/site-packages:${PYTHONPATH} /usr/bin/python3 setup.py egg_info --egg-base ../../build/nmea_navsat_driver build --build-base /home/pi/ams_ws/build/nmea_navsat_driver/build install --record /home/pi/ams_ws/build/nmea_navsat_driver/install.log --single-version-externally-managed
