[0.391s] Invoking command in '/home/pi/ams_ws/build/ams_hardware': CMAKE_PREFIX_PATH=${CMAKE_PREFIX_PATH}:/home/pi/ams_ws/install/nmea_navsat_driver:/home/pi/ams_ws/install/bno055:/opt/ros/humble /usr/bin/cmake --build /home/pi/ams_ws/build/ams_hardware -- -j4 -l4
[3.374s] Invoked command in '/home/pi/ams_ws/build/ams_hardware' returned '0': CMAKE_PREFIX_PATH=${CMAKE_PREFIX_PATH}:/home/pi/ams_ws/install/nmea_navsat_driver:/home/pi/ams_ws/install/bno055:/opt/ros/humble /usr/bin/cmake --build /home/pi/ams_ws/build/ams_hardware -- -j4 -l4
[3.602s] Invoking command in '/home/pi/ams_ws/build/ams_hardware': CMAKE_PREFIX_PATH=${CMAKE_PREFIX_PATH}:/home/pi/ams_ws/install/nmea_navsat_driver:/home/pi/ams_ws/install/bno055:/opt/ros/humble /usr/bin/cmake --install /home/pi/ams_ws/build/ams_hardware
[3.642s] -- Install configuration: ""
[3.644s] -- Up-to-date: /home/pi/ams_ws/install/ams_hardware/share/ament_index/resource_index/package_run_dependencies/ams_hardware
[3.645s] -- Up-to-date: /home/pi/ams_ws/install/ams_hardware/share/ament_index/resource_index/parent_prefix_path/ams_hardware
[3.648s] -- Up-to-date: /home/pi/ams_ws/install/ams_hardware/share/ams_hardware/environment/ament_prefix_path.sh
[3.651s] -- Up-to-date: /home/pi/ams_ws/install/ams_hardware/share/ams_hardware/environment/ament_prefix_path.dsv
[3.652s] -- Up-to-date: /home/pi/ams_ws/install/ams_hardware/share/ams_hardware/environment/path.sh
[3.654s] -- Up-to-date: /home/pi/ams_ws/install/ams_hardware/share/ams_hardware/environment/path.dsv
[3.656s] -- Up-to-date: /home/pi/ams_ws/install/ams_hardware/share/ams_hardware/local_setup.bash
[3.658s] -- Up-to-date: /home/pi/ams_ws/install/ams_hardware/share/ams_hardware/local_setup.sh
[3.659s] -- Up-to-date: /home/pi/ams_ws/install/ams_hardware/share/ams_hardware/local_setup.zsh
[3.661s] -- Up-to-date: /home/pi/ams_ws/install/ams_hardware/share/ams_hardware/local_setup.dsv
[3.663s] -- Installing: /home/pi/ams_ws/install/ams_hardware/share/ams_hardware/package.dsv
[3.665s] -- Up-to-date: /home/pi/ams_ws/install/ams_hardware/share/ament_index/resource_index/packages/ams_hardware
[3.667s] -- Up-to-date: /home/pi/ams_ws/install/ams_hardware/share/ams_hardware/cmake/ams_hardwareConfig.cmake
[3.669s] -- Up-to-date: /home/pi/ams_ws/install/ams_hardware/share/ams_hardware/cmake/ams_hardwareConfig-version.cmake
[3.670s] -- Up-to-date: /home/pi/ams_ws/install/ams_hardware/share/ams_hardware/package.xml
[3.695s] Invoked command in '/home/pi/ams_ws/build/ams_hardware' returned '0': CMAKE_PREFIX_PATH=${CMAKE_PREFIX_PATH}:/home/pi/ams_ws/install/nmea_navsat_driver:/home/pi/ams_ws/install/bno055:/opt/ros/humble /usr/bin/cmake --install /home/pi/ams_ws/build/ams_hardware
