[0.343s] Invoking command in '/home/pi/ams_ws/src/build/ams_hardware': CMAKE_PREFIX_PATH=/opt/ros/humble /usr/bin/cmake /home/pi/ams_ws/src/ams_hardware -DCMAKE_INSTALL_PREFIX=/home/pi/ams_ws/src/install/ams_hardware
[2.231s] -- The C compiler identification is GNU 11.3.0
[2.232s] -- The CXX compiler identification is GNU 11.3.0
[2.239s] -- Detecting C compiler ABI info
[2.623s] -- Detecting C compiler ABI info - done
[2.669s] -- Check for working C compiler: /usr/bin/cc - skipped
[2.673s] -- Detecting C compile features
[2.676s] -- Detecting C compile features - done
[2.691s] -- Detecting CXX compiler ABI info
[3.080s] -- Detecting CXX compiler ABI info - done
[3.106s] -- Check for working CXX compiler: /usr/bin/c++ - skipped
[3.107s] -- Detecting CXX compile features
[3.109s] -- Detecting CXX compile features - done
[3.142s] -- Found ament_cmake: 1.3.3 (/opt/ros/humble/share/ament_cmake/cmake)
[4.293s] -- Found Python3: /usr/bin/python3.10 (found version "3.10.6") found components: Interpreter 
[5.181s] -- Found ament_lint_auto: 0.12.5 (/opt/ros/humble/share/ament_lint_auto/cmake)
[5.853s] -- Added test 'cppcheck' to perform static code analysis on C / C++ code
[5.854s] -- Configured cppcheck include dirs: 
[5.855s] -- Configured cppcheck exclude dirs and/or files: 
[5.861s] -- Added test 'lint_cmake' to check CMake code style
[5.872s] -- Added test 'uncrustify' to check C / C++ code style
[5.872s] -- Configured uncrustify additional arguments: 
[5.875s] -- Added test 'xmllint' to check XML markup files
[5.886s] -- Configuring done
[5.910s] -- Generating done
[5.916s] -- Build files have been written to: /home/pi/ams_ws/src/build/ams_hardware
[5.937s] Invoked command in '/home/pi/ams_ws/src/build/ams_hardware' returned '0': CMAKE_PREFIX_PATH=/opt/ros/humble /usr/bin/cmake /home/pi/ams_ws/src/ams_hardware -DCMAKE_INSTALL_PREFIX=/home/pi/ams_ws/src/install/ams_hardware
[5.939s] Invoking command in '/home/pi/ams_ws/src/build/ams_hardware': CMAKE_PREFIX_PATH=/opt/ros/humble /usr/bin/cmake --build /home/pi/ams_ws/src/build/ams_hardware -- -j4 -l4
[6.134s] Invoked command in '/home/pi/ams_ws/src/build/ams_hardware' returned '0': CMAKE_PREFIX_PATH=/opt/ros/humble /usr/bin/cmake --build /home/pi/ams_ws/src/build/ams_hardware -- -j4 -l4
[6.302s] Invoking command in '/home/pi/ams_ws/src/build/ams_hardware': CMAKE_PREFIX_PATH=/opt/ros/humble /usr/bin/cmake --install /home/pi/ams_ws/src/build/ams_hardware
[6.340s] -- Install configuration: ""
[6.341s] -- Installing: /home/pi/ams_ws/src/install/ams_hardware/share/ament_index/resource_index/package_run_dependencies/ams_hardware
[6.348s] -- Installing: /home/pi/ams_ws/src/install/ams_hardware/share/ament_index/resource_index/parent_prefix_path/ams_hardware
[6.348s] -- Installing: /home/pi/ams_ws/src/install/ams_hardware/share/ams_hardware/environment/ament_prefix_path.sh
[6.349s] -- Installing: /home/pi/ams_ws/src/install/ams_hardware/share/ams_hardware/environment/ament_prefix_path.dsv
[6.351s] -- Installing: /home/pi/ams_ws/src/install/ams_hardware/share/ams_hardware/environment/path.sh
[6.353s] -- Installing: /home/pi/ams_ws/src/install/ams_hardware/share/ams_hardware/environment/path.dsv
[6.359s] -- Installing: /home/pi/ams_ws/src/install/ams_hardware/share/ams_hardware/local_setup.bash
[6.365s] -- Installing: /home/pi/ams_ws/src/install/ams_hardware/share/ams_hardware/local_setup.sh
[6.366s] -- Installing: /home/pi/ams_ws/src/install/ams_hardware/share/ams_hardware/local_setup.zsh
[6.366s] -- Installing: /home/pi/ams_ws/src/install/ams_hardware/share/ams_hardware/local_setup.dsv
[6.367s] -- Installing: /home/pi/ams_ws/src/install/ams_hardware/share/ams_hardware/package.dsv
[6.367s] -- Installing: /home/pi/ams_ws/src/install/ams_hardware/share/ament_index/resource_index/packages/ams_hardware
[6.368s] -- Installing: /home/pi/ams_ws/src/install/ams_hardware/share/ams_hardware/cmake/ams_hardwareConfig.cmake
[6.369s] -- Installing: /home/pi/ams_ws/src/install/ams_hardware/share/ams_hardware/cmake/ams_hardwareConfig-version.cmake
[6.370s] -- Installing: /home/pi/ams_ws/src/install/ams_hardware/share/ams_hardware/package.xml
[6.384s] Invoked command in '/home/pi/ams_ws/src/build/ams_hardware' returned '0': CMAKE_PREFIX_PATH=/opt/ros/humble /usr/bin/cmake --install /home/pi/ams_ws/src/build/ams_hardware
