[2.393s] DEBUG:colcon:Command line arguments: ['/home/pi/.local/bin/colcon', 'build']
[2.393s] DEBUG:colcon:Parsed command line arguments: Namespace(log_base=None, log_level=None, verb_name='build', build_base='build', install_base='install', merge_install=False, symlink_install=False, test_result_base=None, continue_on_error=False, executor='parallel', parallel_workers=4, event_handlers=None, ignore_user_meta=False, metas=['./colcon.meta'], base_paths=['.'], packages_ignore=None, packages_ignore_regex=None, paths=None, packages_up_to=None, packages_up_to_regex=None, packages_above=None, packages_above_and_dependencies=None, packages_above_depth=None, packages_select_by_dep=None, packages_skip_by_dep=None, packages_skip_up_to=None, packages_select_build_failed=False, packages_skip_build_finished=False, packages_select_test_failures=False, packages_skip_test_passed=False, packages_select=None, packages_skip=None, packages_select_regex=None, packages_skip_regex=None, packages_start=None, packages_end=None, allow_overriding=[], cmake_args=None, cmake_target=None, cmake_target_skip_unavailable=False, cmake_clean_cache=False, cmake_clean_first=False, cmake_force_configure=False, ament_cmake_args=None, catkin_cmake_args=None, catkin_skip_building_tests=False, verb_parser=<colcon_defaults.argument_parser.defaults.DefaultArgumentsDecorator object at 0xffff93c1e6b0>, verb_extension=<colcon_core.verb.build.BuildVerb object at 0xffff93c1e140>, main=<bound method BuildVerb.main of <colcon_core.verb.build.BuildVerb object at 0xffff93c1e140>>)
[2.507s] Level 1:colcon.colcon_core.package_discovery:discover_packages(colcon_meta) check parameters
[2.508s] Level 1:colcon.colcon_core.package_discovery:discover_packages(recursive) check parameters
[2.508s] Level 1:colcon.colcon_core.package_discovery:discover_packages(ignore) check parameters
[2.508s] Level 1:colcon.colcon_core.package_discovery:discover_packages(path) check parameters
[2.508s] Level 1:colcon.colcon_core.package_discovery:discover_packages(colcon_meta) discover
[2.508s] Level 1:colcon.colcon_core.package_discovery:discover_packages(recursive) discover
[2.508s] INFO:colcon.colcon_core.package_discovery:Crawling recursively for packages in '/home/pi/ams_ws'
[2.509s] Level 1:colcon.colcon_core.package_identification:_identify(.) by extensions ['ignore', 'ignore_ament_install']
[2.509s] Level 1:colcon.colcon_core.package_identification:_identify(.) by extension 'ignore'
[2.509s] Level 1:colcon.colcon_core.package_identification:_identify(.) by extension 'ignore_ament_install'
[2.510s] Level 1:colcon.colcon_core.package_identification:_identify(.) by extensions ['colcon_pkg']
[2.510s] Level 1:colcon.colcon_core.package_identification:_identify(.) by extension 'colcon_pkg'
[2.510s] Level 1:colcon.colcon_core.package_identification:_identify(.) by extensions ['colcon_meta']
[2.510s] Level 1:colcon.colcon_core.package_identification:_identify(.) by extension 'colcon_meta'
[2.510s] Level 1:colcon.colcon_core.package_identification:_identify(.) by extensions ['ros']
[2.510s] Level 1:colcon.colcon_core.package_identification:_identify(.) by extension 'ros'
[2.553s] Level 1:colcon.colcon_core.package_identification:_identify(.) by extensions ['cmake', 'python']
[2.553s] Level 1:colcon.colcon_core.package_identification:_identify(.) by extension 'cmake'
[2.554s] Level 1:colcon.colcon_core.package_identification:_identify(.) by extension 'python'
[2.554s] Level 1:colcon.colcon_core.package_identification:_identify(.) by extensions ['python_setup_py']
[2.554s] Level 1:colcon.colcon_core.package_identification:_identify(.) by extension 'python_setup_py'
[2.554s] Level 1:colcon.colcon_core.package_identification:_identify(build) by extensions ['ignore', 'ignore_ament_install']
[2.555s] Level 1:colcon.colcon_core.package_identification:_identify(build) by extension 'ignore'
[2.555s] Level 1:colcon.colcon_core.package_identification:_identify(build) ignored
[2.556s] Level 1:colcon.colcon_core.package_identification:_identify(install) by extensions ['ignore', 'ignore_ament_install']
[2.556s] Level 1:colcon.colcon_core.package_identification:_identify(install) by extension 'ignore'
[2.556s] Level 1:colcon.colcon_core.package_identification:_identify(install) ignored
[2.557s] Level 1:colcon.colcon_core.package_identification:_identify(log) by extensions ['ignore', 'ignore_ament_install']
[2.557s] Level 1:colcon.colcon_core.package_identification:_identify(log) by extension 'ignore'
[2.557s] Level 1:colcon.colcon_core.package_identification:_identify(log) ignored
[2.557s] Level 1:colcon.colcon_core.package_identification:_identify(src) by extensions ['ignore', 'ignore_ament_install']
[2.558s] Level 1:colcon.colcon_core.package_identification:_identify(src) by extension 'ignore'
[2.558s] Level 1:colcon.colcon_core.package_identification:_identify(src) by extension 'ignore_ament_install'
[2.558s] Level 1:colcon.colcon_core.package_identification:_identify(src) by extensions ['colcon_pkg']
[2.558s] Level 1:colcon.colcon_core.package_identification:_identify(src) by extension 'colcon_pkg'
[2.558s] Level 1:colcon.colcon_core.package_identification:_identify(src) by extensions ['colcon_meta']
[2.558s] Level 1:colcon.colcon_core.package_identification:_identify(src) by extension 'colcon_meta'
[2.558s] Level 1:colcon.colcon_core.package_identification:_identify(src) by extensions ['ros']
[2.559s] Level 1:colcon.colcon_core.package_identification:_identify(src) by extension 'ros'
[2.559s] Level 1:colcon.colcon_core.package_identification:_identify(src) by extensions ['cmake', 'python']
[2.559s] Level 1:colcon.colcon_core.package_identification:_identify(src) by extension 'cmake'
[2.559s] Level 1:colcon.colcon_core.package_identification:_identify(src) by extension 'python'
[2.559s] Level 1:colcon.colcon_core.package_identification:_identify(src) by extensions ['python_setup_py']
[2.559s] Level 1:colcon.colcon_core.package_identification:_identify(src) by extension 'python_setup_py'
[2.560s] Level 1:colcon.colcon_core.package_identification:_identify(src/ams_description) by extensions ['ignore', 'ignore_ament_install']
[2.560s] Level 1:colcon.colcon_core.package_identification:_identify(src/ams_description) by extension 'ignore'
[2.560s] Level 1:colcon.colcon_core.package_identification:_identify(src/ams_description) by extension 'ignore_ament_install'
[2.561s] Level 1:colcon.colcon_core.package_identification:_identify(src/ams_description) by extensions ['colcon_pkg']
[2.561s] Level 1:colcon.colcon_core.package_identification:_identify(src/ams_description) by extension 'colcon_pkg'
[2.561s] Level 1:colcon.colcon_core.package_identification:_identify(src/ams_description) by extensions ['colcon_meta']
[2.561s] Level 1:colcon.colcon_core.package_identification:_identify(src/ams_description) by extension 'colcon_meta'
[2.561s] Level 1:colcon.colcon_core.package_identification:_identify(src/ams_description) by extensions ['ros']
[2.561s] Level 1:colcon.colcon_core.package_identification:_identify(src/ams_description) by extension 'ros'
[2.570s] DEBUG:colcon.colcon_core.package_identification:Package 'src/ams_description' with type 'ros.ament_cmake' and name 'ams_description'
[2.571s] Level 1:colcon.colcon_core.package_identification:_identify(src/bno055) by extensions ['ignore', 'ignore_ament_install']
[2.571s] Level 1:colcon.colcon_core.package_identification:_identify(src/bno055) by extension 'ignore'
[2.571s] Level 1:colcon.colcon_core.package_identification:_identify(src/bno055) by extension 'ignore_ament_install'
[2.571s] Level 1:colcon.colcon_core.package_identification:_identify(src/bno055) by extensions ['colcon_pkg']
[2.572s] Level 1:colcon.colcon_core.package_identification:_identify(src/bno055) by extension 'colcon_pkg'
[2.572s] Level 1:colcon.colcon_core.package_identification:_identify(src/bno055) by extensions ['colcon_meta']
[2.572s] Level 1:colcon.colcon_core.package_identification:_identify(src/bno055) by extension 'colcon_meta'
[2.572s] Level 1:colcon.colcon_core.package_identification:_identify(src/bno055) by extensions ['ros']
[2.572s] Level 1:colcon.colcon_core.package_identification:_identify(src/bno055) by extension 'ros'
[2.575s] DEBUG:colcon.colcon_core.package_identification:Package 'src/bno055' with type 'ros.ament_python' and name 'bno055'
[2.575s] Level 1:colcon.colcon_core.package_discovery:discover_packages(recursive) using defaults
[2.575s] Level 1:colcon.colcon_core.package_discovery:discover_packages(ignore) discover
[2.576s] Level 1:colcon.colcon_core.package_discovery:discover_packages(ignore) using defaults
[2.576s] Level 1:colcon.colcon_core.package_discovery:discover_packages(path) discover
[2.576s] Level 1:colcon.colcon_core.package_discovery:discover_packages(path) using defaults
[2.705s] Level 1:colcon.colcon_core.package_discovery:discover_packages(prefix_path) check parameters
[2.706s] Level 1:colcon.colcon_core.package_discovery:discover_packages(prefix_path) discover
[2.740s] DEBUG:colcon.colcon_installed_package_information.package_discovery:Found 2 installed packages in /home/pi/ams_ws/install
[2.762s] DEBUG:colcon.colcon_installed_package_information.package_discovery:Found 382 installed packages in /opt/ros/humble
[2.771s] Level 1:colcon.colcon_core.package_discovery:discover_packages(prefix_path) using defaults
[3.117s] Level 5:colcon.colcon_core.verb:set package 'ams_description' build argument 'cmake_args' from command line to 'None'
[3.117s] Level 5:colcon.colcon_core.verb:set package 'ams_description' build argument 'cmake_target' from command line to 'None'
[3.117s] Level 5:colcon.colcon_core.verb:set package 'ams_description' build argument 'cmake_target_skip_unavailable' from command line to 'False'
[3.117s] Level 5:colcon.colcon_core.verb:set package 'ams_description' build argument 'cmake_clean_cache' from command line to 'False'
[3.118s] Level 5:colcon.colcon_core.verb:set package 'ams_description' build argument 'cmake_clean_first' from command line to 'False'
[3.118s] Level 5:colcon.colcon_core.verb:set package 'ams_description' build argument 'cmake_force_configure' from command line to 'False'
[3.118s] Level 5:colcon.colcon_core.verb:set package 'ams_description' build argument 'ament_cmake_args' from command line to 'None'
[3.118s] Level 5:colcon.colcon_core.verb:set package 'ams_description' build argument 'catkin_cmake_args' from command line to 'None'
[3.118s] Level 5:colcon.colcon_core.verb:set package 'ams_description' build argument 'catkin_skip_building_tests' from command line to 'False'
[3.118s] DEBUG:colcon.colcon_core.verb:Building package 'ams_description' with the following arguments: {'ament_cmake_args': None, 'build_base': '/home/pi/ams_ws/build/ams_description', 'catkin_cmake_args': None, 'catkin_skip_building_tests': False, 'cmake_args': None, 'cmake_clean_cache': False, 'cmake_clean_first': False, 'cmake_force_configure': False, 'cmake_target': None, 'cmake_target_skip_unavailable': False, 'install_base': '/home/pi/ams_ws/install/ams_description', 'merge_install': False, 'path': '/home/pi/ams_ws/src/ams_description', 'symlink_install': False, 'test_result_base': None}
[3.146s] Level 5:colcon.colcon_core.verb:set package 'bno055' build argument 'cmake_args' from command line to 'None'
[3.146s] Level 5:colcon.colcon_core.verb:set package 'bno055' build argument 'cmake_target' from command line to 'None'
[3.146s] Level 5:colcon.colcon_core.verb:set package 'bno055' build argument 'cmake_target_skip_unavailable' from command line to 'False'
[3.146s] Level 5:colcon.colcon_core.verb:set package 'bno055' build argument 'cmake_clean_cache' from command line to 'False'
[3.146s] Level 5:colcon.colcon_core.verb:set package 'bno055' build argument 'cmake_clean_first' from command line to 'False'
[3.147s] Level 5:colcon.colcon_core.verb:set package 'bno055' build argument 'cmake_force_configure' from command line to 'False'
[3.147s] Level 5:colcon.colcon_core.verb:set package 'bno055' build argument 'ament_cmake_args' from command line to 'None'
[3.147s] Level 5:colcon.colcon_core.verb:set package 'bno055' build argument 'catkin_cmake_args' from command line to 'None'
[3.147s] Level 5:colcon.colcon_core.verb:set package 'bno055' build argument 'catkin_skip_building_tests' from command line to 'False'
[3.147s] DEBUG:colcon.colcon_core.verb:Building package 'bno055' with the following arguments: {'ament_cmake_args': None, 'build_base': '/home/pi/ams_ws/build/bno055', 'catkin_cmake_args': None, 'catkin_skip_building_tests': False, 'cmake_args': None, 'cmake_clean_cache': False, 'cmake_clean_first': False, 'cmake_force_configure': False, 'cmake_target': None, 'cmake_target_skip_unavailable': False, 'install_base': '/home/pi/ams_ws/install/bno055', 'merge_install': False, 'path': '/home/pi/ams_ws/src/bno055', 'symlink_install': False, 'test_result_base': None}
[3.153s] INFO:colcon.colcon_core.executor:Executing jobs using 'parallel' executor
[3.193s] DEBUG:colcon.colcon_parallel_executor.executor.parallel:run_until_complete
[3.194s] INFO:colcon.colcon_ros.task.ament_cmake.build:Building ROS package in '/home/pi/ams_ws/src/ams_description' with build type 'ament_cmake'
[3.194s] INFO:colcon.colcon_cmake.task.cmake.build:Building CMake package in '/home/pi/ams_ws/src/ams_description'
[3.226s] INFO:colcon.colcon_core.plugin_system:Skipping extension 'colcon_core.shell.bat': Not used on non-Windows systems
[3.226s] INFO:colcon.colcon_core.shell:Skip shell extension 'powershell' for command environment: Not usable outside of PowerShell
[3.226s] DEBUG:colcon.colcon_core.shell:Skip shell extension 'dsv' for command environment
[3.282s] INFO:colcon.colcon_ros.task.ament_python.build:Building ROS package in '/home/pi/ams_ws/src/bno055' with build type 'ament_python'
[3.283s] Level 1:colcon.colcon_core.shell:create_environment_hook('bno055', 'ament_prefix_path')
[3.302s] INFO:colcon.colcon_core.shell:Creating environment hook '/home/pi/ams_ws/install/bno055/share/bno055/hook/ament_prefix_path.ps1'
[3.305s] INFO:colcon.colcon_core.shell:Creating environment descriptor '/home/pi/ams_ws/install/bno055/share/bno055/hook/ament_prefix_path.dsv'
[3.308s] INFO:colcon.colcon_core.shell:Creating environment hook '/home/pi/ams_ws/install/bno055/share/bno055/hook/ament_prefix_path.sh'
[3.327s] INFO:colcon.colcon_core.shell:Skip shell extension 'powershell' for command environment: Not usable outside of PowerShell
[3.327s] DEBUG:colcon.colcon_core.shell:Skip shell extension 'dsv' for command environment
[3.396s] DEBUG:colcon.colcon_core.event_handler.log_command:Invoking command in '/home/pi/ams_ws/build/ams_description': CMAKE_PREFIX_PATH=${CMAKE_PREFIX_PATH}:/home/pi/ams_ws/install/bno055:/opt/ros/humble /usr/bin/cmake --build /home/pi/ams_ws/build/ams_description -- -j4 -l4
[4.785s] INFO:colcon.colcon_core.task.python.build:Building Python package in '/home/pi/ams_ws/src/bno055'
[4.805s] INFO:colcon.colcon_core.shell:Skip shell extension 'powershell' for command environment: Not usable outside of PowerShell
[4.805s] DEBUG:colcon.colcon_core.shell:Skip shell extension 'dsv' for command environment
[4.864s] DEBUG:colcon.colcon_core.event_handler.log_command:Invoked command in '/home/pi/ams_ws/build/ams_description' returned '0': CMAKE_PREFIX_PATH=${CMAKE_PREFIX_PATH}:/home/pi/ams_ws/install/bno055:/opt/ros/humble /usr/bin/cmake --build /home/pi/ams_ws/build/ams_description -- -j4 -l4
[4.998s] DEBUG:colcon.colcon_core.event_handler.log_command:Invoking command in '/home/pi/ams_ws/build/ams_description': CMAKE_PREFIX_PATH=${CMAKE_PREFIX_PATH}:/home/pi/ams_ws/install/bno055:/opt/ros/humble /usr/bin/cmake --install /home/pi/ams_ws/build/ams_description
[5.045s] Level 1:colcon.colcon_core.environment:create_environment_scripts_only(ams_description)
[5.055s] DEBUG:colcon.colcon_core.event_handler.log_command:Invoked command in '/home/pi/ams_ws/build/ams_description' returned '0': CMAKE_PREFIX_PATH=${CMAKE_PREFIX_PATH}:/home/pi/ams_ws/install/bno055:/opt/ros/humble /usr/bin/cmake --install /home/pi/ams_ws/build/ams_description
[5.085s] Level 1:colcon.colcon_core.environment:checking '/home/pi/ams_ws/install/ams_description' for CMake module files
[5.088s] Level 1:colcon.colcon_core.environment:checking '/home/pi/ams_ws/install/ams_description' for CMake config files
[5.091s] Level 1:colcon.colcon_core.shell:create_environment_hook('ams_description', 'cmake_prefix_path')
[5.110s] INFO:colcon.colcon_core.shell:Creating environment hook '/home/pi/ams_ws/install/ams_description/share/ams_description/hook/cmake_prefix_path.ps1'
[5.113s] INFO:colcon.colcon_core.shell:Creating environment descriptor '/home/pi/ams_ws/install/ams_description/share/ams_description/hook/cmake_prefix_path.dsv'
[5.115s] INFO:colcon.colcon_core.shell:Creating environment hook '/home/pi/ams_ws/install/ams_description/share/ams_description/hook/cmake_prefix_path.sh'
[5.119s] Level 1:colcon.colcon_core.environment:checking '/home/pi/ams_ws/install/ams_description/bin'
[5.119s] Level 1:colcon.colcon_core.environment:checking '/home/pi/ams_ws/install/ams_description/lib/pkgconfig/ams_description.pc'
[5.120s] Level 1:colcon.colcon_core.environment:checking '/home/pi/ams_ws/install/ams_description/lib/python3.10/site-packages'
[5.121s] Level 1:colcon.colcon_core.environment:checking '/home/pi/ams_ws/install/ams_description/bin'
[5.140s] INFO:colcon.colcon_core.shell:Creating package script '/home/pi/ams_ws/install/ams_description/share/ams_description/package.ps1'
[5.144s] INFO:colcon.colcon_core.shell:Creating package descriptor '/home/pi/ams_ws/install/ams_description/share/ams_description/package.dsv'
[5.146s] INFO:colcon.colcon_core.shell:Creating package script '/home/pi/ams_ws/install/ams_description/share/ams_description/package.sh'
[5.150s] INFO:colcon.colcon_core.shell:Creating package script '/home/pi/ams_ws/install/ams_description/share/ams_description/package.bash'
[5.154s] INFO:colcon.colcon_core.shell:Creating package script '/home/pi/ams_ws/install/ams_description/share/ams_description/package.zsh'
[5.157s] Level 1:colcon.colcon_core.environment:create_file_with_runtime_dependencies(/home/pi/ams_ws/install/ams_description/share/colcon-core/packages/ams_description)
[5.272s] Level 1:colcon.colcon_core.environment:create_environment_scripts_only(ams_description)
[5.295s] Level 1:colcon.colcon_core.environment:checking '/home/pi/ams_ws/install/ams_description' for CMake module files
[5.298s] Level 1:colcon.colcon_core.environment:checking '/home/pi/ams_ws/install/ams_description' for CMake config files
[5.300s] Level 1:colcon.colcon_core.shell:create_environment_hook('ams_description', 'cmake_prefix_path')
[5.321s] INFO:colcon.colcon_core.shell:Creating environment hook '/home/pi/ams_ws/install/ams_description/share/ams_description/hook/cmake_prefix_path.ps1'
[5.323s] INFO:colcon.colcon_core.shell:Creating environment descriptor '/home/pi/ams_ws/install/ams_description/share/ams_description/hook/cmake_prefix_path.dsv'
[5.325s] INFO:colcon.colcon_core.shell:Creating environment hook '/home/pi/ams_ws/install/ams_description/share/ams_description/hook/cmake_prefix_path.sh'
[5.328s] Level 1:colcon.colcon_core.environment:checking '/home/pi/ams_ws/install/ams_description/bin'
[5.328s] Level 1:colcon.colcon_core.environment:checking '/home/pi/ams_ws/install/ams_description/lib/pkgconfig/ams_description.pc'
[5.329s] Level 1:colcon.colcon_core.environment:checking '/home/pi/ams_ws/install/ams_description/lib/python3.10/site-packages'
[5.330s] Level 1:colcon.colcon_core.environment:checking '/home/pi/ams_ws/install/ams_description/bin'
[5.349s] INFO:colcon.colcon_core.shell:Creating package script '/home/pi/ams_ws/install/ams_description/share/ams_description/package.ps1'
[5.351s] INFO:colcon.colcon_core.shell:Creating package descriptor '/home/pi/ams_ws/install/ams_description/share/ams_description/package.dsv'
[5.354s] INFO:colcon.colcon_core.shell:Creating package script '/home/pi/ams_ws/install/ams_description/share/ams_description/package.sh'
[5.356s] INFO:colcon.colcon_core.shell:Creating package script '/home/pi/ams_ws/install/ams_description/share/ams_description/package.bash'
[5.358s] INFO:colcon.colcon_core.shell:Creating package script '/home/pi/ams_ws/install/ams_description/share/ams_description/package.zsh'
[5.360s] Level 1:colcon.colcon_core.environment:create_file_with_runtime_dependencies(/home/pi/ams_ws/install/ams_description/share/colcon-core/packages/ams_description)
[6.698s] DEBUG:colcon.colcon_core.event_handler.log_command:Invoking command in '/home/pi/ams_ws/src/bno055': PYTHONPATH=/home/pi/ams_ws/build/bno055/prefix_override:/home/pi/ams_ws/install/bno055/lib/python3.10/site-packages:${PYTHONPATH} /usr/bin/python3 setup.py egg_info --egg-base ../../build/bno055 build --build-base /home/pi/ams_ws/build/bno055/build install --record /home/pi/ams_ws/build/bno055/install.log --single-version-externally-managed
[8.238s] DEBUG:colcon.colcon_core.event_handler.log_command:Invoked command in '/home/pi/ams_ws/src/bno055' returned '0': PYTHONPATH=/home/pi/ams_ws/build/bno055/prefix_override:/home/pi/ams_ws/install/bno055/lib/python3.10/site-packages:${PYTHONPATH} /usr/bin/python3 setup.py egg_info --egg-base ../../build/bno055 build --build-base /home/pi/ams_ws/build/bno055/build install --record /home/pi/ams_ws/build/bno055/install.log --single-version-externally-managed
[8.239s] Level 1:colcon.colcon_core.environment:checking '/home/pi/ams_ws/install/bno055' for CMake module files
[8.241s] Level 1:colcon.colcon_core.environment:checking '/home/pi/ams_ws/install/bno055' for CMake config files
[8.247s] Level 1:colcon.colcon_core.environment:checking '/home/pi/ams_ws/install/bno055/lib'
[8.247s] Level 1:colcon.colcon_core.environment:checking '/home/pi/ams_ws/install/bno055/bin'
[8.248s] Level 1:colcon.colcon_core.environment:checking '/home/pi/ams_ws/install/bno055/lib/pkgconfig/bno055.pc'
[8.249s] Level 1:colcon.colcon_core.environment:checking '/home/pi/ams_ws/install/bno055/lib/python3.10/site-packages'
[8.249s] Level 1:colcon.colcon_core.shell:create_environment_hook('bno055', 'pythonpath')
[8.266s] INFO:colcon.colcon_core.shell:Creating environment hook '/home/pi/ams_ws/install/bno055/share/bno055/hook/pythonpath.ps1'
[8.268s] INFO:colcon.colcon_core.shell:Creating environment descriptor '/home/pi/ams_ws/install/bno055/share/bno055/hook/pythonpath.dsv'
[8.270s] INFO:colcon.colcon_core.shell:Creating environment hook '/home/pi/ams_ws/install/bno055/share/bno055/hook/pythonpath.sh'
[8.272s] Level 1:colcon.colcon_core.environment:checking '/home/pi/ams_ws/install/bno055/bin'
[8.273s] Level 1:colcon.colcon_core.environment:create_environment_scripts_only(bno055)
[8.289s] INFO:colcon.colcon_core.shell:Creating package script '/home/pi/ams_ws/install/bno055/share/bno055/package.ps1'
[8.291s] INFO:colcon.colcon_core.shell:Creating package descriptor '/home/pi/ams_ws/install/bno055/share/bno055/package.dsv'
[8.293s] INFO:colcon.colcon_core.shell:Creating package script '/home/pi/ams_ws/install/bno055/share/bno055/package.sh'
[8.295s] INFO:colcon.colcon_core.shell:Creating package script '/home/pi/ams_ws/install/bno055/share/bno055/package.bash'
[8.297s] INFO:colcon.colcon_core.shell:Creating package script '/home/pi/ams_ws/install/bno055/share/bno055/package.zsh'
[8.299s] Level 1:colcon.colcon_core.environment:create_file_with_runtime_dependencies(/home/pi/ams_ws/install/bno055/share/colcon-core/packages/bno055)
[8.300s] DEBUG:colcon.colcon_parallel_executor.executor.parallel:closing loop
[8.301s] DEBUG:colcon.colcon_parallel_executor.executor.parallel:loop closed
[8.302s] DEBUG:colcon.colcon_parallel_executor.executor.parallel:run_until_complete finished with '0'
[8.302s] DEBUG:colcon.colcon_core.event_reactor:joining thread
[8.337s] INFO:colcon.colcon_core.plugin_system:Skipping extension 'colcon_notification.desktop_notification.notify_send': Could not find 'notify-send'
[8.337s] INFO:colcon.colcon_core.plugin_system:Skipping extension 'colcon_notification.desktop_notification.terminal_notifier': Not used on non-Darwin systems
[8.337s] INFO:colcon.colcon_core.plugin_system:Skipping extension 'colcon_notification.desktop_notification.win32': Not used on non-Windows systems
[8.337s] INFO:colcon.colcon_notification.desktop_notification:Sending desktop notification using 'notify2'
[8.340s] DEBUG:colcon.colcon_notification.desktop_notification.notify2:Failed to initialize notify2: org.freedesktop.DBus.Error.ServiceUnknown: The name org.freedesktop.Notifications was not provided by any .service files
[8.341s] DEBUG:colcon.colcon_core.event_reactor:joined thread
[8.361s] INFO:colcon.colcon_core.shell:Creating prefix script '/home/pi/ams_ws/install/local_setup.ps1'
[8.365s] INFO:colcon.colcon_core.shell:Creating prefix util module '/home/pi/ams_ws/install/_local_setup_util_ps1.py'
[8.370s] INFO:colcon.colcon_core.shell:Creating prefix chain script '/home/pi/ams_ws/install/setup.ps1'
[8.388s] INFO:colcon.colcon_core.shell:Creating prefix script '/home/pi/ams_ws/install/local_setup.sh'
[8.390s] INFO:colcon.colcon_core.shell:Creating prefix util module '/home/pi/ams_ws/install/_local_setup_util_sh.py'
[8.393s] INFO:colcon.colcon_core.shell:Creating prefix chain script '/home/pi/ams_ws/install/setup.sh'
[8.411s] INFO:colcon.colcon_core.shell:Creating prefix script '/home/pi/ams_ws/install/local_setup.bash'
[8.413s] INFO:colcon.colcon_core.shell:Creating prefix chain script '/home/pi/ams_ws/install/setup.bash'
[8.431s] INFO:colcon.colcon_core.shell:Creating prefix script '/home/pi/ams_ws/install/local_setup.zsh'
[8.433s] INFO:colcon.colcon_core.shell:Creating prefix chain script '/home/pi/ams_ws/install/setup.zsh'
