[5.152s] Invoking command in '/home/pi/ams_ws/src/bno055': PYTHONPATH=/home/pi/ams_ws/build/bno055/prefix_override:/home/pi/ams_ws/install/bno055/lib/python3.10/site-packages:${PYTHONPATH} /usr/bin/python3 setup.py egg_info --egg-base ../../build/bno055 build --build-base /home/pi/ams_ws/build/bno055/build install --record /home/pi/ams_ws/build/bno055/install.log --single-version-externally-managed
[6.615s] running egg_info
[6.617s] writing ../../build/bno055/bno055.egg-info/PKG-INFO
[6.618s] writing dependency_links to ../../build/bno055/bno055.egg-info/dependency_links.txt
[6.620s] writing entry points to ../../build/bno055/bno055.egg-info/entry_points.txt
[6.621s] writing requirements to ../../build/bno055/bno055.egg-info/requires.txt
[6.622s] writing top-level names to ../../build/bno055/bno055.egg-info/top_level.txt
[6.634s] reading manifest file '../../build/bno055/bno055.egg-info/SOURCES.txt'
[6.636s] adding license file 'LICENSE'
[6.636s] adding license file 'AUTHORS'
[6.639s] writing manifest file '../../build/bno055/bno055.egg-info/SOURCES.txt'
[6.640s] running build
[6.640s] running build_py
[6.647s] running install
[6.649s] running install_lib
[6.659s] running install_data
[6.662s] running install_egg_info
[6.669s] removing '/home/pi/ams_ws/install/bno055/lib/python3.10/site-packages/bno055-0.4.1-py3.10.egg-info' (and everything under it)
[6.671s] Copying ../../build/bno055/bno055.egg-info to /home/pi/ams_ws/install/bno055/lib/python3.10/site-packages/bno055-0.4.1-py3.10.egg-info
[6.677s] running install_scripts
[6.762s] Installing bno055 script to /home/pi/ams_ws/install/bno055/lib/bno055
[6.766s] writing list of installed files to '/home/pi/ams_ws/build/bno055/install.log'
[6.929s] Invoked command in '/home/pi/ams_ws/src/bno055' returned '0': PYTHONPATH=/home/pi/ams_ws/build/bno055/prefix_override:/home/pi/ams_ws/install/bno055/lib/python3.10/site-packages:${PYTHONPATH} /usr/bin/python3 setup.py egg_info --egg-base ../../build/bno055 build --build-base /home/pi/ams_ws/build/bno055/build install --record /home/pi/ams_ws/build/bno055/install.log --single-version-externally-managed
