[5.750s] Invoking command in '/home/pi/ams_ws/src/nmea_navsat_driver': PYTHONPATH=/home/pi/ams_ws/build/nmea_navsat_driver/prefix_override:/home/pi/ams_ws/install/nmea_navsat_driver/lib/python3.10/site-packages:${PYTHONPATH} /usr/bin/python3 setup.py egg_info --egg-base ../../build/nmea_navsat_driver build --build-base /home/pi/ams_ws/build/nmea_navsat_driver/build install --record /home/pi/ams_ws/build/nmea_navsat_driver/install.log --single-version-externally-managed
[7.219s] running egg_info
[7.223s] writing ../../build/nmea_navsat_driver/nmea_navsat_driver.egg-info/PKG-INFO
[7.224s] writing dependency_links to ../../build/nmea_navsat_driver/nmea_navsat_driver.egg-info/dependency_links.txt
[7.225s] writing entry points to ../../build/nmea_navsat_driver/nmea_navsat_driver.egg-info/entry_points.txt
[7.226s] writing requirements to ../../build/nmea_navsat_driver/nmea_navsat_driver.egg-info/requires.txt
[7.226s] writing top-level names to ../../build/nmea_navsat_driver/nmea_navsat_driver.egg-info/top_level.txt
[7.237s] reading manifest file '../../build/nmea_navsat_driver/nmea_navsat_driver.egg-info/SOURCES.txt'
[7.242s] writing manifest file '../../build/nmea_navsat_driver/nmea_navsat_driver.egg-info/SOURCES.txt'
[7.243s] running build
[7.243s] running build_py
[7.247s] running install
[7.248s] running install_lib
[7.257s] running install_data
[7.261s] running install_egg_info
[7.268s] removing '/home/pi/ams_ws/install/nmea_navsat_driver/lib/python3.10/site-packages/nmea_navsat_driver-2.0.0-py3.10.egg-info' (and everything under it)
[7.270s] Copying ../../build/nmea_navsat_driver/nmea_navsat_driver.egg-info to /home/pi/ams_ws/install/nmea_navsat_driver/lib/python3.10/site-packages/nmea_navsat_driver-2.0.0-py3.10.egg-info
[7.276s] running install_scripts
[7.362s] Installing nmea_serial_driver script to /home/pi/ams_ws/install/nmea_navsat_driver/lib/nmea_navsat_driver
[7.363s] Installing nmea_socket_driver script to /home/pi/ams_ws/install/nmea_navsat_driver/lib/nmea_navsat_driver
[7.365s] Installing nmea_tcpclient_driver script to /home/pi/ams_ws/install/nmea_navsat_driver/lib/nmea_navsat_driver
[7.367s] Installing nmea_topic_driver script to /home/pi/ams_ws/install/nmea_navsat_driver/lib/nmea_navsat_driver
[7.369s] Installing nmea_topic_serial_reader script to /home/pi/ams_ws/install/nmea_navsat_driver/lib/nmea_navsat_driver
[7.373s] writing list of installed files to '/home/pi/ams_ws/build/nmea_navsat_driver/install.log'
[7.668s] Invoked command in '/home/pi/ams_ws/src/nmea_navsat_driver' returned '0': PYTHONPATH=/home/pi/ams_ws/build/nmea_navsat_driver/prefix_override:/home/pi/ams_ws/install/nmea_navsat_driver/lib/python3.10/site-packages:${PYTHONPATH} /usr/bin/python3 setup.py egg_info --egg-base ../../build/nmea_navsat_driver build --build-base /home/pi/ams_ws/build/nmea_navsat_driver/build install --record /home/pi/ams_ws/build/nmea_navsat_driver/install.log --single-version-externally-managed
