[8.494s] Invoking command in '/home/pi/ams_ws/src/bno055': PYTHONPATH=/home/pi/ams_ws/build/bno055/prefix_override:/home/pi/ams_ws/install/bno055/lib/python3.10/site-packages:${PYTHONPATH} /usr/bin/python3 setup.py egg_info --egg-base ../../build/bno055 build --build-base /home/pi/ams_ws/build/bno055/build install --record /home/pi/ams_ws/build/bno055/install.log --single-version-externally-managed
[10.731s] running egg_info
[10.734s] writing ../../build/bno055/bno055.egg-info/PKG-INFO
[10.736s] writing dependency_links to ../../build/bno055/bno055.egg-info/dependency_links.txt
[10.737s] writing entry points to ../../build/bno055/bno055.egg-info/entry_points.txt
[10.738s] writing requirements to ../../build/bno055/bno055.egg-info/requires.txt
[10.739s] writing top-level names to ../../build/bno055/bno055.egg-info/top_level.txt
[10.754s] reading manifest file '../../build/bno055/bno055.egg-info/SOURCES.txt'
[10.757s] adding license file 'LICENSE'
[10.758s] adding license file 'AUTHORS'
[10.762s] writing manifest file '../../build/bno055/bno055.egg-info/SOURCES.txt'
[10.763s] running build
[10.763s] running build_py
[10.795s] running install
[10.797s] running install_lib
[10.842s] running install_data
[10.865s] running install_egg_info
[10.889s] removing '/home/pi/ams_ws/install/bno055/lib/python3.10/site-packages/bno055-0.4.1-py3.10.egg-info' (and everything under it)
[10.893s] Copying ../../build/bno055/bno055.egg-info to /home/pi/ams_ws/install/bno055/lib/python3.10/site-packages/bno055-0.4.1-py3.10.egg-info
[10.907s] running install_scripts
[11.032s] Installing bno055 script to /home/pi/ams_ws/install/bno055/lib/bno055
[11.066s] writing list of installed files to '/home/pi/ams_ws/build/bno055/install.log'
[11.226s] Invoked command in '/home/pi/ams_ws/src/bno055' returned '0': PYTHONPATH=/home/pi/ams_ws/build/bno055/prefix_override:/home/pi/ams_ws/install/bno055/lib/python3.10/site-packages:${PYTHONPATH} /usr/bin/python3 setup.py egg_info --egg-base ../../build/bno055 build --build-base /home/pi/ams_ws/build/bno055/build install --record /home/pi/ams_ws/build/bno055/install.log --single-version-externally-managed
