[0.089s] Invoking command in '/home/pi/ams_ws/build/ros2_laser_scan_matcher': CMAKE_PREFIX_PATH=/opt/ros/humble /usr/bin/cmake /home/pi/ams_ws/src/ros2_laser_scan_matcher -DCMAKE_INSTALL_PREFIX=/home/pi/ams_ws/install/ros2_laser_scan_matcher
[0.336s] -- The C compiler identification is GNU 11.3.0
[0.584s] -- The CXX compiler identification is GNU 11.3.0
[0.616s] -- Detecting C compiler ABI info
[0.916s] -- Detecting C compiler ABI info - done
[0.942s] -- Check for working C compiler: /usr/bin/cc - skipped
[0.942s] -- Detecting C compile features
[0.944s] -- Detecting C compile features - done
[0.954s] -- Detecting CXX compiler ABI info
[1.285s] -- Detecting CXX compiler ABI info - done
[1.313s] -- Check for working CXX compiler: /usr/bin/c++ - skipped
[1.313s] -- Detecting CXX compile features
[1.315s] -- Detecting CXX compile features - done
[1.343s] -- Found ament_cmake: 1.3.3 (/opt/ros/humble/share/ament_cmake/cmake)
[2.198s] -- Found Python3: /usr/bin/python3.10 (found version "3.10.6") found components: Interpreter 
[2.813s] -- Found sensor_msgs: 4.2.3 (/opt/ros/humble/share/sensor_msgs/cmake)
[3.152s] -- Found rosidl_generator_c: 3.1.4 (/opt/ros/humble/share/rosidl_generator_c/cmake)
[3.207s] -- Found rosidl_adapter: 3.1.4 (/opt/ros/humble/share/rosidl_adapter/cmake)
[3.275s] -- Found rosidl_generator_cpp: 3.1.4 (/opt/ros/humble/share/rosidl_generator_cpp/cmake)
[3.363s] -- Using all available rosidl_typesupport_c: rosidl_typesupport_fastrtps_c;rosidl_typesupport_introspection_c
[3.490s] -- Using all available rosidl_typesupport_cpp: rosidl_typesupport_fastrtps_cpp;rosidl_typesupport_introspection_cpp
[4.357s] -- Found rclcpp: 16.0.3 (/opt/ros/humble/share/rclcpp/cmake)
[4.733s] -- Found rmw_implementation_cmake: 6.1.1 (/opt/ros/humble/share/rmw_implementation_cmake/cmake)
[4.760s] -- Found rmw_fastrtps_cpp: 6.2.2 (/opt/ros/humble/share/rmw_fastrtps_cpp/cmake)
[5.399s] -- Found OpenSSL: /usr/lib/aarch64-linux-gnu/libcrypto.so (found version "3.0.2")  
[5.677s] -- Found FastRTPS: /opt/ros/humble/include  
[6.149s] -- Using RMW implementation 'rmw_fastrtps_cpp' as default
[6.243s] -- Looking for pthread.h
[6.564s] -- Looking for pthread.h - found
[6.565s] -- Performing Test CMAKE_HAVE_LIBC_PTHREAD
[6.884s] -- Performing Test CMAKE_HAVE_LIBC_PTHREAD - Success
[6.889s] -- Found Threads: TRUE  
[7.440s] -- Found nav_msgs: 4.2.3 (/opt/ros/humble/share/nav_msgs/cmake)
[7.768s] -- Found tf2_ros: 0.25.2 (/opt/ros/humble/share/tf2_ros/cmake)
[9.295s] -- Found tf2_geometry_msgs: 0.25.2 (/opt/ros/humble/share/tf2_geometry_msgs/cmake)
[9.490s] -- Found eigen3_cmake_module: 0.1.1 (/opt/ros/humble/share/eigen3_cmake_module/cmake)
[9.494s] -- Found Eigen3: TRUE (found version "3.4.0") 
[9.495s] -- Ensuring Eigen3 include directory is part of orocos-kdl CMake target
[9.540s] -- Found PkgConfig: /usr/bin/pkg-config (found version "0.29.2") 
[9.732s] [31mCMake Error at CMakeLists.txt:14 (find_package):
[9.732s]   By not providing "Findcsm.cmake" in CMAKE_MODULE_PATH this project has
[9.732s]   asked CMake to find a package configuration file provided by "csm", but
[9.733s]   CMake did not find one.
[9.733s] 
[9.733s]   Could not find a package configuration file provided by "csm" with any of
[9.734s]   the following names:
[9.734s] 
[9.734s]     csmConfig.cmake
[9.734s]     csm-config.cmake
[9.735s] 
[9.735s]   Add the installation prefix of "csm" to CMAKE_PREFIX_PATH or set "csm_DIR"
[9.735s]   to a directory containing one of the above files.  If "csm" provides a
[9.736s]   separate development package or SDK, be sure it has been installed.
[9.736s] 
[9.736s] [0m
[9.737s] -- Configuring incomplete, errors occurred!
[9.738s] See also "/home/pi/ams_ws/build/ros2_laser_scan_matcher/CMakeFiles/CMakeOutput.log".
[9.776s] Invoked command in '/home/pi/ams_ws/build/ros2_laser_scan_matcher' returned '1': CMAKE_PREFIX_PATH=/opt/ros/humble /usr/bin/cmake /home/pi/ams_ws/src/ros2_laser_scan_matcher -DCMAKE_INSTALL_PREFIX=/home/pi/ams_ws/install/ros2_laser_scan_matcher
