[3.101s] Invoking command in '/home/pi/ams_ws/build/ros2_control_ams': CMAKE_PREFIX_PATH=${CMAKE_PREFIX_PATH}:/home/pi/ams_ws/install/nmea_navsat_driver:/home/pi/ams_ws/install/bno055:/opt/ros/humble /usr/bin/cmake --build /home/pi/ams_ws/build/ros2_control_ams -- -j4 -l4
[3.407s] [100%] Built target ros2_control_ams
[3.547s] Invoked command in '/home/pi/ams_ws/build/ros2_control_ams' returned '0': CMAKE_PREFIX_PATH=${CMAKE_PREFIX_PATH}:/home/pi/ams_ws/install/nmea_navsat_driver:/home/pi/ams_ws/install/bno055:/opt/ros/humble /usr/bin/cmake --build /home/pi/ams_ws/build/ros2_control_ams -- -j4 -l4
[3.889s] Invoking command in '/home/pi/ams_ws/build/ros2_control_ams': CMAKE_PREFIX_PATH=${CMAKE_PREFIX_PATH}:/home/pi/ams_ws/install/nmea_navsat_driver:/home/pi/ams_ws/install/bno055:/opt/ros/humble /usr/bin/cmake --install /home/pi/ams_ws/build/ros2_control_ams
[3.931s] -- Install configuration: ""
[3.932s] -- Up-to-date: /home/pi/ams_ws/install/ros2_control_ams/share/ros2_control_ams/ros2_control_ams.xml
[3.933s] -- Up-to-date: /home/pi/ams_ws/install/ros2_control_ams/include/ros2_control_ams
[3.934s] -- Up-to-date: /home/pi/ams_ws/install/ros2_control_ams/include/ros2_control_ams/ros2_control_ams
[3.934s] -- Up-to-date: /home/pi/ams_ws/install/ros2_control_ams/include/ros2_control_ams/ros2_control_ams/ams.hpp
[3.935s] -- Up-to-date: /home/pi/ams_ws/install/ros2_control_ams/include/ros2_control_ams/ros2_control_ams/visibility_control.h
[3.935s] -- Up-to-date: /home/pi/ams_ws/install/ros2_control_ams/include/ros2_control_ams/ros2_control_ams/ams_actuator.hpp
[3.936s] -- Up-to-date: /home/pi/ams_ws/install/ros2_control_ams/share/ros2_control_ams/launch
[3.938s] -- Up-to-date: /home/pi/ams_ws/install/ros2_control_ams/share/ros2_control_ams/launch/display.launch.py
[3.939s] -- Up-to-date: /home/pi/ams_ws/install/ros2_control_ams/share/ros2_control_ams/ros2_control
[3.941s] -- Up-to-date: /home/pi/ams_ws/install/ros2_control_ams/share/ros2_control_ams/ros2_control/ams_hardware.ros2_control.xacro
[3.942s] -- Up-to-date: /home/pi/ams_ws/install/ros2_control_ams/share/ros2_control_ams/ros2_control/ams_actuators.ros2_control.xacro
[3.943s] -- Up-to-date: /home/pi/ams_ws/install/ros2_control_ams/share/ros2_control_ams/urdf
[3.945s] -- Up-to-date: /home/pi/ams_ws/install/ros2_control_ams/share/ros2_control_ams/urdf/ams_description.urdf
[3.948s] -- Up-to-date: /home/pi/ams_ws/install/ros2_control_ams/share/ros2_control_ams/urdf/ams_actuators.urdf.xacro
[3.949s] -- Up-to-date: /home/pi/ams_ws/install/ros2_control_ams/share/ros2_control_ams/meshes
[3.950s] -- Up-to-date: /home/pi/ams_ws/install/ros2_control_ams/share/ros2_control_ams/meshes/lo_leg_plate_6.STL
[3.951s] -- Up-to-date: /home/pi/ams_ws/install/ros2_control_ams/share/ros2_control_ams/meshes/up_ro_base_5.STL
[3.953s] -- Up-to-date: /home/pi/ams_ws/install/ros2_control_ams/share/ros2_control_ams/meshes/lo_leg_plate_2.STL
[3.955s] -- Up-to-date: /home/pi/ams_ws/install/ros2_control_ams/share/ros2_control_ams/meshes/up_leg_plate_3.STL
[3.957s] -- Up-to-date: /home/pi/ams_ws/install/ros2_control_ams/share/ros2_control_ams/meshes/up_ro_base_4.STL
[3.957s] -- Up-to-date: /home/pi/ams_ws/install/ros2_control_ams/share/ros2_control_ams/meshes/up_ro_base_3.STL
[3.961s] -- Up-to-date: /home/pi/ams_ws/install/ros2_control_ams/share/ros2_control_ams/meshes/lo_leg_plate_4.STL
[3.961s] -- Up-to-date: /home/pi/ams_ws/install/ros2_control_ams/share/ros2_control_ams/meshes/up_leg_plate_4.STL
[3.962s] -- Up-to-date: /home/pi/ams_ws/install/ros2_control_ams/share/ros2_control_ams/meshes/up_ro_base_6.STL
[3.962s] -- Up-to-date: /home/pi/ams_ws/install/ros2_control_ams/share/ros2_control_ams/meshes/up_leg_plate_5.STL
[3.967s] -- Up-to-date: /home/pi/ams_ws/install/ros2_control_ams/share/ros2_control_ams/meshes/up_ro_base_2.STL
[3.971s] -- Up-to-date: /home/pi/ams_ws/install/ros2_control_ams/share/ros2_control_ams/meshes/up_ro_base_1.STL
[3.972s] -- Up-to-date: /home/pi/ams_ws/install/ros2_control_ams/share/ros2_control_ams/meshes/up_leg_plate_1.STL
[3.972s] -- Up-to-date: /home/pi/ams_ws/install/ros2_control_ams/share/ros2_control_ams/meshes/up_leg_plate_6.STL
[3.973s] -- Up-to-date: /home/pi/ams_ws/install/ros2_control_ams/share/ros2_control_ams/meshes/lo_leg_plate_5.STL
[3.974s] -- Up-to-date: /home/pi/ams_ws/install/ros2_control_ams/share/ros2_control_ams/meshes/lo_leg_plate_1.STL
[3.974s] -- Up-to-date: /home/pi/ams_ws/install/ros2_control_ams/share/ros2_control_ams/meshes/base_link_ams_body.STL
[3.975s] -- Up-to-date: /home/pi/ams_ws/install/ros2_control_ams/share/ros2_control_ams/meshes/lo_leg_plate_3.STL
[3.975s] -- Up-to-date: /home/pi/ams_ws/install/ros2_control_ams/share/ros2_control_ams/meshes/up_leg_plate_2.STL
[3.976s] -- Up-to-date: /home/pi/ams_ws/install/ros2_control_ams/share/ros2_control_ams/rviz
[3.977s] -- Up-to-date: /home/pi/ams_ws/install/ros2_control_ams/share/ros2_control_ams/rviz/ams.rviz
[3.978s] -- Up-to-date: /home/pi/ams_ws/install/ros2_control_ams/share/ros2_control_ams/rviz/urdf_config.rviz
[3.978s] -- Up-to-date: /home/pi/ams_ws/install/ros2_control_ams/share/ros2_control_ams/launch
[3.979s] -- Up-to-date: /home/pi/ams_ws/install/ros2_control_ams/share/ros2_control_ams/launch/ams_actuators.launch.py
[3.981s] -- Installing: /home/pi/ams_ws/install/ros2_control_ams/share/ros2_control_ams/launch/ams_base.launch.py
[3.982s] -- Up-to-date: /home/pi/ams_ws/install/ros2_control_ams/share/ros2_control_ams/launch/test_position_controllers.launch.py
[3.982s] -- Up-to-date: /home/pi/ams_ws/install/ros2_control_ams/share/ros2_control_ams/launch/ams_hardware.launch.py
[3.983s] -- Up-to-date: /home/pi/ams_ws/install/ros2_control_ams/share/ros2_control_ams/launch/ams_actuators.ros2_control.xacro
[3.984s] -- Up-to-date: /home/pi/ams_ws/install/ros2_control_ams/share/ros2_control_ams/config
[3.984s] -- Up-to-date: /home/pi/ams_ws/install/ros2_control_ams/share/ros2_control_ams/config/.ams_actuators.yaml.swp
[3.986s] -- Up-to-date: /home/pi/ams_ws/install/ros2_control_ams/share/ros2_control_ams/config/ams_actuators.yaml
[3.987s] -- Up-to-date: /home/pi/ams_ws/install/ros2_control_ams/share/ros2_control_ams/config/ams_position_publisher.yaml
[3.989s] -- Up-to-date: /home/pi/ams_ws/install/ros2_control_ams/lib/libros2_control_ams.so
[3.992s] -- Up-to-date: /home/pi/ams_ws/install/ros2_control_ams/share/ros2_control_ams/environment/library_path.sh
[3.993s] -- Up-to-date: /home/pi/ams_ws/install/ros2_control_ams/share/ros2_control_ams/environment/library_path.dsv
[3.995s] -- Up-to-date: /home/pi/ams_ws/install/ros2_control_ams/share/ament_index/resource_index/package_run_dependencies/ros2_control_ams
[3.997s] -- Up-to-date: /home/pi/ams_ws/install/ros2_control_ams/share/ament_index/resource_index/parent_prefix_path/ros2_control_ams
[3.997s] -- Up-to-date: /home/pi/ams_ws/install/ros2_control_ams/share/ros2_control_ams/environment/ament_prefix_path.sh
[4.001s] -- Up-to-date: /home/pi/ams_ws/install/ros2_control_ams/share/ros2_control_ams/environment/ament_prefix_path.dsv
[4.019s] -- Up-to-date: /home/pi/ams_ws/install/ros2_control_ams/share/ros2_control_ams/environment/path.sh
[4.020s] -- Up-to-date: /home/pi/ams_ws/install/ros2_control_ams/share/ros2_control_ams/environment/path.dsv
[4.020s] -- Up-to-date: /home/pi/ams_ws/install/ros2_control_ams/share/ros2_control_ams/local_setup.bash
[4.021s] -- Up-to-date: /home/pi/ams_ws/install/ros2_control_ams/share/ros2_control_ams/local_setup.sh
[4.022s] -- Up-to-date: /home/pi/ams_ws/install/ros2_control_ams/share/ros2_control_ams/local_setup.zsh
[4.022s] -- Up-to-date: /home/pi/ams_ws/install/ros2_control_ams/share/ros2_control_ams/local_setup.dsv
[4.023s] -- Installing: /home/pi/ams_ws/install/ros2_control_ams/share/ros2_control_ams/package.dsv
[4.024s] -- Up-to-date: /home/pi/ams_ws/install/ros2_control_ams/share/ament_index/resource_index/packages/ros2_control_ams
[4.024s] -- Up-to-date: /home/pi/ams_ws/install/ros2_control_ams/share/ament_index/resource_index/hardware_interface__pluginlib__plugin/ros2_control_ams
[4.025s] -- Up-to-date: /home/pi/ams_ws/install/ros2_control_ams/share/ros2_control_ams/cmake/export_ros2_control_amsExport.cmake
[4.026s] -- Up-to-date: /home/pi/ams_ws/install/ros2_control_ams/share/ros2_control_ams/cmake/export_ros2_control_amsExport-noconfig.cmake
[4.026s] -- Up-to-date: /home/pi/ams_ws/install/ros2_control_ams/share/ros2_control_ams/cmake/ament_cmake_export_targets-extras.cmake
[4.027s] -- Up-to-date: /home/pi/ams_ws/install/ros2_control_ams/share/ros2_control_ams/cmake/ament_cmake_export_dependencies-extras.cmake
[4.028s] -- Up-to-date: /home/pi/ams_ws/install/ros2_control_ams/share/ros2_control_ams/cmake/ros2_control_amsConfig.cmake
[4.028s] -- Up-to-date: /home/pi/ams_ws/install/ros2_control_ams/share/ros2_control_ams/cmake/ros2_control_amsConfig-version.cmake
[4.029s] -- Up-to-date: /home/pi/ams_ws/install/ros2_control_ams/share/ros2_control_ams/package.xml
[4.030s] Invoked command in '/home/pi/ams_ws/build/ros2_control_ams' returned '0': CMAKE_PREFIX_PATH=${CMAKE_PREFIX_PATH}:/home/pi/ams_ws/install/nmea_navsat_driver:/home/pi/ams_ws/install/bno055:/opt/ros/humble /usr/bin/cmake --install /home/pi/ams_ws/build/ros2_control_ams
