[3.697s] Invoking command in '/home/pi/ams_ws/src/bno055': PYTHONPATH=/home/pi/ams_ws/build/bno055/prefix_override:/home/pi/ams_ws/install/bno055/lib/python3.10/site-packages:${PYTHONPATH} /usr/bin/python3 setup.py egg_info --egg-base ../../build/bno055 build --build-base /home/pi/ams_ws/build/bno055/build install --record /home/pi/ams_ws/build/bno055/install.log --single-version-externally-managed
[4.968s] running egg_info
[4.970s] writing ../../build/bno055/bno055.egg-info/PKG-INFO
[4.972s] writing dependency_links to ../../build/bno055/bno055.egg-info/dependency_links.txt
[4.973s] writing entry points to ../../build/bno055/bno055.egg-info/entry_points.txt
[4.974s] writing requirements to ../../build/bno055/bno055.egg-info/requires.txt
[4.975s] writing top-level names to ../../build/bno055/bno055.egg-info/top_level.txt
[4.986s] reading manifest file '../../build/bno055/bno055.egg-info/SOURCES.txt'
[4.988s] adding license file 'LICENSE'
[4.988s] adding license file 'AUTHORS'
[4.991s] writing manifest file '../../build/bno055/bno055.egg-info/SOURCES.txt'
[4.991s] running build
[4.992s] running build_py
[5.002s] running install
[5.003s] running install_lib
[5.017s] running install_data
[5.022s] running install_egg_info
[5.029s] removing '/home/pi/ams_ws/install/bno055/lib/python3.10/site-packages/bno055-0.4.1-py3.10.egg-info' (and everything under it)
[5.031s] Copying ../../build/bno055/bno055.egg-info to /home/pi/ams_ws/install/bno055/lib/python3.10/site-packages/bno055-0.4.1-py3.10.egg-info
[5.036s] running install_scripts
[5.109s] Installing bno055 script to /home/pi/ams_ws/install/bno055/lib/bno055
[5.113s] writing list of installed files to '/home/pi/ams_ws/build/bno055/install.log'
[5.253s] Invoked command in '/home/pi/ams_ws/src/bno055' returned '0': PYTHONPATH=/home/pi/ams_ws/build/bno055/prefix_override:/home/pi/ams_ws/install/bno055/lib/python3.10/site-packages:${PYTHONPATH} /usr/bin/python3 setup.py egg_info --egg-base ../../build/bno055 build --build-base /home/pi/ams_ws/build/bno055/build install --record /home/pi/ams_ws/build/bno055/install.log --single-version-externally-managed
