[0.386s] Invoking command in '/home/pi/ams_ws/build/ams_hardware': CMAKE_PREFIX_PATH=/opt/ros/humble /usr/bin/cmake /home/pi/ams_ws/src/ams_hardware -DCMAKE_INSTALL_PREFIX=/home/pi/ams_ws/install/ams_hardware
[4.884s] -- The C compiler identification is GNU 11.3.0
[4.885s] -- The CXX compiler identification is GNU 11.3.0
[4.885s] -- Detecting C compiler ABI info
[4.886s] -- Detecting C compiler ABI info - done
[4.886s] -- Check for working C compiler: /usr/bin/cc - skipped
[4.886s] -- Detecting C compile features
[4.886s] -- Detecting C compile features - done
[4.887s] -- Detecting CXX compiler ABI info
[4.888s] -- Detecting CXX compiler ABI info - done
[4.889s] -- Check for working CXX compiler: /usr/bin/c++ - skipped
[4.890s] -- Detecting CXX compile features
[4.892s] -- Detecting CXX compile features - done
[4.894s] -- Found ament_cmake: 1.3.3 (/opt/ros/humble/share/ament_cmake/cmake)
[4.895s] -- Found Python3: /usr/bin/python3.10 (found version "3.10.6") found components: Interpreter 
[4.896s] -- Found ament_lint_auto: 0.12.5 (/opt/ros/humble/share/ament_lint_auto/cmake)
[4.897s] -- Added test 'cppcheck' to perform static code analysis on C / C++ code
[4.899s] -- Configured cppcheck include dirs: 
[4.900s] -- Configured cppcheck exclude dirs and/or files: 
[4.901s] -- Added test 'lint_cmake' to check CMake code style
[4.902s] -- Added test 'uncrustify' to check C / C++ code style
[4.903s] -- Configured uncrustify additional arguments: 
[4.904s] -- Added test 'xmllint' to check XML markup files
[4.906s] -- Configuring done
[4.907s] -- Generating done
[4.913s] -- Build files have been written to: /home/pi/ams_ws/build/ams_hardware
[4.922s] Invoked command in '/home/pi/ams_ws/build/ams_hardware' returned '0': CMAKE_PREFIX_PATH=/opt/ros/humble /usr/bin/cmake /home/pi/ams_ws/src/ams_hardware -DCMAKE_INSTALL_PREFIX=/home/pi/ams_ws/install/ams_hardware
[4.927s] Invoking command in '/home/pi/ams_ws/build/ams_hardware': CMAKE_PREFIX_PATH=/opt/ros/humble /usr/bin/cmake --build /home/pi/ams_ws/build/ams_hardware -- -j4 -l4
[5.187s] Invoked command in '/home/pi/ams_ws/build/ams_hardware' returned '0': CMAKE_PREFIX_PATH=/opt/ros/humble /usr/bin/cmake --build /home/pi/ams_ws/build/ams_hardware -- -j4 -l4
[5.499s] Invoking command in '/home/pi/ams_ws/build/ams_hardware': CMAKE_PREFIX_PATH=/opt/ros/humble /usr/bin/cmake --install /home/pi/ams_ws/build/ams_hardware
[5.542s] -- Install configuration: ""
[5.544s] -- Installing: /home/pi/ams_ws/install/ams_hardware/share/ament_index/resource_index/package_run_dependencies/ams_hardware
[5.549s] -- Installing: /home/pi/ams_ws/install/ams_hardware/share/ament_index/resource_index/parent_prefix_path/ams_hardware
[5.553s] -- Installing: /home/pi/ams_ws/install/ams_hardware/share/ams_hardware/environment/ament_prefix_path.sh
[5.557s] -- Installing: /home/pi/ams_ws/install/ams_hardware/share/ams_hardware/environment/ament_prefix_path.dsv
[5.560s] -- Installing: /home/pi/ams_ws/install/ams_hardware/share/ams_hardware/environment/path.sh
[5.563s] -- Installing: /home/pi/ams_ws/install/ams_hardware/share/ams_hardware/environment/path.dsv
[5.566s] -- Installing: /home/pi/ams_ws/install/ams_hardware/share/ams_hardware/local_setup.bash
[5.568s] -- Installing: /home/pi/ams_ws/install/ams_hardware/share/ams_hardware/local_setup.sh
[5.571s] -- Installing: /home/pi/ams_ws/install/ams_hardware/share/ams_hardware/local_setup.zsh
[5.573s] -- Installing: /home/pi/ams_ws/install/ams_hardware/share/ams_hardware/local_setup.dsv
[5.576s] -- Installing: /home/pi/ams_ws/install/ams_hardware/share/ams_hardware/package.dsv
[5.580s] -- Installing: /home/pi/ams_ws/install/ams_hardware/share/ament_index/resource_index/packages/ams_hardware
[5.583s] -- Installing: /home/pi/ams_ws/install/ams_hardware/share/ams_hardware/cmake/ams_hardwareConfig.cmake
[5.586s] -- Installing: /home/pi/ams_ws/install/ams_hardware/share/ams_hardware/cmake/ams_hardwareConfig-version.cmake
[5.588s] -- Installing: /home/pi/ams_ws/install/ams_hardware/share/ams_hardware/package.xml
[5.610s] Invoked command in '/home/pi/ams_ws/build/ams_hardware' returned '0': CMAKE_PREFIX_PATH=/opt/ros/humble /usr/bin/cmake --install /home/pi/ams_ws/build/ams_hardware
