[7.586s] Invoking command in '/home/pi/ams_ws/src/bno055': PYTHONPATH=/home/pi/ams_ws/build/bno055/prefix_override:/home/pi/ams_ws/install/bno055/lib/python3.10/site-packages:${PYTHONPATH} /usr/bin/python3 setup.py egg_info --egg-base ../../build/bno055 build --build-base /home/pi/ams_ws/build/bno055/build install --record /home/pi/ams_ws/build/bno055/install.log --single-version-externally-managed
[9.630s] running egg_info
[9.632s] writing ../../build/bno055/bno055.egg-info/PKG-INFO
[9.634s] writing dependency_links to ../../build/bno055/bno055.egg-info/dependency_links.txt
[9.636s] writing entry points to ../../build/bno055/bno055.egg-info/entry_points.txt
[9.637s] writing requirements to ../../build/bno055/bno055.egg-info/requires.txt
[9.638s] writing top-level names to ../../build/bno055/bno055.egg-info/top_level.txt
[9.654s] reading manifest file '../../build/bno055/bno055.egg-info/SOURCES.txt'
[9.656s] adding license file 'LICENSE'
[9.657s] adding license file 'AUTHORS'
[9.660s] writing manifest file '../../build/bno055/bno055.egg-info/SOURCES.txt'
[9.661s] running build
[9.662s] running build_py
[9.671s] running install
[9.673s] running install_lib
[9.684s] running install_data
[9.688s] running install_egg_info
[9.699s] removing '/home/pi/ams_ws/install/bno055/lib/python3.10/site-packages/bno055-0.4.1-py3.10.egg-info' (and everything under it)
[9.701s] Copying ../../build/bno055/bno055.egg-info to /home/pi/ams_ws/install/bno055/lib/python3.10/site-packages/bno055-0.4.1-py3.10.egg-info
[9.708s] running install_scripts
[9.815s] Installing bno055 script to /home/pi/ams_ws/install/bno055/lib/bno055
[9.825s] writing list of installed files to '/home/pi/ams_ws/build/bno055/install.log'
[10.048s] Invoked command in '/home/pi/ams_ws/src/bno055' returned '0': PYTHONPATH=/home/pi/ams_ws/build/bno055/prefix_override:/home/pi/ams_ws/install/bno055/lib/python3.10/site-packages:${PYTHONPATH} /usr/bin/python3 setup.py egg_info --egg-base ../../build/bno055 build --build-base /home/pi/ams_ws/build/bno055/build install --record /home/pi/ams_ws/build/bno055/install.log --single-version-externally-managed
