[6.047s] Invoking command in '/home/pi/ams_ws/src/bno055': PYTHONPATH=/home/pi/ams_ws/build/bno055/prefix_override:/home/pi/ams_ws/install/bno055/lib/python3.10/site-packages:${PYTHONPATH} /usr/bin/python3 setup.py egg_info --egg-base ../../build/bno055 build --build-base /home/pi/ams_ws/build/bno055/build install --record /home/pi/ams_ws/build/bno055/install.log --single-version-externally-managed
[7.705s] running egg_info
[7.708s] writing ../../build/bno055/bno055.egg-info/PKG-INFO
[7.709s] writing dependency_links to ../../build/bno055/bno055.egg-info/dependency_links.txt
[7.710s] writing entry points to ../../build/bno055/bno055.egg-info/entry_points.txt
[7.711s] writing requirements to ../../build/bno055/bno055.egg-info/requires.txt
[7.712s] writing top-level names to ../../build/bno055/bno055.egg-info/top_level.txt
[7.725s] reading manifest file '../../build/bno055/bno055.egg-info/SOURCES.txt'
[7.727s] adding license file 'LICENSE'
[7.727s] adding license file 'AUTHORS'
[7.730s] writing manifest file '../../build/bno055/bno055.egg-info/SOURCES.txt'
[7.731s] running build
[7.732s] running build_py
[7.740s] running install
[7.741s] running install_lib
[7.752s] running install_data
[7.756s] running install_egg_info
[7.764s] removing '/home/pi/ams_ws/install/bno055/lib/python3.10/site-packages/bno055-0.4.1-py3.10.egg-info' (and everything under it)
[7.767s] Copying ../../build/bno055/bno055.egg-info to /home/pi/ams_ws/install/bno055/lib/python3.10/site-packages/bno055-0.4.1-py3.10.egg-info
[7.774s] running install_scripts
[7.866s] Installing bno055 script to /home/pi/ams_ws/install/bno055/lib/bno055
[7.870s] writing list of installed files to '/home/pi/ams_ws/build/bno055/install.log'
[8.072s] Invoked command in '/home/pi/ams_ws/src/bno055' returned '0': PYTHONPATH=/home/pi/ams_ws/build/bno055/prefix_override:/home/pi/ams_ws/install/bno055/lib/python3.10/site-packages:${PYTHONPATH} /usr/bin/python3 setup.py egg_info --egg-base ../../build/bno055 build --build-base /home/pi/ams_ws/build/bno055/build install --record /home/pi/ams_ws/build/bno055/install.log --single-version-externally-managed
