[3.419s] Invoking command in '/home/pi/ams_ws/src/bno055': PYTHONPATH=/home/pi/ams_ws/build/bno055/prefix_override:/home/pi/ams_ws/install/bno055/lib/python3.10/site-packages:${PYTHONPATH} /usr/bin/python3 setup.py egg_info --egg-base ../../build/bno055 build --build-base /home/pi/ams_ws/build/bno055/build install --record /home/pi/ams_ws/build/bno055/install.log --single-version-externally-managed
[4.690s] running egg_info
[4.692s] writing ../../build/bno055/bno055.egg-info/PKG-INFO
[4.693s] writing dependency_links to ../../build/bno055/bno055.egg-info/dependency_links.txt
[4.694s] writing entry points to ../../build/bno055/bno055.egg-info/entry_points.txt
[4.695s] writing requirements to ../../build/bno055/bno055.egg-info/requires.txt
[4.695s] writing top-level names to ../../build/bno055/bno055.egg-info/top_level.txt
[4.706s] reading manifest file '../../build/bno055/bno055.egg-info/SOURCES.txt'
[4.708s] adding license file 'LICENSE'
[4.708s] adding license file 'AUTHORS'
[4.710s] writing manifest file '../../build/bno055/bno055.egg-info/SOURCES.txt'
[4.711s] running build
[4.711s] running build_py
[4.718s] running install
[4.719s] running install_lib
[4.728s] running install_data
[4.731s] copying bno055/params/bno055_params_i2c.yaml -> /home/pi/ams_ws/install/bno055/share/bno055/config
[4.732s] running install_egg_info
[4.738s] removing '/home/pi/ams_ws/install/bno055/lib/python3.10/site-packages/bno055-0.4.1-py3.10.egg-info' (and everything under it)
[4.739s] Copying ../../build/bno055/bno055.egg-info to /home/pi/ams_ws/install/bno055/lib/python3.10/site-packages/bno055-0.4.1-py3.10.egg-info
[4.744s] running install_scripts
[4.817s] Installing bno055 script to /home/pi/ams_ws/install/bno055/lib/bno055
[4.821s] writing list of installed files to '/home/pi/ams_ws/build/bno055/install.log'
[4.960s] Invoked command in '/home/pi/ams_ws/src/bno055' returned '0': PYTHONPATH=/home/pi/ams_ws/build/bno055/prefix_override:/home/pi/ams_ws/install/bno055/lib/python3.10/site-packages:${PYTHONPATH} /usr/bin/python3 setup.py egg_info --egg-base ../../build/bno055 build --build-base /home/pi/ams_ws/build/bno055/build install --record /home/pi/ams_ws/build/bno055/install.log --single-version-externally-managed
