In file included from [01m[K/home/pi/ams_ws/src/ams_description/hardware/ams_actuator.cpp:1[m[K:
[01m[K/home/pi/ams_ws/src/ams_description/hardware/include/ros2_control_ams/ams_actuator.hpp:19:25:[m[K [01;31m[Kerror: [m[K‘[01m[KROS2_CONTROL_AMS_PUBLIC[m[K’ does not name a type; did you mean ‘[01m[KROS2_CONTROL_AMS_HPP_[m[K’?
   19 |                         [01;31m[KROS2_CONTROL_AMS_PUBLIC[m[K
      |                         [01;31m[K^~~~~~~~~~~~~~~~~~~~~~~[m[K
      |                         [32m[KROS2_CONTROL_AMS_HPP_[m[K
[01m[K/home/pi/ams_ws/src/ams_description/hardware/include/ros2_control_ams/ams_actuator.hpp:23:25:[m[K [01;31m[Kerror: [m[K‘[01m[KROS2_CONTROL_AMS_PUBLIC[m[K’ does not name a type; did you mean ‘[01m[KROS2_CONTROL_AMS_HPP_[m[K’?
   23 |                         [01;31m[KROS2_CONTROL_AMS_PUBLIC[m[K
      |                         [01;31m[K^~~~~~~~~~~~~~~~~~~~~~~[m[K
      |                         [32m[KROS2_CONTROL_AMS_HPP_[m[K
[01m[K/home/pi/ams_ws/src/ams_description/hardware/include/ros2_control_ams/ams_actuator.hpp:26:25:[m[K [01;31m[Kerror: [m[K‘[01m[KROS2_CONTROL_AMS_PUBLIC[m[K’ does not name a type; did you mean ‘[01m[KROS2_CONTROL_AMS_HPP_[m[K’?
   26 |                         [01;31m[KROS2_CONTROL_AMS_PUBLIC[m[K
      |                         [01;31m[K^~~~~~~~~~~~~~~~~~~~~~~[m[K
      |                         [32m[KROS2_CONTROL_AMS_HPP_[m[K
[01m[K/home/pi/ams_ws/src/ams_description/hardware/include/ros2_control_ams/ams_actuator.hpp:29:25:[m[K [01;31m[Kerror: [m[K‘[01m[KROS2_CONTROL_AMS_PUBLIC[m[K’ does not name a type; did you mean ‘[01m[KROS2_CONTROL_AMS_HPP_[m[K’?
   29 |                         [01;31m[KROS2_CONTROL_AMS_PUBLIC[m[K
      |                         [01;31m[K^~~~~~~~~~~~~~~~~~~~~~~[m[K
      |                         [32m[KROS2_CONTROL_AMS_HPP_[m[K
[01m[K/home/pi/ams_ws/src/ams_description/hardware/include/ros2_control_ams/ams_actuator.hpp:33:25:[m[K [01;31m[Kerror: [m[K‘[01m[KROS2_CONTROL_AMS_PUBLIC[m[K’ does not name a type; did you mean ‘[01m[KROS2_CONTROL_AMS_HPP_[m[K’?
   33 |                         [01;31m[KROS2_CONTROL_AMS_PUBLIC[m[K
      |                         [01;31m[K^~~~~~~~~~~~~~~~~~~~~~~[m[K
      |                         [32m[KROS2_CONTROL_AMS_HPP_[m[K
[01m[K/home/pi/ams_ws/src/ams_description/hardware/include/ros2_control_ams/ams_actuator.hpp:37:25:[m[K [01;31m[Kerror: [m[K‘[01m[KROS2_CONTROL_AMS_PUBLIC[m[K’ does not name a type; did you mean ‘[01m[KROS2_CONTROL_AMS_HPP_[m[K’?
   37 |                         [01;31m[KROS2_CONTROL_AMS_PUBLIC[m[K
      |                         [01;31m[K^~~~~~~~~~~~~~~~~~~~~~~[m[K
      |                         [32m[KROS2_CONTROL_AMS_HPP_[m[K
[01m[K/home/pi/ams_ws/src/ams_description/hardware/include/ros2_control_ams/ams_actuator.hpp:41:25:[m[K [01;31m[Kerror: [m[K‘[01m[KROS2_CONTROL_AMS_PUBLIC[m[K’ does not name a type; did you mean ‘[01m[KROS2_CONTROL_AMS_HPP_[m[K’?
   41 |                         [01;31m[KROS2_CONTROL_AMS_PUBLIC[m[K
      |                         [01;31m[K^~~~~~~~~~~~~~~~~~~~~~~[m[K
      |                         [32m[KROS2_CONTROL_AMS_HPP_[m[K
[01m[K/home/pi/ams_ws/src/ams_description/hardware/ams_actuator.cpp:14:44:[m[K [01;31m[Kerror: [m[Kno declaration matches ‘[01m[Khardware_interface::CallbackReturn ros2_control_ams::AMSPositionHardware::on_init(const hardware_interface::HardwareInfo&)[m[K’
   14 |         hardware_interface::CallbackReturn [01;31m[KAMSPositionHardware[m[K::on_init(
      |                                            [01;31m[K^~~~~~~~~~~~~~~~~~~[m[K
[01m[K/home/pi/ams_ws/src/ams_description/hardware/ams_actuator.cpp:14:44:[m[K [01;36m[Knote: [m[Kno functions named ‘[01m[Khardware_interface::CallbackReturn ros2_control_ams::AMSPositionHardware::on_init(const hardware_interface::HardwareInfo&)[m[K’
In file included from [01m[K/home/pi/ams_ws/src/ams_description/hardware/ams_actuator.cpp:1[m[K:
[01m[K/home/pi/ams_ws/src/ams_description/hardware/include/ros2_control_ams/ams_actuator.hpp:15:15:[m[K [01;36m[Knote: [m[K‘[01m[Kclass ros2_control_ams::AMSPositionHardware[m[K’ defined here
   15 |         class [01;36m[KAMSPositionHardware[m[K : public hardware_interface::ActuatorInterface
      |               [01;36m[K^~~~~~~~~~~~~~~~~~~[m[K
[01m[K/home/pi/ams_ws/src/ams_description/hardware/ams_actuator.cpp:67:44:[m[K [01;31m[Kerror: [m[Kno declaration matches ‘[01m[Khardware_interface::CallbackReturn ros2_control_ams::AMSPositionHardware::on_configure(const rclcpp_lifecycle::State&)[m[K’
   67 |         hardware_interface::CallbackReturn [01;31m[KAMSPositionHardware[m[K::on_configure(
      |                                            [01;31m[K^~~~~~~~~~~~~~~~~~~[m[K
[01m[K/home/pi/ams_ws/src/ams_description/hardware/ams_actuator.cpp:67:44:[m[K [01;36m[Knote: [m[Kno functions named ‘[01m[Khardware_interface::CallbackReturn ros2_control_ams::AMSPositionHardware::on_configure(const rclcpp_lifecycle::State&)[m[K’
In file included from [01m[K/home/pi/ams_ws/src/ams_description/hardware/ams_actuator.cpp:1[m[K:
[01m[K/home/pi/ams_ws/src/ams_description/hardware/include/ros2_control_ams/ams_actuator.hpp:15:15:[m[K [01;36m[Knote: [m[K‘[01m[Kclass ros2_control_ams::AMSPositionHardware[m[K’ defined here
   15 |         class [01;36m[KAMSPositionHardware[m[K : public hardware_interface::ActuatorInterface
      |               [01;36m[K^~~~~~~~~~~~~~~~~~~[m[K
[01m[K/home/pi/ams_ws/src/ams_description/hardware/ams_actuator.cpp:76:9:[m[K [01;31m[Kerror: [m[Kno declaration matches ‘[01m[Kstd::vector<hardware_interface::StateInterface> ros2_control_ams::AMSPositionHardware::export_state_interfaces()[m[K’
   76 |         [01;31m[KAMSPositionHardware[m[K::export_state_interfaces()
      |         [01;31m[K^~~~~~~~~~~~~~~~~~~[m[K
[01m[K/home/pi/ams_ws/src/ams_description/hardware/ams_actuator.cpp:76:9:[m[K [01;36m[Knote: [m[Kno functions named ‘[01m[Kstd::vector<hardware_interface::StateInterface> ros2_control_ams::AMSPositionHardware::export_state_interfaces()[m[K’
In file included from [01m[K/home/pi/ams_ws/src/ams_description/hardware/ams_actuator.cpp:1[m[K:
[01m[K/home/pi/ams_ws/src/ams_description/hardware/include/ros2_control_ams/ams_actuator.hpp:15:15:[m[K [01;36m[Knote: [m[K‘[01m[Kclass ros2_control_ams::AMSPositionHardware[m[K’ defined here
   15 |         class [01;36m[KAMSPositionHardware[m[K : public hardware_interface::ActuatorInterface
      |               [01;36m[K^~~~~~~~~~~~~~~~~~~[m[K
[01m[K/home/pi/ams_ws/src/ams_description/hardware/ams_actuator.cpp:87:9:[m[K [01;31m[Kerror: [m[Kno declaration matches ‘[01m[Kstd::vector<hardware_interface::CommandInterface> ros2_control_ams::AMSPositionHardware::export_command_interfaces()[m[K’
   87 |         [01;31m[KAMSPositionHardware[m[K::export_command_interfaces()
      |         [01;31m[K^~~~~~~~~~~~~~~~~~~[m[K
[01m[K/home/pi/ams_ws/src/ams_description/hardware/ams_actuator.cpp:87:9:[m[K [01;36m[Knote: [m[Kno functions named ‘[01m[Kstd::vector<hardware_interface::CommandInterface> ros2_control_ams::AMSPositionHardware::export_command_interfaces()[m[K’
In file included from [01m[K/home/pi/ams_ws/src/ams_description/hardware/ams_actuator.cpp:1[m[K:
[01m[K/home/pi/ams_ws/src/ams_description/hardware/include/ros2_control_ams/ams_actuator.hpp:15:15:[m[K [01;36m[Knote: [m[K‘[01m[Kclass ros2_control_ams::AMSPositionHardware[m[K’ defined here
   15 |         class [01;36m[KAMSPositionHardware[m[K : public hardware_interface::ActuatorInterface
      |               [01;36m[K^~~~~~~~~~~~~~~~~~~[m[K
[01m[K/home/pi/ams_ws/src/ams_description/hardware/ams_actuator.cpp:97:41:[m[K [01;31m[Kerror: [m[Kno declaration matches ‘[01m[Khardware_interface::return_type ros2_control_ams::AMSPositionHardware::on_activate(const rclcpp_lifecycle::State&)[m[K’
   97 |         hardware_interface::return_type [01;31m[KAMSPositionHardware[m[K::on_activate(
      |                                         [01;31m[K^~~~~~~~~~~~~~~~~~~[m[K
[01m[K/home/pi/ams_ws/src/ams_description/hardware/ams_actuator.cpp:97:41:[m[K [01;36m[Knote: [m[Kno functions named ‘[01m[Khardware_interface::return_type ros2_control_ams::AMSPositionHardware::on_activate(const rclcpp_lifecycle::State&)[m[K’
In file included from [01m[K/home/pi/ams_ws/src/ams_description/hardware/ams_actuator.cpp:1[m[K:
[01m[K/home/pi/ams_ws/src/ams_description/hardware/include/ros2_control_ams/ams_actuator.hpp:15:15:[m[K [01;36m[Knote: [m[K‘[01m[Kclass ros2_control_ams::AMSPositionHardware[m[K’ defined here
   15 |         class [01;36m[KAMSPositionHardware[m[K : public hardware_interface::ActuatorInterface
      |               [01;36m[K^~~~~~~~~~~~~~~~~~~[m[K
[01m[K/home/pi/ams_ws/src/ams_description/hardware/ams_actuator.cpp:109:41:[m[K [01;31m[Kerror: [m[Kno declaration matches ‘[01m[Khardware_interface::return_type ros2_control_ams::AMSPositionHardware::on_deactivate(const rclcpp_lifecycle::State&)[m[K’
  109 |         hardware_interface::return_type [01;31m[KAMSPositionHardware[m[K::on_deactivate(
      |                                         [01;31m[K^~~~~~~~~~~~~~~~~~~[m[K
[01m[K/home/pi/ams_ws/src/ams_description/hardware/ams_actuator.cpp:109:41:[m[K [01;36m[Knote: [m[Kno functions named ‘[01m[Khardware_interface::return_type ros2_control_ams::AMSPositionHardware::on_deactivate(const rclcpp_lifecycle::State&)[m[K’
In file included from [01m[K/home/pi/ams_ws/src/ams_description/hardware/ams_actuator.cpp:1[m[K:
[01m[K/home/pi/ams_ws/src/ams_description/hardware/include/ros2_control_ams/ams_actuator.hpp:15:15:[m[K [01;36m[Knote: [m[K‘[01m[Kclass ros2_control_ams::AMSPositionHardware[m[K’ defined here
   15 |         class [01;36m[KAMSPositionHardware[m[K : public hardware_interface::ActuatorInterface
      |               [01;36m[K^~~~~~~~~~~~~~~~~~~[m[K
[01m[K/home/pi/ams_ws/src/ams_description/hardware/ams_actuator.cpp:115:41:[m[K [01;31m[Kerror: [m[Kno declaration matches ‘[01m[Khardware_interface::return_type ros2_control_ams::AMSPositionHardware::read(const rclcpp::Time&, const rclcpp::Duration&)[m[K’
  115 |         hardware_interface::return_type [01;31m[KAMSPositionHardware[m[K::read(
      |                                         [01;31m[K^~~~~~~~~~~~~~~~~~~[m[K
[01m[K/home/pi/ams_ws/src/ams_description/hardware/ams_actuator.cpp:115:41:[m[K [01;36m[Knote: [m[Kno functions named ‘[01m[Khardware_interface::return_type ros2_control_ams::AMSPositionHardware::read(const rclcpp::Time&, const rclcpp::Duration&)[m[K’
In file included from [01m[K/home/pi/ams_ws/src/ams_description/hardware/ams_actuator.cpp:1[m[K:
[01m[K/home/pi/ams_ws/src/ams_description/hardware/include/ros2_control_ams/ams_actuator.hpp:15:15:[m[K [01;36m[Knote: [m[K‘[01m[Kclass ros2_control_ams::AMSPositionHardware[m[K’ defined here
   15 |         class [01;36m[KAMSPositionHardware[m[K : public hardware_interface::ActuatorInterface
      |               [01;36m[K^~~~~~~~~~~~~~~~~~~[m[K
[01m[K/home/pi/ams_ws/src/ams_description/hardware/ams_actuator.cpp:121:41:[m[K [01;31m[Kerror: [m[Kno declaration matches ‘[01m[Khardware_interface::return_type ros2_control_ams::AMSPositionHardware::write(const rclcpp::Time&, const rclcpp::Duration&)[m[K’
  121 |         hardware_interface::return_type [01;31m[KAMSPositionHardware[m[K::write(
      |                                         [01;31m[K^~~~~~~~~~~~~~~~~~~[m[K
[01m[K/home/pi/ams_ws/src/ams_description/hardware/ams_actuator.cpp:121:41:[m[K [01;36m[Knote: [m[Kno functions named ‘[01m[Khardware_interface::return_type ros2_control_ams::AMSPositionHardware::write(const rclcpp::Time&, const rclcpp::Duration&)[m[K’
In file included from [01m[K/home/pi/ams_ws/src/ams_description/hardware/ams_actuator.cpp:1[m[K:
[01m[K/home/pi/ams_ws/src/ams_description/hardware/include/ros2_control_ams/ams_actuator.hpp:15:15:[m[K [01;36m[Knote: [m[K‘[01m[Kclass ros2_control_ams::AMSPositionHardware[m[K’ defined here
   15 |         class [01;36m[KAMSPositionHardware[m[K : public hardware_interface::ActuatorInterface
      |               [01;36m[K^~~~~~~~~~~~~~~~~~~[m[K
In file included from [01m[K/opt/ros/humble/include/class_loader/class_loader/class_loader_core.hpp:57[m[K,
                 from [01m[K/opt/ros/humble/include/class_loader/class_loader/class_loader.hpp:55[m[K,
                 from [01m[K/opt/ros/humble/include/pluginlib/pluginlib/class_list_macros.hpp:40[m[K,
                 from [01m[K/home/pi/ams_ws/src/ams_description/hardware/ams_actuator.cpp:127[m[K:
/opt/ros/humble/include/class_loader/class_loader/meta_object.hpp: In instantiation of ‘[01m[KB* class_loader::impl::MetaObject<C, B>::create() const [with C = ros2_control_ams::AMSPositionHardware; B = hardware_interface::ActuatorInterface][m[K’:
[01m[K/opt/ros/humble/include/class_loader/class_loader/meta_object.hpp:216:7:[m[K   required from here
[01m[K/opt/ros/humble/include/class_loader/class_loader/meta_object.hpp:218:12:[m[K [01;31m[Kerror: [m[Kinvalid new-expression of abstract class type ‘[01m[Kros2_control_ams::AMSPositionHardware[m[K’
  218 |     return [01;31m[Knew C[m[K;
      |            [01;31m[K^~~~~[m[K
In file included from [01m[K/home/pi/ams_ws/src/ams_description/hardware/ams_actuator.cpp:1[m[K:
[01m[K/home/pi/ams_ws/src/ams_description/hardware/include/ros2_control_ams/ams_actuator.hpp:15:15:[m[K [01;36m[Knote: [m[K  because the following virtual functions are pure within ‘[01m[Kros2_control_ams::AMSPositionHardware[m[K’:
   15 |         class [01;36m[KAMSPositionHardware[m[K : public hardware_interface::ActuatorInterface
      |               [01;36m[K^~~~~~~~~~~~~~~~~~~[m[K
In file included from [01m[K/home/pi/ams_ws/src/ams_description/hardware/include/ros2_control_ams/ams_actuator.hpp:3[m[K,
                 from [01m[K/home/pi/ams_ws/src/ams_description/hardware/ams_actuator.cpp:1[m[K:
[01m[K/opt/ros/humble/include/hardware_interface/actuator_interface.hpp:110:39:[m[K [01;36m[Knote: [m[K    ‘[01m[Kvirtual std::vector<hardware_interface::StateInterface> hardware_interface::ActuatorInterface::export_state_interfaces()[m[K’
  110 |   virtual std::vector<StateInterface> [01;36m[Kexport_state_interfaces[m[K() = 0;
      |                                       [01;36m[K^~~~~~~~~~~~~~~~~~~~~~~[m[K
[01m[K/opt/ros/humble/include/hardware_interface/actuator_interface.hpp:121:41:[m[K [01;36m[Knote: [m[K    ‘[01m[Kvirtual std::vector<hardware_interface::CommandInterface> hardware_interface::ActuatorInterface::export_command_interfaces()[m[K’
  121 |   virtual std::vector<CommandInterface> [01;36m[Kexport_command_interfaces[m[K() = 0;
      |                                         [01;36m[K^~~~~~~~~~~~~~~~~~~~~~~~~[m[K
[01m[K/opt/ros/humble/include/hardware_interface/actuator_interface.hpp:172:23:[m[K [01;36m[Knote: [m[K    ‘[01m[Kvirtual hardware_interface::return_type hardware_interface::ActuatorInterface::read(const rclcpp::Time&, const rclcpp::Duration&)[m[K’
  172 |   virtual return_type [01;36m[Kread[m[K(const rclcpp::Time & time, const rclcpp::Duration & period) = 0;
      |                       [01;36m[K^~~~[m[K
[01m[K/opt/ros/humble/include/hardware_interface/actuator_interface.hpp:183:23:[m[K [01;36m[Knote: [m[K    ‘[01m[Kvirtual hardware_interface::return_type hardware_interface::ActuatorInterface::write(const rclcpp::Time&, const rclcpp::Duration&)[m[K’
  183 |   virtual return_type [01;36m[Kwrite[m[K(const rclcpp::Time & time, const rclcpp::Duration & period) = 0;
      |                       [01;36m[K^~~~~[m[K
gmake[2]: *** [CMakeFiles/ros2_control_ams.dir/build.make:76: CMakeFiles/ros2_control_ams.dir/hardware/ams_actuator.cpp.o] Error 1
gmake[1]: *** [CMakeFiles/Makefile2:137: CMakeFiles/ros2_control_ams.dir/all] Error 2
gmake: *** [Makefile:146: all] Error 2
