[2.406s] DEBUG:colcon:Command line arguments: ['/home/pi/.local/bin/colcon', 'build', '--packages-select', 'nmea_navsat_driver']
[2.406s] DEBUG:colcon:Parsed command line arguments: Namespace(log_base=None, log_level=None, verb_name='build', build_base='build', install_base='install', merge_install=False, symlink_install=False, test_result_base=None, continue_on_error=False, executor='parallel', parallel_workers=4, event_handlers=None, ignore_user_meta=False, metas=['./colcon.meta'], base_paths=['.'], packages_ignore=None, packages_ignore_regex=None, paths=None, packages_up_to=None, packages_up_to_regex=None, packages_above=None, packages_above_and_dependencies=None, packages_above_depth=None, packages_select_by_dep=None, packages_skip_by_dep=None, packages_skip_up_to=None, packages_select_build_failed=False, packages_skip_build_finished=False, packages_select_test_failures=False, packages_skip_test_passed=False, packages_select=['nmea_navsat_driver'], packages_skip=None, packages_select_regex=None, packages_skip_regex=None, packages_start=None, packages_end=None, allow_overriding=[], cmake_args=None, cmake_target=None, cmake_target_skip_unavailable=False, cmake_clean_cache=False, cmake_clean_first=False, cmake_force_configure=False, ament_cmake_args=None, catkin_cmake_args=None, catkin_skip_building_tests=False, verb_parser=<colcon_defaults.argument_parser.defaults.DefaultArgumentsDecorator object at 0xffff90263fd0>, verb_extension=<colcon_core.verb.build.BuildVerb object at 0xffff90263a60>, main=<bound method BuildVerb.main of <colcon_core.verb.build.BuildVerb object at 0xffff90263a60>>)
[2.522s] Level 1:colcon.colcon_core.package_discovery:discover_packages(colcon_meta) check parameters
[2.522s] Level 1:colcon.colcon_core.package_discovery:discover_packages(recursive) check parameters
[2.522s] Level 1:colcon.colcon_core.package_discovery:discover_packages(ignore) check parameters
[2.523s] Level 1:colcon.colcon_core.package_discovery:discover_packages(path) check parameters
[2.523s] Level 1:colcon.colcon_core.package_discovery:discover_packages(colcon_meta) discover
[2.523s] Level 1:colcon.colcon_core.package_discovery:discover_packages(recursive) discover
[2.523s] INFO:colcon.colcon_core.package_discovery:Crawling recursively for packages in '/home/pi/ams_ws'
[2.523s] Level 1:colcon.colcon_core.package_identification:_identify(.) by extensions ['ignore', 'ignore_ament_install']
[2.524s] Level 1:colcon.colcon_core.package_identification:_identify(.) by extension 'ignore'
[2.524s] Level 1:colcon.colcon_core.package_identification:_identify(.) by extension 'ignore_ament_install'
[2.524s] Level 1:colcon.colcon_core.package_identification:_identify(.) by extensions ['colcon_pkg']
[2.524s] Level 1:colcon.colcon_core.package_identification:_identify(.) by extension 'colcon_pkg'
[2.524s] Level 1:colcon.colcon_core.package_identification:_identify(.) by extensions ['colcon_meta']
[2.525s] Level 1:colcon.colcon_core.package_identification:_identify(.) by extension 'colcon_meta'
[2.525s] Level 1:colcon.colcon_core.package_identification:_identify(.) by extensions ['ros']
[2.525s] Level 1:colcon.colcon_core.package_identification:_identify(.) by extension 'ros'
[2.568s] Level 1:colcon.colcon_core.package_identification:_identify(.) by extensions ['cmake', 'python']
[2.568s] Level 1:colcon.colcon_core.package_identification:_identify(.) by extension 'cmake'
[2.568s] Level 1:colcon.colcon_core.package_identification:_identify(.) by extension 'python'
[2.568s] Level 1:colcon.colcon_core.package_identification:_identify(.) by extensions ['python_setup_py']
[2.568s] Level 1:colcon.colcon_core.package_identification:_identify(.) by extension 'python_setup_py'
[2.569s] Level 1:colcon.colcon_core.package_identification:_identify(build) by extensions ['ignore', 'ignore_ament_install']
[2.569s] Level 1:colcon.colcon_core.package_identification:_identify(build) by extension 'ignore'
[2.570s] Level 1:colcon.colcon_core.package_identification:_identify(build) ignored
[2.570s] Level 1:colcon.colcon_core.package_identification:_identify(install) by extensions ['ignore', 'ignore_ament_install']
[2.571s] Level 1:colcon.colcon_core.package_identification:_identify(install) by extension 'ignore'
[2.571s] Level 1:colcon.colcon_core.package_identification:_identify(install) ignored
[2.571s] Level 1:colcon.colcon_core.package_identification:_identify(log) by extensions ['ignore', 'ignore_ament_install']
[2.572s] Level 1:colcon.colcon_core.package_identification:_identify(log) by extension 'ignore'
[2.572s] Level 1:colcon.colcon_core.package_identification:_identify(log) ignored
[2.572s] Level 1:colcon.colcon_core.package_identification:_identify(src) by extensions ['ignore', 'ignore_ament_install']
[2.572s] Level 1:colcon.colcon_core.package_identification:_identify(src) by extension 'ignore'
[2.573s] Level 1:colcon.colcon_core.package_identification:_identify(src) by extension 'ignore_ament_install'
[2.573s] Level 1:colcon.colcon_core.package_identification:_identify(src) by extensions ['colcon_pkg']
[2.573s] Level 1:colcon.colcon_core.package_identification:_identify(src) by extension 'colcon_pkg'
[2.573s] Level 1:colcon.colcon_core.package_identification:_identify(src) by extensions ['colcon_meta']
[2.573s] Level 1:colcon.colcon_core.package_identification:_identify(src) by extension 'colcon_meta'
[2.573s] Level 1:colcon.colcon_core.package_identification:_identify(src) by extensions ['ros']
[2.573s] Level 1:colcon.colcon_core.package_identification:_identify(src) by extension 'ros'
[2.574s] Level 1:colcon.colcon_core.package_identification:_identify(src) by extensions ['cmake', 'python']
[2.574s] Level 1:colcon.colcon_core.package_identification:_identify(src) by extension 'cmake'
[2.574s] Level 1:colcon.colcon_core.package_identification:_identify(src) by extension 'python'
[2.574s] Level 1:colcon.colcon_core.package_identification:_identify(src) by extensions ['python_setup_py']
[2.574s] Level 1:colcon.colcon_core.package_identification:_identify(src) by extension 'python_setup_py'
[2.575s] Level 1:colcon.colcon_core.package_identification:_identify(src/ams_description) by extensions ['ignore', 'ignore_ament_install']
[2.575s] Level 1:colcon.colcon_core.package_identification:_identify(src/ams_description) by extension 'ignore'
[2.575s] Level 1:colcon.colcon_core.package_identification:_identify(src/ams_description) by extension 'ignore_ament_install'
[2.575s] Level 1:colcon.colcon_core.package_identification:_identify(src/ams_description) by extensions ['colcon_pkg']
[2.575s] Level 1:colcon.colcon_core.package_identification:_identify(src/ams_description) by extension 'colcon_pkg'
[2.576s] Level 1:colcon.colcon_core.package_identification:_identify(src/ams_description) by extensions ['colcon_meta']
[2.576s] Level 1:colcon.colcon_core.package_identification:_identify(src/ams_description) by extension 'colcon_meta'
[2.576s] Level 1:colcon.colcon_core.package_identification:_identify(src/ams_description) by extensions ['ros']
[2.576s] Level 1:colcon.colcon_core.package_identification:_identify(src/ams_description) by extension 'ros'
[2.585s] DEBUG:colcon.colcon_core.package_identification:Package 'src/ams_description' with type 'ros.ament_cmake' and name 'ams_description'
[2.585s] Level 1:colcon.colcon_core.package_identification:_identify(src/ams_hardware) by extensions ['ignore', 'ignore_ament_install']
[2.586s] Level 1:colcon.colcon_core.package_identification:_identify(src/ams_hardware) by extension 'ignore'
[2.586s] Level 1:colcon.colcon_core.package_identification:_identify(src/ams_hardware) by extension 'ignore_ament_install'
[2.586s] Level 1:colcon.colcon_core.package_identification:_identify(src/ams_hardware) by extensions ['colcon_pkg']
[2.586s] Level 1:colcon.colcon_core.package_identification:_identify(src/ams_hardware) by extension 'colcon_pkg'
[2.586s] Level 1:colcon.colcon_core.package_identification:_identify(src/ams_hardware) by extensions ['colcon_meta']
[2.586s] Level 1:colcon.colcon_core.package_identification:_identify(src/ams_hardware) by extension 'colcon_meta'
[2.587s] Level 1:colcon.colcon_core.package_identification:_identify(src/ams_hardware) by extensions ['ros']
[2.587s] Level 1:colcon.colcon_core.package_identification:_identify(src/ams_hardware) by extension 'ros'
[2.589s] DEBUG:colcon.colcon_core.package_identification:Package 'src/ams_hardware' with type 'ros.ament_cmake' and name 'ams_hardware'
[2.589s] Level 1:colcon.colcon_core.package_identification:_identify(src/bno055) by extensions ['ignore', 'ignore_ament_install']
[2.590s] Level 1:colcon.colcon_core.package_identification:_identify(src/bno055) by extension 'ignore'
[2.590s] Level 1:colcon.colcon_core.package_identification:_identify(src/bno055) by extension 'ignore_ament_install'
[2.590s] Level 1:colcon.colcon_core.package_identification:_identify(src/bno055) by extensions ['colcon_pkg']
[2.590s] Level 1:colcon.colcon_core.package_identification:_identify(src/bno055) by extension 'colcon_pkg'
[2.590s] Level 1:colcon.colcon_core.package_identification:_identify(src/bno055) by extensions ['colcon_meta']
[2.590s] Level 1:colcon.colcon_core.package_identification:_identify(src/bno055) by extension 'colcon_meta'
[2.591s] Level 1:colcon.colcon_core.package_identification:_identify(src/bno055) by extensions ['ros']
[2.591s] Level 1:colcon.colcon_core.package_identification:_identify(src/bno055) by extension 'ros'
[2.593s] DEBUG:colcon.colcon_core.package_identification:Package 'src/bno055' with type 'ros.ament_python' and name 'bno055'
[2.594s] Level 1:colcon.colcon_core.package_identification:_identify(src/build) by extensions ['ignore', 'ignore_ament_install']
[2.594s] Level 1:colcon.colcon_core.package_identification:_identify(src/build) by extension 'ignore'
[2.595s] Level 1:colcon.colcon_core.package_identification:_identify(src/build) ignored
[2.595s] Level 1:colcon.colcon_core.package_identification:_identify(src/install) by extensions ['ignore', 'ignore_ament_install']
[2.595s] Level 1:colcon.colcon_core.package_identification:_identify(src/install) by extension 'ignore'
[2.596s] Level 1:colcon.colcon_core.package_identification:_identify(src/install) ignored
[2.596s] Level 1:colcon.colcon_core.package_identification:_identify(src/log) by extensions ['ignore', 'ignore_ament_install']
[2.596s] Level 1:colcon.colcon_core.package_identification:_identify(src/log) by extension 'ignore'
[2.596s] Level 1:colcon.colcon_core.package_identification:_identify(src/log) ignored
[2.597s] Level 1:colcon.colcon_core.package_identification:_identify(src/nmea_navsat_driver) by extensions ['ignore', 'ignore_ament_install']
[2.597s] Level 1:colcon.colcon_core.package_identification:_identify(src/nmea_navsat_driver) by extension 'ignore'
[2.597s] Level 1:colcon.colcon_core.package_identification:_identify(src/nmea_navsat_driver) by extension 'ignore_ament_install'
[2.598s] Level 1:colcon.colcon_core.package_identification:_identify(src/nmea_navsat_driver) by extensions ['colcon_pkg']
[2.598s] Level 1:colcon.colcon_core.package_identification:_identify(src/nmea_navsat_driver) by extension 'colcon_pkg'
[2.598s] Level 1:colcon.colcon_core.package_identification:_identify(src/nmea_navsat_driver) by extensions ['colcon_meta']
[2.598s] Level 1:colcon.colcon_core.package_identification:_identify(src/nmea_navsat_driver) by extension 'colcon_meta'
[2.598s] Level 1:colcon.colcon_core.package_identification:_identify(src/nmea_navsat_driver) by extensions ['ros']
[2.598s] Level 1:colcon.colcon_core.package_identification:_identify(src/nmea_navsat_driver) by extension 'ros'
[2.605s] DEBUG:colcon.colcon_core.package_identification:Package 'src/nmea_navsat_driver' with type 'ros.ament_python' and name 'nmea_navsat_driver'
[2.606s] Level 1:colcon.colcon_core.package_identification:_identify(src/sllidar_ros2) by extensions ['ignore', 'ignore_ament_install']
[2.606s] Level 1:colcon.colcon_core.package_identification:_identify(src/sllidar_ros2) by extension 'ignore'
[2.606s] Level 1:colcon.colcon_core.package_identification:_identify(src/sllidar_ros2) by extension 'ignore_ament_install'
[2.606s] Level 1:colcon.colcon_core.package_identification:_identify(src/sllidar_ros2) by extensions ['colcon_pkg']
[2.606s] Level 1:colcon.colcon_core.package_identification:_identify(src/sllidar_ros2) by extension 'colcon_pkg'
[2.607s] Level 1:colcon.colcon_core.package_identification:_identify(src/sllidar_ros2) by extensions ['colcon_meta']
[2.607s] Level 1:colcon.colcon_core.package_identification:_identify(src/sllidar_ros2) by extension 'colcon_meta'
[2.607s] Level 1:colcon.colcon_core.package_identification:_identify(src/sllidar_ros2) by extensions ['ros']
[2.607s] Level 1:colcon.colcon_core.package_identification:_identify(src/sllidar_ros2) by extension 'ros'
[2.610s] DEBUG:colcon.colcon_core.package_identification:Package 'src/sllidar_ros2' with type 'ros.ament_cmake' and name 'sllidar_ros2'
[2.610s] Level 1:colcon.colcon_core.package_discovery:discover_packages(recursive) using defaults
[2.610s] Level 1:colcon.colcon_core.package_discovery:discover_packages(ignore) discover
[2.610s] Level 1:colcon.colcon_core.package_discovery:discover_packages(ignore) using defaults
[2.610s] Level 1:colcon.colcon_core.package_discovery:discover_packages(path) discover
[2.610s] Level 1:colcon.colcon_core.package_discovery:discover_packages(path) using defaults
[2.735s] INFO:colcon.colcon_core.package_selection:Skipping not selected package 'ams_description' in 'src/ams_description'
[2.735s] INFO:colcon.colcon_core.package_selection:Skipping not selected package 'ams_hardware' in 'src/ams_hardware'
[2.735s] INFO:colcon.colcon_core.package_selection:Skipping not selected package 'bno055' in 'src/bno055'
[2.735s] INFO:colcon.colcon_core.package_selection:Skipping not selected package 'sllidar_ros2' in 'src/sllidar_ros2'
[2.739s] Level 1:colcon.colcon_core.package_discovery:discover_packages(prefix_path) check parameters
[2.739s] Level 1:colcon.colcon_core.package_discovery:discover_packages(prefix_path) discover
[2.774s] DEBUG:colcon.colcon_installed_package_information.package_discovery:Found 4 installed packages in /home/pi/ams_ws/install
[2.797s] DEBUG:colcon.colcon_installed_package_information.package_discovery:Found 396 installed packages in /opt/ros/humble
[2.808s] Level 1:colcon.colcon_core.package_discovery:discover_packages(prefix_path) using defaults
[3.157s] Level 5:colcon.colcon_core.verb:set package 'nmea_navsat_driver' build argument 'cmake_args' from command line to 'None'
[3.157s] Level 5:colcon.colcon_core.verb:set package 'nmea_navsat_driver' build argument 'cmake_target' from command line to 'None'
[3.157s] Level 5:colcon.colcon_core.verb:set package 'nmea_navsat_driver' build argument 'cmake_target_skip_unavailable' from command line to 'False'
[3.157s] Level 5:colcon.colcon_core.verb:set package 'nmea_navsat_driver' build argument 'cmake_clean_cache' from command line to 'False'
[3.157s] Level 5:colcon.colcon_core.verb:set package 'nmea_navsat_driver' build argument 'cmake_clean_first' from command line to 'False'
[3.157s] Level 5:colcon.colcon_core.verb:set package 'nmea_navsat_driver' build argument 'cmake_force_configure' from command line to 'False'
[3.157s] Level 5:colcon.colcon_core.verb:set package 'nmea_navsat_driver' build argument 'ament_cmake_args' from command line to 'None'
[3.158s] Level 5:colcon.colcon_core.verb:set package 'nmea_navsat_driver' build argument 'catkin_cmake_args' from command line to 'None'
[3.158s] Level 5:colcon.colcon_core.verb:set package 'nmea_navsat_driver' build argument 'catkin_skip_building_tests' from command line to 'False'
[3.158s] DEBUG:colcon.colcon_core.verb:Building package 'nmea_navsat_driver' with the following arguments: {'ament_cmake_args': None, 'build_base': '/home/pi/ams_ws/build/nmea_navsat_driver', 'catkin_cmake_args': None, 'catkin_skip_building_tests': False, 'cmake_args': None, 'cmake_clean_cache': False, 'cmake_clean_first': False, 'cmake_force_configure': False, 'cmake_target': None, 'cmake_target_skip_unavailable': False, 'install_base': '/home/pi/ams_ws/install/nmea_navsat_driver', 'merge_install': False, 'path': '/home/pi/ams_ws/src/nmea_navsat_driver', 'symlink_install': False, 'test_result_base': None}
[3.164s] INFO:colcon.colcon_core.executor:Executing jobs using 'parallel' executor
[3.204s] DEBUG:colcon.colcon_parallel_executor.executor.parallel:run_until_complete
[3.205s] INFO:colcon.colcon_ros.task.ament_python.build:Building ROS package in '/home/pi/ams_ws/src/nmea_navsat_driver' with build type 'ament_python'
[3.206s] Level 1:colcon.colcon_core.shell:create_environment_hook('nmea_navsat_driver', 'ament_prefix_path')
[3.237s] INFO:colcon.colcon_core.plugin_system:Skipping extension 'colcon_core.shell.bat': Not used on non-Windows systems
[3.238s] INFO:colcon.colcon_core.shell:Creating environment hook '/home/pi/ams_ws/install/nmea_navsat_driver/share/nmea_navsat_driver/hook/ament_prefix_path.ps1'
[3.240s] INFO:colcon.colcon_core.shell:Creating environment descriptor '/home/pi/ams_ws/install/nmea_navsat_driver/share/nmea_navsat_driver/hook/ament_prefix_path.dsv'
[3.242s] INFO:colcon.colcon_core.shell:Creating environment hook '/home/pi/ams_ws/install/nmea_navsat_driver/share/nmea_navsat_driver/hook/ament_prefix_path.sh'
[3.261s] INFO:colcon.colcon_core.shell:Skip shell extension 'powershell' for command environment: Not usable outside of PowerShell
[3.261s] DEBUG:colcon.colcon_core.shell:Skip shell extension 'dsv' for command environment
[4.718s] INFO:colcon.colcon_core.task.python.build:Building Python package in '/home/pi/ams_ws/src/nmea_navsat_driver'
[4.735s] INFO:colcon.colcon_core.shell:Skip shell extension 'powershell' for command environment: Not usable outside of PowerShell
[4.735s] DEBUG:colcon.colcon_core.shell:Skip shell extension 'dsv' for command environment
[6.603s] DEBUG:colcon.colcon_core.event_handler.log_command:Invoking command in '/home/pi/ams_ws/src/nmea_navsat_driver': PYTHONPATH=/home/pi/ams_ws/build/nmea_navsat_driver/prefix_override:/home/pi/ams_ws/install/nmea_navsat_driver/lib/python3.10/site-packages:${PYTHONPATH} /usr/bin/python3 setup.py egg_info --egg-base ../../build/nmea_navsat_driver build --build-base /home/pi/ams_ws/build/nmea_navsat_driver/build install --record /home/pi/ams_ws/build/nmea_navsat_driver/install.log --single-version-externally-managed
[8.161s] DEBUG:colcon.colcon_core.event_handler.log_command:Invoked command in '/home/pi/ams_ws/src/nmea_navsat_driver' returned '0': PYTHONPATH=/home/pi/ams_ws/build/nmea_navsat_driver/prefix_override:/home/pi/ams_ws/install/nmea_navsat_driver/lib/python3.10/site-packages:${PYTHONPATH} /usr/bin/python3 setup.py egg_info --egg-base ../../build/nmea_navsat_driver build --build-base /home/pi/ams_ws/build/nmea_navsat_driver/build install --record /home/pi/ams_ws/build/nmea_navsat_driver/install.log --single-version-externally-managed
[8.193s] Level 1:colcon.colcon_core.environment:checking '/home/pi/ams_ws/install/nmea_navsat_driver' for CMake module files
[8.196s] Level 1:colcon.colcon_core.environment:checking '/home/pi/ams_ws/install/nmea_navsat_driver' for CMake config files
[8.200s] Level 1:colcon.colcon_core.environment:checking '/home/pi/ams_ws/install/nmea_navsat_driver/lib'
[8.201s] Level 1:colcon.colcon_core.environment:checking '/home/pi/ams_ws/install/nmea_navsat_driver/bin'
[8.201s] Level 1:colcon.colcon_core.environment:checking '/home/pi/ams_ws/install/nmea_navsat_driver/lib/pkgconfig/nmea_navsat_driver.pc'
[8.202s] Level 1:colcon.colcon_core.environment:checking '/home/pi/ams_ws/install/nmea_navsat_driver/lib/python3.10/site-packages'
[8.202s] Level 1:colcon.colcon_core.shell:create_environment_hook('nmea_navsat_driver', 'pythonpath')
[8.218s] INFO:colcon.colcon_core.shell:Creating environment hook '/home/pi/ams_ws/install/nmea_navsat_driver/share/nmea_navsat_driver/hook/pythonpath.ps1'
[8.220s] INFO:colcon.colcon_core.shell:Creating environment descriptor '/home/pi/ams_ws/install/nmea_navsat_driver/share/nmea_navsat_driver/hook/pythonpath.dsv'
[8.222s] INFO:colcon.colcon_core.shell:Creating environment hook '/home/pi/ams_ws/install/nmea_navsat_driver/share/nmea_navsat_driver/hook/pythonpath.sh'
[8.224s] Level 1:colcon.colcon_core.environment:checking '/home/pi/ams_ws/install/nmea_navsat_driver/bin'
[8.225s] Level 1:colcon.colcon_core.environment:create_environment_scripts_only(nmea_navsat_driver)
[8.242s] INFO:colcon.colcon_core.shell:Creating package script '/home/pi/ams_ws/install/nmea_navsat_driver/share/nmea_navsat_driver/package.ps1'
[8.245s] INFO:colcon.colcon_core.shell:Creating package descriptor '/home/pi/ams_ws/install/nmea_navsat_driver/share/nmea_navsat_driver/package.dsv'
[8.248s] INFO:colcon.colcon_core.shell:Creating package script '/home/pi/ams_ws/install/nmea_navsat_driver/share/nmea_navsat_driver/package.sh'
[8.251s] INFO:colcon.colcon_core.shell:Creating package script '/home/pi/ams_ws/install/nmea_navsat_driver/share/nmea_navsat_driver/package.bash'
[8.254s] INFO:colcon.colcon_core.shell:Creating package script '/home/pi/ams_ws/install/nmea_navsat_driver/share/nmea_navsat_driver/package.zsh'
[8.257s] Level 1:colcon.colcon_core.environment:create_file_with_runtime_dependencies(/home/pi/ams_ws/install/nmea_navsat_driver/share/colcon-core/packages/nmea_navsat_driver)
[8.258s] DEBUG:colcon.colcon_parallel_executor.executor.parallel:closing loop
[8.260s] DEBUG:colcon.colcon_parallel_executor.executor.parallel:loop closed
[8.260s] DEBUG:colcon.colcon_parallel_executor.executor.parallel:run_until_complete finished with '0'
[8.261s] DEBUG:colcon.colcon_core.event_reactor:joining thread
[8.293s] INFO:colcon.colcon_core.plugin_system:Skipping extension 'colcon_notification.desktop_notification.notify_send': Could not find 'notify-send'
[8.293s] INFO:colcon.colcon_core.plugin_system:Skipping extension 'colcon_notification.desktop_notification.terminal_notifier': Not used on non-Darwin systems
[8.294s] INFO:colcon.colcon_core.plugin_system:Skipping extension 'colcon_notification.desktop_notification.win32': Not used on non-Windows systems
[8.294s] INFO:colcon.colcon_notification.desktop_notification:Sending desktop notification using 'notify2'
[8.297s] DEBUG:colcon.colcon_notification.desktop_notification.notify2:Failed to initialize notify2: org.freedesktop.DBus.Error.ServiceUnknown: The name org.freedesktop.Notifications was not provided by any .service files
[8.297s] DEBUG:colcon.colcon_core.event_reactor:joined thread
[8.317s] INFO:colcon.colcon_core.shell:Creating prefix script '/home/pi/ams_ws/install/local_setup.ps1'
[8.321s] INFO:colcon.colcon_core.shell:Creating prefix util module '/home/pi/ams_ws/install/_local_setup_util_ps1.py'
[8.326s] INFO:colcon.colcon_core.shell:Creating prefix chain script '/home/pi/ams_ws/install/setup.ps1'
[8.345s] INFO:colcon.colcon_core.shell:Creating prefix script '/home/pi/ams_ws/install/local_setup.sh'
[8.347s] INFO:colcon.colcon_core.shell:Creating prefix util module '/home/pi/ams_ws/install/_local_setup_util_sh.py'
[8.349s] INFO:colcon.colcon_core.shell:Creating prefix chain script '/home/pi/ams_ws/install/setup.sh'
[8.368s] INFO:colcon.colcon_core.shell:Creating prefix script '/home/pi/ams_ws/install/local_setup.bash'
[8.370s] INFO:colcon.colcon_core.shell:Creating prefix chain script '/home/pi/ams_ws/install/setup.bash'
[8.389s] INFO:colcon.colcon_core.shell:Creating prefix script '/home/pi/ams_ws/install/local_setup.zsh'
[8.391s] INFO:colcon.colcon_core.shell:Creating prefix chain script '/home/pi/ams_ws/install/setup.zsh'
