[2.405s] DEBUG:colcon:Command line arguments: ['/home/pi/.local/bin/colcon', 'build']
[2.405s] DEBUG:colcon:Parsed command line arguments: Namespace(log_base=None, log_level=None, verb_name='build', build_base='build', install_base='install', merge_install=False, symlink_install=False, test_result_base=None, continue_on_error=False, executor='parallel', parallel_workers=4, event_handlers=None, ignore_user_meta=False, metas=['./colcon.meta'], base_paths=['.'], packages_ignore=None, packages_ignore_regex=None, paths=None, packages_up_to=None, packages_up_to_regex=None, packages_above=None, packages_above_and_dependencies=None, packages_above_depth=None, packages_select_by_dep=None, packages_skip_by_dep=None, packages_skip_up_to=None, packages_select_build_failed=False, packages_skip_build_finished=False, packages_select_test_failures=False, packages_skip_test_passed=False, packages_select=None, packages_skip=None, packages_select_regex=None, packages_skip_regex=None, packages_start=None, packages_end=None, allow_overriding=[], cmake_args=None, cmake_target=None, cmake_target_skip_unavailable=False, cmake_clean_cache=False, cmake_clean_first=False, cmake_force_configure=False, ament_cmake_args=None, catkin_cmake_args=None, catkin_skip_building_tests=False, verb_parser=<colcon_defaults.argument_parser.defaults.DefaultArgumentsDecorator object at 0xffffa7113cd0>, verb_extension=<colcon_core.verb.build.BuildVerb object at 0xffffa7113760>, main=<bound method BuildVerb.main of <colcon_core.verb.build.BuildVerb object at 0xffffa7113760>>)
[2.521s] Level 1:colcon.colcon_core.package_discovery:discover_packages(colcon_meta) check parameters
[2.521s] Level 1:colcon.colcon_core.package_discovery:discover_packages(recursive) check parameters
[2.521s] Level 1:colcon.colcon_core.package_discovery:discover_packages(ignore) check parameters
[2.521s] Level 1:colcon.colcon_core.package_discovery:discover_packages(path) check parameters
[2.521s] Level 1:colcon.colcon_core.package_discovery:discover_packages(colcon_meta) discover
[2.522s] Level 1:colcon.colcon_core.package_discovery:discover_packages(recursive) discover
[2.522s] INFO:colcon.colcon_core.package_discovery:Crawling recursively for packages in '/home/pi/ams_ws'
[2.522s] Level 1:colcon.colcon_core.package_identification:_identify(.) by extensions ['ignore', 'ignore_ament_install']
[2.523s] Level 1:colcon.colcon_core.package_identification:_identify(.) by extension 'ignore'
[2.523s] Level 1:colcon.colcon_core.package_identification:_identify(.) by extension 'ignore_ament_install'
[2.523s] Level 1:colcon.colcon_core.package_identification:_identify(.) by extensions ['colcon_pkg']
[2.523s] Level 1:colcon.colcon_core.package_identification:_identify(.) by extension 'colcon_pkg'
[2.523s] Level 1:colcon.colcon_core.package_identification:_identify(.) by extensions ['colcon_meta']
[2.523s] Level 1:colcon.colcon_core.package_identification:_identify(.) by extension 'colcon_meta'
[2.523s] Level 1:colcon.colcon_core.package_identification:_identify(.) by extensions ['ros']
[2.524s] Level 1:colcon.colcon_core.package_identification:_identify(.) by extension 'ros'
[2.567s] Level 1:colcon.colcon_core.package_identification:_identify(.) by extensions ['cmake', 'python']
[2.567s] Level 1:colcon.colcon_core.package_identification:_identify(.) by extension 'cmake'
[2.567s] Level 1:colcon.colcon_core.package_identification:_identify(.) by extension 'python'
[2.567s] Level 1:colcon.colcon_core.package_identification:_identify(.) by extensions ['python_setup_py']
[2.567s] Level 1:colcon.colcon_core.package_identification:_identify(.) by extension 'python_setup_py'
[2.568s] Level 1:colcon.colcon_core.package_identification:_identify(build) by extensions ['ignore', 'ignore_ament_install']
[2.569s] Level 1:colcon.colcon_core.package_identification:_identify(build) by extension 'ignore'
[2.569s] Level 1:colcon.colcon_core.package_identification:_identify(build) ignored
[2.570s] Level 1:colcon.colcon_core.package_identification:_identify(install) by extensions ['ignore', 'ignore_ament_install']
[2.570s] Level 1:colcon.colcon_core.package_identification:_identify(install) by extension 'ignore'
[2.570s] Level 1:colcon.colcon_core.package_identification:_identify(install) ignored
[2.571s] Level 1:colcon.colcon_core.package_identification:_identify(log) by extensions ['ignore', 'ignore_ament_install']
[2.572s] Level 1:colcon.colcon_core.package_identification:_identify(log) by extension 'ignore'
[2.572s] Level 1:colcon.colcon_core.package_identification:_identify(log) ignored
[2.572s] Level 1:colcon.colcon_core.package_identification:_identify(src) by extensions ['ignore', 'ignore_ament_install']
[2.572s] Level 1:colcon.colcon_core.package_identification:_identify(src) by extension 'ignore'
[2.573s] Level 1:colcon.colcon_core.package_identification:_identify(src) by extension 'ignore_ament_install'
[2.573s] Level 1:colcon.colcon_core.package_identification:_identify(src) by extensions ['colcon_pkg']
[2.573s] Level 1:colcon.colcon_core.package_identification:_identify(src) by extension 'colcon_pkg'
[2.573s] Level 1:colcon.colcon_core.package_identification:_identify(src) by extensions ['colcon_meta']
[2.573s] Level 1:colcon.colcon_core.package_identification:_identify(src) by extension 'colcon_meta'
[2.573s] Level 1:colcon.colcon_core.package_identification:_identify(src) by extensions ['ros']
[2.574s] Level 1:colcon.colcon_core.package_identification:_identify(src) by extension 'ros'
[2.574s] Level 1:colcon.colcon_core.package_identification:_identify(src) by extensions ['cmake', 'python']
[2.574s] Level 1:colcon.colcon_core.package_identification:_identify(src) by extension 'cmake'
[2.574s] Level 1:colcon.colcon_core.package_identification:_identify(src) by extension 'python'
[2.574s] Level 1:colcon.colcon_core.package_identification:_identify(src) by extensions ['python_setup_py']
[2.574s] Level 1:colcon.colcon_core.package_identification:_identify(src) by extension 'python_setup_py'
[2.575s] Level 1:colcon.colcon_core.package_identification:_identify(src/ams_description) by extensions ['ignore', 'ignore_ament_install']
[2.575s] Level 1:colcon.colcon_core.package_identification:_identify(src/ams_description) by extension 'ignore'
[2.575s] Level 1:colcon.colcon_core.package_identification:_identify(src/ams_description) by extension 'ignore_ament_install'
[2.576s] Level 1:colcon.colcon_core.package_identification:_identify(src/ams_description) by extensions ['colcon_pkg']
[2.576s] Level 1:colcon.colcon_core.package_identification:_identify(src/ams_description) by extension 'colcon_pkg'
[2.576s] Level 1:colcon.colcon_core.package_identification:_identify(src/ams_description) by extensions ['colcon_meta']
[2.576s] Level 1:colcon.colcon_core.package_identification:_identify(src/ams_description) by extension 'colcon_meta'
[2.576s] Level 1:colcon.colcon_core.package_identification:_identify(src/ams_description) by extensions ['ros']
[2.576s] Level 1:colcon.colcon_core.package_identification:_identify(src/ams_description) by extension 'ros'
[2.586s] DEBUG:colcon.colcon_core.package_identification:Package 'src/ams_description' with type 'ros.ament_cmake' and name 'ros2_control_ams'
[2.587s] Level 1:colcon.colcon_core.package_identification:_identify(src/ams_hardware) by extensions ['ignore', 'ignore_ament_install']
[2.587s] Level 1:colcon.colcon_core.package_identification:_identify(src/ams_hardware) by extension 'ignore'
[2.587s] Level 1:colcon.colcon_core.package_identification:_identify(src/ams_hardware) by extension 'ignore_ament_install'
[2.587s] Level 1:colcon.colcon_core.package_identification:_identify(src/ams_hardware) by extensions ['colcon_pkg']
[2.587s] Level 1:colcon.colcon_core.package_identification:_identify(src/ams_hardware) by extension 'colcon_pkg'
[2.588s] Level 1:colcon.colcon_core.package_identification:_identify(src/ams_hardware) by extensions ['colcon_meta']
[2.588s] Level 1:colcon.colcon_core.package_identification:_identify(src/ams_hardware) by extension 'colcon_meta'
[2.588s] Level 1:colcon.colcon_core.package_identification:_identify(src/ams_hardware) by extensions ['ros']
[2.588s] Level 1:colcon.colcon_core.package_identification:_identify(src/ams_hardware) by extension 'ros'
[2.594s] DEBUG:colcon.colcon_core.package_identification:Package 'src/ams_hardware' with type 'ros.ament_cmake' and name 'ams_hardware'
[2.595s] Level 1:colcon.colcon_core.package_identification:_identify(src/bno055) by extensions ['ignore', 'ignore_ament_install']
[2.595s] Level 1:colcon.colcon_core.package_identification:_identify(src/bno055) by extension 'ignore'
[2.596s] Level 1:colcon.colcon_core.package_identification:_identify(src/bno055) by extension 'ignore_ament_install'
[2.596s] Level 1:colcon.colcon_core.package_identification:_identify(src/bno055) by extensions ['colcon_pkg']
[2.596s] Level 1:colcon.colcon_core.package_identification:_identify(src/bno055) by extension 'colcon_pkg'
[2.596s] Level 1:colcon.colcon_core.package_identification:_identify(src/bno055) by extensions ['colcon_meta']
[2.596s] Level 1:colcon.colcon_core.package_identification:_identify(src/bno055) by extension 'colcon_meta'
[2.596s] Level 1:colcon.colcon_core.package_identification:_identify(src/bno055) by extensions ['ros']
[2.596s] Level 1:colcon.colcon_core.package_identification:_identify(src/bno055) by extension 'ros'
[2.599s] DEBUG:colcon.colcon_core.package_identification:Package 'src/bno055' with type 'ros.ament_python' and name 'bno055'
[2.600s] Level 1:colcon.colcon_core.package_identification:_identify(src/build) by extensions ['ignore', 'ignore_ament_install']
[2.600s] Level 1:colcon.colcon_core.package_identification:_identify(src/build) by extension 'ignore'
[2.600s] Level 1:colcon.colcon_core.package_identification:_identify(src/build) ignored
[2.601s] Level 1:colcon.colcon_core.package_identification:_identify(src/install) by extensions ['ignore', 'ignore_ament_install']
[2.601s] Level 1:colcon.colcon_core.package_identification:_identify(src/install) by extension 'ignore'
[2.601s] Level 1:colcon.colcon_core.package_identification:_identify(src/install) ignored
[2.602s] Level 1:colcon.colcon_core.package_identification:_identify(src/log) by extensions ['ignore', 'ignore_ament_install']
[2.602s] Level 1:colcon.colcon_core.package_identification:_identify(src/log) by extension 'ignore'
[2.602s] Level 1:colcon.colcon_core.package_identification:_identify(src/log) ignored
[2.603s] Level 1:colcon.colcon_core.package_identification:_identify(src/nmea_navsat_driver) by extensions ['ignore', 'ignore_ament_install']
[2.603s] Level 1:colcon.colcon_core.package_identification:_identify(src/nmea_navsat_driver) by extension 'ignore'
[2.603s] Level 1:colcon.colcon_core.package_identification:_identify(src/nmea_navsat_driver) by extension 'ignore_ament_install'
[2.603s] Level 1:colcon.colcon_core.package_identification:_identify(src/nmea_navsat_driver) by extensions ['colcon_pkg']
[2.603s] Level 1:colcon.colcon_core.package_identification:_identify(src/nmea_navsat_driver) by extension 'colcon_pkg'
[2.604s] Level 1:colcon.colcon_core.package_identification:_identify(src/nmea_navsat_driver) by extensions ['colcon_meta']
[2.604s] Level 1:colcon.colcon_core.package_identification:_identify(src/nmea_navsat_driver) by extension 'colcon_meta'
[2.604s] Level 1:colcon.colcon_core.package_identification:_identify(src/nmea_navsat_driver) by extensions ['ros']
[2.604s] Level 1:colcon.colcon_core.package_identification:_identify(src/nmea_navsat_driver) by extension 'ros'
[2.606s] DEBUG:colcon.colcon_core.package_identification:Package 'src/nmea_navsat_driver' with type 'ros.ament_python' and name 'nmea_navsat_driver'
[2.607s] Level 1:colcon.colcon_core.package_identification:_identify(src/sllidar_ros2) by extensions ['ignore', 'ignore_ament_install']
[2.607s] Level 1:colcon.colcon_core.package_identification:_identify(src/sllidar_ros2) by extension 'ignore'
[2.607s] Level 1:colcon.colcon_core.package_identification:_identify(src/sllidar_ros2) by extension 'ignore_ament_install'
[2.608s] Level 1:colcon.colcon_core.package_identification:_identify(src/sllidar_ros2) by extensions ['colcon_pkg']
[2.608s] Level 1:colcon.colcon_core.package_identification:_identify(src/sllidar_ros2) by extension 'colcon_pkg'
[2.608s] Level 1:colcon.colcon_core.package_identification:_identify(src/sllidar_ros2) by extensions ['colcon_meta']
[2.608s] Level 1:colcon.colcon_core.package_identification:_identify(src/sllidar_ros2) by extension 'colcon_meta'
[2.608s] Level 1:colcon.colcon_core.package_identification:_identify(src/sllidar_ros2) by extensions ['ros']
[2.608s] Level 1:colcon.colcon_core.package_identification:_identify(src/sllidar_ros2) by extension 'ros'
[2.611s] DEBUG:colcon.colcon_core.package_identification:Package 'src/sllidar_ros2' with type 'ros.ament_cmake' and name 'sllidar_ros2'
[2.611s] Level 1:colcon.colcon_core.package_discovery:discover_packages(recursive) using defaults
[2.611s] Level 1:colcon.colcon_core.package_discovery:discover_packages(ignore) discover
[2.611s] Level 1:colcon.colcon_core.package_discovery:discover_packages(ignore) using defaults
[2.611s] Level 1:colcon.colcon_core.package_discovery:discover_packages(path) discover
[2.612s] Level 1:colcon.colcon_core.package_discovery:discover_packages(path) using defaults
[2.738s] Level 1:colcon.colcon_core.package_discovery:discover_packages(prefix_path) check parameters
[2.739s] Level 1:colcon.colcon_core.package_discovery:discover_packages(prefix_path) discover
[2.782s] DEBUG:colcon.colcon_installed_package_information.package_discovery:Found 404 installed packages in /opt/ros/humble
[2.794s] Level 1:colcon.colcon_core.package_discovery:discover_packages(prefix_path) using defaults
[3.146s] Level 5:colcon.colcon_core.verb:set package 'ams_hardware' build argument 'cmake_args' from command line to 'None'
[3.146s] Level 5:colcon.colcon_core.verb:set package 'ams_hardware' build argument 'cmake_target' from command line to 'None'
[3.146s] Level 5:colcon.colcon_core.verb:set package 'ams_hardware' build argument 'cmake_target_skip_unavailable' from command line to 'False'
[3.147s] Level 5:colcon.colcon_core.verb:set package 'ams_hardware' build argument 'cmake_clean_cache' from command line to 'False'
[3.147s] Level 5:colcon.colcon_core.verb:set package 'ams_hardware' build argument 'cmake_clean_first' from command line to 'False'
[3.147s] Level 5:colcon.colcon_core.verb:set package 'ams_hardware' build argument 'cmake_force_configure' from command line to 'False'
[3.147s] Level 5:colcon.colcon_core.verb:set package 'ams_hardware' build argument 'ament_cmake_args' from command line to 'None'
[3.147s] Level 5:colcon.colcon_core.verb:set package 'ams_hardware' build argument 'catkin_cmake_args' from command line to 'None'
[3.147s] Level 5:colcon.colcon_core.verb:set package 'ams_hardware' build argument 'catkin_skip_building_tests' from command line to 'False'
[3.147s] DEBUG:colcon.colcon_core.verb:Building package 'ams_hardware' with the following arguments: {'ament_cmake_args': None, 'build_base': '/home/pi/ams_ws/build/ams_hardware', 'catkin_cmake_args': None, 'catkin_skip_building_tests': False, 'cmake_args': None, 'cmake_clean_cache': False, 'cmake_clean_first': False, 'cmake_force_configure': False, 'cmake_target': None, 'cmake_target_skip_unavailable': False, 'install_base': '/home/pi/ams_ws/install/ams_hardware', 'merge_install': False, 'path': '/home/pi/ams_ws/src/ams_hardware', 'symlink_install': False, 'test_result_base': None}
[3.175s] Level 5:colcon.colcon_core.verb:set package 'bno055' build argument 'cmake_args' from command line to 'None'
[3.175s] Level 5:colcon.colcon_core.verb:set package 'bno055' build argument 'cmake_target' from command line to 'None'
[3.175s] Level 5:colcon.colcon_core.verb:set package 'bno055' build argument 'cmake_target_skip_unavailable' from command line to 'False'
[3.175s] Level 5:colcon.colcon_core.verb:set package 'bno055' build argument 'cmake_clean_cache' from command line to 'False'
[3.175s] Level 5:colcon.colcon_core.verb:set package 'bno055' build argument 'cmake_clean_first' from command line to 'False'
[3.176s] Level 5:colcon.colcon_core.verb:set package 'bno055' build argument 'cmake_force_configure' from command line to 'False'
[3.176s] Level 5:colcon.colcon_core.verb:set package 'bno055' build argument 'ament_cmake_args' from command line to 'None'
[3.176s] Level 5:colcon.colcon_core.verb:set package 'bno055' build argument 'catkin_cmake_args' from command line to 'None'
[3.176s] Level 5:colcon.colcon_core.verb:set package 'bno055' build argument 'catkin_skip_building_tests' from command line to 'False'
[3.176s] DEBUG:colcon.colcon_core.verb:Building package 'bno055' with the following arguments: {'ament_cmake_args': None, 'build_base': '/home/pi/ams_ws/build/bno055', 'catkin_cmake_args': None, 'catkin_skip_building_tests': False, 'cmake_args': None, 'cmake_clean_cache': False, 'cmake_clean_first': False, 'cmake_force_configure': False, 'cmake_target': None, 'cmake_target_skip_unavailable': False, 'install_base': '/home/pi/ams_ws/install/bno055', 'merge_install': False, 'path': '/home/pi/ams_ws/src/bno055', 'symlink_install': False, 'test_result_base': None}
[3.204s] Level 5:colcon.colcon_core.verb:set package 'nmea_navsat_driver' build argument 'cmake_args' from command line to 'None'
[3.204s] Level 5:colcon.colcon_core.verb:set package 'nmea_navsat_driver' build argument 'cmake_target' from command line to 'None'
[3.204s] Level 5:colcon.colcon_core.verb:set package 'nmea_navsat_driver' build argument 'cmake_target_skip_unavailable' from command line to 'False'
[3.204s] Level 5:colcon.colcon_core.verb:set package 'nmea_navsat_driver' build argument 'cmake_clean_cache' from command line to 'False'
[3.204s] Level 5:colcon.colcon_core.verb:set package 'nmea_navsat_driver' build argument 'cmake_clean_first' from command line to 'False'
[3.204s] Level 5:colcon.colcon_core.verb:set package 'nmea_navsat_driver' build argument 'cmake_force_configure' from command line to 'False'
[3.205s] Level 5:colcon.colcon_core.verb:set package 'nmea_navsat_driver' build argument 'ament_cmake_args' from command line to 'None'
[3.205s] Level 5:colcon.colcon_core.verb:set package 'nmea_navsat_driver' build argument 'catkin_cmake_args' from command line to 'None'
[3.205s] Level 5:colcon.colcon_core.verb:set package 'nmea_navsat_driver' build argument 'catkin_skip_building_tests' from command line to 'False'
[3.205s] DEBUG:colcon.colcon_core.verb:Building package 'nmea_navsat_driver' with the following arguments: {'ament_cmake_args': None, 'build_base': '/home/pi/ams_ws/build/nmea_navsat_driver', 'catkin_cmake_args': None, 'catkin_skip_building_tests': False, 'cmake_args': None, 'cmake_clean_cache': False, 'cmake_clean_first': False, 'cmake_force_configure': False, 'cmake_target': None, 'cmake_target_skip_unavailable': False, 'install_base': '/home/pi/ams_ws/install/nmea_navsat_driver', 'merge_install': False, 'path': '/home/pi/ams_ws/src/nmea_navsat_driver', 'symlink_install': False, 'test_result_base': None}
[3.232s] Level 5:colcon.colcon_core.verb:set package 'ros2_control_ams' build argument 'cmake_args' from command line to 'None'
[3.233s] Level 5:colcon.colcon_core.verb:set package 'ros2_control_ams' build argument 'cmake_target' from command line to 'None'
[3.233s] Level 5:colcon.colcon_core.verb:set package 'ros2_control_ams' build argument 'cmake_target_skip_unavailable' from command line to 'False'
[3.233s] Level 5:colcon.colcon_core.verb:set package 'ros2_control_ams' build argument 'cmake_clean_cache' from command line to 'False'
[3.233s] Level 5:colcon.colcon_core.verb:set package 'ros2_control_ams' build argument 'cmake_clean_first' from command line to 'False'
[3.233s] Level 5:colcon.colcon_core.verb:set package 'ros2_control_ams' build argument 'cmake_force_configure' from command line to 'False'
[3.233s] Level 5:colcon.colcon_core.verb:set package 'ros2_control_ams' build argument 'ament_cmake_args' from command line to 'None'
[3.233s] Level 5:colcon.colcon_core.verb:set package 'ros2_control_ams' build argument 'catkin_cmake_args' from command line to 'None'
[3.233s] Level 5:colcon.colcon_core.verb:set package 'ros2_control_ams' build argument 'catkin_skip_building_tests' from command line to 'False'
[3.234s] DEBUG:colcon.colcon_core.verb:Building package 'ros2_control_ams' with the following arguments: {'ament_cmake_args': None, 'build_base': '/home/pi/ams_ws/build/ros2_control_ams', 'catkin_cmake_args': None, 'catkin_skip_building_tests': False, 'cmake_args': None, 'cmake_clean_cache': False, 'cmake_clean_first': False, 'cmake_force_configure': False, 'cmake_target': None, 'cmake_target_skip_unavailable': False, 'install_base': '/home/pi/ams_ws/install/ros2_control_ams', 'merge_install': False, 'path': '/home/pi/ams_ws/src/ams_description', 'symlink_install': False, 'test_result_base': None}
[3.261s] Level 5:colcon.colcon_core.verb:set package 'sllidar_ros2' build argument 'cmake_args' from command line to 'None'
[3.262s] Level 5:colcon.colcon_core.verb:set package 'sllidar_ros2' build argument 'cmake_target' from command line to 'None'
[3.262s] Level 5:colcon.colcon_core.verb:set package 'sllidar_ros2' build argument 'cmake_target_skip_unavailable' from command line to 'False'
[3.262s] Level 5:colcon.colcon_core.verb:set package 'sllidar_ros2' build argument 'cmake_clean_cache' from command line to 'False'
[3.262s] Level 5:colcon.colcon_core.verb:set package 'sllidar_ros2' build argument 'cmake_clean_first' from command line to 'False'
[3.262s] Level 5:colcon.colcon_core.verb:set package 'sllidar_ros2' build argument 'cmake_force_configure' from command line to 'False'
[3.262s] Level 5:colcon.colcon_core.verb:set package 'sllidar_ros2' build argument 'ament_cmake_args' from command line to 'None'
[3.262s] Level 5:colcon.colcon_core.verb:set package 'sllidar_ros2' build argument 'catkin_cmake_args' from command line to 'None'
[3.262s] Level 5:colcon.colcon_core.verb:set package 'sllidar_ros2' build argument 'catkin_skip_building_tests' from command line to 'False'
[3.262s] DEBUG:colcon.colcon_core.verb:Building package 'sllidar_ros2' with the following arguments: {'ament_cmake_args': None, 'build_base': '/home/pi/ams_ws/build/sllidar_ros2', 'catkin_cmake_args': None, 'catkin_skip_building_tests': False, 'cmake_args': None, 'cmake_clean_cache': False, 'cmake_clean_first': False, 'cmake_force_configure': False, 'cmake_target': None, 'cmake_target_skip_unavailable': False, 'install_base': '/home/pi/ams_ws/install/sllidar_ros2', 'merge_install': False, 'path': '/home/pi/ams_ws/src/sllidar_ros2', 'symlink_install': False, 'test_result_base': None}
[3.269s] INFO:colcon.colcon_core.executor:Executing jobs using 'parallel' executor
[3.308s] DEBUG:colcon.colcon_parallel_executor.executor.parallel:run_until_complete
[3.309s] INFO:colcon.colcon_ros.task.ament_cmake.build:Building ROS package in '/home/pi/ams_ws/src/ams_hardware' with build type 'ament_cmake'
[3.309s] INFO:colcon.colcon_cmake.task.cmake.build:Building CMake package in '/home/pi/ams_ws/src/ams_hardware'
[3.340s] INFO:colcon.colcon_core.plugin_system:Skipping extension 'colcon_core.shell.bat': Not used on non-Windows systems
[3.341s] INFO:colcon.colcon_core.shell:Skip shell extension 'powershell' for command environment: Not usable outside of PowerShell
[3.341s] DEBUG:colcon.colcon_core.shell:Skip shell extension 'dsv' for command environment
[3.385s] INFO:colcon.colcon_ros.task.ament_python.build:Building ROS package in '/home/pi/ams_ws/src/bno055' with build type 'ament_python'
[3.386s] Level 1:colcon.colcon_core.shell:create_environment_hook('bno055', 'ament_prefix_path')
[3.405s] INFO:colcon.colcon_core.shell:Creating environment hook '/home/pi/ams_ws/install/bno055/share/bno055/hook/ament_prefix_path.ps1'
[3.408s] INFO:colcon.colcon_core.shell:Creating environment descriptor '/home/pi/ams_ws/install/bno055/share/bno055/hook/ament_prefix_path.dsv'
[3.410s] INFO:colcon.colcon_core.shell:Creating environment hook '/home/pi/ams_ws/install/bno055/share/bno055/hook/ament_prefix_path.sh'
[3.429s] INFO:colcon.colcon_core.shell:Skip shell extension 'powershell' for command environment: Not usable outside of PowerShell
[3.429s] DEBUG:colcon.colcon_core.shell:Skip shell extension 'dsv' for command environment
[3.470s] INFO:colcon.colcon_ros.task.ament_python.build:Building ROS package in '/home/pi/ams_ws/src/nmea_navsat_driver' with build type 'ament_python'
[3.471s] Level 1:colcon.colcon_core.shell:create_environment_hook('nmea_navsat_driver', 'ament_prefix_path')
[3.490s] INFO:colcon.colcon_core.shell:Creating environment hook '/home/pi/ams_ws/install/nmea_navsat_driver/share/nmea_navsat_driver/hook/ament_prefix_path.ps1'
[3.492s] INFO:colcon.colcon_core.shell:Creating environment descriptor '/home/pi/ams_ws/install/nmea_navsat_driver/share/nmea_navsat_driver/hook/ament_prefix_path.dsv'
[3.494s] INFO:colcon.colcon_core.shell:Creating environment hook '/home/pi/ams_ws/install/nmea_navsat_driver/share/nmea_navsat_driver/hook/ament_prefix_path.sh'
[3.512s] INFO:colcon.colcon_core.shell:Skip shell extension 'powershell' for command environment: Not usable outside of PowerShell
[3.513s] DEBUG:colcon.colcon_core.shell:Skip shell extension 'dsv' for command environment
[3.555s] INFO:colcon.colcon_ros.task.ament_cmake.build:Building ROS package in '/home/pi/ams_ws/src/ams_description' with build type 'ament_cmake'
[3.555s] INFO:colcon.colcon_cmake.task.cmake.build:Building CMake package in '/home/pi/ams_ws/src/ams_description'
[3.573s] INFO:colcon.colcon_core.shell:Skip shell extension 'powershell' for command environment: Not usable outside of PowerShell
[3.574s] DEBUG:colcon.colcon_core.shell:Skip shell extension 'dsv' for command environment
[3.637s] DEBUG:colcon.colcon_core.event_handler.log_command:Invoking command in '/home/pi/ams_ws/build/ams_hardware': CMAKE_PREFIX_PATH=/opt/ros/humble /usr/bin/cmake --build /home/pi/ams_ws/build/ams_hardware -- -j4 -l4
[5.032s] INFO:colcon.colcon_core.task.python.build:Building Python package in '/home/pi/ams_ws/src/bno055'
[5.054s] INFO:colcon.colcon_core.shell:Skip shell extension 'powershell' for command environment: Not usable outside of PowerShell
[5.054s] DEBUG:colcon.colcon_core.shell:Skip shell extension 'dsv' for command environment
[6.474s] INFO:colcon.colcon_core.task.python.build:Building Python package in '/home/pi/ams_ws/src/nmea_navsat_driver'
[6.495s] INFO:colcon.colcon_core.shell:Skip shell extension 'powershell' for command environment: Not usable outside of PowerShell
[6.495s] DEBUG:colcon.colcon_core.shell:Skip shell extension 'dsv' for command environment
[6.545s] DEBUG:colcon.colcon_core.event_handler.log_command:Invoked command in '/home/pi/ams_ws/build/ams_hardware' returned '0': CMAKE_PREFIX_PATH=/opt/ros/humble /usr/bin/cmake --build /home/pi/ams_ws/build/ams_hardware -- -j4 -l4
[6.568s] DEBUG:colcon.colcon_core.event_handler.log_command:Invoking command in '/home/pi/ams_ws/build/ros2_control_ams': CMAKE_PREFIX_PATH=/opt/ros/humble /usr/bin/cmake --build /home/pi/ams_ws/build/ros2_control_ams -- -j4 -l4
[6.701s] DEBUG:colcon.colcon_core.event_handler.log_command:Invoking command in '/home/pi/ams_ws/build/ams_hardware': CMAKE_PREFIX_PATH=/opt/ros/humble /usr/bin/cmake --install /home/pi/ams_ws/build/ams_hardware
[6.754s] Level 1:colcon.colcon_core.environment:create_environment_scripts_only(ams_hardware)
[6.773s] DEBUG:colcon.colcon_core.event_handler.log_command:Invoked command in '/home/pi/ams_ws/build/ams_hardware' returned '0': CMAKE_PREFIX_PATH=/opt/ros/humble /usr/bin/cmake --install /home/pi/ams_ws/build/ams_hardware
[6.803s] Level 1:colcon.colcon_core.environment:checking '/home/pi/ams_ws/install/ams_hardware' for CMake module files
[6.807s] Level 1:colcon.colcon_core.environment:checking '/home/pi/ams_ws/install/ams_hardware' for CMake config files
[6.812s] Level 1:colcon.colcon_core.shell:create_environment_hook('ams_hardware', 'cmake_prefix_path')
[6.844s] INFO:colcon.colcon_core.shell:Creating environment hook '/home/pi/ams_ws/install/ams_hardware/share/ams_hardware/hook/cmake_prefix_path.ps1'
[6.848s] INFO:colcon.colcon_core.shell:Creating environment descriptor '/home/pi/ams_ws/install/ams_hardware/share/ams_hardware/hook/cmake_prefix_path.dsv'
[6.851s] INFO:colcon.colcon_core.shell:Creating environment hook '/home/pi/ams_ws/install/ams_hardware/share/ams_hardware/hook/cmake_prefix_path.sh'
[6.855s] Level 1:colcon.colcon_core.environment:checking '/home/pi/ams_ws/install/ams_hardware/bin'
[6.855s] Level 1:colcon.colcon_core.environment:checking '/home/pi/ams_ws/install/ams_hardware/lib/pkgconfig/ams_hardware.pc'
[6.857s] Level 1:colcon.colcon_core.environment:checking '/home/pi/ams_ws/install/ams_hardware/lib/python3.10/site-packages'
[6.858s] Level 1:colcon.colcon_core.environment:checking '/home/pi/ams_ws/install/ams_hardware/bin'
[6.887s] INFO:colcon.colcon_core.shell:Creating package script '/home/pi/ams_ws/install/ams_hardware/share/ams_hardware/package.ps1'
[6.892s] INFO:colcon.colcon_core.shell:Creating package descriptor '/home/pi/ams_ws/install/ams_hardware/share/ams_hardware/package.dsv'
[6.895s] INFO:colcon.colcon_core.shell:Creating package script '/home/pi/ams_ws/install/ams_hardware/share/ams_hardware/package.sh'
[6.899s] INFO:colcon.colcon_core.shell:Creating package script '/home/pi/ams_ws/install/ams_hardware/share/ams_hardware/package.bash'
[6.903s] INFO:colcon.colcon_core.shell:Creating package script '/home/pi/ams_ws/install/ams_hardware/share/ams_hardware/package.zsh'
[6.907s] Level 1:colcon.colcon_core.environment:create_file_with_runtime_dependencies(/home/pi/ams_ws/install/ams_hardware/share/colcon-core/packages/ams_hardware)
[6.927s] DEBUG:colcon.colcon_core.event_handler.log_command:Invoked command in '/home/pi/ams_ws/build/ros2_control_ams' returned '0': CMAKE_PREFIX_PATH=/opt/ros/humble /usr/bin/cmake --build /home/pi/ams_ws/build/ros2_control_ams -- -j4 -l4
[7.072s] Level 1:colcon.colcon_core.environment:create_environment_scripts_only(ams_hardware)
[7.098s] Level 1:colcon.colcon_core.environment:checking '/home/pi/ams_ws/install/ams_hardware' for CMake module files
[7.101s] Level 1:colcon.colcon_core.environment:checking '/home/pi/ams_ws/install/ams_hardware' for CMake config files
[7.103s] Level 1:colcon.colcon_core.shell:create_environment_hook('ams_hardware', 'cmake_prefix_path')
[7.126s] INFO:colcon.colcon_core.shell:Creating environment hook '/home/pi/ams_ws/install/ams_hardware/share/ams_hardware/hook/cmake_prefix_path.ps1'
[7.128s] INFO:colcon.colcon_core.shell:Creating environment descriptor '/home/pi/ams_ws/install/ams_hardware/share/ams_hardware/hook/cmake_prefix_path.dsv'
[7.130s] INFO:colcon.colcon_core.shell:Creating environment hook '/home/pi/ams_ws/install/ams_hardware/share/ams_hardware/hook/cmake_prefix_path.sh'
[7.133s] Level 1:colcon.colcon_core.environment:checking '/home/pi/ams_ws/install/ams_hardware/bin'
[7.133s] Level 1:colcon.colcon_core.environment:checking '/home/pi/ams_ws/install/ams_hardware/lib/pkgconfig/ams_hardware.pc'
[7.134s] Level 1:colcon.colcon_core.environment:checking '/home/pi/ams_ws/install/ams_hardware/lib/python3.10/site-packages'
[7.136s] Level 1:colcon.colcon_core.environment:checking '/home/pi/ams_ws/install/ams_hardware/bin'
[7.159s] INFO:colcon.colcon_core.shell:Creating package script '/home/pi/ams_ws/install/ams_hardware/share/ams_hardware/package.ps1'
[7.162s] INFO:colcon.colcon_core.shell:Creating package descriptor '/home/pi/ams_ws/install/ams_hardware/share/ams_hardware/package.dsv'
[7.164s] INFO:colcon.colcon_core.shell:Creating package script '/home/pi/ams_ws/install/ams_hardware/share/ams_hardware/package.sh'
[7.167s] INFO:colcon.colcon_core.shell:Creating package script '/home/pi/ams_ws/install/ams_hardware/share/ams_hardware/package.bash'
[7.169s] INFO:colcon.colcon_core.shell:Creating package script '/home/pi/ams_ws/install/ams_hardware/share/ams_hardware/package.zsh'
[7.171s] Level 1:colcon.colcon_core.environment:create_file_with_runtime_dependencies(/home/pi/ams_ws/install/ams_hardware/share/colcon-core/packages/ams_hardware)
[7.175s] INFO:colcon.colcon_ros.task.ament_cmake.build:Building ROS package in '/home/pi/ams_ws/src/sllidar_ros2' with build type 'ament_cmake'
[7.176s] INFO:colcon.colcon_cmake.task.cmake.build:Building CMake package in '/home/pi/ams_ws/src/sllidar_ros2'
[7.197s] INFO:colcon.colcon_core.shell:Skip shell extension 'powershell' for command environment: Not usable outside of PowerShell
[7.198s] DEBUG:colcon.colcon_core.shell:Skip shell extension 'dsv' for command environment
[7.254s] DEBUG:colcon.colcon_core.event_handler.log_command:Invoking command in '/home/pi/ams_ws/build/ros2_control_ams': CMAKE_PREFIX_PATH=/opt/ros/humble /usr/bin/cmake --install /home/pi/ams_ws/build/ros2_control_ams
[7.285s] DEBUG:colcon.colcon_core.event_handler.log_command:Invoking command in '/home/pi/ams_ws/build/sllidar_ros2': CMAKE_PREFIX_PATH=/opt/ros/humble /usr/bin/cmake --build /home/pi/ams_ws/build/sllidar_ros2 -- -j4 -l4
[7.338s] Level 1:colcon.colcon_core.environment:create_environment_scripts_only(ros2_control_ams)
[7.379s] DEBUG:colcon.colcon_core.event_handler.log_command:Invoked command in '/home/pi/ams_ws/build/ros2_control_ams' returned '0': CMAKE_PREFIX_PATH=/opt/ros/humble /usr/bin/cmake --install /home/pi/ams_ws/build/ros2_control_ams
[7.379s] Level 1:colcon.colcon_core.environment:checking '/home/pi/ams_ws/install/ros2_control_ams' for CMake module files
[7.383s] Level 1:colcon.colcon_core.environment:checking '/home/pi/ams_ws/install/ros2_control_ams' for CMake config files
[7.388s] Level 1:colcon.colcon_core.shell:create_environment_hook('ros2_control_ams', 'cmake_prefix_path')
[7.411s] INFO:colcon.colcon_core.shell:Creating environment hook '/home/pi/ams_ws/install/ros2_control_ams/share/ros2_control_ams/hook/cmake_prefix_path.ps1'
[7.423s] INFO:colcon.colcon_core.shell:Creating environment descriptor '/home/pi/ams_ws/install/ros2_control_ams/share/ros2_control_ams/hook/cmake_prefix_path.dsv'
[7.425s] INFO:colcon.colcon_core.shell:Creating environment hook '/home/pi/ams_ws/install/ros2_control_ams/share/ros2_control_ams/hook/cmake_prefix_path.sh'
[7.430s] Level 1:colcon.colcon_core.environment:checking '/home/pi/ams_ws/install/ros2_control_ams/lib'
[7.431s] Level 1:colcon.colcon_core.shell:create_environment_hook('ros2_control_ams', 'ld_library_path_lib')
[7.459s] INFO:colcon.colcon_core.shell:Creating environment hook '/home/pi/ams_ws/install/ros2_control_ams/share/ros2_control_ams/hook/ld_library_path_lib.ps1'
[7.463s] INFO:colcon.colcon_core.shell:Creating environment descriptor '/home/pi/ams_ws/install/ros2_control_ams/share/ros2_control_ams/hook/ld_library_path_lib.dsv'
[7.466s] INFO:colcon.colcon_core.shell:Creating environment hook '/home/pi/ams_ws/install/ros2_control_ams/share/ros2_control_ams/hook/ld_library_path_lib.sh'
[7.468s] Level 1:colcon.colcon_core.environment:checking '/home/pi/ams_ws/install/ros2_control_ams/bin'
[7.469s] Level 1:colcon.colcon_core.environment:checking '/home/pi/ams_ws/install/ros2_control_ams/lib/pkgconfig/ros2_control_ams.pc'
[7.470s] Level 1:colcon.colcon_core.environment:checking '/home/pi/ams_ws/install/ros2_control_ams/lib/python3.10/site-packages'
[7.471s] Level 1:colcon.colcon_core.environment:checking '/home/pi/ams_ws/install/ros2_control_ams/bin'
[7.498s] INFO:colcon.colcon_core.shell:Creating package script '/home/pi/ams_ws/install/ros2_control_ams/share/ros2_control_ams/package.ps1'
[7.502s] INFO:colcon.colcon_core.shell:Creating package descriptor '/home/pi/ams_ws/install/ros2_control_ams/share/ros2_control_ams/package.dsv'
[7.512s] INFO:colcon.colcon_core.shell:Creating package script '/home/pi/ams_ws/install/ros2_control_ams/share/ros2_control_ams/package.sh'
[7.515s] INFO:colcon.colcon_core.shell:Creating package script '/home/pi/ams_ws/install/ros2_control_ams/share/ros2_control_ams/package.bash'
[7.517s] INFO:colcon.colcon_core.shell:Creating package script '/home/pi/ams_ws/install/ros2_control_ams/share/ros2_control_ams/package.zsh'
[7.520s] Level 1:colcon.colcon_core.environment:create_file_with_runtime_dependencies(/home/pi/ams_ws/install/ros2_control_ams/share/colcon-core/packages/ros2_control_ams)
[7.732s] Level 1:colcon.colcon_core.environment:create_environment_scripts_only(ros2_control_ams)
[7.756s] Level 1:colcon.colcon_core.environment:checking '/home/pi/ams_ws/install/ros2_control_ams' for CMake module files
[7.760s] Level 1:colcon.colcon_core.environment:checking '/home/pi/ams_ws/install/ros2_control_ams' for CMake config files
[7.764s] Level 1:colcon.colcon_core.shell:create_environment_hook('ros2_control_ams', 'cmake_prefix_path')
[7.785s] INFO:colcon.colcon_core.shell:Creating environment hook '/home/pi/ams_ws/install/ros2_control_ams/share/ros2_control_ams/hook/cmake_prefix_path.ps1'
[7.787s] INFO:colcon.colcon_core.shell:Creating environment descriptor '/home/pi/ams_ws/install/ros2_control_ams/share/ros2_control_ams/hook/cmake_prefix_path.dsv'
[7.789s] INFO:colcon.colcon_core.shell:Creating environment hook '/home/pi/ams_ws/install/ros2_control_ams/share/ros2_control_ams/hook/cmake_prefix_path.sh'
[7.792s] Level 1:colcon.colcon_core.environment:checking '/home/pi/ams_ws/install/ros2_control_ams/lib'
[7.792s] Level 1:colcon.colcon_core.shell:create_environment_hook('ros2_control_ams', 'ld_library_path_lib')
[7.813s] INFO:colcon.colcon_core.shell:Creating environment hook '/home/pi/ams_ws/install/ros2_control_ams/share/ros2_control_ams/hook/ld_library_path_lib.ps1'
[7.815s] INFO:colcon.colcon_core.shell:Creating environment descriptor '/home/pi/ams_ws/install/ros2_control_ams/share/ros2_control_ams/hook/ld_library_path_lib.dsv'
[7.817s] INFO:colcon.colcon_core.shell:Creating environment hook '/home/pi/ams_ws/install/ros2_control_ams/share/ros2_control_ams/hook/ld_library_path_lib.sh'
[7.819s] Level 1:colcon.colcon_core.environment:checking '/home/pi/ams_ws/install/ros2_control_ams/bin'
[7.819s] Level 1:colcon.colcon_core.environment:checking '/home/pi/ams_ws/install/ros2_control_ams/lib/pkgconfig/ros2_control_ams.pc'
[7.820s] Level 1:colcon.colcon_core.environment:checking '/home/pi/ams_ws/install/ros2_control_ams/lib/python3.10/site-packages'
[7.821s] Level 1:colcon.colcon_core.environment:checking '/home/pi/ams_ws/install/ros2_control_ams/bin'
[7.843s] INFO:colcon.colcon_core.shell:Creating package script '/home/pi/ams_ws/install/ros2_control_ams/share/ros2_control_ams/package.ps1'
[7.845s] INFO:colcon.colcon_core.shell:Creating package descriptor '/home/pi/ams_ws/install/ros2_control_ams/share/ros2_control_ams/package.dsv'
[7.848s] INFO:colcon.colcon_core.shell:Creating package script '/home/pi/ams_ws/install/ros2_control_ams/share/ros2_control_ams/package.sh'
[7.851s] INFO:colcon.colcon_core.shell:Creating package script '/home/pi/ams_ws/install/ros2_control_ams/share/ros2_control_ams/package.bash'
[7.853s] INFO:colcon.colcon_core.shell:Creating package script '/home/pi/ams_ws/install/ros2_control_ams/share/ros2_control_ams/package.zsh'
[7.856s] Level 1:colcon.colcon_core.environment:create_file_with_runtime_dependencies(/home/pi/ams_ws/install/ros2_control_ams/share/colcon-core/packages/ros2_control_ams)
[7.867s] DEBUG:colcon.colcon_core.event_handler.log_command:Invoked command in '/home/pi/ams_ws/build/sllidar_ros2' returned '0': CMAKE_PREFIX_PATH=/opt/ros/humble /usr/bin/cmake --build /home/pi/ams_ws/build/sllidar_ros2 -- -j4 -l4
[8.141s] DEBUG:colcon.colcon_core.event_handler.log_command:Invoking command in '/home/pi/ams_ws/build/sllidar_ros2': CMAKE_PREFIX_PATH=/opt/ros/humble /usr/bin/cmake --install /home/pi/ams_ws/build/sllidar_ros2
[8.267s] Level 1:colcon.colcon_core.environment:create_environment_scripts_only(sllidar_ros2)
[8.284s] DEBUG:colcon.colcon_core.event_handler.log_command:Invoked command in '/home/pi/ams_ws/build/sllidar_ros2' returned '0': CMAKE_PREFIX_PATH=/opt/ros/humble /usr/bin/cmake --install /home/pi/ams_ws/build/sllidar_ros2
[8.296s] Level 1:colcon.colcon_core.environment:checking '/home/pi/ams_ws/install/sllidar_ros2' for CMake module files
[8.299s] Level 1:colcon.colcon_core.environment:checking '/home/pi/ams_ws/install/sllidar_ros2' for CMake config files
[8.305s] Level 1:colcon.colcon_core.shell:create_environment_hook('sllidar_ros2', 'cmake_prefix_path')
[8.326s] INFO:colcon.colcon_core.shell:Creating environment hook '/home/pi/ams_ws/install/sllidar_ros2/share/sllidar_ros2/hook/cmake_prefix_path.ps1'
[8.328s] INFO:colcon.colcon_core.shell:Creating environment descriptor '/home/pi/ams_ws/install/sllidar_ros2/share/sllidar_ros2/hook/cmake_prefix_path.dsv'
[8.330s] INFO:colcon.colcon_core.shell:Creating environment hook '/home/pi/ams_ws/install/sllidar_ros2/share/sllidar_ros2/hook/cmake_prefix_path.sh'
[8.333s] Level 1:colcon.colcon_core.environment:checking '/home/pi/ams_ws/install/sllidar_ros2/lib'
[8.334s] Level 1:colcon.colcon_core.environment:checking '/home/pi/ams_ws/install/sllidar_ros2/bin'
[8.334s] Level 1:colcon.colcon_core.environment:checking '/home/pi/ams_ws/install/sllidar_ros2/lib/pkgconfig/sllidar_ros2.pc'
[8.335s] Level 1:colcon.colcon_core.environment:checking '/home/pi/ams_ws/install/sllidar_ros2/lib/python3.10/site-packages'
[8.336s] Level 1:colcon.colcon_core.environment:checking '/home/pi/ams_ws/install/sllidar_ros2/bin'
[8.359s] INFO:colcon.colcon_core.shell:Creating package script '/home/pi/ams_ws/install/sllidar_ros2/share/sllidar_ros2/package.ps1'
[8.361s] INFO:colcon.colcon_core.shell:Creating package descriptor '/home/pi/ams_ws/install/sllidar_ros2/share/sllidar_ros2/package.dsv'
[8.364s] INFO:colcon.colcon_core.shell:Creating package script '/home/pi/ams_ws/install/sllidar_ros2/share/sllidar_ros2/package.sh'
[8.366s] INFO:colcon.colcon_core.shell:Creating package script '/home/pi/ams_ws/install/sllidar_ros2/share/sllidar_ros2/package.bash'
[8.369s] INFO:colcon.colcon_core.shell:Creating package script '/home/pi/ams_ws/install/sllidar_ros2/share/sllidar_ros2/package.zsh'
[8.371s] Level 1:colcon.colcon_core.environment:create_file_with_runtime_dependencies(/home/pi/ams_ws/install/sllidar_ros2/share/colcon-core/packages/sllidar_ros2)
[8.697s] Level 1:colcon.colcon_core.environment:create_environment_scripts_only(sllidar_ros2)
[8.722s] Level 1:colcon.colcon_core.environment:checking '/home/pi/ams_ws/install/sllidar_ros2' for CMake module files
[8.725s] Level 1:colcon.colcon_core.environment:checking '/home/pi/ams_ws/install/sllidar_ros2' for CMake config files
[8.729s] Level 1:colcon.colcon_core.shell:create_environment_hook('sllidar_ros2', 'cmake_prefix_path')
[8.751s] INFO:colcon.colcon_core.shell:Creating environment hook '/home/pi/ams_ws/install/sllidar_ros2/share/sllidar_ros2/hook/cmake_prefix_path.ps1'
[8.753s] INFO:colcon.colcon_core.shell:Creating environment descriptor '/home/pi/ams_ws/install/sllidar_ros2/share/sllidar_ros2/hook/cmake_prefix_path.dsv'
[8.755s] INFO:colcon.colcon_core.shell:Creating environment hook '/home/pi/ams_ws/install/sllidar_ros2/share/sllidar_ros2/hook/cmake_prefix_path.sh'
[8.759s] Level 1:colcon.colcon_core.environment:checking '/home/pi/ams_ws/install/sllidar_ros2/lib'
[8.759s] Level 1:colcon.colcon_core.environment:checking '/home/pi/ams_ws/install/sllidar_ros2/bin'
[8.760s] Level 1:colcon.colcon_core.environment:checking '/home/pi/ams_ws/install/sllidar_ros2/lib/pkgconfig/sllidar_ros2.pc'
[8.761s] Level 1:colcon.colcon_core.environment:checking '/home/pi/ams_ws/install/sllidar_ros2/lib/python3.10/site-packages'
[8.762s] Level 1:colcon.colcon_core.environment:checking '/home/pi/ams_ws/install/sllidar_ros2/bin'
[8.784s] INFO:colcon.colcon_core.shell:Creating package script '/home/pi/ams_ws/install/sllidar_ros2/share/sllidar_ros2/package.ps1'
[8.787s] INFO:colcon.colcon_core.shell:Creating package descriptor '/home/pi/ams_ws/install/sllidar_ros2/share/sllidar_ros2/package.dsv'
[8.791s] INFO:colcon.colcon_core.shell:Creating package script '/home/pi/ams_ws/install/sllidar_ros2/share/sllidar_ros2/package.sh'
[8.794s] INFO:colcon.colcon_core.shell:Creating package script '/home/pi/ams_ws/install/sllidar_ros2/share/sllidar_ros2/package.bash'
[8.796s] INFO:colcon.colcon_core.shell:Creating package script '/home/pi/ams_ws/install/sllidar_ros2/share/sllidar_ros2/package.zsh'
[8.799s] Level 1:colcon.colcon_core.environment:create_file_with_runtime_dependencies(/home/pi/ams_ws/install/sllidar_ros2/share/colcon-core/packages/sllidar_ros2)
[9.091s] DEBUG:colcon.colcon_core.event_handler.log_command:Invoking command in '/home/pi/ams_ws/src/bno055': PYTHONPATH=/home/pi/ams_ws/build/bno055/prefix_override:/home/pi/ams_ws/install/bno055/lib/python3.10/site-packages:${PYTHONPATH} /usr/bin/python3 setup.py egg_info --egg-base ../../build/bno055 build --build-base /home/pi/ams_ws/build/bno055/build install --record /home/pi/ams_ws/build/bno055/install.log --single-version-externally-managed
[9.133s] DEBUG:colcon.colcon_core.event_handler.log_command:Invoking command in '/home/pi/ams_ws/src/nmea_navsat_driver': PYTHONPATH=/home/pi/ams_ws/build/nmea_navsat_driver/prefix_override:/home/pi/ams_ws/install/nmea_navsat_driver/lib/python3.10/site-packages:${PYTHONPATH} /usr/bin/python3 setup.py egg_info --egg-base ../../build/nmea_navsat_driver build --build-base /home/pi/ams_ws/build/nmea_navsat_driver/build install --record /home/pi/ams_ws/build/nmea_navsat_driver/install.log --single-version-externally-managed
[10.938s] DEBUG:colcon.colcon_core.event_handler.log_command:Invoked command in '/home/pi/ams_ws/src/bno055' returned '0': PYTHONPATH=/home/pi/ams_ws/build/bno055/prefix_override:/home/pi/ams_ws/install/bno055/lib/python3.10/site-packages:${PYTHONPATH} /usr/bin/python3 setup.py egg_info --egg-base ../../build/bno055 build --build-base /home/pi/ams_ws/build/bno055/build install --record /home/pi/ams_ws/build/bno055/install.log --single-version-externally-managed
[10.948s] Level 1:colcon.colcon_core.environment:checking '/home/pi/ams_ws/install/bno055' for CMake module files
[10.951s] Level 1:colcon.colcon_core.environment:checking '/home/pi/ams_ws/install/bno055' for CMake config files
[10.956s] Level 1:colcon.colcon_core.environment:checking '/home/pi/ams_ws/install/bno055/lib'
[10.956s] Level 1:colcon.colcon_core.environment:checking '/home/pi/ams_ws/install/bno055/bin'
[10.956s] Level 1:colcon.colcon_core.environment:checking '/home/pi/ams_ws/install/bno055/lib/pkgconfig/bno055.pc'
[10.957s] Level 1:colcon.colcon_core.environment:checking '/home/pi/ams_ws/install/bno055/lib/python3.10/site-packages'
[10.957s] Level 1:colcon.colcon_core.shell:create_environment_hook('bno055', 'pythonpath')
[10.974s] INFO:colcon.colcon_core.shell:Creating environment hook '/home/pi/ams_ws/install/bno055/share/bno055/hook/pythonpath.ps1'
[10.976s] INFO:colcon.colcon_core.shell:Creating environment descriptor '/home/pi/ams_ws/install/bno055/share/bno055/hook/pythonpath.dsv'
[10.978s] INFO:colcon.colcon_core.shell:Creating environment hook '/home/pi/ams_ws/install/bno055/share/bno055/hook/pythonpath.sh'
[10.980s] Level 1:colcon.colcon_core.environment:checking '/home/pi/ams_ws/install/bno055/bin'
[10.980s] Level 1:colcon.colcon_core.environment:create_environment_scripts_only(bno055)
[10.997s] INFO:colcon.colcon_core.shell:Creating package script '/home/pi/ams_ws/install/bno055/share/bno055/package.ps1'
[10.999s] INFO:colcon.colcon_core.shell:Creating package descriptor '/home/pi/ams_ws/install/bno055/share/bno055/package.dsv'
[11.001s] INFO:colcon.colcon_core.shell:Creating package script '/home/pi/ams_ws/install/bno055/share/bno055/package.sh'
[11.003s] INFO:colcon.colcon_core.shell:Creating package script '/home/pi/ams_ws/install/bno055/share/bno055/package.bash'
[11.005s] INFO:colcon.colcon_core.shell:Creating package script '/home/pi/ams_ws/install/bno055/share/bno055/package.zsh'
[11.006s] Level 1:colcon.colcon_core.environment:create_file_with_runtime_dependencies(/home/pi/ams_ws/install/bno055/share/colcon-core/packages/bno055)
[11.033s] Level 1:colcon.colcon_core.environment:checking '/home/pi/ams_ws/install/nmea_navsat_driver' for CMake module files
[11.036s] DEBUG:colcon.colcon_core.event_handler.log_command:Invoked command in '/home/pi/ams_ws/src/nmea_navsat_driver' returned '0': PYTHONPATH=/home/pi/ams_ws/build/nmea_navsat_driver/prefix_override:/home/pi/ams_ws/install/nmea_navsat_driver/lib/python3.10/site-packages:${PYTHONPATH} /usr/bin/python3 setup.py egg_info --egg-base ../../build/nmea_navsat_driver build --build-base /home/pi/ams_ws/build/nmea_navsat_driver/build install --record /home/pi/ams_ws/build/nmea_navsat_driver/install.log --single-version-externally-managed
[11.038s] Level 1:colcon.colcon_core.environment:checking '/home/pi/ams_ws/install/nmea_navsat_driver' for CMake config files
[11.042s] Level 1:colcon.colcon_core.environment:checking '/home/pi/ams_ws/install/nmea_navsat_driver/lib'
[11.042s] Level 1:colcon.colcon_core.environment:checking '/home/pi/ams_ws/install/nmea_navsat_driver/bin'
[11.043s] Level 1:colcon.colcon_core.environment:checking '/home/pi/ams_ws/install/nmea_navsat_driver/lib/pkgconfig/nmea_navsat_driver.pc'
[11.044s] Level 1:colcon.colcon_core.environment:checking '/home/pi/ams_ws/install/nmea_navsat_driver/lib/python3.10/site-packages'
[11.044s] Level 1:colcon.colcon_core.shell:create_environment_hook('nmea_navsat_driver', 'pythonpath')
[11.062s] INFO:colcon.colcon_core.shell:Creating environment hook '/home/pi/ams_ws/install/nmea_navsat_driver/share/nmea_navsat_driver/hook/pythonpath.ps1'
[11.063s] INFO:colcon.colcon_core.shell:Creating environment descriptor '/home/pi/ams_ws/install/nmea_navsat_driver/share/nmea_navsat_driver/hook/pythonpath.dsv'
[11.065s] INFO:colcon.colcon_core.shell:Creating environment hook '/home/pi/ams_ws/install/nmea_navsat_driver/share/nmea_navsat_driver/hook/pythonpath.sh'
[11.067s] Level 1:colcon.colcon_core.environment:checking '/home/pi/ams_ws/install/nmea_navsat_driver/bin'
[11.068s] Level 1:colcon.colcon_core.environment:create_environment_scripts_only(nmea_navsat_driver)
[11.085s] INFO:colcon.colcon_core.shell:Creating package script '/home/pi/ams_ws/install/nmea_navsat_driver/share/nmea_navsat_driver/package.ps1'
[11.087s] INFO:colcon.colcon_core.shell:Creating package descriptor '/home/pi/ams_ws/install/nmea_navsat_driver/share/nmea_navsat_driver/package.dsv'
[11.089s] INFO:colcon.colcon_core.shell:Creating package script '/home/pi/ams_ws/install/nmea_navsat_driver/share/nmea_navsat_driver/package.sh'
[11.091s] INFO:colcon.colcon_core.shell:Creating package script '/home/pi/ams_ws/install/nmea_navsat_driver/share/nmea_navsat_driver/package.bash'
[11.093s] INFO:colcon.colcon_core.shell:Creating package script '/home/pi/ams_ws/install/nmea_navsat_driver/share/nmea_navsat_driver/package.zsh'
[11.094s] Level 1:colcon.colcon_core.environment:create_file_with_runtime_dependencies(/home/pi/ams_ws/install/nmea_navsat_driver/share/colcon-core/packages/nmea_navsat_driver)
[11.095s] DEBUG:colcon.colcon_parallel_executor.executor.parallel:closing loop
[11.096s] DEBUG:colcon.colcon_parallel_executor.executor.parallel:loop closed
[11.097s] DEBUG:colcon.colcon_parallel_executor.executor.parallel:run_until_complete finished with '0'
[11.097s] DEBUG:colcon.colcon_core.event_reactor:joining thread
[11.134s] INFO:colcon.colcon_core.plugin_system:Skipping extension 'colcon_notification.desktop_notification.notify_send': Could not find 'notify-send'
[11.134s] INFO:colcon.colcon_core.plugin_system:Skipping extension 'colcon_notification.desktop_notification.terminal_notifier': Not used on non-Darwin systems
[11.134s] INFO:colcon.colcon_core.plugin_system:Skipping extension 'colcon_notification.desktop_notification.win32': Not used on non-Windows systems
[11.134s] INFO:colcon.colcon_notification.desktop_notification:Sending desktop notification using 'notify2'
[11.137s] DEBUG:colcon.colcon_notification.desktop_notification.notify2:Failed to initialize notify2: org.freedesktop.DBus.Error.ServiceUnknown: The name org.freedesktop.Notifications was not provided by any .service files
[11.138s] DEBUG:colcon.colcon_core.event_reactor:joined thread
[11.158s] INFO:colcon.colcon_core.shell:Creating prefix script '/home/pi/ams_ws/install/local_setup.ps1'
[11.161s] INFO:colcon.colcon_core.shell:Creating prefix util module '/home/pi/ams_ws/install/_local_setup_util_ps1.py'
[11.167s] INFO:colcon.colcon_core.shell:Creating prefix chain script '/home/pi/ams_ws/install/setup.ps1'
[11.185s] INFO:colcon.colcon_core.shell:Creating prefix script '/home/pi/ams_ws/install/local_setup.sh'
[11.187s] INFO:colcon.colcon_core.shell:Creating prefix util module '/home/pi/ams_ws/install/_local_setup_util_sh.py'
[11.190s] INFO:colcon.colcon_core.shell:Creating prefix chain script '/home/pi/ams_ws/install/setup.sh'
[11.207s] INFO:colcon.colcon_core.shell:Creating prefix script '/home/pi/ams_ws/install/local_setup.bash'
[11.209s] INFO:colcon.colcon_core.shell:Creating prefix chain script '/home/pi/ams_ws/install/setup.bash'
[11.227s] INFO:colcon.colcon_core.shell:Creating prefix script '/home/pi/ams_ws/install/local_setup.zsh'
[11.229s] INFO:colcon.colcon_core.shell:Creating prefix chain script '/home/pi/ams_ws/install/setup.zsh'
