[9.029s] Invoking command in '/home/pi/ams_ws/src/bno055': PYTHONPATH=/home/pi/ams_ws/build/bno055/prefix_override:/home/pi/ams_ws/install/bno055/lib/python3.10/site-packages:${PYTHONPATH} /usr/bin/python3 setup.py egg_info --egg-base ../../build/bno055 build --build-base /home/pi/ams_ws/build/bno055/build install --record /home/pi/ams_ws/build/bno055/install.log --single-version-externally-managed
[10.854s] running egg_info
[10.858s] writing ../../build/bno055/bno055.egg-info/PKG-INFO
[10.864s] writing dependency_links to ../../build/bno055/bno055.egg-info/dependency_links.txt
[10.869s] writing entry points to ../../build/bno055/bno055.egg-info/entry_points.txt
[10.870s] writing requirements to ../../build/bno055/bno055.egg-info/requires.txt
[10.871s] writing top-level names to ../../build/bno055/bno055.egg-info/top_level.txt
[10.883s] reading manifest file '../../build/bno055/bno055.egg-info/SOURCES.txt'
[10.886s] adding license file 'LICENSE'
[10.887s] adding license file 'AUTHORS'
[10.890s] writing manifest file '../../build/bno055/bno055.egg-info/SOURCES.txt'
[10.891s] running build
[10.891s] running build_py
[10.905s] running install
[10.907s] running install_lib
[10.924s] running install_data
[10.933s] running install_egg_info
[10.941s] removing '/home/pi/ams_ws/install/bno055/lib/python3.10/site-packages/bno055-0.4.1-py3.10.egg-info' (and everything under it)
[10.942s] Copying ../../build/bno055/bno055.egg-info to /home/pi/ams_ws/install/bno055/lib/python3.10/site-packages/bno055-0.4.1-py3.10.egg-info
[10.949s] running install_scripts
[11.052s] Installing bno055 script to /home/pi/ams_ws/install/bno055/lib/bno055
[11.071s] writing list of installed files to '/home/pi/ams_ws/build/bno055/install.log'
[11.418s] Invoked command in '/home/pi/ams_ws/src/bno055' returned '0': PYTHONPATH=/home/pi/ams_ws/build/bno055/prefix_override:/home/pi/ams_ws/install/bno055/lib/python3.10/site-packages:${PYTHONPATH} /usr/bin/python3 setup.py egg_info --egg-base ../../build/bno055 build --build-base /home/pi/ams_ws/build/bno055/build install --record /home/pi/ams_ws/build/bno055/install.log --single-version-externally-managed
