[3.385s] Invoking command in '/home/pi/ams_ws/src/bno055': PYTHONPATH=/home/pi/ams_ws/build/bno055/prefix_override:/home/pi/ams_ws/install/bno055/lib/python3.10/site-packages:${PYTHONPATH} /usr/bin/python3 setup.py egg_info --egg-base ../../build/bno055 build --build-base /home/pi/ams_ws/build/bno055/build install --record /home/pi/ams_ws/build/bno055/install.log --single-version-externally-managed
[4.664s] running egg_info
[4.666s] writing ../../build/bno055/bno055.egg-info/PKG-INFO
[4.667s] writing dependency_links to ../../build/bno055/bno055.egg-info/dependency_links.txt
[4.668s] writing entry points to ../../build/bno055/bno055.egg-info/entry_points.txt
[4.669s] writing requirements to ../../build/bno055/bno055.egg-info/requires.txt
[4.669s] writing top-level names to ../../build/bno055/bno055.egg-info/top_level.txt
[4.680s] reading manifest file '../../build/bno055/bno055.egg-info/SOURCES.txt'
[4.681s] adding license file 'LICENSE'
[4.682s] adding license file 'AUTHORS'
[4.684s] writing manifest file '../../build/bno055/bno055.egg-info/SOURCES.txt'
[4.685s] running build
[4.685s] running build_py
[4.692s] running install
[4.693s] running install_lib
[4.702s] running install_data
[4.705s] running install_egg_info
[4.711s] removing '/home/pi/ams_ws/install/bno055/lib/python3.10/site-packages/bno055-0.4.1-py3.10.egg-info' (and everything under it)
[4.713s] Copying ../../build/bno055/bno055.egg-info to /home/pi/ams_ws/install/bno055/lib/python3.10/site-packages/bno055-0.4.1-py3.10.egg-info
[4.718s] running install_scripts
[4.791s] Installing bno055 script to /home/pi/ams_ws/install/bno055/lib/bno055
[4.794s] writing list of installed files to '/home/pi/ams_ws/build/bno055/install.log'
[4.933s] Invoked command in '/home/pi/ams_ws/src/bno055' returned '0': PYTHONPATH=/home/pi/ams_ws/build/bno055/prefix_override:/home/pi/ams_ws/install/bno055/lib/python3.10/site-packages:${PYTHONPATH} /usr/bin/python3 setup.py egg_info --egg-base ../../build/bno055 build --build-base /home/pi/ams_ws/build/bno055/build install --record /home/pi/ams_ws/build/bno055/install.log --single-version-externally-managed
