[2.412s] DEBUG:colcon:Command line arguments: ['/home/pi/.local/bin/colcon', 'build']
[2.412s] DEBUG:colcon:Parsed command line arguments: Namespace(log_base=None, log_level=None, verb_name='build', build_base='build', install_base='install', merge_install=False, symlink_install=False, test_result_base=None, continue_on_error=False, executor='parallel', parallel_workers=4, event_handlers=None, ignore_user_meta=False, metas=['./colcon.meta'], base_paths=['.'], packages_ignore=None, packages_ignore_regex=None, paths=None, packages_up_to=None, packages_up_to_regex=None, packages_above=None, packages_above_and_dependencies=None, packages_above_depth=None, packages_select_by_dep=None, packages_skip_by_dep=None, packages_skip_up_to=None, packages_select_build_failed=False, packages_skip_build_finished=False, packages_select_test_failures=False, packages_skip_test_passed=False, packages_select=None, packages_skip=None, packages_select_regex=None, packages_skip_regex=None, packages_start=None, packages_end=None, allow_overriding=[], cmake_args=None, cmake_target=None, cmake_target_skip_unavailable=False, cmake_clean_cache=False, cmake_clean_first=False, cmake_force_configure=False, ament_cmake_args=None, catkin_cmake_args=None, catkin_skip_building_tests=False, verb_parser=<colcon_defaults.argument_parser.defaults.DefaultArgumentsDecorator object at 0xffffa5137670>, verb_extension=<colcon_core.verb.build.BuildVerb object at 0xffffa5137100>, main=<bound method BuildVerb.main of <colcon_core.verb.build.BuildVerb object at 0xffffa5137100>>)
[2.528s] Level 1:colcon.colcon_core.package_discovery:discover_packages(colcon_meta) check parameters
[2.529s] Level 1:colcon.colcon_core.package_discovery:discover_packages(recursive) check parameters
[2.529s] Level 1:colcon.colcon_core.package_discovery:discover_packages(ignore) check parameters
[2.529s] Level 1:colcon.colcon_core.package_discovery:discover_packages(path) check parameters
[2.529s] Level 1:colcon.colcon_core.package_discovery:discover_packages(colcon_meta) discover
[2.529s] Level 1:colcon.colcon_core.package_discovery:discover_packages(recursive) discover
[2.529s] INFO:colcon.colcon_core.package_discovery:Crawling recursively for packages in '/home/pi/ams_ws'
[2.530s] Level 1:colcon.colcon_core.package_identification:_identify(.) by extensions ['ignore', 'ignore_ament_install']
[2.530s] Level 1:colcon.colcon_core.package_identification:_identify(.) by extension 'ignore'
[2.530s] Level 1:colcon.colcon_core.package_identification:_identify(.) by extension 'ignore_ament_install'
[2.530s] Level 1:colcon.colcon_core.package_identification:_identify(.) by extensions ['colcon_pkg']
[2.531s] Level 1:colcon.colcon_core.package_identification:_identify(.) by extension 'colcon_pkg'
[2.531s] Level 1:colcon.colcon_core.package_identification:_identify(.) by extensions ['colcon_meta']
[2.531s] Level 1:colcon.colcon_core.package_identification:_identify(.) by extension 'colcon_meta'
[2.531s] Level 1:colcon.colcon_core.package_identification:_identify(.) by extensions ['ros']
[2.531s] Level 1:colcon.colcon_core.package_identification:_identify(.) by extension 'ros'
[2.574s] Level 1:colcon.colcon_core.package_identification:_identify(.) by extensions ['cmake', 'python']
[2.575s] Level 1:colcon.colcon_core.package_identification:_identify(.) by extension 'cmake'
[2.575s] Level 1:colcon.colcon_core.package_identification:_identify(.) by extension 'python'
[2.575s] Level 1:colcon.colcon_core.package_identification:_identify(.) by extensions ['python_setup_py']
[2.575s] Level 1:colcon.colcon_core.package_identification:_identify(.) by extension 'python_setup_py'
[2.576s] Level 1:colcon.colcon_core.package_identification:_identify(build) by extensions ['ignore', 'ignore_ament_install']
[2.576s] Level 1:colcon.colcon_core.package_identification:_identify(build) by extension 'ignore'
[2.576s] Level 1:colcon.colcon_core.package_identification:_identify(build) ignored
[2.577s] Level 1:colcon.colcon_core.package_identification:_identify(install) by extensions ['ignore', 'ignore_ament_install']
[2.577s] Level 1:colcon.colcon_core.package_identification:_identify(install) by extension 'ignore'
[2.577s] Level 1:colcon.colcon_core.package_identification:_identify(install) ignored
[2.578s] Level 1:colcon.colcon_core.package_identification:_identify(log) by extensions ['ignore', 'ignore_ament_install']
[2.579s] Level 1:colcon.colcon_core.package_identification:_identify(log) by extension 'ignore'
[2.579s] Level 1:colcon.colcon_core.package_identification:_identify(log) ignored
[2.579s] Level 1:colcon.colcon_core.package_identification:_identify(src) by extensions ['ignore', 'ignore_ament_install']
[2.579s] Level 1:colcon.colcon_core.package_identification:_identify(src) by extension 'ignore'
[2.580s] Level 1:colcon.colcon_core.package_identification:_identify(src) by extension 'ignore_ament_install'
[2.580s] Level 1:colcon.colcon_core.package_identification:_identify(src) by extensions ['colcon_pkg']
[2.580s] Level 1:colcon.colcon_core.package_identification:_identify(src) by extension 'colcon_pkg'
[2.580s] Level 1:colcon.colcon_core.package_identification:_identify(src) by extensions ['colcon_meta']
[2.580s] Level 1:colcon.colcon_core.package_identification:_identify(src) by extension 'colcon_meta'
[2.580s] Level 1:colcon.colcon_core.package_identification:_identify(src) by extensions ['ros']
[2.581s] Level 1:colcon.colcon_core.package_identification:_identify(src) by extension 'ros'
[2.581s] Level 1:colcon.colcon_core.package_identification:_identify(src) by extensions ['cmake', 'python']
[2.581s] Level 1:colcon.colcon_core.package_identification:_identify(src) by extension 'cmake'
[2.581s] Level 1:colcon.colcon_core.package_identification:_identify(src) by extension 'python'
[2.581s] Level 1:colcon.colcon_core.package_identification:_identify(src) by extensions ['python_setup_py']
[2.581s] Level 1:colcon.colcon_core.package_identification:_identify(src) by extension 'python_setup_py'
[2.582s] Level 1:colcon.colcon_core.package_identification:_identify(src/ams_description) by extensions ['ignore', 'ignore_ament_install']
[2.582s] Level 1:colcon.colcon_core.package_identification:_identify(src/ams_description) by extension 'ignore'
[2.582s] Level 1:colcon.colcon_core.package_identification:_identify(src/ams_description) by extension 'ignore_ament_install'
[2.583s] Level 1:colcon.colcon_core.package_identification:_identify(src/ams_description) by extensions ['colcon_pkg']
[2.583s] Level 1:colcon.colcon_core.package_identification:_identify(src/ams_description) by extension 'colcon_pkg'
[2.583s] Level 1:colcon.colcon_core.package_identification:_identify(src/ams_description) by extensions ['colcon_meta']
[2.583s] Level 1:colcon.colcon_core.package_identification:_identify(src/ams_description) by extension 'colcon_meta'
[2.583s] Level 1:colcon.colcon_core.package_identification:_identify(src/ams_description) by extensions ['ros']
[2.583s] Level 1:colcon.colcon_core.package_identification:_identify(src/ams_description) by extension 'ros'
[2.593s] DEBUG:colcon.colcon_core.package_identification:Package 'src/ams_description' with type 'ros.ament_cmake' and name 'ros2_control_ams'
[2.594s] Level 1:colcon.colcon_core.package_identification:_identify(src/ams_hardware) by extensions ['ignore', 'ignore_ament_install']
[2.594s] Level 1:colcon.colcon_core.package_identification:_identify(src/ams_hardware) by extension 'ignore'
[2.595s] Level 1:colcon.colcon_core.package_identification:_identify(src/ams_hardware) by extension 'ignore_ament_install'
[2.595s] Level 1:colcon.colcon_core.package_identification:_identify(src/ams_hardware) by extensions ['colcon_pkg']
[2.595s] Level 1:colcon.colcon_core.package_identification:_identify(src/ams_hardware) by extension 'colcon_pkg'
[2.595s] Level 1:colcon.colcon_core.package_identification:_identify(src/ams_hardware) by extensions ['colcon_meta']
[2.595s] Level 1:colcon.colcon_core.package_identification:_identify(src/ams_hardware) by extension 'colcon_meta'
[2.596s] Level 1:colcon.colcon_core.package_identification:_identify(src/ams_hardware) by extensions ['ros']
[2.596s] Level 1:colcon.colcon_core.package_identification:_identify(src/ams_hardware) by extension 'ros'
[2.597s] DEBUG:colcon.colcon_core.package_identification:Package 'src/ams_hardware' with type 'ros.ament_cmake' and name 'ams_hardware'
[2.598s] Level 1:colcon.colcon_core.package_identification:_identify(src/bno055) by extensions ['ignore', 'ignore_ament_install']
[2.598s] Level 1:colcon.colcon_core.package_identification:_identify(src/bno055) by extension 'ignore'
[2.599s] Level 1:colcon.colcon_core.package_identification:_identify(src/bno055) by extension 'ignore_ament_install'
[2.599s] Level 1:colcon.colcon_core.package_identification:_identify(src/bno055) by extensions ['colcon_pkg']
[2.599s] Level 1:colcon.colcon_core.package_identification:_identify(src/bno055) by extension 'colcon_pkg'
[2.599s] Level 1:colcon.colcon_core.package_identification:_identify(src/bno055) by extensions ['colcon_meta']
[2.599s] Level 1:colcon.colcon_core.package_identification:_identify(src/bno055) by extension 'colcon_meta'
[2.600s] Level 1:colcon.colcon_core.package_identification:_identify(src/bno055) by extensions ['ros']
[2.600s] Level 1:colcon.colcon_core.package_identification:_identify(src/bno055) by extension 'ros'
[2.607s] DEBUG:colcon.colcon_core.package_identification:Package 'src/bno055' with type 'ros.ament_python' and name 'bno055'
[2.607s] Level 1:colcon.colcon_core.package_identification:_identify(src/build) by extensions ['ignore', 'ignore_ament_install']
[2.608s] Level 1:colcon.colcon_core.package_identification:_identify(src/build) by extension 'ignore'
[2.608s] Level 1:colcon.colcon_core.package_identification:_identify(src/build) ignored
[2.608s] Level 1:colcon.colcon_core.package_identification:_identify(src/install) by extensions ['ignore', 'ignore_ament_install']
[2.609s] Level 1:colcon.colcon_core.package_identification:_identify(src/install) by extension 'ignore'
[2.609s] Level 1:colcon.colcon_core.package_identification:_identify(src/install) ignored
[2.609s] Level 1:colcon.colcon_core.package_identification:_identify(src/log) by extensions ['ignore', 'ignore_ament_install']
[2.610s] Level 1:colcon.colcon_core.package_identification:_identify(src/log) by extension 'ignore'
[2.610s] Level 1:colcon.colcon_core.package_identification:_identify(src/log) ignored
[2.610s] Level 1:colcon.colcon_core.package_identification:_identify(src/nmea_navsat_driver) by extensions ['ignore', 'ignore_ament_install']
[2.610s] Level 1:colcon.colcon_core.package_identification:_identify(src/nmea_navsat_driver) by extension 'ignore'
[2.611s] Level 1:colcon.colcon_core.package_identification:_identify(src/nmea_navsat_driver) by extension 'ignore_ament_install'
[2.611s] Level 1:colcon.colcon_core.package_identification:_identify(src/nmea_navsat_driver) by extensions ['colcon_pkg']
[2.611s] Level 1:colcon.colcon_core.package_identification:_identify(src/nmea_navsat_driver) by extension 'colcon_pkg'
[2.611s] Level 1:colcon.colcon_core.package_identification:_identify(src/nmea_navsat_driver) by extensions ['colcon_meta']
[2.611s] Level 1:colcon.colcon_core.package_identification:_identify(src/nmea_navsat_driver) by extension 'colcon_meta'
[2.611s] Level 1:colcon.colcon_core.package_identification:_identify(src/nmea_navsat_driver) by extensions ['ros']
[2.612s] Level 1:colcon.colcon_core.package_identification:_identify(src/nmea_navsat_driver) by extension 'ros'
[2.614s] DEBUG:colcon.colcon_core.package_identification:Package 'src/nmea_navsat_driver' with type 'ros.ament_python' and name 'nmea_navsat_driver'
[2.614s] Level 1:colcon.colcon_core.package_identification:_identify(src/sllidar_ros2) by extensions ['ignore', 'ignore_ament_install']
[2.615s] Level 1:colcon.colcon_core.package_identification:_identify(src/sllidar_ros2) by extension 'ignore'
[2.615s] Level 1:colcon.colcon_core.package_identification:_identify(src/sllidar_ros2) by extension 'ignore_ament_install'
[2.615s] Level 1:colcon.colcon_core.package_identification:_identify(src/sllidar_ros2) by extensions ['colcon_pkg']
[2.615s] Level 1:colcon.colcon_core.package_identification:_identify(src/sllidar_ros2) by extension 'colcon_pkg'
[2.616s] Level 1:colcon.colcon_core.package_identification:_identify(src/sllidar_ros2) by extensions ['colcon_meta']
[2.616s] Level 1:colcon.colcon_core.package_identification:_identify(src/sllidar_ros2) by extension 'colcon_meta'
[2.616s] Level 1:colcon.colcon_core.package_identification:_identify(src/sllidar_ros2) by extensions ['ros']
[2.616s] Level 1:colcon.colcon_core.package_identification:_identify(src/sllidar_ros2) by extension 'ros'
[2.618s] DEBUG:colcon.colcon_core.package_identification:Package 'src/sllidar_ros2' with type 'ros.ament_cmake' and name 'sllidar_ros2'
[2.619s] Level 1:colcon.colcon_core.package_discovery:discover_packages(recursive) using defaults
[2.619s] Level 1:colcon.colcon_core.package_discovery:discover_packages(ignore) discover
[2.619s] Level 1:colcon.colcon_core.package_discovery:discover_packages(ignore) using defaults
[2.619s] Level 1:colcon.colcon_core.package_discovery:discover_packages(path) discover
[2.619s] Level 1:colcon.colcon_core.package_discovery:discover_packages(path) using defaults
[2.748s] Level 1:colcon.colcon_core.package_discovery:discover_packages(prefix_path) check parameters
[2.748s] Level 1:colcon.colcon_core.package_discovery:discover_packages(prefix_path) discover
[2.784s] DEBUG:colcon.colcon_installed_package_information.package_discovery:Found 8 installed packages in /home/pi/ams_ws/install
[2.808s] DEBUG:colcon.colcon_installed_package_information.package_discovery:Found 404 installed packages in /opt/ros/humble
[2.819s] Level 1:colcon.colcon_core.package_discovery:discover_packages(prefix_path) using defaults
[3.175s] Level 5:colcon.colcon_core.verb:set package 'ams_hardware' build argument 'cmake_args' from command line to 'None'
[3.175s] Level 5:colcon.colcon_core.verb:set package 'ams_hardware' build argument 'cmake_target' from command line to 'None'
[3.175s] Level 5:colcon.colcon_core.verb:set package 'ams_hardware' build argument 'cmake_target_skip_unavailable' from command line to 'False'
[3.175s] Level 5:colcon.colcon_core.verb:set package 'ams_hardware' build argument 'cmake_clean_cache' from command line to 'False'
[3.176s] Level 5:colcon.colcon_core.verb:set package 'ams_hardware' build argument 'cmake_clean_first' from command line to 'False'
[3.176s] Level 5:colcon.colcon_core.verb:set package 'ams_hardware' build argument 'cmake_force_configure' from command line to 'False'
[3.176s] Level 5:colcon.colcon_core.verb:set package 'ams_hardware' build argument 'ament_cmake_args' from command line to 'None'
[3.176s] Level 5:colcon.colcon_core.verb:set package 'ams_hardware' build argument 'catkin_cmake_args' from command line to 'None'
[3.176s] Level 5:colcon.colcon_core.verb:set package 'ams_hardware' build argument 'catkin_skip_building_tests' from command line to 'False'
[3.176s] DEBUG:colcon.colcon_core.verb:Building package 'ams_hardware' with the following arguments: {'ament_cmake_args': None, 'build_base': '/home/pi/ams_ws/build/ams_hardware', 'catkin_cmake_args': None, 'catkin_skip_building_tests': False, 'cmake_args': None, 'cmake_clean_cache': False, 'cmake_clean_first': False, 'cmake_force_configure': False, 'cmake_target': None, 'cmake_target_skip_unavailable': False, 'install_base': '/home/pi/ams_ws/install/ams_hardware', 'merge_install': False, 'path': '/home/pi/ams_ws/src/ams_hardware', 'symlink_install': False, 'test_result_base': None}
[3.204s] Level 5:colcon.colcon_core.verb:set package 'bno055' build argument 'cmake_args' from command line to 'None'
[3.204s] Level 5:colcon.colcon_core.verb:set package 'bno055' build argument 'cmake_target' from command line to 'None'
[3.204s] Level 5:colcon.colcon_core.verb:set package 'bno055' build argument 'cmake_target_skip_unavailable' from command line to 'False'
[3.205s] Level 5:colcon.colcon_core.verb:set package 'bno055' build argument 'cmake_clean_cache' from command line to 'False'
[3.205s] Level 5:colcon.colcon_core.verb:set package 'bno055' build argument 'cmake_clean_first' from command line to 'False'
[3.205s] Level 5:colcon.colcon_core.verb:set package 'bno055' build argument 'cmake_force_configure' from command line to 'False'
[3.205s] Level 5:colcon.colcon_core.verb:set package 'bno055' build argument 'ament_cmake_args' from command line to 'None'
[3.205s] Level 5:colcon.colcon_core.verb:set package 'bno055' build argument 'catkin_cmake_args' from command line to 'None'
[3.205s] Level 5:colcon.colcon_core.verb:set package 'bno055' build argument 'catkin_skip_building_tests' from command line to 'False'
[3.205s] DEBUG:colcon.colcon_core.verb:Building package 'bno055' with the following arguments: {'ament_cmake_args': None, 'build_base': '/home/pi/ams_ws/build/bno055', 'catkin_cmake_args': None, 'catkin_skip_building_tests': False, 'cmake_args': None, 'cmake_clean_cache': False, 'cmake_clean_first': False, 'cmake_force_configure': False, 'cmake_target': None, 'cmake_target_skip_unavailable': False, 'install_base': '/home/pi/ams_ws/install/bno055', 'merge_install': False, 'path': '/home/pi/ams_ws/src/bno055', 'symlink_install': False, 'test_result_base': None}
[3.233s] Level 5:colcon.colcon_core.verb:set package 'nmea_navsat_driver' build argument 'cmake_args' from command line to 'None'
[3.233s] Level 5:colcon.colcon_core.verb:set package 'nmea_navsat_driver' build argument 'cmake_target' from command line to 'None'
[3.233s] Level 5:colcon.colcon_core.verb:set package 'nmea_navsat_driver' build argument 'cmake_target_skip_unavailable' from command line to 'False'
[3.233s] Level 5:colcon.colcon_core.verb:set package 'nmea_navsat_driver' build argument 'cmake_clean_cache' from command line to 'False'
[3.234s] Level 5:colcon.colcon_core.verb:set package 'nmea_navsat_driver' build argument 'cmake_clean_first' from command line to 'False'
[3.234s] Level 5:colcon.colcon_core.verb:set package 'nmea_navsat_driver' build argument 'cmake_force_configure' from command line to 'False'
[3.234s] Level 5:colcon.colcon_core.verb:set package 'nmea_navsat_driver' build argument 'ament_cmake_args' from command line to 'None'
[3.234s] Level 5:colcon.colcon_core.verb:set package 'nmea_navsat_driver' build argument 'catkin_cmake_args' from command line to 'None'
[3.234s] Level 5:colcon.colcon_core.verb:set package 'nmea_navsat_driver' build argument 'catkin_skip_building_tests' from command line to 'False'
[3.234s] DEBUG:colcon.colcon_core.verb:Building package 'nmea_navsat_driver' with the following arguments: {'ament_cmake_args': None, 'build_base': '/home/pi/ams_ws/build/nmea_navsat_driver', 'catkin_cmake_args': None, 'catkin_skip_building_tests': False, 'cmake_args': None, 'cmake_clean_cache': False, 'cmake_clean_first': False, 'cmake_force_configure': False, 'cmake_target': None, 'cmake_target_skip_unavailable': False, 'install_base': '/home/pi/ams_ws/install/nmea_navsat_driver', 'merge_install': False, 'path': '/home/pi/ams_ws/src/nmea_navsat_driver', 'symlink_install': False, 'test_result_base': None}
[3.262s] Level 5:colcon.colcon_core.verb:set package 'ros2_control_ams' build argument 'cmake_args' from command line to 'None'
[3.262s] Level 5:colcon.colcon_core.verb:set package 'ros2_control_ams' build argument 'cmake_target' from command line to 'None'
[3.262s] Level 5:colcon.colcon_core.verb:set package 'ros2_control_ams' build argument 'cmake_target_skip_unavailable' from command line to 'False'
[3.262s] Level 5:colcon.colcon_core.verb:set package 'ros2_control_ams' build argument 'cmake_clean_cache' from command line to 'False'
[3.262s] Level 5:colcon.colcon_core.verb:set package 'ros2_control_ams' build argument 'cmake_clean_first' from command line to 'False'
[3.263s] Level 5:colcon.colcon_core.verb:set package 'ros2_control_ams' build argument 'cmake_force_configure' from command line to 'False'
[3.263s] Level 5:colcon.colcon_core.verb:set package 'ros2_control_ams' build argument 'ament_cmake_args' from command line to 'None'
[3.263s] Level 5:colcon.colcon_core.verb:set package 'ros2_control_ams' build argument 'catkin_cmake_args' from command line to 'None'
[3.263s] Level 5:colcon.colcon_core.verb:set package 'ros2_control_ams' build argument 'catkin_skip_building_tests' from command line to 'False'
[3.263s] DEBUG:colcon.colcon_core.verb:Building package 'ros2_control_ams' with the following arguments: {'ament_cmake_args': None, 'build_base': '/home/pi/ams_ws/build/ros2_control_ams', 'catkin_cmake_args': None, 'catkin_skip_building_tests': False, 'cmake_args': None, 'cmake_clean_cache': False, 'cmake_clean_first': False, 'cmake_force_configure': False, 'cmake_target': None, 'cmake_target_skip_unavailable': False, 'install_base': '/home/pi/ams_ws/install/ros2_control_ams', 'merge_install': False, 'path': '/home/pi/ams_ws/src/ams_description', 'symlink_install': False, 'test_result_base': None}
[3.291s] Level 5:colcon.colcon_core.verb:set package 'sllidar_ros2' build argument 'cmake_args' from command line to 'None'
[3.291s] Level 5:colcon.colcon_core.verb:set package 'sllidar_ros2' build argument 'cmake_target' from command line to 'None'
[3.291s] Level 5:colcon.colcon_core.verb:set package 'sllidar_ros2' build argument 'cmake_target_skip_unavailable' from command line to 'False'
[3.291s] Level 5:colcon.colcon_core.verb:set package 'sllidar_ros2' build argument 'cmake_clean_cache' from command line to 'False'
[3.291s] Level 5:colcon.colcon_core.verb:set package 'sllidar_ros2' build argument 'cmake_clean_first' from command line to 'False'
[3.292s] Level 5:colcon.colcon_core.verb:set package 'sllidar_ros2' build argument 'cmake_force_configure' from command line to 'False'
[3.292s] Level 5:colcon.colcon_core.verb:set package 'sllidar_ros2' build argument 'ament_cmake_args' from command line to 'None'
[3.292s] Level 5:colcon.colcon_core.verb:set package 'sllidar_ros2' build argument 'catkin_cmake_args' from command line to 'None'
[3.292s] Level 5:colcon.colcon_core.verb:set package 'sllidar_ros2' build argument 'catkin_skip_building_tests' from command line to 'False'
[3.292s] DEBUG:colcon.colcon_core.verb:Building package 'sllidar_ros2' with the following arguments: {'ament_cmake_args': None, 'build_base': '/home/pi/ams_ws/build/sllidar_ros2', 'catkin_cmake_args': None, 'catkin_skip_building_tests': False, 'cmake_args': None, 'cmake_clean_cache': False, 'cmake_clean_first': False, 'cmake_force_configure': False, 'cmake_target': None, 'cmake_target_skip_unavailable': False, 'install_base': '/home/pi/ams_ws/install/sllidar_ros2', 'merge_install': False, 'path': '/home/pi/ams_ws/src/sllidar_ros2', 'symlink_install': False, 'test_result_base': None}
[3.298s] INFO:colcon.colcon_core.executor:Executing jobs using 'parallel' executor
[3.338s] DEBUG:colcon.colcon_parallel_executor.executor.parallel:run_until_complete
[3.340s] INFO:colcon.colcon_ros.task.ament_cmake.build:Building ROS package in '/home/pi/ams_ws/src/ams_hardware' with build type 'ament_cmake'
[3.340s] INFO:colcon.colcon_cmake.task.cmake.build:Building CMake package in '/home/pi/ams_ws/src/ams_hardware'
[3.371s] INFO:colcon.colcon_core.plugin_system:Skipping extension 'colcon_core.shell.bat': Not used on non-Windows systems
[3.372s] INFO:colcon.colcon_core.shell:Skip shell extension 'powershell' for command environment: Not usable outside of PowerShell
[3.372s] DEBUG:colcon.colcon_core.shell:Skip shell extension 'dsv' for command environment
[3.431s] INFO:colcon.colcon_ros.task.ament_python.build:Building ROS package in '/home/pi/ams_ws/src/bno055' with build type 'ament_python'
[3.432s] Level 1:colcon.colcon_core.shell:create_environment_hook('bno055', 'ament_prefix_path')
[3.452s] INFO:colcon.colcon_core.shell:Creating environment hook '/home/pi/ams_ws/install/bno055/share/bno055/hook/ament_prefix_path.ps1'
[3.455s] INFO:colcon.colcon_core.shell:Creating environment descriptor '/home/pi/ams_ws/install/bno055/share/bno055/hook/ament_prefix_path.dsv'
[3.457s] INFO:colcon.colcon_core.shell:Creating environment hook '/home/pi/ams_ws/install/bno055/share/bno055/hook/ament_prefix_path.sh'
[3.477s] INFO:colcon.colcon_core.shell:Skip shell extension 'powershell' for command environment: Not usable outside of PowerShell
[3.477s] DEBUG:colcon.colcon_core.shell:Skip shell extension 'dsv' for command environment
[3.534s] INFO:colcon.colcon_ros.task.ament_python.build:Building ROS package in '/home/pi/ams_ws/src/nmea_navsat_driver' with build type 'ament_python'
[3.535s] Level 1:colcon.colcon_core.shell:create_environment_hook('nmea_navsat_driver', 'ament_prefix_path')
[3.555s] INFO:colcon.colcon_core.shell:Creating environment hook '/home/pi/ams_ws/install/nmea_navsat_driver/share/nmea_navsat_driver/hook/ament_prefix_path.ps1'
[3.557s] INFO:colcon.colcon_core.shell:Creating environment descriptor '/home/pi/ams_ws/install/nmea_navsat_driver/share/nmea_navsat_driver/hook/ament_prefix_path.dsv'
[3.559s] INFO:colcon.colcon_core.shell:Creating environment hook '/home/pi/ams_ws/install/nmea_navsat_driver/share/nmea_navsat_driver/hook/ament_prefix_path.sh'
[3.577s] INFO:colcon.colcon_core.shell:Skip shell extension 'powershell' for command environment: Not usable outside of PowerShell
[3.577s] DEBUG:colcon.colcon_core.shell:Skip shell extension 'dsv' for command environment
[3.635s] INFO:colcon.colcon_ros.task.ament_cmake.build:Building ROS package in '/home/pi/ams_ws/src/ams_description' with build type 'ament_cmake'
[3.635s] INFO:colcon.colcon_cmake.task.cmake.build:Building CMake package in '/home/pi/ams_ws/src/ams_description'
[3.655s] INFO:colcon.colcon_core.shell:Skip shell extension 'powershell' for command environment: Not usable outside of PowerShell
[3.656s] DEBUG:colcon.colcon_core.shell:Skip shell extension 'dsv' for command environment
[3.730s] DEBUG:colcon.colcon_core.event_handler.log_command:Invoking command in '/home/pi/ams_ws/build/ams_hardware': CMAKE_PREFIX_PATH=${CMAKE_PREFIX_PATH}:/home/pi/ams_ws/install/nmea_navsat_driver:/home/pi/ams_ws/install/bno055:/opt/ros/humble /usr/bin/cmake --build /home/pi/ams_ws/build/ams_hardware -- -j4 -l4
[5.145s] INFO:colcon.colcon_core.task.python.build:Building Python package in '/home/pi/ams_ws/src/bno055'
[5.162s] INFO:colcon.colcon_core.shell:Skip shell extension 'powershell' for command environment: Not usable outside of PowerShell
[5.162s] DEBUG:colcon.colcon_core.shell:Skip shell extension 'dsv' for command environment
[6.616s] INFO:colcon.colcon_core.task.python.build:Building Python package in '/home/pi/ams_ws/src/nmea_navsat_driver'
[6.633s] INFO:colcon.colcon_core.shell:Skip shell extension 'powershell' for command environment: Not usable outside of PowerShell
[6.634s] DEBUG:colcon.colcon_core.shell:Skip shell extension 'dsv' for command environment
[6.699s] DEBUG:colcon.colcon_core.event_handler.log_command:Invoked command in '/home/pi/ams_ws/build/ams_hardware' returned '0': CMAKE_PREFIX_PATH=${CMAKE_PREFIX_PATH}:/home/pi/ams_ws/install/nmea_navsat_driver:/home/pi/ams_ws/install/bno055:/opt/ros/humble /usr/bin/cmake --build /home/pi/ams_ws/build/ams_hardware -- -j4 -l4
[6.719s] DEBUG:colcon.colcon_core.event_handler.log_command:Invoking command in '/home/pi/ams_ws/build/ros2_control_ams': CMAKE_PREFIX_PATH=${CMAKE_PREFIX_PATH}:/home/pi/ams_ws/install/nmea_navsat_driver:/home/pi/ams_ws/install/bno055:/opt/ros/humble /usr/bin/cmake --build /home/pi/ams_ws/build/ros2_control_ams -- -j4 -l4
[6.871s] DEBUG:colcon.colcon_core.event_handler.log_command:Invoking command in '/home/pi/ams_ws/build/ams_hardware': CMAKE_PREFIX_PATH=${CMAKE_PREFIX_PATH}:/home/pi/ams_ws/install/nmea_navsat_driver:/home/pi/ams_ws/install/bno055:/opt/ros/humble /usr/bin/cmake --install /home/pi/ams_ws/build/ams_hardware
[6.943s] Level 1:colcon.colcon_core.environment:create_environment_scripts_only(ams_hardware)
[6.950s] DEBUG:colcon.colcon_core.event_handler.log_command:Invoked command in '/home/pi/ams_ws/build/ams_hardware' returned '0': CMAKE_PREFIX_PATH=${CMAKE_PREFIX_PATH}:/home/pi/ams_ws/install/nmea_navsat_driver:/home/pi/ams_ws/install/bno055:/opt/ros/humble /usr/bin/cmake --install /home/pi/ams_ws/build/ams_hardware
[6.996s] Level 1:colcon.colcon_core.environment:checking '/home/pi/ams_ws/install/ams_hardware' for CMake module files
[6.999s] Level 1:colcon.colcon_core.environment:checking '/home/pi/ams_ws/install/ams_hardware' for CMake config files
[7.003s] Level 1:colcon.colcon_core.shell:create_environment_hook('ams_hardware', 'cmake_prefix_path')
[7.032s] INFO:colcon.colcon_core.shell:Creating environment hook '/home/pi/ams_ws/install/ams_hardware/share/ams_hardware/hook/cmake_prefix_path.ps1'
[7.035s] INFO:colcon.colcon_core.shell:Creating environment descriptor '/home/pi/ams_ws/install/ams_hardware/share/ams_hardware/hook/cmake_prefix_path.dsv'
[7.037s] INFO:colcon.colcon_core.shell:Creating environment hook '/home/pi/ams_ws/install/ams_hardware/share/ams_hardware/hook/cmake_prefix_path.sh'
[7.042s] Level 1:colcon.colcon_core.environment:checking '/home/pi/ams_ws/install/ams_hardware/bin'
[7.042s] Level 1:colcon.colcon_core.environment:checking '/home/pi/ams_ws/install/ams_hardware/lib/pkgconfig/ams_hardware.pc'
[7.044s] Level 1:colcon.colcon_core.environment:checking '/home/pi/ams_ws/install/ams_hardware/lib/python3.10/site-packages'
[7.046s] Level 1:colcon.colcon_core.environment:checking '/home/pi/ams_ws/install/ams_hardware/bin'
[7.077s] INFO:colcon.colcon_core.shell:Creating package script '/home/pi/ams_ws/install/ams_hardware/share/ams_hardware/package.ps1'
[7.081s] INFO:colcon.colcon_core.shell:Creating package descriptor '/home/pi/ams_ws/install/ams_hardware/share/ams_hardware/package.dsv'
[7.084s] INFO:colcon.colcon_core.shell:Creating package script '/home/pi/ams_ws/install/ams_hardware/share/ams_hardware/package.sh'
[7.089s] INFO:colcon.colcon_core.shell:Creating package script '/home/pi/ams_ws/install/ams_hardware/share/ams_hardware/package.bash'
[7.094s] INFO:colcon.colcon_core.shell:Creating package script '/home/pi/ams_ws/install/ams_hardware/share/ams_hardware/package.zsh'
[7.098s] Level 1:colcon.colcon_core.environment:create_file_with_runtime_dependencies(/home/pi/ams_ws/install/ams_hardware/share/colcon-core/packages/ams_hardware)
[7.125s] DEBUG:colcon.colcon_core.event_handler.log_command:Invoked command in '/home/pi/ams_ws/build/ros2_control_ams' returned '0': CMAKE_PREFIX_PATH=${CMAKE_PREFIX_PATH}:/home/pi/ams_ws/install/nmea_navsat_driver:/home/pi/ams_ws/install/bno055:/opt/ros/humble /usr/bin/cmake --build /home/pi/ams_ws/build/ros2_control_ams -- -j4 -l4
[7.251s] Level 1:colcon.colcon_core.environment:create_environment_scripts_only(ams_hardware)
[7.283s] Level 1:colcon.colcon_core.environment:checking '/home/pi/ams_ws/install/ams_hardware' for CMake module files
[7.285s] Level 1:colcon.colcon_core.environment:checking '/home/pi/ams_ws/install/ams_hardware' for CMake config files
[7.289s] Level 1:colcon.colcon_core.shell:create_environment_hook('ams_hardware', 'cmake_prefix_path')
[7.310s] INFO:colcon.colcon_core.shell:Creating environment hook '/home/pi/ams_ws/install/ams_hardware/share/ams_hardware/hook/cmake_prefix_path.ps1'
[7.312s] INFO:colcon.colcon_core.shell:Creating environment descriptor '/home/pi/ams_ws/install/ams_hardware/share/ams_hardware/hook/cmake_prefix_path.dsv'
[7.314s] INFO:colcon.colcon_core.shell:Creating environment hook '/home/pi/ams_ws/install/ams_hardware/share/ams_hardware/hook/cmake_prefix_path.sh'
[7.317s] Level 1:colcon.colcon_core.environment:checking '/home/pi/ams_ws/install/ams_hardware/bin'
[7.318s] Level 1:colcon.colcon_core.environment:checking '/home/pi/ams_ws/install/ams_hardware/lib/pkgconfig/ams_hardware.pc'
[7.319s] Level 1:colcon.colcon_core.environment:checking '/home/pi/ams_ws/install/ams_hardware/lib/python3.10/site-packages'
[7.320s] Level 1:colcon.colcon_core.environment:checking '/home/pi/ams_ws/install/ams_hardware/bin'
[7.341s] INFO:colcon.colcon_core.shell:Creating package script '/home/pi/ams_ws/install/ams_hardware/share/ams_hardware/package.ps1'
[7.343s] INFO:colcon.colcon_core.shell:Creating package descriptor '/home/pi/ams_ws/install/ams_hardware/share/ams_hardware/package.dsv'
[7.346s] INFO:colcon.colcon_core.shell:Creating package script '/home/pi/ams_ws/install/ams_hardware/share/ams_hardware/package.sh'
[7.349s] INFO:colcon.colcon_core.shell:Creating package script '/home/pi/ams_ws/install/ams_hardware/share/ams_hardware/package.bash'
[7.351s] INFO:colcon.colcon_core.shell:Creating package script '/home/pi/ams_ws/install/ams_hardware/share/ams_hardware/package.zsh'
[7.353s] Level 1:colcon.colcon_core.environment:create_file_with_runtime_dependencies(/home/pi/ams_ws/install/ams_hardware/share/colcon-core/packages/ams_hardware)
[7.357s] INFO:colcon.colcon_ros.task.ament_cmake.build:Building ROS package in '/home/pi/ams_ws/src/sllidar_ros2' with build type 'ament_cmake'
[7.358s] INFO:colcon.colcon_cmake.task.cmake.build:Building CMake package in '/home/pi/ams_ws/src/sllidar_ros2'
[7.379s] INFO:colcon.colcon_core.shell:Skip shell extension 'powershell' for command environment: Not usable outside of PowerShell
[7.380s] DEBUG:colcon.colcon_core.shell:Skip shell extension 'dsv' for command environment
[7.455s] DEBUG:colcon.colcon_core.event_handler.log_command:Invoking command in '/home/pi/ams_ws/build/ros2_control_ams': CMAKE_PREFIX_PATH=${CMAKE_PREFIX_PATH}:/home/pi/ams_ws/install/nmea_navsat_driver:/home/pi/ams_ws/install/bno055:/opt/ros/humble /usr/bin/cmake --install /home/pi/ams_ws/build/ros2_control_ams
[7.486s] DEBUG:colcon.colcon_core.event_handler.log_command:Invoking command in '/home/pi/ams_ws/build/sllidar_ros2': CMAKE_PREFIX_PATH=${CMAKE_PREFIX_PATH}:/home/pi/ams_ws/install/nmea_navsat_driver:/home/pi/ams_ws/install/bno055:/opt/ros/humble /usr/bin/cmake --build /home/pi/ams_ws/build/sllidar_ros2 -- -j4 -l4
[7.546s] Level 1:colcon.colcon_core.environment:create_environment_scripts_only(ros2_control_ams)
[7.598s] DEBUG:colcon.colcon_core.event_handler.log_command:Invoked command in '/home/pi/ams_ws/build/ros2_control_ams' returned '0': CMAKE_PREFIX_PATH=${CMAKE_PREFIX_PATH}:/home/pi/ams_ws/install/nmea_navsat_driver:/home/pi/ams_ws/install/bno055:/opt/ros/humble /usr/bin/cmake --install /home/pi/ams_ws/build/ros2_control_ams
[7.600s] Level 1:colcon.colcon_core.environment:checking '/home/pi/ams_ws/install/ros2_control_ams' for CMake module files
[7.604s] Level 1:colcon.colcon_core.environment:checking '/home/pi/ams_ws/install/ros2_control_ams' for CMake config files
[7.608s] Level 1:colcon.colcon_core.shell:create_environment_hook('ros2_control_ams', 'cmake_prefix_path')
[7.634s] INFO:colcon.colcon_core.shell:Creating environment hook '/home/pi/ams_ws/install/ros2_control_ams/share/ros2_control_ams/hook/cmake_prefix_path.ps1'
[7.637s] INFO:colcon.colcon_core.shell:Creating environment descriptor '/home/pi/ams_ws/install/ros2_control_ams/share/ros2_control_ams/hook/cmake_prefix_path.dsv'
[7.639s] INFO:colcon.colcon_core.shell:Creating environment hook '/home/pi/ams_ws/install/ros2_control_ams/share/ros2_control_ams/hook/cmake_prefix_path.sh'
[7.643s] Level 1:colcon.colcon_core.environment:checking '/home/pi/ams_ws/install/ros2_control_ams/lib'
[7.644s] Level 1:colcon.colcon_core.shell:create_environment_hook('ros2_control_ams', 'ld_library_path_lib')
[7.668s] INFO:colcon.colcon_core.shell:Creating environment hook '/home/pi/ams_ws/install/ros2_control_ams/share/ros2_control_ams/hook/ld_library_path_lib.ps1'
[7.671s] INFO:colcon.colcon_core.shell:Creating environment descriptor '/home/pi/ams_ws/install/ros2_control_ams/share/ros2_control_ams/hook/ld_library_path_lib.dsv'
[7.673s] INFO:colcon.colcon_core.shell:Creating environment hook '/home/pi/ams_ws/install/ros2_control_ams/share/ros2_control_ams/hook/ld_library_path_lib.sh'
[7.676s] Level 1:colcon.colcon_core.environment:checking '/home/pi/ams_ws/install/ros2_control_ams/bin'
[7.676s] Level 1:colcon.colcon_core.environment:checking '/home/pi/ams_ws/install/ros2_control_ams/lib/pkgconfig/ros2_control_ams.pc'
[7.677s] Level 1:colcon.colcon_core.environment:checking '/home/pi/ams_ws/install/ros2_control_ams/lib/python3.10/site-packages'
[7.679s] Level 1:colcon.colcon_core.environment:checking '/home/pi/ams_ws/install/ros2_control_ams/bin'
[7.704s] INFO:colcon.colcon_core.shell:Creating package script '/home/pi/ams_ws/install/ros2_control_ams/share/ros2_control_ams/package.ps1'
[7.707s] INFO:colcon.colcon_core.shell:Creating package descriptor '/home/pi/ams_ws/install/ros2_control_ams/share/ros2_control_ams/package.dsv'
[7.711s] INFO:colcon.colcon_core.shell:Creating package script '/home/pi/ams_ws/install/ros2_control_ams/share/ros2_control_ams/package.sh'
[7.714s] INFO:colcon.colcon_core.shell:Creating package script '/home/pi/ams_ws/install/ros2_control_ams/share/ros2_control_ams/package.bash'
[7.717s] INFO:colcon.colcon_core.shell:Creating package script '/home/pi/ams_ws/install/ros2_control_ams/share/ros2_control_ams/package.zsh'
[7.719s] Level 1:colcon.colcon_core.environment:create_file_with_runtime_dependencies(/home/pi/ams_ws/install/ros2_control_ams/share/colcon-core/packages/ros2_control_ams)
[7.901s] DEBUG:colcon.colcon_core.event_handler.log_command:Invoked command in '/home/pi/ams_ws/build/sllidar_ros2' returned '0': CMAKE_PREFIX_PATH=${CMAKE_PREFIX_PATH}:/home/pi/ams_ws/install/nmea_navsat_driver:/home/pi/ams_ws/install/bno055:/opt/ros/humble /usr/bin/cmake --build /home/pi/ams_ws/build/sllidar_ros2 -- -j4 -l4
[7.950s] Level 1:colcon.colcon_core.environment:create_environment_scripts_only(ros2_control_ams)
[7.979s] Level 1:colcon.colcon_core.environment:checking '/home/pi/ams_ws/install/ros2_control_ams' for CMake module files
[7.983s] Level 1:colcon.colcon_core.environment:checking '/home/pi/ams_ws/install/ros2_control_ams' for CMake config files
[7.987s] Level 1:colcon.colcon_core.shell:create_environment_hook('ros2_control_ams', 'cmake_prefix_path')
[8.010s] INFO:colcon.colcon_core.shell:Creating environment hook '/home/pi/ams_ws/install/ros2_control_ams/share/ros2_control_ams/hook/cmake_prefix_path.ps1'
[8.012s] INFO:colcon.colcon_core.shell:Creating environment descriptor '/home/pi/ams_ws/install/ros2_control_ams/share/ros2_control_ams/hook/cmake_prefix_path.dsv'
[8.014s] INFO:colcon.colcon_core.shell:Creating environment hook '/home/pi/ams_ws/install/ros2_control_ams/share/ros2_control_ams/hook/cmake_prefix_path.sh'
[8.018s] Level 1:colcon.colcon_core.environment:checking '/home/pi/ams_ws/install/ros2_control_ams/lib'
[8.018s] Level 1:colcon.colcon_core.shell:create_environment_hook('ros2_control_ams', 'ld_library_path_lib')
[8.039s] INFO:colcon.colcon_core.shell:Creating environment hook '/home/pi/ams_ws/install/ros2_control_ams/share/ros2_control_ams/hook/ld_library_path_lib.ps1'
[8.042s] INFO:colcon.colcon_core.shell:Creating environment descriptor '/home/pi/ams_ws/install/ros2_control_ams/share/ros2_control_ams/hook/ld_library_path_lib.dsv'
[8.044s] INFO:colcon.colcon_core.shell:Creating environment hook '/home/pi/ams_ws/install/ros2_control_ams/share/ros2_control_ams/hook/ld_library_path_lib.sh'
[8.047s] Level 1:colcon.colcon_core.environment:checking '/home/pi/ams_ws/install/ros2_control_ams/bin'
[8.047s] Level 1:colcon.colcon_core.environment:checking '/home/pi/ams_ws/install/ros2_control_ams/lib/pkgconfig/ros2_control_ams.pc'
[8.049s] Level 1:colcon.colcon_core.environment:checking '/home/pi/ams_ws/install/ros2_control_ams/lib/python3.10/site-packages'
[8.050s] Level 1:colcon.colcon_core.environment:checking '/home/pi/ams_ws/install/ros2_control_ams/bin'
[8.072s] INFO:colcon.colcon_core.shell:Creating package script '/home/pi/ams_ws/install/ros2_control_ams/share/ros2_control_ams/package.ps1'
[8.075s] INFO:colcon.colcon_core.shell:Creating package descriptor '/home/pi/ams_ws/install/ros2_control_ams/share/ros2_control_ams/package.dsv'
[8.078s] INFO:colcon.colcon_core.shell:Creating package script '/home/pi/ams_ws/install/ros2_control_ams/share/ros2_control_ams/package.sh'
[8.081s] INFO:colcon.colcon_core.shell:Creating package script '/home/pi/ams_ws/install/ros2_control_ams/share/ros2_control_ams/package.bash'
[8.083s] INFO:colcon.colcon_core.shell:Creating package script '/home/pi/ams_ws/install/ros2_control_ams/share/ros2_control_ams/package.zsh'
[8.085s] Level 1:colcon.colcon_core.environment:create_file_with_runtime_dependencies(/home/pi/ams_ws/install/ros2_control_ams/share/colcon-core/packages/ros2_control_ams)
[8.236s] DEBUG:colcon.colcon_core.event_handler.log_command:Invoking command in '/home/pi/ams_ws/build/sllidar_ros2': CMAKE_PREFIX_PATH=${CMAKE_PREFIX_PATH}:/home/pi/ams_ws/install/nmea_navsat_driver:/home/pi/ams_ws/install/bno055:/opt/ros/humble /usr/bin/cmake --install /home/pi/ams_ws/build/sllidar_ros2
[8.354s] Level 1:colcon.colcon_core.environment:create_environment_scripts_only(sllidar_ros2)
[8.371s] DEBUG:colcon.colcon_core.event_handler.log_command:Invoked command in '/home/pi/ams_ws/build/sllidar_ros2' returned '0': CMAKE_PREFIX_PATH=${CMAKE_PREFIX_PATH}:/home/pi/ams_ws/install/nmea_navsat_driver:/home/pi/ams_ws/install/bno055:/opt/ros/humble /usr/bin/cmake --install /home/pi/ams_ws/build/sllidar_ros2
[8.383s] Level 1:colcon.colcon_core.environment:checking '/home/pi/ams_ws/install/sllidar_ros2' for CMake module files
[8.387s] Level 1:colcon.colcon_core.environment:checking '/home/pi/ams_ws/install/sllidar_ros2' for CMake config files
[8.391s] Level 1:colcon.colcon_core.shell:create_environment_hook('sllidar_ros2', 'cmake_prefix_path')
[8.413s] INFO:colcon.colcon_core.shell:Creating environment hook '/home/pi/ams_ws/install/sllidar_ros2/share/sllidar_ros2/hook/cmake_prefix_path.ps1'
[8.417s] INFO:colcon.colcon_core.shell:Creating environment descriptor '/home/pi/ams_ws/install/sllidar_ros2/share/sllidar_ros2/hook/cmake_prefix_path.dsv'
[8.420s] INFO:colcon.colcon_core.shell:Creating environment hook '/home/pi/ams_ws/install/sllidar_ros2/share/sllidar_ros2/hook/cmake_prefix_path.sh'
[8.423s] Level 1:colcon.colcon_core.environment:checking '/home/pi/ams_ws/install/sllidar_ros2/lib'
[8.424s] Level 1:colcon.colcon_core.environment:checking '/home/pi/ams_ws/install/sllidar_ros2/bin'
[8.424s] Level 1:colcon.colcon_core.environment:checking '/home/pi/ams_ws/install/sllidar_ros2/lib/pkgconfig/sllidar_ros2.pc'
[8.425s] Level 1:colcon.colcon_core.environment:checking '/home/pi/ams_ws/install/sllidar_ros2/lib/python3.10/site-packages'
[8.426s] Level 1:colcon.colcon_core.environment:checking '/home/pi/ams_ws/install/sllidar_ros2/bin'
[8.448s] INFO:colcon.colcon_core.shell:Creating package script '/home/pi/ams_ws/install/sllidar_ros2/share/sllidar_ros2/package.ps1'
[8.450s] INFO:colcon.colcon_core.shell:Creating package descriptor '/home/pi/ams_ws/install/sllidar_ros2/share/sllidar_ros2/package.dsv'
[8.452s] INFO:colcon.colcon_core.shell:Creating package script '/home/pi/ams_ws/install/sllidar_ros2/share/sllidar_ros2/package.sh'
[8.455s] INFO:colcon.colcon_core.shell:Creating package script '/home/pi/ams_ws/install/sllidar_ros2/share/sllidar_ros2/package.bash'
[8.457s] INFO:colcon.colcon_core.shell:Creating package script '/home/pi/ams_ws/install/sllidar_ros2/share/sllidar_ros2/package.zsh'
[8.458s] Level 1:colcon.colcon_core.environment:create_file_with_runtime_dependencies(/home/pi/ams_ws/install/sllidar_ros2/share/colcon-core/packages/sllidar_ros2)
[8.794s] Level 1:colcon.colcon_core.environment:create_environment_scripts_only(sllidar_ros2)
[8.823s] Level 1:colcon.colcon_core.environment:checking '/home/pi/ams_ws/install/sllidar_ros2' for CMake module files
[8.828s] Level 1:colcon.colcon_core.environment:checking '/home/pi/ams_ws/install/sllidar_ros2' for CMake config files
[8.832s] Level 1:colcon.colcon_core.shell:create_environment_hook('sllidar_ros2', 'cmake_prefix_path')
[8.853s] INFO:colcon.colcon_core.shell:Creating environment hook '/home/pi/ams_ws/install/sllidar_ros2/share/sllidar_ros2/hook/cmake_prefix_path.ps1'
[8.855s] INFO:colcon.colcon_core.shell:Creating environment descriptor '/home/pi/ams_ws/install/sllidar_ros2/share/sllidar_ros2/hook/cmake_prefix_path.dsv'
[8.858s] INFO:colcon.colcon_core.shell:Creating environment hook '/home/pi/ams_ws/install/sllidar_ros2/share/sllidar_ros2/hook/cmake_prefix_path.sh'
[8.862s] Level 1:colcon.colcon_core.environment:checking '/home/pi/ams_ws/install/sllidar_ros2/lib'
[8.862s] Level 1:colcon.colcon_core.environment:checking '/home/pi/ams_ws/install/sllidar_ros2/bin'
[8.863s] Level 1:colcon.colcon_core.environment:checking '/home/pi/ams_ws/install/sllidar_ros2/lib/pkgconfig/sllidar_ros2.pc'
[8.864s] Level 1:colcon.colcon_core.environment:checking '/home/pi/ams_ws/install/sllidar_ros2/lib/python3.10/site-packages'
[8.865s] Level 1:colcon.colcon_core.environment:checking '/home/pi/ams_ws/install/sllidar_ros2/bin'
[8.886s] INFO:colcon.colcon_core.shell:Creating package script '/home/pi/ams_ws/install/sllidar_ros2/share/sllidar_ros2/package.ps1'
[8.889s] INFO:colcon.colcon_core.shell:Creating package descriptor '/home/pi/ams_ws/install/sllidar_ros2/share/sllidar_ros2/package.dsv'
[8.892s] INFO:colcon.colcon_core.shell:Creating package script '/home/pi/ams_ws/install/sllidar_ros2/share/sllidar_ros2/package.sh'
[8.894s] INFO:colcon.colcon_core.shell:Creating package script '/home/pi/ams_ws/install/sllidar_ros2/share/sllidar_ros2/package.bash'
[8.896s] INFO:colcon.colcon_core.shell:Creating package script '/home/pi/ams_ws/install/sllidar_ros2/share/sllidar_ros2/package.zsh'
[8.898s] Level 1:colcon.colcon_core.environment:create_file_with_runtime_dependencies(/home/pi/ams_ws/install/sllidar_ros2/share/colcon-core/packages/sllidar_ros2)
[9.239s] DEBUG:colcon.colcon_core.event_handler.log_command:Invoking command in '/home/pi/ams_ws/src/bno055': PYTHONPATH=/home/pi/ams_ws/build/bno055/prefix_override:/home/pi/ams_ws/install/bno055/lib/python3.10/site-packages:${PYTHONPATH} /usr/bin/python3 setup.py egg_info --egg-base ../../build/bno055 build --build-base /home/pi/ams_ws/build/bno055/build install --record /home/pi/ams_ws/build/bno055/install.log --single-version-externally-managed
[9.327s] DEBUG:colcon.colcon_core.event_handler.log_command:Invoking command in '/home/pi/ams_ws/src/nmea_navsat_driver': PYTHONPATH=/home/pi/ams_ws/build/nmea_navsat_driver/prefix_override:/home/pi/ams_ws/install/nmea_navsat_driver/lib/python3.10/site-packages:${PYTHONPATH} /usr/bin/python3 setup.py egg_info --egg-base ../../build/nmea_navsat_driver build --build-base /home/pi/ams_ws/build/nmea_navsat_driver/build install --record /home/pi/ams_ws/build/nmea_navsat_driver/install.log --single-version-externally-managed
[11.058s] DEBUG:colcon.colcon_core.event_handler.log_command:Invoked command in '/home/pi/ams_ws/src/bno055' returned '0': PYTHONPATH=/home/pi/ams_ws/build/bno055/prefix_override:/home/pi/ams_ws/install/bno055/lib/python3.10/site-packages:${PYTHONPATH} /usr/bin/python3 setup.py egg_info --egg-base ../../build/bno055 build --build-base /home/pi/ams_ws/build/bno055/build install --record /home/pi/ams_ws/build/bno055/install.log --single-version-externally-managed
[11.075s] Level 1:colcon.colcon_core.environment:checking '/home/pi/ams_ws/install/bno055' for CMake module files
[11.078s] Level 1:colcon.colcon_core.environment:checking '/home/pi/ams_ws/install/bno055' for CMake config files
[11.086s] Level 1:colcon.colcon_core.environment:checking '/home/pi/ams_ws/install/bno055/lib'
[11.087s] Level 1:colcon.colcon_core.environment:checking '/home/pi/ams_ws/install/bno055/bin'
[11.088s] Level 1:colcon.colcon_core.environment:checking '/home/pi/ams_ws/install/bno055/lib/pkgconfig/bno055.pc'
[11.090s] Level 1:colcon.colcon_core.environment:checking '/home/pi/ams_ws/install/bno055/lib/python3.10/site-packages'
[11.091s] Level 1:colcon.colcon_core.shell:create_environment_hook('bno055', 'pythonpath')
[11.115s] INFO:colcon.colcon_core.shell:Creating environment hook '/home/pi/ams_ws/install/bno055/share/bno055/hook/pythonpath.ps1'
[11.118s] INFO:colcon.colcon_core.shell:Creating environment descriptor '/home/pi/ams_ws/install/bno055/share/bno055/hook/pythonpath.dsv'
[11.121s] INFO:colcon.colcon_core.shell:Creating environment hook '/home/pi/ams_ws/install/bno055/share/bno055/hook/pythonpath.sh'
[11.126s] Level 1:colcon.colcon_core.environment:checking '/home/pi/ams_ws/install/bno055/bin'
[11.126s] Level 1:colcon.colcon_core.environment:create_environment_scripts_only(bno055)
[11.146s] INFO:colcon.colcon_core.shell:Creating package script '/home/pi/ams_ws/install/bno055/share/bno055/package.ps1'
[11.148s] INFO:colcon.colcon_core.shell:Creating package descriptor '/home/pi/ams_ws/install/bno055/share/bno055/package.dsv'
[11.150s] INFO:colcon.colcon_core.shell:Creating package script '/home/pi/ams_ws/install/bno055/share/bno055/package.sh'
[11.152s] INFO:colcon.colcon_core.shell:Creating package script '/home/pi/ams_ws/install/bno055/share/bno055/package.bash'
[11.154s] INFO:colcon.colcon_core.shell:Creating package script '/home/pi/ams_ws/install/bno055/share/bno055/package.zsh'
[11.155s] Level 1:colcon.colcon_core.environment:create_file_with_runtime_dependencies(/home/pi/ams_ws/install/bno055/share/colcon-core/packages/bno055)
[11.182s] Level 1:colcon.colcon_core.environment:checking '/home/pi/ams_ws/install/nmea_navsat_driver' for CMake module files
[11.183s] DEBUG:colcon.colcon_core.event_handler.log_command:Invoked command in '/home/pi/ams_ws/src/nmea_navsat_driver' returned '0': PYTHONPATH=/home/pi/ams_ws/build/nmea_navsat_driver/prefix_override:/home/pi/ams_ws/install/nmea_navsat_driver/lib/python3.10/site-packages:${PYTHONPATH} /usr/bin/python3 setup.py egg_info --egg-base ../../build/nmea_navsat_driver build --build-base /home/pi/ams_ws/build/nmea_navsat_driver/build install --record /home/pi/ams_ws/build/nmea_navsat_driver/install.log --single-version-externally-managed
[11.185s] Level 1:colcon.colcon_core.environment:checking '/home/pi/ams_ws/install/nmea_navsat_driver' for CMake config files
[11.189s] Level 1:colcon.colcon_core.environment:checking '/home/pi/ams_ws/install/nmea_navsat_driver/lib'
[11.190s] Level 1:colcon.colcon_core.environment:checking '/home/pi/ams_ws/install/nmea_navsat_driver/bin'
[11.190s] Level 1:colcon.colcon_core.environment:checking '/home/pi/ams_ws/install/nmea_navsat_driver/lib/pkgconfig/nmea_navsat_driver.pc'
[11.191s] Level 1:colcon.colcon_core.environment:checking '/home/pi/ams_ws/install/nmea_navsat_driver/lib/python3.10/site-packages'
[11.191s] Level 1:colcon.colcon_core.shell:create_environment_hook('nmea_navsat_driver', 'pythonpath')
[11.208s] INFO:colcon.colcon_core.shell:Creating environment hook '/home/pi/ams_ws/install/nmea_navsat_driver/share/nmea_navsat_driver/hook/pythonpath.ps1'
[11.210s] INFO:colcon.colcon_core.shell:Creating environment descriptor '/home/pi/ams_ws/install/nmea_navsat_driver/share/nmea_navsat_driver/hook/pythonpath.dsv'
[11.212s] INFO:colcon.colcon_core.shell:Creating environment hook '/home/pi/ams_ws/install/nmea_navsat_driver/share/nmea_navsat_driver/hook/pythonpath.sh'
[11.214s] Level 1:colcon.colcon_core.environment:checking '/home/pi/ams_ws/install/nmea_navsat_driver/bin'
[11.215s] Level 1:colcon.colcon_core.environment:create_environment_scripts_only(nmea_navsat_driver)
[11.232s] INFO:colcon.colcon_core.shell:Creating package script '/home/pi/ams_ws/install/nmea_navsat_driver/share/nmea_navsat_driver/package.ps1'
[11.234s] INFO:colcon.colcon_core.shell:Creating package descriptor '/home/pi/ams_ws/install/nmea_navsat_driver/share/nmea_navsat_driver/package.dsv'
[11.236s] INFO:colcon.colcon_core.shell:Creating package script '/home/pi/ams_ws/install/nmea_navsat_driver/share/nmea_navsat_driver/package.sh'
[11.238s] INFO:colcon.colcon_core.shell:Creating package script '/home/pi/ams_ws/install/nmea_navsat_driver/share/nmea_navsat_driver/package.bash'
[11.239s] INFO:colcon.colcon_core.shell:Creating package script '/home/pi/ams_ws/install/nmea_navsat_driver/share/nmea_navsat_driver/package.zsh'
[11.241s] Level 1:colcon.colcon_core.environment:create_file_with_runtime_dependencies(/home/pi/ams_ws/install/nmea_navsat_driver/share/colcon-core/packages/nmea_navsat_driver)
[11.242s] DEBUG:colcon.colcon_parallel_executor.executor.parallel:closing loop
[11.243s] DEBUG:colcon.colcon_parallel_executor.executor.parallel:loop closed
[11.244s] DEBUG:colcon.colcon_parallel_executor.executor.parallel:run_until_complete finished with '0'
[11.244s] DEBUG:colcon.colcon_core.event_reactor:joining thread
[11.281s] INFO:colcon.colcon_core.plugin_system:Skipping extension 'colcon_notification.desktop_notification.notify_send': Could not find 'notify-send'
[11.282s] INFO:colcon.colcon_core.plugin_system:Skipping extension 'colcon_notification.desktop_notification.terminal_notifier': Not used on non-Darwin systems
[11.282s] INFO:colcon.colcon_core.plugin_system:Skipping extension 'colcon_notification.desktop_notification.win32': Not used on non-Windows systems
[11.282s] INFO:colcon.colcon_notification.desktop_notification:Sending desktop notification using 'notify2'
[11.285s] DEBUG:colcon.colcon_notification.desktop_notification.notify2:Failed to initialize notify2: org.freedesktop.DBus.Error.ServiceUnknown: The name org.freedesktop.Notifications was not provided by any .service files
[11.285s] DEBUG:colcon.colcon_core.event_reactor:joined thread
[11.304s] INFO:colcon.colcon_core.shell:Creating prefix script '/home/pi/ams_ws/install/local_setup.ps1'
[11.308s] INFO:colcon.colcon_core.shell:Creating prefix util module '/home/pi/ams_ws/install/_local_setup_util_ps1.py'
[11.313s] INFO:colcon.colcon_core.shell:Creating prefix chain script '/home/pi/ams_ws/install/setup.ps1'
[11.332s] INFO:colcon.colcon_core.shell:Creating prefix script '/home/pi/ams_ws/install/local_setup.sh'
[11.335s] INFO:colcon.colcon_core.shell:Creating prefix util module '/home/pi/ams_ws/install/_local_setup_util_sh.py'
[11.337s] INFO:colcon.colcon_core.shell:Creating prefix chain script '/home/pi/ams_ws/install/setup.sh'
[11.356s] INFO:colcon.colcon_core.shell:Creating prefix script '/home/pi/ams_ws/install/local_setup.bash'
[11.358s] INFO:colcon.colcon_core.shell:Creating prefix chain script '/home/pi/ams_ws/install/setup.bash'
[11.378s] INFO:colcon.colcon_core.shell:Creating prefix script '/home/pi/ams_ws/install/local_setup.zsh'
[11.380s] INFO:colcon.colcon_core.shell:Creating prefix chain script '/home/pi/ams_ws/install/setup.zsh'
