[0.370s] Invoking command in '/home/pi/ams_ws/build/ams_description': CMAKE_PREFIX_PATH=/opt/ros/humble /usr/bin/cmake --build /home/pi/ams_ws/build/ams_description -- -j4 -l4
[1.939s] Invoked command in '/home/pi/ams_ws/build/ams_description' returned '0': CMAKE_PREFIX_PATH=/opt/ros/humble /usr/bin/cmake --build /home/pi/ams_ws/build/ams_description -- -j4 -l4
[2.091s] Invoking command in '/home/pi/ams_ws/build/ams_description': CMAKE_PREFIX_PATH=/opt/ros/humble /usr/bin/cmake --install /home/pi/ams_ws/build/ams_description
[2.122s] -- Install configuration: ""
[2.132s] -- Up-to-date: /home/pi/ams_ws/install/ams_description/share/ams_description/src
[2.133s] -- Up-to-date: /home/pi/ams_ws/install/ams_description/share/ams_description/src/description
[2.143s] -- Up-to-date: /home/pi/ams_ws/install/ams_description/share/ams_description/src/description/ams_description.urdf
[2.143s] -- Up-to-date: /home/pi/ams_ws/install/ams_description/share/ams_description/launch
[2.154s] -- Up-to-date: /home/pi/ams_ws/install/ams_description/share/ams_description/launch/display.launch.py
[2.154s] -- Up-to-date: /home/pi/ams_ws/install/ams_description/share/ams_description/rviz
[2.156s] -- Up-to-date: /home/pi/ams_ws/install/ams_description/share/ams_description/rviz/urdf_config.rviz
[2.156s] -- Up-to-date: /home/pi/ams_ws/install/ams_description/share/ams_description/meshes
[2.160s] -- Up-to-date: /home/pi/ams_ws/install/ams_description/share/ams_description/meshes/lo_leg_plate_6.STL
[2.161s] -- Up-to-date: /home/pi/ams_ws/install/ams_description/share/ams_description/meshes/up_ro_base_5.STL
[2.162s] -- Up-to-date: /home/pi/ams_ws/install/ams_description/share/ams_description/meshes/lo_leg_plate_2.STL
[2.163s] -- Up-to-date: /home/pi/ams_ws/install/ams_description/share/ams_description/meshes/up_leg_plate_3.STL
[2.164s] -- Up-to-date: /home/pi/ams_ws/install/ams_description/share/ams_description/meshes/up_ro_base_4.STL
[2.164s] -- Up-to-date: /home/pi/ams_ws/install/ams_description/share/ams_description/meshes/up_ro_base_3.STL
[2.166s] -- Up-to-date: /home/pi/ams_ws/install/ams_description/share/ams_description/meshes/lo_leg_plate_4.STL
[2.167s] -- Up-to-date: /home/pi/ams_ws/install/ams_description/share/ams_description/meshes/up_leg_plate_4.STL
[2.168s] -- Up-to-date: /home/pi/ams_ws/install/ams_description/share/ams_description/meshes/up_ro_base_6.STL
[2.169s] -- Up-to-date: /home/pi/ams_ws/install/ams_description/share/ams_description/meshes/up_leg_plate_5.STL
[2.170s] -- Up-to-date: /home/pi/ams_ws/install/ams_description/share/ams_description/meshes/up_ro_base_2.STL
[2.171s] -- Up-to-date: /home/pi/ams_ws/install/ams_description/share/ams_description/meshes/up_ro_base_1.STL
[2.171s] -- Up-to-date: /home/pi/ams_ws/install/ams_description/share/ams_description/meshes/up_leg_plate_1.STL
[2.171s] -- Up-to-date: /home/pi/ams_ws/install/ams_description/share/ams_description/meshes/up_leg_plate_6.STL
[2.172s] -- Up-to-date: /home/pi/ams_ws/install/ams_description/share/ams_description/meshes/lo_leg_plate_5.STL
[2.172s] -- Up-to-date: /home/pi/ams_ws/install/ams_description/share/ams_description/meshes/lo_leg_plate_1.STL
[2.173s] -- Up-to-date: /home/pi/ams_ws/install/ams_description/share/ams_description/meshes/base_link_ams_body.STL
[2.173s] -- Up-to-date: /home/pi/ams_ws/install/ams_description/share/ams_description/meshes/lo_leg_plate_3.STL
[2.173s] -- Up-to-date: /home/pi/ams_ws/install/ams_description/share/ams_description/meshes/up_leg_plate_2.STL
[2.174s] -- Up-to-date: /home/pi/ams_ws/install/ams_description/share/ament_index/resource_index/package_run_dependencies/ams_description
[2.175s] -- Up-to-date: /home/pi/ams_ws/install/ams_description/share/ament_index/resource_index/parent_prefix_path/ams_description
[2.179s] -- Up-to-date: /home/pi/ams_ws/install/ams_description/share/ams_description/environment/ament_prefix_path.sh
[2.180s] -- Up-to-date: /home/pi/ams_ws/install/ams_description/share/ams_description/environment/ament_prefix_path.dsv
[2.181s] -- Up-to-date: /home/pi/ams_ws/install/ams_description/share/ams_description/environment/path.sh
[2.182s] -- Up-to-date: /home/pi/ams_ws/install/ams_description/share/ams_description/environment/path.dsv
[2.182s] -- Up-to-date: /home/pi/ams_ws/install/ams_description/share/ams_description/local_setup.bash
[2.183s] -- Up-to-date: /home/pi/ams_ws/install/ams_description/share/ams_description/local_setup.sh
[2.184s] -- Up-to-date: /home/pi/ams_ws/install/ams_description/share/ams_description/local_setup.zsh
[2.184s] -- Up-to-date: /home/pi/ams_ws/install/ams_description/share/ams_description/local_setup.dsv
[2.185s] -- Installing: /home/pi/ams_ws/install/ams_description/share/ams_description/package.dsv
[2.204s] -- Up-to-date: /home/pi/ams_ws/install/ams_description/share/ament_index/resource_index/packages/ams_description
[2.205s] -- Up-to-date: /home/pi/ams_ws/install/ams_description/share/ams_description/cmake/ams_descriptionConfig.cmake
[2.206s] -- Up-to-date: /home/pi/ams_ws/install/ams_description/share/ams_description/cmake/ams_descriptionConfig-version.cmake
[2.207s] -- Up-to-date: /home/pi/ams_ws/install/ams_description/share/ams_description/package.xml
[2.219s] Invoked command in '/home/pi/ams_ws/build/ams_description' returned '0': CMAKE_PREFIX_PATH=/opt/ros/humble /usr/bin/cmake --install /home/pi/ams_ws/build/ams_description
