[2.414s] DEBUG:colcon:Command line arguments: ['/home/pi/.local/bin/colcon', 'build', '--packages-select', 'rf2o_laser_odometry']
[2.414s] DEBUG:colcon:Parsed command line arguments: Namespace(log_base=None, log_level=None, verb_name='build', build_base='build', install_base='install', merge_install=False, symlink_install=False, test_result_base=None, continue_on_error=False, executor='parallel', parallel_workers=4, event_handlers=None, ignore_user_meta=False, metas=['./colcon.meta'], base_paths=['.'], packages_ignore=None, packages_ignore_regex=None, paths=None, packages_up_to=None, packages_up_to_regex=None, packages_above=None, packages_above_and_dependencies=None, packages_above_depth=None, packages_select_by_dep=None, packages_skip_by_dep=None, packages_skip_up_to=None, packages_select_build_failed=False, packages_skip_build_finished=False, packages_select_test_failures=False, packages_skip_test_passed=False, packages_select=['rf2o_laser_odometry'], packages_skip=None, packages_select_regex=None, packages_skip_regex=None, packages_start=None, packages_end=None, allow_overriding=[], cmake_args=None, cmake_target=None, cmake_target_skip_unavailable=False, cmake_clean_cache=False, cmake_clean_first=False, cmake_force_configure=False, ament_cmake_args=None, catkin_cmake_args=None, catkin_skip_building_tests=False, verb_parser=<colcon_defaults.argument_parser.defaults.DefaultArgumentsDecorator object at 0xffffa64ceb60>, verb_extension=<colcon_core.verb.build.BuildVerb object at 0xffffa64ce5f0>, main=<bound method BuildVerb.main of <colcon_core.verb.build.BuildVerb object at 0xffffa64ce5f0>>)
[2.529s] Level 1:colcon.colcon_core.package_discovery:discover_packages(colcon_meta) check parameters
[2.529s] Level 1:colcon.colcon_core.package_discovery:discover_packages(recursive) check parameters
[2.529s] Level 1:colcon.colcon_core.package_discovery:discover_packages(ignore) check parameters
[2.529s] Level 1:colcon.colcon_core.package_discovery:discover_packages(path) check parameters
[2.529s] Level 1:colcon.colcon_core.package_discovery:discover_packages(colcon_meta) discover
[2.530s] Level 1:colcon.colcon_core.package_discovery:discover_packages(recursive) discover
[2.530s] INFO:colcon.colcon_core.package_discovery:Crawling recursively for packages in '/home/pi/ams_ws'
[2.530s] Level 1:colcon.colcon_core.package_identification:_identify(.) by extensions ['ignore', 'ignore_ament_install']
[2.530s] Level 1:colcon.colcon_core.package_identification:_identify(.) by extension 'ignore'
[2.531s] Level 1:colcon.colcon_core.package_identification:_identify(.) by extension 'ignore_ament_install'
[2.531s] Level 1:colcon.colcon_core.package_identification:_identify(.) by extensions ['colcon_pkg']
[2.531s] Level 1:colcon.colcon_core.package_identification:_identify(.) by extension 'colcon_pkg'
[2.531s] Level 1:colcon.colcon_core.package_identification:_identify(.) by extensions ['colcon_meta']
[2.531s] Level 1:colcon.colcon_core.package_identification:_identify(.) by extension 'colcon_meta'
[2.531s] Level 1:colcon.colcon_core.package_identification:_identify(.) by extensions ['ros']
[2.532s] Level 1:colcon.colcon_core.package_identification:_identify(.) by extension 'ros'
[2.574s] Level 1:colcon.colcon_core.package_identification:_identify(.) by extensions ['cmake', 'python']
[2.575s] Level 1:colcon.colcon_core.package_identification:_identify(.) by extension 'cmake'
[2.575s] Level 1:colcon.colcon_core.package_identification:_identify(.) by extension 'python'
[2.575s] Level 1:colcon.colcon_core.package_identification:_identify(.) by extensions ['python_setup_py']
[2.575s] Level 1:colcon.colcon_core.package_identification:_identify(.) by extension 'python_setup_py'
[2.576s] Level 1:colcon.colcon_core.package_identification:_identify(build) by extensions ['ignore', 'ignore_ament_install']
[2.576s] Level 1:colcon.colcon_core.package_identification:_identify(build) by extension 'ignore'
[2.576s] Level 1:colcon.colcon_core.package_identification:_identify(build) ignored
[2.577s] Level 1:colcon.colcon_core.package_identification:_identify(install) by extensions ['ignore', 'ignore_ament_install']
[2.577s] Level 1:colcon.colcon_core.package_identification:_identify(install) by extension 'ignore'
[2.578s] Level 1:colcon.colcon_core.package_identification:_identify(install) ignored
[2.578s] Level 1:colcon.colcon_core.package_identification:_identify(log) by extensions ['ignore', 'ignore_ament_install']
[2.578s] Level 1:colcon.colcon_core.package_identification:_identify(log) by extension 'ignore'
[2.579s] Level 1:colcon.colcon_core.package_identification:_identify(log) ignored
[2.579s] Level 1:colcon.colcon_core.package_identification:_identify(src) by extensions ['ignore', 'ignore_ament_install']
[2.579s] Level 1:colcon.colcon_core.package_identification:_identify(src) by extension 'ignore'
[2.580s] Level 1:colcon.colcon_core.package_identification:_identify(src) by extension 'ignore_ament_install'
[2.580s] Level 1:colcon.colcon_core.package_identification:_identify(src) by extensions ['colcon_pkg']
[2.580s] Level 1:colcon.colcon_core.package_identification:_identify(src) by extension 'colcon_pkg'
[2.580s] Level 1:colcon.colcon_core.package_identification:_identify(src) by extensions ['colcon_meta']
[2.580s] Level 1:colcon.colcon_core.package_identification:_identify(src) by extension 'colcon_meta'
[2.580s] Level 1:colcon.colcon_core.package_identification:_identify(src) by extensions ['ros']
[2.580s] Level 1:colcon.colcon_core.package_identification:_identify(src) by extension 'ros'
[2.581s] Level 1:colcon.colcon_core.package_identification:_identify(src) by extensions ['cmake', 'python']
[2.581s] Level 1:colcon.colcon_core.package_identification:_identify(src) by extension 'cmake'
[2.581s] Level 1:colcon.colcon_core.package_identification:_identify(src) by extension 'python'
[2.581s] Level 1:colcon.colcon_core.package_identification:_identify(src) by extensions ['python_setup_py']
[2.581s] Level 1:colcon.colcon_core.package_identification:_identify(src) by extension 'python_setup_py'
[2.582s] Level 1:colcon.colcon_core.package_identification:_identify(src/ams_description) by extensions ['ignore', 'ignore_ament_install']
[2.582s] Level 1:colcon.colcon_core.package_identification:_identify(src/ams_description) by extension 'ignore'
[2.582s] Level 1:colcon.colcon_core.package_identification:_identify(src/ams_description) by extension 'ignore_ament_install'
[2.582s] Level 1:colcon.colcon_core.package_identification:_identify(src/ams_description) by extensions ['colcon_pkg']
[2.582s] Level 1:colcon.colcon_core.package_identification:_identify(src/ams_description) by extension 'colcon_pkg'
[2.583s] Level 1:colcon.colcon_core.package_identification:_identify(src/ams_description) by extensions ['colcon_meta']
[2.583s] Level 1:colcon.colcon_core.package_identification:_identify(src/ams_description) by extension 'colcon_meta'
[2.583s] Level 1:colcon.colcon_core.package_identification:_identify(src/ams_description) by extensions ['ros']
[2.583s] Level 1:colcon.colcon_core.package_identification:_identify(src/ams_description) by extension 'ros'
[2.592s] DEBUG:colcon.colcon_core.package_identification:Package 'src/ams_description' with type 'ros.ament_cmake' and name 'ams_description'
[2.592s] Level 1:colcon.colcon_core.package_identification:_identify(src/ams_hardware) by extensions ['ignore', 'ignore_ament_install']
[2.593s] Level 1:colcon.colcon_core.package_identification:_identify(src/ams_hardware) by extension 'ignore'
[2.593s] Level 1:colcon.colcon_core.package_identification:_identify(src/ams_hardware) by extension 'ignore_ament_install'
[2.593s] Level 1:colcon.colcon_core.package_identification:_identify(src/ams_hardware) by extensions ['colcon_pkg']
[2.593s] Level 1:colcon.colcon_core.package_identification:_identify(src/ams_hardware) by extension 'colcon_pkg'
[2.594s] Level 1:colcon.colcon_core.package_identification:_identify(src/ams_hardware) by extensions ['colcon_meta']
[2.594s] Level 1:colcon.colcon_core.package_identification:_identify(src/ams_hardware) by extension 'colcon_meta'
[2.594s] Level 1:colcon.colcon_core.package_identification:_identify(src/ams_hardware) by extensions ['ros']
[2.594s] Level 1:colcon.colcon_core.package_identification:_identify(src/ams_hardware) by extension 'ros'
[2.596s] DEBUG:colcon.colcon_core.package_identification:Package 'src/ams_hardware' with type 'ros.ament_cmake' and name 'ams_hardware'
[2.597s] Level 1:colcon.colcon_core.package_identification:_identify(src/bno055) by extensions ['ignore', 'ignore_ament_install']
[2.597s] Level 1:colcon.colcon_core.package_identification:_identify(src/bno055) by extension 'ignore'
[2.597s] Level 1:colcon.colcon_core.package_identification:_identify(src/bno055) by extension 'ignore_ament_install'
[2.597s] Level 1:colcon.colcon_core.package_identification:_identify(src/bno055) by extensions ['colcon_pkg']
[2.598s] Level 1:colcon.colcon_core.package_identification:_identify(src/bno055) by extension 'colcon_pkg'
[2.598s] Level 1:colcon.colcon_core.package_identification:_identify(src/bno055) by extensions ['colcon_meta']
[2.598s] Level 1:colcon.colcon_core.package_identification:_identify(src/bno055) by extension 'colcon_meta'
[2.598s] Level 1:colcon.colcon_core.package_identification:_identify(src/bno055) by extensions ['ros']
[2.598s] Level 1:colcon.colcon_core.package_identification:_identify(src/bno055) by extension 'ros'
[2.601s] DEBUG:colcon.colcon_core.package_identification:Package 'src/bno055' with type 'ros.ament_python' and name 'bno055'
[2.601s] Level 1:colcon.colcon_core.package_identification:_identify(src/build) by extensions ['ignore', 'ignore_ament_install']
[2.602s] Level 1:colcon.colcon_core.package_identification:_identify(src/build) by extension 'ignore'
[2.602s] Level 1:colcon.colcon_core.package_identification:_identify(src/build) ignored
[2.602s] Level 1:colcon.colcon_core.package_identification:_identify(src/install) by extensions ['ignore', 'ignore_ament_install']
[2.603s] Level 1:colcon.colcon_core.package_identification:_identify(src/install) by extension 'ignore'
[2.603s] Level 1:colcon.colcon_core.package_identification:_identify(src/install) ignored
[2.603s] Level 1:colcon.colcon_core.package_identification:_identify(src/log) by extensions ['ignore', 'ignore_ament_install']
[2.604s] Level 1:colcon.colcon_core.package_identification:_identify(src/log) by extension 'ignore'
[2.604s] Level 1:colcon.colcon_core.package_identification:_identify(src/log) ignored
[2.604s] Level 1:colcon.colcon_core.package_identification:_identify(src/nmea_navsat_driver) by extensions ['ignore', 'ignore_ament_install']
[2.605s] Level 1:colcon.colcon_core.package_identification:_identify(src/nmea_navsat_driver) by extension 'ignore'
[2.605s] Level 1:colcon.colcon_core.package_identification:_identify(src/nmea_navsat_driver) by extension 'ignore_ament_install'
[2.605s] Level 1:colcon.colcon_core.package_identification:_identify(src/nmea_navsat_driver) by extensions ['colcon_pkg']
[2.605s] Level 1:colcon.colcon_core.package_identification:_identify(src/nmea_navsat_driver) by extension 'colcon_pkg'
[2.605s] Level 1:colcon.colcon_core.package_identification:_identify(src/nmea_navsat_driver) by extensions ['colcon_meta']
[2.605s] Level 1:colcon.colcon_core.package_identification:_identify(src/nmea_navsat_driver) by extension 'colcon_meta'
[2.606s] Level 1:colcon.colcon_core.package_identification:_identify(src/nmea_navsat_driver) by extensions ['ros']
[2.606s] Level 1:colcon.colcon_core.package_identification:_identify(src/nmea_navsat_driver) by extension 'ros'
[2.612s] DEBUG:colcon.colcon_core.package_identification:Package 'src/nmea_navsat_driver' with type 'ros.ament_python' and name 'nmea_navsat_driver'
[2.613s] Level 1:colcon.colcon_core.package_identification:_identify(src/rf2o_laser_odometry) by extensions ['ignore', 'ignore_ament_install']
[2.613s] Level 1:colcon.colcon_core.package_identification:_identify(src/rf2o_laser_odometry) by extension 'ignore'
[2.613s] Level 1:colcon.colcon_core.package_identification:_identify(src/rf2o_laser_odometry) by extension 'ignore_ament_install'
[2.614s] Level 1:colcon.colcon_core.package_identification:_identify(src/rf2o_laser_odometry) by extensions ['colcon_pkg']
[2.614s] Level 1:colcon.colcon_core.package_identification:_identify(src/rf2o_laser_odometry) by extension 'colcon_pkg'
[2.614s] Level 1:colcon.colcon_core.package_identification:_identify(src/rf2o_laser_odometry) by extensions ['colcon_meta']
[2.614s] Level 1:colcon.colcon_core.package_identification:_identify(src/rf2o_laser_odometry) by extension 'colcon_meta'
[2.614s] Level 1:colcon.colcon_core.package_identification:_identify(src/rf2o_laser_odometry) by extensions ['ros']
[2.614s] Level 1:colcon.colcon_core.package_identification:_identify(src/rf2o_laser_odometry) by extension 'ros'
[2.618s] DEBUG:colcon.colcon_core.package_identification:Package 'src/rf2o_laser_odometry' with type 'ros.ament_cmake' and name 'rf2o_laser_odometry'
[2.619s] Level 1:colcon.colcon_core.package_identification:_identify(src/sllidar_ros2) by extensions ['ignore', 'ignore_ament_install']
[2.619s] Level 1:colcon.colcon_core.package_identification:_identify(src/sllidar_ros2) by extension 'ignore'
[2.620s] Level 1:colcon.colcon_core.package_identification:_identify(src/sllidar_ros2) by extension 'ignore_ament_install'
[2.620s] Level 1:colcon.colcon_core.package_identification:_identify(src/sllidar_ros2) by extensions ['colcon_pkg']
[2.620s] Level 1:colcon.colcon_core.package_identification:_identify(src/sllidar_ros2) by extension 'colcon_pkg'
[2.620s] Level 1:colcon.colcon_core.package_identification:_identify(src/sllidar_ros2) by extensions ['colcon_meta']
[2.620s] Level 1:colcon.colcon_core.package_identification:_identify(src/sllidar_ros2) by extension 'colcon_meta'
[2.620s] Level 1:colcon.colcon_core.package_identification:_identify(src/sllidar_ros2) by extensions ['ros']
[2.620s] Level 1:colcon.colcon_core.package_identification:_identify(src/sllidar_ros2) by extension 'ros'
[2.623s] DEBUG:colcon.colcon_core.package_identification:Package 'src/sllidar_ros2' with type 'ros.ament_cmake' and name 'sllidar_ros2'
[2.623s] Level 1:colcon.colcon_core.package_discovery:discover_packages(recursive) using defaults
[2.623s] Level 1:colcon.colcon_core.package_discovery:discover_packages(ignore) discover
[2.624s] Level 1:colcon.colcon_core.package_discovery:discover_packages(ignore) using defaults
[2.624s] Level 1:colcon.colcon_core.package_discovery:discover_packages(path) discover
[2.624s] Level 1:colcon.colcon_core.package_discovery:discover_packages(path) using defaults
[2.748s] INFO:colcon.colcon_core.package_selection:Skipping not selected package 'ams_description' in 'src/ams_description'
[2.748s] INFO:colcon.colcon_core.package_selection:Skipping not selected package 'ams_hardware' in 'src/ams_hardware'
[2.748s] INFO:colcon.colcon_core.package_selection:Skipping not selected package 'bno055' in 'src/bno055'
[2.748s] INFO:colcon.colcon_core.package_selection:Skipping not selected package 'nmea_navsat_driver' in 'src/nmea_navsat_driver'
[2.748s] INFO:colcon.colcon_core.package_selection:Skipping not selected package 'sllidar_ros2' in 'src/sllidar_ros2'
[2.752s] Level 1:colcon.colcon_core.package_discovery:discover_packages(prefix_path) check parameters
[2.752s] Level 1:colcon.colcon_core.package_discovery:discover_packages(prefix_path) discover
[2.796s] DEBUG:colcon.colcon_installed_package_information.package_discovery:Found 396 installed packages in /opt/ros/humble
[2.807s] Level 1:colcon.colcon_core.package_discovery:discover_packages(prefix_path) using defaults
[3.157s] Level 5:colcon.colcon_core.verb:set package 'rf2o_laser_odometry' build argument 'cmake_args' from command line to 'None'
[3.157s] Level 5:colcon.colcon_core.verb:set package 'rf2o_laser_odometry' build argument 'cmake_target' from command line to 'None'
[3.157s] Level 5:colcon.colcon_core.verb:set package 'rf2o_laser_odometry' build argument 'cmake_target_skip_unavailable' from command line to 'False'
[3.157s] Level 5:colcon.colcon_core.verb:set package 'rf2o_laser_odometry' build argument 'cmake_clean_cache' from command line to 'False'
[3.157s] Level 5:colcon.colcon_core.verb:set package 'rf2o_laser_odometry' build argument 'cmake_clean_first' from command line to 'False'
[3.157s] Level 5:colcon.colcon_core.verb:set package 'rf2o_laser_odometry' build argument 'cmake_force_configure' from command line to 'False'
[3.157s] Level 5:colcon.colcon_core.verb:set package 'rf2o_laser_odometry' build argument 'ament_cmake_args' from command line to 'None'
[3.158s] Level 5:colcon.colcon_core.verb:set package 'rf2o_laser_odometry' build argument 'catkin_cmake_args' from command line to 'None'
[3.158s] Level 5:colcon.colcon_core.verb:set package 'rf2o_laser_odometry' build argument 'catkin_skip_building_tests' from command line to 'False'
[3.158s] DEBUG:colcon.colcon_core.verb:Building package 'rf2o_laser_odometry' with the following arguments: {'ament_cmake_args': None, 'build_base': '/home/pi/ams_ws/build/rf2o_laser_odometry', 'catkin_cmake_args': None, 'catkin_skip_building_tests': False, 'cmake_args': None, 'cmake_clean_cache': False, 'cmake_clean_first': False, 'cmake_force_configure': False, 'cmake_target': None, 'cmake_target_skip_unavailable': False, 'install_base': '/home/pi/ams_ws/install/rf2o_laser_odometry', 'merge_install': False, 'path': '/home/pi/ams_ws/src/rf2o_laser_odometry', 'symlink_install': False, 'test_result_base': None}
[3.164s] INFO:colcon.colcon_core.executor:Executing jobs using 'parallel' executor
[3.203s] DEBUG:colcon.colcon_parallel_executor.executor.parallel:run_until_complete
[3.204s] INFO:colcon.colcon_ros.task.ament_cmake.build:Building ROS package in '/home/pi/ams_ws/src/rf2o_laser_odometry' with build type 'ament_cmake'
[3.205s] INFO:colcon.colcon_cmake.task.cmake.build:Building CMake package in '/home/pi/ams_ws/src/rf2o_laser_odometry'
[3.237s] INFO:colcon.colcon_core.plugin_system:Skipping extension 'colcon_core.shell.bat': Not used on non-Windows systems
[3.237s] INFO:colcon.colcon_core.shell:Skip shell extension 'powershell' for command environment: Not usable outside of PowerShell
[3.238s] DEBUG:colcon.colcon_core.shell:Skip shell extension 'dsv' for command environment
[3.305s] DEBUG:colcon.colcon_core.event_handler.log_command:Invoking command in '/home/pi/ams_ws/build/rf2o_laser_odometry': CMAKE_PREFIX_PATH=/opt/ros/humble /usr/bin/cmake /home/pi/ams_ws/src/rf2o_laser_odometry -DCMAKE_INSTALL_PREFIX=/home/pi/ams_ws/install/rf2o_laser_odometry
[12.984s] DEBUG:colcon.colcon_core.event_handler.log_command:Invoked command in '/home/pi/ams_ws/build/rf2o_laser_odometry' returned '0': CMAKE_PREFIX_PATH=/opt/ros/humble /usr/bin/cmake /home/pi/ams_ws/src/rf2o_laser_odometry -DCMAKE_INSTALL_PREFIX=/home/pi/ams_ws/install/rf2o_laser_odometry
[12.995s] DEBUG:colcon.colcon_core.event_handler.log_command:Invoking command in '/home/pi/ams_ws/build/rf2o_laser_odometry': CMAKE_PREFIX_PATH=/opt/ros/humble /usr/bin/cmake --build /home/pi/ams_ws/build/rf2o_laser_odometry -- -j4 -l4
[89.474s] DEBUG:colcon.colcon_core.event_handler.log_command:Invoked command in '/home/pi/ams_ws/build/rf2o_laser_odometry' returned '2': CMAKE_PREFIX_PATH=/opt/ros/humble /usr/bin/cmake --build /home/pi/ams_ws/build/rf2o_laser_odometry -- -j4 -l4
[89.647s] Level 1:colcon.colcon_core.environment:create_environment_scripts_only(rf2o_laser_odometry)
[89.682s] Level 1:colcon.colcon_core.environment:checking '/home/pi/ams_ws/install/rf2o_laser_odometry' for CMake module files
[89.684s] Level 1:colcon.colcon_core.environment:checking '/home/pi/ams_ws/install/rf2o_laser_odometry' for CMake config files
[89.686s] Level 1:colcon.colcon_core.environment:checking '/home/pi/ams_ws/install/rf2o_laser_odometry/bin'
[89.686s] Level 1:colcon.colcon_core.environment:checking '/home/pi/ams_ws/install/rf2o_laser_odometry/lib/pkgconfig/rf2o_laser_odometry.pc'
[89.687s] Level 1:colcon.colcon_core.environment:checking '/home/pi/ams_ws/install/rf2o_laser_odometry/lib/python3.10/site-packages'
[89.688s] Level 1:colcon.colcon_core.environment:checking '/home/pi/ams_ws/install/rf2o_laser_odometry/bin'
[89.705s] INFO:colcon.colcon_core.shell:Creating package script '/home/pi/ams_ws/install/rf2o_laser_odometry/share/rf2o_laser_odometry/package.ps1'
[89.708s] INFO:colcon.colcon_core.shell:Creating package descriptor '/home/pi/ams_ws/install/rf2o_laser_odometry/share/rf2o_laser_odometry/package.dsv'
[89.710s] INFO:colcon.colcon_core.shell:Creating package script '/home/pi/ams_ws/install/rf2o_laser_odometry/share/rf2o_laser_odometry/package.sh'
[89.714s] INFO:colcon.colcon_core.shell:Creating package script '/home/pi/ams_ws/install/rf2o_laser_odometry/share/rf2o_laser_odometry/package.bash'
[89.717s] INFO:colcon.colcon_core.shell:Creating package script '/home/pi/ams_ws/install/rf2o_laser_odometry/share/rf2o_laser_odometry/package.zsh'
[89.720s] Level 1:colcon.colcon_core.environment:create_file_with_runtime_dependencies(/home/pi/ams_ws/install/rf2o_laser_odometry/share/colcon-core/packages/rf2o_laser_odometry)
[89.732s] DEBUG:colcon.colcon_parallel_executor.executor.parallel:closing loop
[89.732s] DEBUG:colcon.colcon_parallel_executor.executor.parallel:loop closed
[89.732s] DEBUG:colcon.colcon_parallel_executor.executor.parallel:run_until_complete finished with '2'
[89.733s] DEBUG:colcon.colcon_core.event_reactor:joining thread
[89.769s] INFO:colcon.colcon_core.plugin_system:Skipping extension 'colcon_notification.desktop_notification.notify_send': Could not find 'notify-send'
[89.769s] INFO:colcon.colcon_core.plugin_system:Skipping extension 'colcon_notification.desktop_notification.terminal_notifier': Not used on non-Darwin systems
[89.770s] INFO:colcon.colcon_core.plugin_system:Skipping extension 'colcon_notification.desktop_notification.win32': Not used on non-Windows systems
[89.770s] INFO:colcon.colcon_notification.desktop_notification:Sending desktop notification using 'notify2'
[89.772s] DEBUG:colcon.colcon_notification.desktop_notification.notify2:Failed to initialize notify2: org.freedesktop.DBus.Error.ServiceUnknown: The name org.freedesktop.Notifications was not provided by any .service files
[89.773s] DEBUG:colcon.colcon_core.event_reactor:joined thread
[89.794s] INFO:colcon.colcon_core.shell:Creating prefix script '/home/pi/ams_ws/install/local_setup.ps1'
[89.797s] INFO:colcon.colcon_core.shell:Creating prefix util module '/home/pi/ams_ws/install/_local_setup_util_ps1.py'
[89.802s] INFO:colcon.colcon_core.shell:Creating prefix chain script '/home/pi/ams_ws/install/setup.ps1'
[89.821s] INFO:colcon.colcon_core.shell:Creating prefix script '/home/pi/ams_ws/install/local_setup.sh'
[89.823s] INFO:colcon.colcon_core.shell:Creating prefix util module '/home/pi/ams_ws/install/_local_setup_util_sh.py'
[89.825s] INFO:colcon.colcon_core.shell:Creating prefix chain script '/home/pi/ams_ws/install/setup.sh'
[89.843s] INFO:colcon.colcon_core.shell:Creating prefix script '/home/pi/ams_ws/install/local_setup.bash'
[89.845s] INFO:colcon.colcon_core.shell:Creating prefix chain script '/home/pi/ams_ws/install/setup.bash'
[89.862s] INFO:colcon.colcon_core.shell:Creating prefix script '/home/pi/ams_ws/install/local_setup.zsh'
[89.865s] INFO:colcon.colcon_core.shell:Creating prefix chain script '/home/pi/ams_ws/install/setup.zsh'
