[0.388s] Invoking command in '/home/pi/ams_ws/build/ams_hardware': CMAKE_PREFIX_PATH=${CMAKE_PREFIX_PATH}:/home/pi/ams_ws/install/nmea_navsat_driver:/home/pi/ams_ws/install/bno055:/opt/ros/humble /usr/bin/cmake --build /home/pi/ams_ws/build/ams_hardware -- -j4 -l4
[3.357s] Invoked command in '/home/pi/ams_ws/build/ams_hardware' returned '0': CMAKE_PREFIX_PATH=${CMAKE_PREFIX_PATH}:/home/pi/ams_ws/install/nmea_navsat_driver:/home/pi/ams_ws/install/bno055:/opt/ros/humble /usr/bin/cmake --build /home/pi/ams_ws/build/ams_hardware -- -j4 -l4
[3.522s] Invoking command in '/home/pi/ams_ws/build/ams_hardware': CMAKE_PREFIX_PATH=${CMAKE_PREFIX_PATH}:/home/pi/ams_ws/install/nmea_navsat_driver:/home/pi/ams_ws/install/bno055:/opt/ros/humble /usr/bin/cmake --install /home/pi/ams_ws/build/ams_hardware
[3.564s] -- Install configuration: ""
[3.566s] -- Up-to-date: /home/pi/ams_ws/install/ams_hardware/share/ament_index/resource_index/package_run_dependencies/ams_hardware
[3.568s] -- Up-to-date: /home/pi/ams_ws/install/ams_hardware/share/ament_index/resource_index/parent_prefix_path/ams_hardware
[3.570s] -- Up-to-date: /home/pi/ams_ws/install/ams_hardware/share/ams_hardware/environment/ament_prefix_path.sh
[3.572s] -- Up-to-date: /home/pi/ams_ws/install/ams_hardware/share/ams_hardware/environment/ament_prefix_path.dsv
[3.574s] -- Up-to-date: /home/pi/ams_ws/install/ams_hardware/share/ams_hardware/environment/path.sh
[3.576s] -- Up-to-date: /home/pi/ams_ws/install/ams_hardware/share/ams_hardware/environment/path.dsv
[3.578s] -- Up-to-date: /home/pi/ams_ws/install/ams_hardware/share/ams_hardware/local_setup.bash
[3.580s] -- Up-to-date: /home/pi/ams_ws/install/ams_hardware/share/ams_hardware/local_setup.sh
[3.582s] -- Up-to-date: /home/pi/ams_ws/install/ams_hardware/share/ams_hardware/local_setup.zsh
[3.584s] -- Up-to-date: /home/pi/ams_ws/install/ams_hardware/share/ams_hardware/local_setup.dsv
[3.586s] -- Installing: /home/pi/ams_ws/install/ams_hardware/share/ams_hardware/package.dsv
[3.589s] -- Up-to-date: /home/pi/ams_ws/install/ams_hardware/share/ament_index/resource_index/packages/ams_hardware
[3.590s] -- Up-to-date: /home/pi/ams_ws/install/ams_hardware/share/ams_hardware/cmake/ams_hardwareConfig.cmake
[3.590s] -- Up-to-date: /home/pi/ams_ws/install/ams_hardware/share/ams_hardware/cmake/ams_hardwareConfig-version.cmake
[3.591s] -- Up-to-date: /home/pi/ams_ws/install/ams_hardware/share/ams_hardware/package.xml
[3.605s] Invoked command in '/home/pi/ams_ws/build/ams_hardware' returned '0': CMAKE_PREFIX_PATH=${CMAKE_PREFIX_PATH}:/home/pi/ams_ws/install/nmea_navsat_driver:/home/pi/ams_ws/install/bno055:/opt/ros/humble /usr/bin/cmake --install /home/pi/ams_ws/build/ams_hardware
