-- Install configuration: ""
-- Up-to-date: /home/pi/ams_ws/install/ams_description/share/ams_description/src
-- Up-to-date: /home/pi/ams_ws/install/ams_description/share/ams_description/src/description
-- Up-to-date: /home/pi/ams_ws/install/ams_description/share/ams_description/src/description/ams_description.urdf
-- Up-to-date: /home/pi/ams_ws/install/ams_description/share/ams_description/launch
-- Up-to-date: /home/pi/ams_ws/install/ams_description/share/ams_description/launch/display.launch.py
-- Up-to-date: /home/pi/ams_ws/install/ams_description/share/ams_description/rviz
-- Up-to-date: /home/pi/ams_ws/install/ams_description/share/ams_description/rviz/urdf_config.rviz
-- Up-to-date: /home/pi/ams_ws/install/ams_description/share/ams_description/meshes
-- Up-to-date: /home/pi/ams_ws/install/ams_description/share/ams_description/meshes/lo_leg_plate_6.STL
-- Up-to-date: /home/pi/ams_ws/install/ams_description/share/ams_description/meshes/up_ro_base_5.STL
-- Up-to-date: /home/pi/ams_ws/install/ams_description/share/ams_description/meshes/lo_leg_plate_2.STL
-- Up-to-date: /home/pi/ams_ws/install/ams_description/share/ams_description/meshes/up_leg_plate_3.STL
-- Up-to-date: /home/pi/ams_ws/install/ams_description/share/ams_description/meshes/up_ro_base_4.STL
-- Up-to-date: /home/pi/ams_ws/install/ams_description/share/ams_description/meshes/up_ro_base_3.STL
-- Up-to-date: /home/pi/ams_ws/install/ams_description/share/ams_description/meshes/lo_leg_plate_4.STL
-- Up-to-date: /home/pi/ams_ws/install/ams_description/share/ams_description/meshes/up_leg_plate_4.STL
-- Up-to-date: /home/pi/ams_ws/install/ams_description/share/ams_description/meshes/up_ro_base_6.STL
-- Up-to-date: /home/pi/ams_ws/install/ams_description/share/ams_description/meshes/up_leg_plate_5.STL
-- Up-to-date: /home/pi/ams_ws/install/ams_description/share/ams_description/meshes/up_ro_base_2.STL
-- Up-to-date: /home/pi/ams_ws/install/ams_description/share/ams_description/meshes/up_ro_base_1.STL
-- Up-to-date: /home/pi/ams_ws/install/ams_description/share/ams_description/meshes/up_leg_plate_1.STL
-- Up-to-date: /home/pi/ams_ws/install/ams_description/share/ams_description/meshes/up_leg_plate_6.STL
-- Up-to-date: /home/pi/ams_ws/install/ams_description/share/ams_description/meshes/lo_leg_plate_5.STL
-- Up-to-date: /home/pi/ams_ws/install/ams_description/share/ams_description/meshes/lo_leg_plate_1.STL
-- Up-to-date: /home/pi/ams_ws/install/ams_description/share/ams_description/meshes/base_link_ams_body.STL
-- Up-to-date: /home/pi/ams_ws/install/ams_description/share/ams_description/meshes/lo_leg_plate_3.STL
-- Up-to-date: /home/pi/ams_ws/install/ams_description/share/ams_description/meshes/up_leg_plate_2.STL
-- Up-to-date: /home/pi/ams_ws/install/ams_description/share/ament_index/resource_index/package_run_dependencies/ams_description
-- Up-to-date: /home/pi/ams_ws/install/ams_description/share/ament_index/resource_index/parent_prefix_path/ams_description
-- Up-to-date: /home/pi/ams_ws/install/ams_description/share/ams_description/environment/ament_prefix_path.sh
-- Up-to-date: /home/pi/ams_ws/install/ams_description/share/ams_description/environment/ament_prefix_path.dsv
-- Up-to-date: /home/pi/ams_ws/install/ams_description/share/ams_description/environment/path.sh
-- Up-to-date: /home/pi/ams_ws/install/ams_description/share/ams_description/environment/path.dsv
-- Up-to-date: /home/pi/ams_ws/install/ams_description/share/ams_description/local_setup.bash
-- Up-to-date: /home/pi/ams_ws/install/ams_description/share/ams_description/local_setup.sh
-- Up-to-date: /home/pi/ams_ws/install/ams_description/share/ams_description/local_setup.zsh
-- Up-to-date: /home/pi/ams_ws/install/ams_description/share/ams_description/local_setup.dsv
-- Installing: /home/pi/ams_ws/install/ams_description/share/ams_description/package.dsv
-- Up-to-date: /home/pi/ams_ws/install/ams_description/share/ament_index/resource_index/packages/ams_description
-- Up-to-date: /home/pi/ams_ws/install/ams_description/share/ams_description/cmake/ams_descriptionConfig.cmake
-- Up-to-date: /home/pi/ams_ws/install/ams_description/share/ams_description/cmake/ams_descriptionConfig-version.cmake
-- Up-to-date: /home/pi/ams_ws/install/ams_description/share/ams_description/package.xml
