[2.377s] DEBUG:colcon:Command line arguments: ['/home/pi/.local/bin/colcon', 'build']
[2.378s] DEBUG:colcon:Parsed command line arguments: Namespace(log_base=None, log_level=None, verb_name='build', build_base='build', install_base='install', merge_install=False, symlink_install=False, test_result_base=None, continue_on_error=False, executor='parallel', parallel_workers=4, event_handlers=None, ignore_user_meta=False, metas=['./colcon.meta'], base_paths=['.'], packages_ignore=None, packages_ignore_regex=None, paths=None, packages_up_to=None, packages_up_to_regex=None, packages_above=None, packages_above_and_dependencies=None, packages_above_depth=None, packages_select_by_dep=None, packages_skip_by_dep=None, packages_skip_up_to=None, packages_select_build_failed=False, packages_skip_build_finished=False, packages_select_test_failures=False, packages_skip_test_passed=False, packages_select=None, packages_skip=None, packages_select_regex=None, packages_skip_regex=None, packages_start=None, packages_end=None, allow_overriding=[], cmake_args=None, cmake_target=None, cmake_target_skip_unavailable=False, cmake_clean_cache=False, cmake_clean_first=False, cmake_force_configure=False, ament_cmake_args=None, catkin_cmake_args=None, catkin_skip_building_tests=False, verb_parser=<colcon_defaults.argument_parser.defaults.DefaultArgumentsDecorator object at 0xffffb9176830>, verb_extension=<colcon_core.verb.build.BuildVerb object at 0xffffb91762c0>, main=<bound method BuildVerb.main of <colcon_core.verb.build.BuildVerb object at 0xffffb91762c0>>)
[2.492s] Level 1:colcon.colcon_core.package_discovery:discover_packages(colcon_meta) check parameters
[2.492s] Level 1:colcon.colcon_core.package_discovery:discover_packages(recursive) check parameters
[2.492s] Level 1:colcon.colcon_core.package_discovery:discover_packages(ignore) check parameters
[2.492s] Level 1:colcon.colcon_core.package_discovery:discover_packages(path) check parameters
[2.492s] Level 1:colcon.colcon_core.package_discovery:discover_packages(colcon_meta) discover
[2.493s] Level 1:colcon.colcon_core.package_discovery:discover_packages(recursive) discover
[2.493s] INFO:colcon.colcon_core.package_discovery:Crawling recursively for packages in '/home/pi/ams_ws'
[2.493s] Level 1:colcon.colcon_core.package_identification:_identify(.) by extensions ['ignore', 'ignore_ament_install']
[2.493s] Level 1:colcon.colcon_core.package_identification:_identify(.) by extension 'ignore'
[2.494s] Level 1:colcon.colcon_core.package_identification:_identify(.) by extension 'ignore_ament_install'
[2.494s] Level 1:colcon.colcon_core.package_identification:_identify(.) by extensions ['colcon_pkg']
[2.494s] Level 1:colcon.colcon_core.package_identification:_identify(.) by extension 'colcon_pkg'
[2.494s] Level 1:colcon.colcon_core.package_identification:_identify(.) by extensions ['colcon_meta']
[2.494s] Level 1:colcon.colcon_core.package_identification:_identify(.) by extension 'colcon_meta'
[2.494s] Level 1:colcon.colcon_core.package_identification:_identify(.) by extensions ['ros']
[2.495s] Level 1:colcon.colcon_core.package_identification:_identify(.) by extension 'ros'
[2.537s] Level 1:colcon.colcon_core.package_identification:_identify(.) by extensions ['cmake', 'python']
[2.538s] Level 1:colcon.colcon_core.package_identification:_identify(.) by extension 'cmake'
[2.538s] Level 1:colcon.colcon_core.package_identification:_identify(.) by extension 'python'
[2.538s] Level 1:colcon.colcon_core.package_identification:_identify(.) by extensions ['python_setup_py']
[2.538s] Level 1:colcon.colcon_core.package_identification:_identify(.) by extension 'python_setup_py'
[2.539s] Level 1:colcon.colcon_core.package_identification:_identify(build) by extensions ['ignore', 'ignore_ament_install']
[2.539s] Level 1:colcon.colcon_core.package_identification:_identify(build) by extension 'ignore'
[2.539s] Level 1:colcon.colcon_core.package_identification:_identify(build) ignored
[2.540s] Level 1:colcon.colcon_core.package_identification:_identify(install) by extensions ['ignore', 'ignore_ament_install']
[2.540s] Level 1:colcon.colcon_core.package_identification:_identify(install) by extension 'ignore'
[2.540s] Level 1:colcon.colcon_core.package_identification:_identify(install) ignored
[2.541s] Level 1:colcon.colcon_core.package_identification:_identify(log) by extensions ['ignore', 'ignore_ament_install']
[2.541s] Level 1:colcon.colcon_core.package_identification:_identify(log) by extension 'ignore'
[2.541s] Level 1:colcon.colcon_core.package_identification:_identify(log) ignored
[2.542s] Level 1:colcon.colcon_core.package_identification:_identify(src) by extensions ['ignore', 'ignore_ament_install']
[2.542s] Level 1:colcon.colcon_core.package_identification:_identify(src) by extension 'ignore'
[2.542s] Level 1:colcon.colcon_core.package_identification:_identify(src) by extension 'ignore_ament_install'
[2.542s] Level 1:colcon.colcon_core.package_identification:_identify(src) by extensions ['colcon_pkg']
[2.543s] Level 1:colcon.colcon_core.package_identification:_identify(src) by extension 'colcon_pkg'
[2.543s] Level 1:colcon.colcon_core.package_identification:_identify(src) by extensions ['colcon_meta']
[2.543s] Level 1:colcon.colcon_core.package_identification:_identify(src) by extension 'colcon_meta'
[2.543s] Level 1:colcon.colcon_core.package_identification:_identify(src) by extensions ['ros']
[2.543s] Level 1:colcon.colcon_core.package_identification:_identify(src) by extension 'ros'
[2.543s] Level 1:colcon.colcon_core.package_identification:_identify(src) by extensions ['cmake', 'python']
[2.544s] Level 1:colcon.colcon_core.package_identification:_identify(src) by extension 'cmake'
[2.544s] Level 1:colcon.colcon_core.package_identification:_identify(src) by extension 'python'
[2.544s] Level 1:colcon.colcon_core.package_identification:_identify(src) by extensions ['python_setup_py']
[2.544s] Level 1:colcon.colcon_core.package_identification:_identify(src) by extension 'python_setup_py'
[2.544s] Level 1:colcon.colcon_core.package_identification:_identify(src/ams_description) by extensions ['ignore', 'ignore_ament_install']
[2.545s] Level 1:colcon.colcon_core.package_identification:_identify(src/ams_description) by extension 'ignore'
[2.545s] Level 1:colcon.colcon_core.package_identification:_identify(src/ams_description) by extension 'ignore_ament_install'
[2.545s] Level 1:colcon.colcon_core.package_identification:_identify(src/ams_description) by extensions ['colcon_pkg']
[2.545s] Level 1:colcon.colcon_core.package_identification:_identify(src/ams_description) by extension 'colcon_pkg'
[2.545s] Level 1:colcon.colcon_core.package_identification:_identify(src/ams_description) by extensions ['colcon_meta']
[2.546s] Level 1:colcon.colcon_core.package_identification:_identify(src/ams_description) by extension 'colcon_meta'
[2.546s] Level 1:colcon.colcon_core.package_identification:_identify(src/ams_description) by extensions ['ros']
[2.546s] Level 1:colcon.colcon_core.package_identification:_identify(src/ams_description) by extension 'ros'
[2.554s] DEBUG:colcon.colcon_core.package_identification:Package 'src/ams_description' with type 'ros.ament_cmake' and name 'ams_description'
[2.555s] Level 1:colcon.colcon_core.package_identification:_identify(src/bno055) by extensions ['ignore', 'ignore_ament_install']
[2.556s] Level 1:colcon.colcon_core.package_identification:_identify(src/bno055) by extension 'ignore'
[2.556s] Level 1:colcon.colcon_core.package_identification:_identify(src/bno055) by extension 'ignore_ament_install'
[2.556s] Level 1:colcon.colcon_core.package_identification:_identify(src/bno055) by extensions ['colcon_pkg']
[2.556s] Level 1:colcon.colcon_core.package_identification:_identify(src/bno055) by extension 'colcon_pkg'
[2.556s] Level 1:colcon.colcon_core.package_identification:_identify(src/bno055) by extensions ['colcon_meta']
[2.556s] Level 1:colcon.colcon_core.package_identification:_identify(src/bno055) by extension 'colcon_meta'
[2.557s] Level 1:colcon.colcon_core.package_identification:_identify(src/bno055) by extensions ['ros']
[2.557s] Level 1:colcon.colcon_core.package_identification:_identify(src/bno055) by extension 'ros'
[2.560s] DEBUG:colcon.colcon_core.package_identification:Package 'src/bno055' with type 'ros.ament_python' and name 'bno055'
[2.560s] Level 1:colcon.colcon_core.package_identification:_identify(src/nmea_navsat_driver) by extensions ['ignore', 'ignore_ament_install']
[2.561s] Level 1:colcon.colcon_core.package_identification:_identify(src/nmea_navsat_driver) by extension 'ignore'
[2.561s] Level 1:colcon.colcon_core.package_identification:_identify(src/nmea_navsat_driver) by extension 'ignore_ament_install'
[2.561s] Level 1:colcon.colcon_core.package_identification:_identify(src/nmea_navsat_driver) by extensions ['colcon_pkg']
[2.561s] Level 1:colcon.colcon_core.package_identification:_identify(src/nmea_navsat_driver) by extension 'colcon_pkg'
[2.561s] Level 1:colcon.colcon_core.package_identification:_identify(src/nmea_navsat_driver) by extensions ['colcon_meta']
[2.561s] Level 1:colcon.colcon_core.package_identification:_identify(src/nmea_navsat_driver) by extension 'colcon_meta'
[2.562s] Level 1:colcon.colcon_core.package_identification:_identify(src/nmea_navsat_driver) by extensions ['ros']
[2.562s] Level 1:colcon.colcon_core.package_identification:_identify(src/nmea_navsat_driver) by extension 'ros'
[2.568s] DEBUG:colcon.colcon_core.package_identification:Package 'src/nmea_navsat_driver' with type 'ros.ament_python' and name 'nmea_navsat_driver'
[2.569s] Level 1:colcon.colcon_core.package_discovery:discover_packages(recursive) using defaults
[2.569s] Level 1:colcon.colcon_core.package_discovery:discover_packages(ignore) discover
[2.569s] Level 1:colcon.colcon_core.package_discovery:discover_packages(ignore) using defaults
[2.569s] Level 1:colcon.colcon_core.package_discovery:discover_packages(path) discover
[2.569s] Level 1:colcon.colcon_core.package_discovery:discover_packages(path) using defaults
[2.694s] Level 1:colcon.colcon_core.package_discovery:discover_packages(prefix_path) check parameters
[2.694s] Level 1:colcon.colcon_core.package_discovery:discover_packages(prefix_path) discover
[2.737s] DEBUG:colcon.colcon_installed_package_information.package_discovery:Found 382 installed packages in /opt/ros/humble
[2.748s] Level 1:colcon.colcon_core.package_discovery:discover_packages(prefix_path) using defaults
[3.091s] Level 5:colcon.colcon_core.verb:set package 'ams_description' build argument 'cmake_args' from command line to 'None'
[3.091s] Level 5:colcon.colcon_core.verb:set package 'ams_description' build argument 'cmake_target' from command line to 'None'
[3.091s] Level 5:colcon.colcon_core.verb:set package 'ams_description' build argument 'cmake_target_skip_unavailable' from command line to 'False'
[3.091s] Level 5:colcon.colcon_core.verb:set package 'ams_description' build argument 'cmake_clean_cache' from command line to 'False'
[3.091s] Level 5:colcon.colcon_core.verb:set package 'ams_description' build argument 'cmake_clean_first' from command line to 'False'
[3.092s] Level 5:colcon.colcon_core.verb:set package 'ams_description' build argument 'cmake_force_configure' from command line to 'False'
[3.092s] Level 5:colcon.colcon_core.verb:set package 'ams_description' build argument 'ament_cmake_args' from command line to 'None'
[3.092s] Level 5:colcon.colcon_core.verb:set package 'ams_description' build argument 'catkin_cmake_args' from command line to 'None'
[3.092s] Level 5:colcon.colcon_core.verb:set package 'ams_description' build argument 'catkin_skip_building_tests' from command line to 'False'
[3.092s] DEBUG:colcon.colcon_core.verb:Building package 'ams_description' with the following arguments: {'ament_cmake_args': None, 'build_base': '/home/pi/ams_ws/build/ams_description', 'catkin_cmake_args': None, 'catkin_skip_building_tests': False, 'cmake_args': None, 'cmake_clean_cache': False, 'cmake_clean_first': False, 'cmake_force_configure': False, 'cmake_target': None, 'cmake_target_skip_unavailable': False, 'install_base': '/home/pi/ams_ws/install/ams_description', 'merge_install': False, 'path': '/home/pi/ams_ws/src/ams_description', 'symlink_install': False, 'test_result_base': None}
[3.120s] Level 5:colcon.colcon_core.verb:set package 'bno055' build argument 'cmake_args' from command line to 'None'
[3.120s] Level 5:colcon.colcon_core.verb:set package 'bno055' build argument 'cmake_target' from command line to 'None'
[3.120s] Level 5:colcon.colcon_core.verb:set package 'bno055' build argument 'cmake_target_skip_unavailable' from command line to 'False'
[3.120s] Level 5:colcon.colcon_core.verb:set package 'bno055' build argument 'cmake_clean_cache' from command line to 'False'
[3.120s] Level 5:colcon.colcon_core.verb:set package 'bno055' build argument 'cmake_clean_first' from command line to 'False'
[3.120s] Level 5:colcon.colcon_core.verb:set package 'bno055' build argument 'cmake_force_configure' from command line to 'False'
[3.120s] Level 5:colcon.colcon_core.verb:set package 'bno055' build argument 'ament_cmake_args' from command line to 'None'
[3.120s] Level 5:colcon.colcon_core.verb:set package 'bno055' build argument 'catkin_cmake_args' from command line to 'None'
[3.120s] Level 5:colcon.colcon_core.verb:set package 'bno055' build argument 'catkin_skip_building_tests' from command line to 'False'
[3.121s] DEBUG:colcon.colcon_core.verb:Building package 'bno055' with the following arguments: {'ament_cmake_args': None, 'build_base': '/home/pi/ams_ws/build/bno055', 'catkin_cmake_args': None, 'catkin_skip_building_tests': False, 'cmake_args': None, 'cmake_clean_cache': False, 'cmake_clean_first': False, 'cmake_force_configure': False, 'cmake_target': None, 'cmake_target_skip_unavailable': False, 'install_base': '/home/pi/ams_ws/install/bno055', 'merge_install': False, 'path': '/home/pi/ams_ws/src/bno055', 'symlink_install': False, 'test_result_base': None}
[3.148s] Level 5:colcon.colcon_core.verb:set package 'nmea_navsat_driver' build argument 'cmake_args' from command line to 'None'
[3.148s] Level 5:colcon.colcon_core.verb:set package 'nmea_navsat_driver' build argument 'cmake_target' from command line to 'None'
[3.148s] Level 5:colcon.colcon_core.verb:set package 'nmea_navsat_driver' build argument 'cmake_target_skip_unavailable' from command line to 'False'
[3.148s] Level 5:colcon.colcon_core.verb:set package 'nmea_navsat_driver' build argument 'cmake_clean_cache' from command line to 'False'
[3.148s] Level 5:colcon.colcon_core.verb:set package 'nmea_navsat_driver' build argument 'cmake_clean_first' from command line to 'False'
[3.148s] Level 5:colcon.colcon_core.verb:set package 'nmea_navsat_driver' build argument 'cmake_force_configure' from command line to 'False'
[3.149s] Level 5:colcon.colcon_core.verb:set package 'nmea_navsat_driver' build argument 'ament_cmake_args' from command line to 'None'
[3.149s] Level 5:colcon.colcon_core.verb:set package 'nmea_navsat_driver' build argument 'catkin_cmake_args' from command line to 'None'
[3.149s] Level 5:colcon.colcon_core.verb:set package 'nmea_navsat_driver' build argument 'catkin_skip_building_tests' from command line to 'False'
[3.149s] DEBUG:colcon.colcon_core.verb:Building package 'nmea_navsat_driver' with the following arguments: {'ament_cmake_args': None, 'build_base': '/home/pi/ams_ws/build/nmea_navsat_driver', 'catkin_cmake_args': None, 'catkin_skip_building_tests': False, 'cmake_args': None, 'cmake_clean_cache': False, 'cmake_clean_first': False, 'cmake_force_configure': False, 'cmake_target': None, 'cmake_target_skip_unavailable': False, 'install_base': '/home/pi/ams_ws/install/nmea_navsat_driver', 'merge_install': False, 'path': '/home/pi/ams_ws/src/nmea_navsat_driver', 'symlink_install': False, 'test_result_base': None}
[3.155s] INFO:colcon.colcon_core.executor:Executing jobs using 'parallel' executor
[3.194s] DEBUG:colcon.colcon_parallel_executor.executor.parallel:run_until_complete
[3.196s] INFO:colcon.colcon_ros.task.ament_cmake.build:Building ROS package in '/home/pi/ams_ws/src/ams_description' with build type 'ament_cmake'
[3.196s] INFO:colcon.colcon_cmake.task.cmake.build:Building CMake package in '/home/pi/ams_ws/src/ams_description'
[3.227s] INFO:colcon.colcon_core.plugin_system:Skipping extension 'colcon_core.shell.bat': Not used on non-Windows systems
[3.228s] INFO:colcon.colcon_core.shell:Skip shell extension 'powershell' for command environment: Not usable outside of PowerShell
[3.228s] DEBUG:colcon.colcon_core.shell:Skip shell extension 'dsv' for command environment
[3.270s] INFO:colcon.colcon_ros.task.ament_python.build:Building ROS package in '/home/pi/ams_ws/src/bno055' with build type 'ament_python'
[3.271s] Level 1:colcon.colcon_core.shell:create_environment_hook('bno055', 'ament_prefix_path')
[3.290s] INFO:colcon.colcon_core.shell:Creating environment hook '/home/pi/ams_ws/install/bno055/share/bno055/hook/ament_prefix_path.ps1'
[3.293s] INFO:colcon.colcon_core.shell:Creating environment descriptor '/home/pi/ams_ws/install/bno055/share/bno055/hook/ament_prefix_path.dsv'
[3.295s] INFO:colcon.colcon_core.shell:Creating environment hook '/home/pi/ams_ws/install/bno055/share/bno055/hook/ament_prefix_path.sh'
[3.314s] INFO:colcon.colcon_core.shell:Skip shell extension 'powershell' for command environment: Not usable outside of PowerShell
[3.315s] DEBUG:colcon.colcon_core.shell:Skip shell extension 'dsv' for command environment
[3.355s] INFO:colcon.colcon_ros.task.ament_python.build:Building ROS package in '/home/pi/ams_ws/src/nmea_navsat_driver' with build type 'ament_python'
[3.356s] Level 1:colcon.colcon_core.shell:create_environment_hook('nmea_navsat_driver', 'ament_prefix_path')
[3.375s] INFO:colcon.colcon_core.shell:Creating environment hook '/home/pi/ams_ws/install/nmea_navsat_driver/share/nmea_navsat_driver/hook/ament_prefix_path.ps1'
[3.377s] INFO:colcon.colcon_core.shell:Creating environment descriptor '/home/pi/ams_ws/install/nmea_navsat_driver/share/nmea_navsat_driver/hook/ament_prefix_path.dsv'
[3.378s] INFO:colcon.colcon_core.shell:Creating environment hook '/home/pi/ams_ws/install/nmea_navsat_driver/share/nmea_navsat_driver/hook/ament_prefix_path.sh'
[3.396s] INFO:colcon.colcon_core.shell:Skip shell extension 'powershell' for command environment: Not usable outside of PowerShell
[3.396s] DEBUG:colcon.colcon_core.shell:Skip shell extension 'dsv' for command environment
[3.459s] DEBUG:colcon.colcon_core.event_handler.log_command:Invoking command in '/home/pi/ams_ws/build/ams_description': CMAKE_PREFIX_PATH=/opt/ros/humble /usr/bin/cmake --build /home/pi/ams_ws/build/ams_description -- -j4 -l4
[4.836s] INFO:colcon.colcon_core.task.python.build:Building Python package in '/home/pi/ams_ws/src/bno055'
[4.856s] INFO:colcon.colcon_core.shell:Skip shell extension 'powershell' for command environment: Not usable outside of PowerShell
[4.856s] DEBUG:colcon.colcon_core.shell:Skip shell extension 'dsv' for command environment
[4.903s] DEBUG:colcon.colcon_core.event_handler.log_command:Invoked command in '/home/pi/ams_ws/build/ams_description' returned '0': CMAKE_PREFIX_PATH=/opt/ros/humble /usr/bin/cmake --build /home/pi/ams_ws/build/ams_description -- -j4 -l4
[6.279s] INFO:colcon.colcon_core.task.python.build:Building Python package in '/home/pi/ams_ws/src/nmea_navsat_driver'
[6.296s] INFO:colcon.colcon_core.shell:Skip shell extension 'powershell' for command environment: Not usable outside of PowerShell
[6.297s] DEBUG:colcon.colcon_core.shell:Skip shell extension 'dsv' for command environment
[6.388s] DEBUG:colcon.colcon_core.event_handler.log_command:Invoking command in '/home/pi/ams_ws/build/ams_description': CMAKE_PREFIX_PATH=/opt/ros/humble /usr/bin/cmake --install /home/pi/ams_ws/build/ams_description
[6.451s] Level 1:colcon.colcon_core.environment:create_environment_scripts_only(ams_description)
[6.458s] DEBUG:colcon.colcon_core.event_handler.log_command:Invoked command in '/home/pi/ams_ws/build/ams_description' returned '0': CMAKE_PREFIX_PATH=/opt/ros/humble /usr/bin/cmake --install /home/pi/ams_ws/build/ams_description
[6.492s] Level 1:colcon.colcon_core.environment:checking '/home/pi/ams_ws/install/ams_description' for CMake module files
[6.495s] Level 1:colcon.colcon_core.environment:checking '/home/pi/ams_ws/install/ams_description' for CMake config files
[6.498s] Level 1:colcon.colcon_core.shell:create_environment_hook('ams_description', 'cmake_prefix_path')
[6.521s] INFO:colcon.colcon_core.shell:Creating environment hook '/home/pi/ams_ws/install/ams_description/share/ams_description/hook/cmake_prefix_path.ps1'
[6.524s] INFO:colcon.colcon_core.shell:Creating environment descriptor '/home/pi/ams_ws/install/ams_description/share/ams_description/hook/cmake_prefix_path.dsv'
[6.526s] INFO:colcon.colcon_core.shell:Creating environment hook '/home/pi/ams_ws/install/ams_description/share/ams_description/hook/cmake_prefix_path.sh'
[6.530s] Level 1:colcon.colcon_core.environment:checking '/home/pi/ams_ws/install/ams_description/bin'
[6.530s] Level 1:colcon.colcon_core.environment:checking '/home/pi/ams_ws/install/ams_description/lib/pkgconfig/ams_description.pc'
[6.531s] Level 1:colcon.colcon_core.environment:checking '/home/pi/ams_ws/install/ams_description/lib/python3.10/site-packages'
[6.533s] Level 1:colcon.colcon_core.environment:checking '/home/pi/ams_ws/install/ams_description/bin'
[6.556s] INFO:colcon.colcon_core.shell:Creating package script '/home/pi/ams_ws/install/ams_description/share/ams_description/package.ps1'
[6.560s] INFO:colcon.colcon_core.shell:Creating package descriptor '/home/pi/ams_ws/install/ams_description/share/ams_description/package.dsv'
[6.563s] INFO:colcon.colcon_core.shell:Creating package script '/home/pi/ams_ws/install/ams_description/share/ams_description/package.sh'
[6.567s] INFO:colcon.colcon_core.shell:Creating package script '/home/pi/ams_ws/install/ams_description/share/ams_description/package.bash'
[6.571s] INFO:colcon.colcon_core.shell:Creating package script '/home/pi/ams_ws/install/ams_description/share/ams_description/package.zsh'
[6.575s] Level 1:colcon.colcon_core.environment:create_file_with_runtime_dependencies(/home/pi/ams_ws/install/ams_description/share/colcon-core/packages/ams_description)
[6.708s] Level 1:colcon.colcon_core.environment:create_environment_scripts_only(ams_description)
[6.738s] Level 1:colcon.colcon_core.environment:checking '/home/pi/ams_ws/install/ams_description' for CMake module files
[6.741s] Level 1:colcon.colcon_core.environment:checking '/home/pi/ams_ws/install/ams_description' for CMake config files
[6.744s] Level 1:colcon.colcon_core.shell:create_environment_hook('ams_description', 'cmake_prefix_path')
[6.764s] INFO:colcon.colcon_core.shell:Creating environment hook '/home/pi/ams_ws/install/ams_description/share/ams_description/hook/cmake_prefix_path.ps1'
[6.767s] INFO:colcon.colcon_core.shell:Creating environment descriptor '/home/pi/ams_ws/install/ams_description/share/ams_description/hook/cmake_prefix_path.dsv'
[6.769s] INFO:colcon.colcon_core.shell:Creating environment hook '/home/pi/ams_ws/install/ams_description/share/ams_description/hook/cmake_prefix_path.sh'
[6.772s] Level 1:colcon.colcon_core.environment:checking '/home/pi/ams_ws/install/ams_description/bin'
[6.773s] Level 1:colcon.colcon_core.environment:checking '/home/pi/ams_ws/install/ams_description/lib/pkgconfig/ams_description.pc'
[6.774s] Level 1:colcon.colcon_core.environment:checking '/home/pi/ams_ws/install/ams_description/lib/python3.10/site-packages'
[6.775s] Level 1:colcon.colcon_core.environment:checking '/home/pi/ams_ws/install/ams_description/bin'
[6.796s] INFO:colcon.colcon_core.shell:Creating package script '/home/pi/ams_ws/install/ams_description/share/ams_description/package.ps1'
[6.799s] INFO:colcon.colcon_core.shell:Creating package descriptor '/home/pi/ams_ws/install/ams_description/share/ams_description/package.dsv'
[6.802s] INFO:colcon.colcon_core.shell:Creating package script '/home/pi/ams_ws/install/ams_description/share/ams_description/package.sh'
[6.804s] INFO:colcon.colcon_core.shell:Creating package script '/home/pi/ams_ws/install/ams_description/share/ams_description/package.bash'
[6.807s] INFO:colcon.colcon_core.shell:Creating package script '/home/pi/ams_ws/install/ams_description/share/ams_description/package.zsh'
[6.809s] Level 1:colcon.colcon_core.environment:create_file_with_runtime_dependencies(/home/pi/ams_ws/install/ams_description/share/colcon-core/packages/ams_description)
[8.423s] DEBUG:colcon.colcon_core.event_handler.log_command:Invoking command in '/home/pi/ams_ws/src/bno055': PYTHONPATH=/home/pi/ams_ws/build/bno055/prefix_override:/home/pi/ams_ws/install/bno055/lib/python3.10/site-packages:${PYTHONPATH} /usr/bin/python3 setup.py egg_info --egg-base ../../build/bno055 build --build-base /home/pi/ams_ws/build/bno055/build install --record /home/pi/ams_ws/build/bno055/install.log --single-version-externally-managed
[8.495s] DEBUG:colcon.colcon_core.event_handler.log_command:Invoking command in '/home/pi/ams_ws/src/nmea_navsat_driver': PYTHONPATH=/home/pi/ams_ws/build/nmea_navsat_driver/prefix_override:/home/pi/ams_ws/install/nmea_navsat_driver/lib/python3.10/site-packages:${PYTHONPATH} /usr/bin/python3 setup.py egg_info --egg-base ../../build/nmea_navsat_driver build --build-base /home/pi/ams_ws/build/nmea_navsat_driver/build install --record /home/pi/ams_ws/build/nmea_navsat_driver/install.log --single-version-externally-managed
[10.205s] DEBUG:colcon.colcon_core.event_handler.log_command:Invoked command in '/home/pi/ams_ws/src/bno055' returned '0': PYTHONPATH=/home/pi/ams_ws/build/bno055/prefix_override:/home/pi/ams_ws/install/bno055/lib/python3.10/site-packages:${PYTHONPATH} /usr/bin/python3 setup.py egg_info --egg-base ../../build/bno055 build --build-base /home/pi/ams_ws/build/bno055/build install --record /home/pi/ams_ws/build/bno055/install.log --single-version-externally-managed
[10.207s] Level 1:colcon.colcon_core.environment:checking '/home/pi/ams_ws/install/bno055' for CMake module files
[10.220s] Level 1:colcon.colcon_core.environment:checking '/home/pi/ams_ws/install/bno055' for CMake config files
[10.231s] Level 1:colcon.colcon_core.environment:checking '/home/pi/ams_ws/install/bno055/lib'
[10.232s] Level 1:colcon.colcon_core.environment:checking '/home/pi/ams_ws/install/bno055/bin'
[10.233s] Level 1:colcon.colcon_core.environment:checking '/home/pi/ams_ws/install/bno055/lib/pkgconfig/bno055.pc'
[10.234s] Level 1:colcon.colcon_core.environment:checking '/home/pi/ams_ws/install/bno055/lib/python3.10/site-packages'
[10.235s] Level 1:colcon.colcon_core.shell:create_environment_hook('bno055', 'pythonpath')
[10.264s] INFO:colcon.colcon_core.shell:Creating environment hook '/home/pi/ams_ws/install/bno055/share/bno055/hook/pythonpath.ps1'
[10.268s] INFO:colcon.colcon_core.shell:Creating environment descriptor '/home/pi/ams_ws/install/bno055/share/bno055/hook/pythonpath.dsv'
[10.270s] INFO:colcon.colcon_core.shell:Creating environment hook '/home/pi/ams_ws/install/bno055/share/bno055/hook/pythonpath.sh'
[10.275s] Level 1:colcon.colcon_core.environment:checking '/home/pi/ams_ws/install/bno055/bin'
[10.276s] Level 1:colcon.colcon_core.environment:create_environment_scripts_only(bno055)
[10.306s] INFO:colcon.colcon_core.shell:Creating package script '/home/pi/ams_ws/install/bno055/share/bno055/package.ps1'
[10.309s] INFO:colcon.colcon_core.shell:Creating package descriptor '/home/pi/ams_ws/install/bno055/share/bno055/package.dsv'
[10.313s] INFO:colcon.colcon_core.shell:Creating package script '/home/pi/ams_ws/install/bno055/share/bno055/package.sh'
[10.316s] INFO:colcon.colcon_core.shell:Creating package script '/home/pi/ams_ws/install/bno055/share/bno055/package.bash'
[10.319s] INFO:colcon.colcon_core.shell:Creating package script '/home/pi/ams_ws/install/bno055/share/bno055/package.zsh'
[10.321s] Level 1:colcon.colcon_core.environment:create_file_with_runtime_dependencies(/home/pi/ams_ws/install/bno055/share/colcon-core/packages/bno055)
[10.364s] DEBUG:colcon.colcon_core.event_handler.log_command:Invoked command in '/home/pi/ams_ws/src/nmea_navsat_driver' returned '0': PYTHONPATH=/home/pi/ams_ws/build/nmea_navsat_driver/prefix_override:/home/pi/ams_ws/install/nmea_navsat_driver/lib/python3.10/site-packages:${PYTHONPATH} /usr/bin/python3 setup.py egg_info --egg-base ../../build/nmea_navsat_driver build --build-base /home/pi/ams_ws/build/nmea_navsat_driver/build install --record /home/pi/ams_ws/build/nmea_navsat_driver/install.log --single-version-externally-managed
[10.368s] Level 1:colcon.colcon_core.environment:checking '/home/pi/ams_ws/install/nmea_navsat_driver' for CMake module files
[10.371s] Level 1:colcon.colcon_core.environment:checking '/home/pi/ams_ws/install/nmea_navsat_driver' for CMake config files
[10.375s] Level 1:colcon.colcon_core.environment:checking '/home/pi/ams_ws/install/nmea_navsat_driver/lib'
[10.376s] Level 1:colcon.colcon_core.environment:checking '/home/pi/ams_ws/install/nmea_navsat_driver/bin'
[10.376s] Level 1:colcon.colcon_core.environment:checking '/home/pi/ams_ws/install/nmea_navsat_driver/lib/pkgconfig/nmea_navsat_driver.pc'
[10.377s] Level 1:colcon.colcon_core.environment:checking '/home/pi/ams_ws/install/nmea_navsat_driver/lib/python3.10/site-packages'
[10.377s] Level 1:colcon.colcon_core.shell:create_environment_hook('nmea_navsat_driver', 'pythonpath')
[10.394s] INFO:colcon.colcon_core.shell:Creating environment hook '/home/pi/ams_ws/install/nmea_navsat_driver/share/nmea_navsat_driver/hook/pythonpath.ps1'
[10.396s] INFO:colcon.colcon_core.shell:Creating environment descriptor '/home/pi/ams_ws/install/nmea_navsat_driver/share/nmea_navsat_driver/hook/pythonpath.dsv'
[10.397s] INFO:colcon.colcon_core.shell:Creating environment hook '/home/pi/ams_ws/install/nmea_navsat_driver/share/nmea_navsat_driver/hook/pythonpath.sh'
[10.399s] Level 1:colcon.colcon_core.environment:checking '/home/pi/ams_ws/install/nmea_navsat_driver/bin'
[10.399s] Level 1:colcon.colcon_core.environment:create_environment_scripts_only(nmea_navsat_driver)
[10.416s] INFO:colcon.colcon_core.shell:Creating package script '/home/pi/ams_ws/install/nmea_navsat_driver/share/nmea_navsat_driver/package.ps1'
[10.418s] INFO:colcon.colcon_core.shell:Creating package descriptor '/home/pi/ams_ws/install/nmea_navsat_driver/share/nmea_navsat_driver/package.dsv'
[10.420s] INFO:colcon.colcon_core.shell:Creating package script '/home/pi/ams_ws/install/nmea_navsat_driver/share/nmea_navsat_driver/package.sh'
[10.422s] INFO:colcon.colcon_core.shell:Creating package script '/home/pi/ams_ws/install/nmea_navsat_driver/share/nmea_navsat_driver/package.bash'
[10.424s] INFO:colcon.colcon_core.shell:Creating package script '/home/pi/ams_ws/install/nmea_navsat_driver/share/nmea_navsat_driver/package.zsh'
[10.425s] Level 1:colcon.colcon_core.environment:create_file_with_runtime_dependencies(/home/pi/ams_ws/install/nmea_navsat_driver/share/colcon-core/packages/nmea_navsat_driver)
[10.426s] DEBUG:colcon.colcon_parallel_executor.executor.parallel:closing loop
[10.428s] DEBUG:colcon.colcon_parallel_executor.executor.parallel:loop closed
[10.428s] DEBUG:colcon.colcon_parallel_executor.executor.parallel:run_until_complete finished with '0'
[10.429s] DEBUG:colcon.colcon_core.event_reactor:joining thread
[10.461s] INFO:colcon.colcon_core.plugin_system:Skipping extension 'colcon_notification.desktop_notification.notify_send': Could not find 'notify-send'
[10.462s] INFO:colcon.colcon_core.plugin_system:Skipping extension 'colcon_notification.desktop_notification.terminal_notifier': Not used on non-Darwin systems
[10.462s] INFO:colcon.colcon_core.plugin_system:Skipping extension 'colcon_notification.desktop_notification.win32': Not used on non-Windows systems
[10.462s] INFO:colcon.colcon_notification.desktop_notification:Sending desktop notification using 'notify2'
[10.465s] DEBUG:colcon.colcon_notification.desktop_notification.notify2:Failed to initialize notify2: org.freedesktop.DBus.Error.ServiceUnknown: The name org.freedesktop.Notifications was not provided by any .service files
[10.465s] DEBUG:colcon.colcon_core.event_reactor:joined thread
[10.485s] INFO:colcon.colcon_core.shell:Creating prefix script '/home/pi/ams_ws/install/local_setup.ps1'
[10.489s] INFO:colcon.colcon_core.shell:Creating prefix util module '/home/pi/ams_ws/install/_local_setup_util_ps1.py'
[10.494s] INFO:colcon.colcon_core.shell:Creating prefix chain script '/home/pi/ams_ws/install/setup.ps1'
[10.512s] INFO:colcon.colcon_core.shell:Creating prefix script '/home/pi/ams_ws/install/local_setup.sh'
[10.515s] INFO:colcon.colcon_core.shell:Creating prefix util module '/home/pi/ams_ws/install/_local_setup_util_sh.py'
[10.517s] INFO:colcon.colcon_core.shell:Creating prefix chain script '/home/pi/ams_ws/install/setup.sh'
[10.535s] INFO:colcon.colcon_core.shell:Creating prefix script '/home/pi/ams_ws/install/local_setup.bash'
[10.537s] INFO:colcon.colcon_core.shell:Creating prefix chain script '/home/pi/ams_ws/install/setup.bash'
[10.555s] INFO:colcon.colcon_core.shell:Creating prefix script '/home/pi/ams_ws/install/local_setup.zsh'
[10.557s] INFO:colcon.colcon_core.shell:Creating prefix chain script '/home/pi/ams_ws/install/setup.zsh'
