[2.417s] DEBUG:colcon:Command line arguments: ['/home/pi/.local/bin/colcon', 'build']
[2.418s] DEBUG:colcon:Parsed command line arguments: Namespace(log_base=None, log_level=None, verb_name='build', build_base='build', install_base='install', merge_install=False, symlink_install=False, test_result_base=None, continue_on_error=False, executor='parallel', parallel_workers=4, event_handlers=None, ignore_user_meta=False, metas=['./colcon.meta'], base_paths=['.'], packages_ignore=None, packages_ignore_regex=None, paths=None, packages_up_to=None, packages_up_to_regex=None, packages_above=None, packages_above_and_dependencies=None, packages_above_depth=None, packages_select_by_dep=None, packages_skip_by_dep=None, packages_skip_up_to=None, packages_select_build_failed=False, packages_skip_build_finished=False, packages_select_test_failures=False, packages_skip_test_passed=False, packages_select=None, packages_skip=None, packages_select_regex=None, packages_skip_regex=None, packages_start=None, packages_end=None, allow_overriding=[], cmake_args=None, cmake_target=None, cmake_target_skip_unavailable=False, cmake_clean_cache=False, cmake_clean_first=False, cmake_force_configure=False, ament_cmake_args=None, catkin_cmake_args=None, catkin_skip_building_tests=False, verb_parser=<colcon_defaults.argument_parser.defaults.DefaultArgumentsDecorator object at 0xffff848e78e0>, verb_extension=<colcon_core.verb.build.BuildVerb object at 0xffff848e7370>, main=<bound method BuildVerb.main of <colcon_core.verb.build.BuildVerb object at 0xffff848e7370>>)
[2.534s] Level 1:colcon.colcon_core.package_discovery:discover_packages(colcon_meta) check parameters
[2.535s] Level 1:colcon.colcon_core.package_discovery:discover_packages(recursive) check parameters
[2.535s] Level 1:colcon.colcon_core.package_discovery:discover_packages(ignore) check parameters
[2.535s] Level 1:colcon.colcon_core.package_discovery:discover_packages(path) check parameters
[2.535s] Level 1:colcon.colcon_core.package_discovery:discover_packages(colcon_meta) discover
[2.535s] Level 1:colcon.colcon_core.package_discovery:discover_packages(recursive) discover
[2.536s] INFO:colcon.colcon_core.package_discovery:Crawling recursively for packages in '/home/pi/ams_ws'
[2.536s] Level 1:colcon.colcon_core.package_identification:_identify(.) by extensions ['ignore', 'ignore_ament_install']
[2.536s] Level 1:colcon.colcon_core.package_identification:_identify(.) by extension 'ignore'
[2.537s] Level 1:colcon.colcon_core.package_identification:_identify(.) by extension 'ignore_ament_install'
[2.537s] Level 1:colcon.colcon_core.package_identification:_identify(.) by extensions ['colcon_pkg']
[2.537s] Level 1:colcon.colcon_core.package_identification:_identify(.) by extension 'colcon_pkg'
[2.537s] Level 1:colcon.colcon_core.package_identification:_identify(.) by extensions ['colcon_meta']
[2.537s] Level 1:colcon.colcon_core.package_identification:_identify(.) by extension 'colcon_meta'
[2.537s] Level 1:colcon.colcon_core.package_identification:_identify(.) by extensions ['ros']
[2.537s] Level 1:colcon.colcon_core.package_identification:_identify(.) by extension 'ros'
[2.580s] Level 1:colcon.colcon_core.package_identification:_identify(.) by extensions ['cmake', 'python']
[2.581s] Level 1:colcon.colcon_core.package_identification:_identify(.) by extension 'cmake'
[2.581s] Level 1:colcon.colcon_core.package_identification:_identify(.) by extension 'python'
[2.581s] Level 1:colcon.colcon_core.package_identification:_identify(.) by extensions ['python_setup_py']
[2.581s] Level 1:colcon.colcon_core.package_identification:_identify(.) by extension 'python_setup_py'
[2.582s] Level 1:colcon.colcon_core.package_identification:_identify(build) by extensions ['ignore', 'ignore_ament_install']
[2.582s] Level 1:colcon.colcon_core.package_identification:_identify(build) by extension 'ignore'
[2.582s] Level 1:colcon.colcon_core.package_identification:_identify(build) ignored
[2.583s] Level 1:colcon.colcon_core.package_identification:_identify(install) by extensions ['ignore', 'ignore_ament_install']
[2.583s] Level 1:colcon.colcon_core.package_identification:_identify(install) by extension 'ignore'
[2.583s] Level 1:colcon.colcon_core.package_identification:_identify(install) ignored
[2.584s] Level 1:colcon.colcon_core.package_identification:_identify(log) by extensions ['ignore', 'ignore_ament_install']
[2.585s] Level 1:colcon.colcon_core.package_identification:_identify(log) by extension 'ignore'
[2.585s] Level 1:colcon.colcon_core.package_identification:_identify(log) ignored
[2.585s] Level 1:colcon.colcon_core.package_identification:_identify(src) by extensions ['ignore', 'ignore_ament_install']
[2.585s] Level 1:colcon.colcon_core.package_identification:_identify(src) by extension 'ignore'
[2.586s] Level 1:colcon.colcon_core.package_identification:_identify(src) by extension 'ignore_ament_install'
[2.586s] Level 1:colcon.colcon_core.package_identification:_identify(src) by extensions ['colcon_pkg']
[2.586s] Level 1:colcon.colcon_core.package_identification:_identify(src) by extension 'colcon_pkg'
[2.586s] Level 1:colcon.colcon_core.package_identification:_identify(src) by extensions ['colcon_meta']
[2.586s] Level 1:colcon.colcon_core.package_identification:_identify(src) by extension 'colcon_meta'
[2.586s] Level 1:colcon.colcon_core.package_identification:_identify(src) by extensions ['ros']
[2.587s] Level 1:colcon.colcon_core.package_identification:_identify(src) by extension 'ros'
[2.587s] Level 1:colcon.colcon_core.package_identification:_identify(src) by extensions ['cmake', 'python']
[2.587s] Level 1:colcon.colcon_core.package_identification:_identify(src) by extension 'cmake'
[2.587s] Level 1:colcon.colcon_core.package_identification:_identify(src) by extension 'python'
[2.587s] Level 1:colcon.colcon_core.package_identification:_identify(src) by extensions ['python_setup_py']
[2.587s] Level 1:colcon.colcon_core.package_identification:_identify(src) by extension 'python_setup_py'
[2.588s] Level 1:colcon.colcon_core.package_identification:_identify(src/ams_description) by extensions ['ignore', 'ignore_ament_install']
[2.588s] Level 1:colcon.colcon_core.package_identification:_identify(src/ams_description) by extension 'ignore'
[2.588s] Level 1:colcon.colcon_core.package_identification:_identify(src/ams_description) by extension 'ignore_ament_install'
[2.588s] Level 1:colcon.colcon_core.package_identification:_identify(src/ams_description) by extensions ['colcon_pkg']
[2.589s] Level 1:colcon.colcon_core.package_identification:_identify(src/ams_description) by extension 'colcon_pkg'
[2.589s] Level 1:colcon.colcon_core.package_identification:_identify(src/ams_description) by extensions ['colcon_meta']
[2.589s] Level 1:colcon.colcon_core.package_identification:_identify(src/ams_description) by extension 'colcon_meta'
[2.589s] Level 1:colcon.colcon_core.package_identification:_identify(src/ams_description) by extensions ['ros']
[2.589s] Level 1:colcon.colcon_core.package_identification:_identify(src/ams_description) by extension 'ros'
[2.599s] DEBUG:colcon.colcon_core.package_identification:Package 'src/ams_description' with type 'ros.ament_cmake' and name 'ros2_control_ams'
[2.600s] Level 1:colcon.colcon_core.package_identification:_identify(src/ams_hardware) by extensions ['ignore', 'ignore_ament_install']
[2.600s] Level 1:colcon.colcon_core.package_identification:_identify(src/ams_hardware) by extension 'ignore'
[2.601s] Level 1:colcon.colcon_core.package_identification:_identify(src/ams_hardware) by extension 'ignore_ament_install'
[2.601s] Level 1:colcon.colcon_core.package_identification:_identify(src/ams_hardware) by extensions ['colcon_pkg']
[2.601s] Level 1:colcon.colcon_core.package_identification:_identify(src/ams_hardware) by extension 'colcon_pkg'
[2.601s] Level 1:colcon.colcon_core.package_identification:_identify(src/ams_hardware) by extensions ['colcon_meta']
[2.601s] Level 1:colcon.colcon_core.package_identification:_identify(src/ams_hardware) by extension 'colcon_meta'
[2.601s] Level 1:colcon.colcon_core.package_identification:_identify(src/ams_hardware) by extensions ['ros']
[2.601s] Level 1:colcon.colcon_core.package_identification:_identify(src/ams_hardware) by extension 'ros'
[2.603s] DEBUG:colcon.colcon_core.package_identification:Package 'src/ams_hardware' with type 'ros.ament_cmake' and name 'ams_hardware'
[2.604s] Level 1:colcon.colcon_core.package_identification:_identify(src/bno055) by extensions ['ignore', 'ignore_ament_install']
[2.604s] Level 1:colcon.colcon_core.package_identification:_identify(src/bno055) by extension 'ignore'
[2.605s] Level 1:colcon.colcon_core.package_identification:_identify(src/bno055) by extension 'ignore_ament_install'
[2.605s] Level 1:colcon.colcon_core.package_identification:_identify(src/bno055) by extensions ['colcon_pkg']
[2.605s] Level 1:colcon.colcon_core.package_identification:_identify(src/bno055) by extension 'colcon_pkg'
[2.605s] Level 1:colcon.colcon_core.package_identification:_identify(src/bno055) by extensions ['colcon_meta']
[2.605s] Level 1:colcon.colcon_core.package_identification:_identify(src/bno055) by extension 'colcon_meta'
[2.605s] Level 1:colcon.colcon_core.package_identification:_identify(src/bno055) by extensions ['ros']
[2.606s] Level 1:colcon.colcon_core.package_identification:_identify(src/bno055) by extension 'ros'
[2.612s] DEBUG:colcon.colcon_core.package_identification:Package 'src/bno055' with type 'ros.ament_python' and name 'bno055'
[2.613s] Level 1:colcon.colcon_core.package_identification:_identify(src/build) by extensions ['ignore', 'ignore_ament_install']
[2.613s] Level 1:colcon.colcon_core.package_identification:_identify(src/build) by extension 'ignore'
[2.614s] Level 1:colcon.colcon_core.package_identification:_identify(src/build) ignored
[2.614s] Level 1:colcon.colcon_core.package_identification:_identify(src/install) by extensions ['ignore', 'ignore_ament_install']
[2.615s] Level 1:colcon.colcon_core.package_identification:_identify(src/install) by extension 'ignore'
[2.615s] Level 1:colcon.colcon_core.package_identification:_identify(src/install) ignored
[2.615s] Level 1:colcon.colcon_core.package_identification:_identify(src/log) by extensions ['ignore', 'ignore_ament_install']
[2.615s] Level 1:colcon.colcon_core.package_identification:_identify(src/log) by extension 'ignore'
[2.616s] Level 1:colcon.colcon_core.package_identification:_identify(src/log) ignored
[2.616s] Level 1:colcon.colcon_core.package_identification:_identify(src/nmea_navsat_driver) by extensions ['ignore', 'ignore_ament_install']
[2.616s] Level 1:colcon.colcon_core.package_identification:_identify(src/nmea_navsat_driver) by extension 'ignore'
[2.616s] Level 1:colcon.colcon_core.package_identification:_identify(src/nmea_navsat_driver) by extension 'ignore_ament_install'
[2.617s] Level 1:colcon.colcon_core.package_identification:_identify(src/nmea_navsat_driver) by extensions ['colcon_pkg']
[2.617s] Level 1:colcon.colcon_core.package_identification:_identify(src/nmea_navsat_driver) by extension 'colcon_pkg'
[2.617s] Level 1:colcon.colcon_core.package_identification:_identify(src/nmea_navsat_driver) by extensions ['colcon_meta']
[2.617s] Level 1:colcon.colcon_core.package_identification:_identify(src/nmea_navsat_driver) by extension 'colcon_meta'
[2.617s] Level 1:colcon.colcon_core.package_identification:_identify(src/nmea_navsat_driver) by extensions ['ros']
[2.617s] Level 1:colcon.colcon_core.package_identification:_identify(src/nmea_navsat_driver) by extension 'ros'
[2.620s] DEBUG:colcon.colcon_core.package_identification:Package 'src/nmea_navsat_driver' with type 'ros.ament_python' and name 'nmea_navsat_driver'
[2.620s] Level 1:colcon.colcon_core.package_identification:_identify(src/sllidar_ros2) by extensions ['ignore', 'ignore_ament_install']
[2.621s] Level 1:colcon.colcon_core.package_identification:_identify(src/sllidar_ros2) by extension 'ignore'
[2.621s] Level 1:colcon.colcon_core.package_identification:_identify(src/sllidar_ros2) by extension 'ignore_ament_install'
[2.621s] Level 1:colcon.colcon_core.package_identification:_identify(src/sllidar_ros2) by extensions ['colcon_pkg']
[2.621s] Level 1:colcon.colcon_core.package_identification:_identify(src/sllidar_ros2) by extension 'colcon_pkg'
[2.621s] Level 1:colcon.colcon_core.package_identification:_identify(src/sllidar_ros2) by extensions ['colcon_meta']
[2.621s] Level 1:colcon.colcon_core.package_identification:_identify(src/sllidar_ros2) by extension 'colcon_meta'
[2.622s] Level 1:colcon.colcon_core.package_identification:_identify(src/sllidar_ros2) by extensions ['ros']
[2.622s] Level 1:colcon.colcon_core.package_identification:_identify(src/sllidar_ros2) by extension 'ros'
[2.624s] DEBUG:colcon.colcon_core.package_identification:Package 'src/sllidar_ros2' with type 'ros.ament_cmake' and name 'sllidar_ros2'
[2.624s] Level 1:colcon.colcon_core.package_discovery:discover_packages(recursive) using defaults
[2.625s] Level 1:colcon.colcon_core.package_discovery:discover_packages(ignore) discover
[2.625s] Level 1:colcon.colcon_core.package_discovery:discover_packages(ignore) using defaults
[2.625s] Level 1:colcon.colcon_core.package_discovery:discover_packages(path) discover
[2.625s] Level 1:colcon.colcon_core.package_discovery:discover_packages(path) using defaults
[2.754s] Level 1:colcon.colcon_core.package_discovery:discover_packages(prefix_path) check parameters
[2.755s] Level 1:colcon.colcon_core.package_discovery:discover_packages(prefix_path) discover
[2.791s] DEBUG:colcon.colcon_installed_package_information.package_discovery:Found 8 installed packages in /home/pi/ams_ws/install
[2.815s] DEBUG:colcon.colcon_installed_package_information.package_discovery:Found 404 installed packages in /opt/ros/humble
[2.827s] Level 1:colcon.colcon_core.package_discovery:discover_packages(prefix_path) using defaults
[3.182s] Level 5:colcon.colcon_core.verb:set package 'ams_hardware' build argument 'cmake_args' from command line to 'None'
[3.182s] Level 5:colcon.colcon_core.verb:set package 'ams_hardware' build argument 'cmake_target' from command line to 'None'
[3.182s] Level 5:colcon.colcon_core.verb:set package 'ams_hardware' build argument 'cmake_target_skip_unavailable' from command line to 'False'
[3.182s] Level 5:colcon.colcon_core.verb:set package 'ams_hardware' build argument 'cmake_clean_cache' from command line to 'False'
[3.182s] Level 5:colcon.colcon_core.verb:set package 'ams_hardware' build argument 'cmake_clean_first' from command line to 'False'
[3.183s] Level 5:colcon.colcon_core.verb:set package 'ams_hardware' build argument 'cmake_force_configure' from command line to 'False'
[3.183s] Level 5:colcon.colcon_core.verb:set package 'ams_hardware' build argument 'ament_cmake_args' from command line to 'None'
[3.183s] Level 5:colcon.colcon_core.verb:set package 'ams_hardware' build argument 'catkin_cmake_args' from command line to 'None'
[3.183s] Level 5:colcon.colcon_core.verb:set package 'ams_hardware' build argument 'catkin_skip_building_tests' from command line to 'False'
[3.183s] DEBUG:colcon.colcon_core.verb:Building package 'ams_hardware' with the following arguments: {'ament_cmake_args': None, 'build_base': '/home/pi/ams_ws/build/ams_hardware', 'catkin_cmake_args': None, 'catkin_skip_building_tests': False, 'cmake_args': None, 'cmake_clean_cache': False, 'cmake_clean_first': False, 'cmake_force_configure': False, 'cmake_target': None, 'cmake_target_skip_unavailable': False, 'install_base': '/home/pi/ams_ws/install/ams_hardware', 'merge_install': False, 'path': '/home/pi/ams_ws/src/ams_hardware', 'symlink_install': False, 'test_result_base': None}
[3.211s] Level 5:colcon.colcon_core.verb:set package 'bno055' build argument 'cmake_args' from command line to 'None'
[3.211s] Level 5:colcon.colcon_core.verb:set package 'bno055' build argument 'cmake_target' from command line to 'None'
[3.211s] Level 5:colcon.colcon_core.verb:set package 'bno055' build argument 'cmake_target_skip_unavailable' from command line to 'False'
[3.212s] Level 5:colcon.colcon_core.verb:set package 'bno055' build argument 'cmake_clean_cache' from command line to 'False'
[3.212s] Level 5:colcon.colcon_core.verb:set package 'bno055' build argument 'cmake_clean_first' from command line to 'False'
[3.212s] Level 5:colcon.colcon_core.verb:set package 'bno055' build argument 'cmake_force_configure' from command line to 'False'
[3.212s] Level 5:colcon.colcon_core.verb:set package 'bno055' build argument 'ament_cmake_args' from command line to 'None'
[3.212s] Level 5:colcon.colcon_core.verb:set package 'bno055' build argument 'catkin_cmake_args' from command line to 'None'
[3.212s] Level 5:colcon.colcon_core.verb:set package 'bno055' build argument 'catkin_skip_building_tests' from command line to 'False'
[3.212s] DEBUG:colcon.colcon_core.verb:Building package 'bno055' with the following arguments: {'ament_cmake_args': None, 'build_base': '/home/pi/ams_ws/build/bno055', 'catkin_cmake_args': None, 'catkin_skip_building_tests': False, 'cmake_args': None, 'cmake_clean_cache': False, 'cmake_clean_first': False, 'cmake_force_configure': False, 'cmake_target': None, 'cmake_target_skip_unavailable': False, 'install_base': '/home/pi/ams_ws/install/bno055', 'merge_install': False, 'path': '/home/pi/ams_ws/src/bno055', 'symlink_install': False, 'test_result_base': None}
[3.240s] Level 5:colcon.colcon_core.verb:set package 'nmea_navsat_driver' build argument 'cmake_args' from command line to 'None'
[3.241s] Level 5:colcon.colcon_core.verb:set package 'nmea_navsat_driver' build argument 'cmake_target' from command line to 'None'
[3.241s] Level 5:colcon.colcon_core.verb:set package 'nmea_navsat_driver' build argument 'cmake_target_skip_unavailable' from command line to 'False'
[3.241s] Level 5:colcon.colcon_core.verb:set package 'nmea_navsat_driver' build argument 'cmake_clean_cache' from command line to 'False'
[3.241s] Level 5:colcon.colcon_core.verb:set package 'nmea_navsat_driver' build argument 'cmake_clean_first' from command line to 'False'
[3.241s] Level 5:colcon.colcon_core.verb:set package 'nmea_navsat_driver' build argument 'cmake_force_configure' from command line to 'False'
[3.241s] Level 5:colcon.colcon_core.verb:set package 'nmea_navsat_driver' build argument 'ament_cmake_args' from command line to 'None'
[3.241s] Level 5:colcon.colcon_core.verb:set package 'nmea_navsat_driver' build argument 'catkin_cmake_args' from command line to 'None'
[3.241s] Level 5:colcon.colcon_core.verb:set package 'nmea_navsat_driver' build argument 'catkin_skip_building_tests' from command line to 'False'
[3.241s] DEBUG:colcon.colcon_core.verb:Building package 'nmea_navsat_driver' with the following arguments: {'ament_cmake_args': None, 'build_base': '/home/pi/ams_ws/build/nmea_navsat_driver', 'catkin_cmake_args': None, 'catkin_skip_building_tests': False, 'cmake_args': None, 'cmake_clean_cache': False, 'cmake_clean_first': False, 'cmake_force_configure': False, 'cmake_target': None, 'cmake_target_skip_unavailable': False, 'install_base': '/home/pi/ams_ws/install/nmea_navsat_driver', 'merge_install': False, 'path': '/home/pi/ams_ws/src/nmea_navsat_driver', 'symlink_install': False, 'test_result_base': None}
[3.270s] Level 5:colcon.colcon_core.verb:set package 'ros2_control_ams' build argument 'cmake_args' from command line to 'None'
[3.270s] Level 5:colcon.colcon_core.verb:set package 'ros2_control_ams' build argument 'cmake_target' from command line to 'None'
[3.270s] Level 5:colcon.colcon_core.verb:set package 'ros2_control_ams' build argument 'cmake_target_skip_unavailable' from command line to 'False'
[3.270s] Level 5:colcon.colcon_core.verb:set package 'ros2_control_ams' build argument 'cmake_clean_cache' from command line to 'False'
[3.270s] Level 5:colcon.colcon_core.verb:set package 'ros2_control_ams' build argument 'cmake_clean_first' from command line to 'False'
[3.270s] Level 5:colcon.colcon_core.verb:set package 'ros2_control_ams' build argument 'cmake_force_configure' from command line to 'False'
[3.270s] Level 5:colcon.colcon_core.verb:set package 'ros2_control_ams' build argument 'ament_cmake_args' from command line to 'None'
[3.270s] Level 5:colcon.colcon_core.verb:set package 'ros2_control_ams' build argument 'catkin_cmake_args' from command line to 'None'
[3.271s] Level 5:colcon.colcon_core.verb:set package 'ros2_control_ams' build argument 'catkin_skip_building_tests' from command line to 'False'
[3.271s] DEBUG:colcon.colcon_core.verb:Building package 'ros2_control_ams' with the following arguments: {'ament_cmake_args': None, 'build_base': '/home/pi/ams_ws/build/ros2_control_ams', 'catkin_cmake_args': None, 'catkin_skip_building_tests': False, 'cmake_args': None, 'cmake_clean_cache': False, 'cmake_clean_first': False, 'cmake_force_configure': False, 'cmake_target': None, 'cmake_target_skip_unavailable': False, 'install_base': '/home/pi/ams_ws/install/ros2_control_ams', 'merge_install': False, 'path': '/home/pi/ams_ws/src/ams_description', 'symlink_install': False, 'test_result_base': None}
[3.299s] Level 5:colcon.colcon_core.verb:set package 'sllidar_ros2' build argument 'cmake_args' from command line to 'None'
[3.299s] Level 5:colcon.colcon_core.verb:set package 'sllidar_ros2' build argument 'cmake_target' from command line to 'None'
[3.299s] Level 5:colcon.colcon_core.verb:set package 'sllidar_ros2' build argument 'cmake_target_skip_unavailable' from command line to 'False'
[3.299s] Level 5:colcon.colcon_core.verb:set package 'sllidar_ros2' build argument 'cmake_clean_cache' from command line to 'False'
[3.299s] Level 5:colcon.colcon_core.verb:set package 'sllidar_ros2' build argument 'cmake_clean_first' from command line to 'False'
[3.299s] Level 5:colcon.colcon_core.verb:set package 'sllidar_ros2' build argument 'cmake_force_configure' from command line to 'False'
[3.299s] Level 5:colcon.colcon_core.verb:set package 'sllidar_ros2' build argument 'ament_cmake_args' from command line to 'None'
[3.299s] Level 5:colcon.colcon_core.verb:set package 'sllidar_ros2' build argument 'catkin_cmake_args' from command line to 'None'
[3.300s] Level 5:colcon.colcon_core.verb:set package 'sllidar_ros2' build argument 'catkin_skip_building_tests' from command line to 'False'
[3.300s] DEBUG:colcon.colcon_core.verb:Building package 'sllidar_ros2' with the following arguments: {'ament_cmake_args': None, 'build_base': '/home/pi/ams_ws/build/sllidar_ros2', 'catkin_cmake_args': None, 'catkin_skip_building_tests': False, 'cmake_args': None, 'cmake_clean_cache': False, 'cmake_clean_first': False, 'cmake_force_configure': False, 'cmake_target': None, 'cmake_target_skip_unavailable': False, 'install_base': '/home/pi/ams_ws/install/sllidar_ros2', 'merge_install': False, 'path': '/home/pi/ams_ws/src/sllidar_ros2', 'symlink_install': False, 'test_result_base': None}
[3.306s] INFO:colcon.colcon_core.executor:Executing jobs using 'parallel' executor
[3.346s] DEBUG:colcon.colcon_parallel_executor.executor.parallel:run_until_complete
[3.347s] INFO:colcon.colcon_ros.task.ament_cmake.build:Building ROS package in '/home/pi/ams_ws/src/ams_hardware' with build type 'ament_cmake'
[3.347s] INFO:colcon.colcon_cmake.task.cmake.build:Building CMake package in '/home/pi/ams_ws/src/ams_hardware'
[3.379s] INFO:colcon.colcon_core.plugin_system:Skipping extension 'colcon_core.shell.bat': Not used on non-Windows systems
[3.380s] INFO:colcon.colcon_core.shell:Skip shell extension 'powershell' for command environment: Not usable outside of PowerShell
[3.380s] DEBUG:colcon.colcon_core.shell:Skip shell extension 'dsv' for command environment
[3.440s] INFO:colcon.colcon_ros.task.ament_python.build:Building ROS package in '/home/pi/ams_ws/src/bno055' with build type 'ament_python'
[3.440s] Level 1:colcon.colcon_core.shell:create_environment_hook('bno055', 'ament_prefix_path')
[3.460s] INFO:colcon.colcon_core.shell:Creating environment hook '/home/pi/ams_ws/install/bno055/share/bno055/hook/ament_prefix_path.ps1'
[3.463s] INFO:colcon.colcon_core.shell:Creating environment descriptor '/home/pi/ams_ws/install/bno055/share/bno055/hook/ament_prefix_path.dsv'
[3.465s] INFO:colcon.colcon_core.shell:Creating environment hook '/home/pi/ams_ws/install/bno055/share/bno055/hook/ament_prefix_path.sh'
[3.484s] INFO:colcon.colcon_core.shell:Skip shell extension 'powershell' for command environment: Not usable outside of PowerShell
[3.484s] DEBUG:colcon.colcon_core.shell:Skip shell extension 'dsv' for command environment
[3.541s] INFO:colcon.colcon_ros.task.ament_python.build:Building ROS package in '/home/pi/ams_ws/src/nmea_navsat_driver' with build type 'ament_python'
[3.542s] Level 1:colcon.colcon_core.shell:create_environment_hook('nmea_navsat_driver', 'ament_prefix_path')
[3.561s] INFO:colcon.colcon_core.shell:Creating environment hook '/home/pi/ams_ws/install/nmea_navsat_driver/share/nmea_navsat_driver/hook/ament_prefix_path.ps1'
[3.564s] INFO:colcon.colcon_core.shell:Creating environment descriptor '/home/pi/ams_ws/install/nmea_navsat_driver/share/nmea_navsat_driver/hook/ament_prefix_path.dsv'
[3.565s] INFO:colcon.colcon_core.shell:Creating environment hook '/home/pi/ams_ws/install/nmea_navsat_driver/share/nmea_navsat_driver/hook/ament_prefix_path.sh'
[3.585s] INFO:colcon.colcon_core.shell:Skip shell extension 'powershell' for command environment: Not usable outside of PowerShell
[3.585s] DEBUG:colcon.colcon_core.shell:Skip shell extension 'dsv' for command environment
[3.642s] INFO:colcon.colcon_ros.task.ament_cmake.build:Building ROS package in '/home/pi/ams_ws/src/ams_description' with build type 'ament_cmake'
[3.643s] INFO:colcon.colcon_cmake.task.cmake.build:Building CMake package in '/home/pi/ams_ws/src/ams_description'
[3.662s] INFO:colcon.colcon_core.shell:Skip shell extension 'powershell' for command environment: Not usable outside of PowerShell
[3.663s] DEBUG:colcon.colcon_core.shell:Skip shell extension 'dsv' for command environment
[3.737s] DEBUG:colcon.colcon_core.event_handler.log_command:Invoking command in '/home/pi/ams_ws/build/ams_hardware': CMAKE_PREFIX_PATH=${CMAKE_PREFIX_PATH}:/home/pi/ams_ws/install/nmea_navsat_driver:/home/pi/ams_ws/install/bno055:/opt/ros/humble /usr/bin/cmake --build /home/pi/ams_ws/build/ams_hardware -- -j4 -l4
[5.162s] INFO:colcon.colcon_core.task.python.build:Building Python package in '/home/pi/ams_ws/src/bno055'
[5.184s] INFO:colcon.colcon_core.shell:Skip shell extension 'powershell' for command environment: Not usable outside of PowerShell
[5.184s] DEBUG:colcon.colcon_core.shell:Skip shell extension 'dsv' for command environment
[6.633s] INFO:colcon.colcon_core.task.python.build:Building Python package in '/home/pi/ams_ws/src/nmea_navsat_driver'
[6.650s] INFO:colcon.colcon_core.shell:Skip shell extension 'powershell' for command environment: Not usable outside of PowerShell
[6.651s] DEBUG:colcon.colcon_core.shell:Skip shell extension 'dsv' for command environment
[6.716s] DEBUG:colcon.colcon_core.event_handler.log_command:Invoked command in '/home/pi/ams_ws/build/ams_hardware' returned '0': CMAKE_PREFIX_PATH=${CMAKE_PREFIX_PATH}:/home/pi/ams_ws/install/nmea_navsat_driver:/home/pi/ams_ws/install/bno055:/opt/ros/humble /usr/bin/cmake --build /home/pi/ams_ws/build/ams_hardware -- -j4 -l4
[6.740s] DEBUG:colcon.colcon_core.event_handler.log_command:Invoking command in '/home/pi/ams_ws/build/ros2_control_ams': CMAKE_PREFIX_PATH=${CMAKE_PREFIX_PATH}:/home/pi/ams_ws/install/nmea_navsat_driver:/home/pi/ams_ws/install/bno055:/opt/ros/humble /usr/bin/cmake --build /home/pi/ams_ws/build/ros2_control_ams -- -j4 -l4
[6.887s] DEBUG:colcon.colcon_core.event_handler.log_command:Invoking command in '/home/pi/ams_ws/build/ams_hardware': CMAKE_PREFIX_PATH=${CMAKE_PREFIX_PATH}:/home/pi/ams_ws/install/nmea_navsat_driver:/home/pi/ams_ws/install/bno055:/opt/ros/humble /usr/bin/cmake --install /home/pi/ams_ws/build/ams_hardware
[6.942s] Level 1:colcon.colcon_core.environment:create_environment_scripts_only(ams_hardware)
[6.962s] DEBUG:colcon.colcon_core.event_handler.log_command:Invoked command in '/home/pi/ams_ws/build/ams_hardware' returned '0': CMAKE_PREFIX_PATH=${CMAKE_PREFIX_PATH}:/home/pi/ams_ws/install/nmea_navsat_driver:/home/pi/ams_ws/install/bno055:/opt/ros/humble /usr/bin/cmake --install /home/pi/ams_ws/build/ams_hardware
[7.002s] Level 1:colcon.colcon_core.environment:checking '/home/pi/ams_ws/install/ams_hardware' for CMake module files
[7.007s] Level 1:colcon.colcon_core.environment:checking '/home/pi/ams_ws/install/ams_hardware' for CMake config files
[7.010s] Level 1:colcon.colcon_core.shell:create_environment_hook('ams_hardware', 'cmake_prefix_path')
[7.036s] INFO:colcon.colcon_core.shell:Creating environment hook '/home/pi/ams_ws/install/ams_hardware/share/ams_hardware/hook/cmake_prefix_path.ps1'
[7.039s] INFO:colcon.colcon_core.shell:Creating environment descriptor '/home/pi/ams_ws/install/ams_hardware/share/ams_hardware/hook/cmake_prefix_path.dsv'
[7.041s] INFO:colcon.colcon_core.shell:Creating environment hook '/home/pi/ams_ws/install/ams_hardware/share/ams_hardware/hook/cmake_prefix_path.sh'
[7.046s] Level 1:colcon.colcon_core.environment:checking '/home/pi/ams_ws/install/ams_hardware/bin'
[7.047s] Level 1:colcon.colcon_core.environment:checking '/home/pi/ams_ws/install/ams_hardware/lib/pkgconfig/ams_hardware.pc'
[7.048s] Level 1:colcon.colcon_core.environment:checking '/home/pi/ams_ws/install/ams_hardware/lib/python3.10/site-packages'
[7.049s] Level 1:colcon.colcon_core.environment:checking '/home/pi/ams_ws/install/ams_hardware/bin'
[7.080s] INFO:colcon.colcon_core.shell:Creating package script '/home/pi/ams_ws/install/ams_hardware/share/ams_hardware/package.ps1'
[7.087s] INFO:colcon.colcon_core.shell:Creating package descriptor '/home/pi/ams_ws/install/ams_hardware/share/ams_hardware/package.dsv'
[7.092s] INFO:colcon.colcon_core.shell:Creating package script '/home/pi/ams_ws/install/ams_hardware/share/ams_hardware/package.sh'
[7.099s] INFO:colcon.colcon_core.shell:Creating package script '/home/pi/ams_ws/install/ams_hardware/share/ams_hardware/package.bash'
[7.103s] INFO:colcon.colcon_core.shell:Creating package script '/home/pi/ams_ws/install/ams_hardware/share/ams_hardware/package.zsh'
[7.109s] Level 1:colcon.colcon_core.environment:create_file_with_runtime_dependencies(/home/pi/ams_ws/install/ams_hardware/share/colcon-core/packages/ams_hardware)
[7.279s] Level 1:colcon.colcon_core.environment:create_environment_scripts_only(ams_hardware)
[7.313s] Level 1:colcon.colcon_core.environment:checking '/home/pi/ams_ws/install/ams_hardware' for CMake module files
[7.319s] Level 1:colcon.colcon_core.environment:checking '/home/pi/ams_ws/install/ams_hardware' for CMake config files
[7.321s] Level 1:colcon.colcon_core.shell:create_environment_hook('ams_hardware', 'cmake_prefix_path')
[7.346s] INFO:colcon.colcon_core.shell:Creating environment hook '/home/pi/ams_ws/install/ams_hardware/share/ams_hardware/hook/cmake_prefix_path.ps1'
[7.349s] INFO:colcon.colcon_core.shell:Creating environment descriptor '/home/pi/ams_ws/install/ams_hardware/share/ams_hardware/hook/cmake_prefix_path.dsv'
[7.352s] INFO:colcon.colcon_core.shell:Creating environment hook '/home/pi/ams_ws/install/ams_hardware/share/ams_hardware/hook/cmake_prefix_path.sh'
[7.355s] Level 1:colcon.colcon_core.environment:checking '/home/pi/ams_ws/install/ams_hardware/bin'
[7.356s] Level 1:colcon.colcon_core.environment:checking '/home/pi/ams_ws/install/ams_hardware/lib/pkgconfig/ams_hardware.pc'
[7.357s] Level 1:colcon.colcon_core.environment:checking '/home/pi/ams_ws/install/ams_hardware/lib/python3.10/site-packages'
[7.358s] Level 1:colcon.colcon_core.environment:checking '/home/pi/ams_ws/install/ams_hardware/bin'
[7.392s] INFO:colcon.colcon_core.shell:Creating package script '/home/pi/ams_ws/install/ams_hardware/share/ams_hardware/package.ps1'
[7.395s] INFO:colcon.colcon_core.shell:Creating package descriptor '/home/pi/ams_ws/install/ams_hardware/share/ams_hardware/package.dsv'
[7.398s] INFO:colcon.colcon_core.shell:Creating package script '/home/pi/ams_ws/install/ams_hardware/share/ams_hardware/package.sh'
[7.401s] INFO:colcon.colcon_core.shell:Creating package script '/home/pi/ams_ws/install/ams_hardware/share/ams_hardware/package.bash'
[7.404s] INFO:colcon.colcon_core.shell:Creating package script '/home/pi/ams_ws/install/ams_hardware/share/ams_hardware/package.zsh'
[7.406s] Level 1:colcon.colcon_core.environment:create_file_with_runtime_dependencies(/home/pi/ams_ws/install/ams_hardware/share/colcon-core/packages/ams_hardware)
[7.413s] INFO:colcon.colcon_ros.task.ament_cmake.build:Building ROS package in '/home/pi/ams_ws/src/sllidar_ros2' with build type 'ament_cmake'
[7.417s] INFO:colcon.colcon_cmake.task.cmake.build:Building CMake package in '/home/pi/ams_ws/src/sllidar_ros2'
[7.439s] INFO:colcon.colcon_core.shell:Skip shell extension 'powershell' for command environment: Not usable outside of PowerShell
[7.440s] DEBUG:colcon.colcon_core.shell:Skip shell extension 'dsv' for command environment
[7.543s] DEBUG:colcon.colcon_core.event_handler.log_command:Invoking command in '/home/pi/ams_ws/build/sllidar_ros2': CMAKE_PREFIX_PATH=${CMAKE_PREFIX_PATH}:/home/pi/ams_ws/install/nmea_navsat_driver:/home/pi/ams_ws/install/bno055:/opt/ros/humble /usr/bin/cmake --build /home/pi/ams_ws/build/sllidar_ros2 -- -j4 -l4
[7.994s] DEBUG:colcon.colcon_core.event_handler.log_command:Invoked command in '/home/pi/ams_ws/build/sllidar_ros2' returned '0': CMAKE_PREFIX_PATH=${CMAKE_PREFIX_PATH}:/home/pi/ams_ws/install/nmea_navsat_driver:/home/pi/ams_ws/install/bno055:/opt/ros/humble /usr/bin/cmake --build /home/pi/ams_ws/build/sllidar_ros2 -- -j4 -l4
[8.308s] DEBUG:colcon.colcon_core.event_handler.log_command:Invoking command in '/home/pi/ams_ws/build/sllidar_ros2': CMAKE_PREFIX_PATH=${CMAKE_PREFIX_PATH}:/home/pi/ams_ws/install/nmea_navsat_driver:/home/pi/ams_ws/install/bno055:/opt/ros/humble /usr/bin/cmake --install /home/pi/ams_ws/build/sllidar_ros2
[8.441s] Level 1:colcon.colcon_core.environment:create_environment_scripts_only(sllidar_ros2)
[8.458s] DEBUG:colcon.colcon_core.event_handler.log_command:Invoked command in '/home/pi/ams_ws/build/sllidar_ros2' returned '0': CMAKE_PREFIX_PATH=${CMAKE_PREFIX_PATH}:/home/pi/ams_ws/install/nmea_navsat_driver:/home/pi/ams_ws/install/bno055:/opt/ros/humble /usr/bin/cmake --install /home/pi/ams_ws/build/sllidar_ros2
[8.474s] Level 1:colcon.colcon_core.environment:checking '/home/pi/ams_ws/install/sllidar_ros2' for CMake module files
[8.478s] Level 1:colcon.colcon_core.environment:checking '/home/pi/ams_ws/install/sllidar_ros2' for CMake config files
[8.484s] Level 1:colcon.colcon_core.shell:create_environment_hook('sllidar_ros2', 'cmake_prefix_path')
[8.510s] INFO:colcon.colcon_core.shell:Creating environment hook '/home/pi/ams_ws/install/sllidar_ros2/share/sllidar_ros2/hook/cmake_prefix_path.ps1'
[8.513s] INFO:colcon.colcon_core.shell:Creating environment descriptor '/home/pi/ams_ws/install/sllidar_ros2/share/sllidar_ros2/hook/cmake_prefix_path.dsv'
[8.516s] INFO:colcon.colcon_core.shell:Creating environment hook '/home/pi/ams_ws/install/sllidar_ros2/share/sllidar_ros2/hook/cmake_prefix_path.sh'
[8.520s] Level 1:colcon.colcon_core.environment:checking '/home/pi/ams_ws/install/sllidar_ros2/lib'
[8.521s] Level 1:colcon.colcon_core.environment:checking '/home/pi/ams_ws/install/sllidar_ros2/bin'
[8.522s] Level 1:colcon.colcon_core.environment:checking '/home/pi/ams_ws/install/sllidar_ros2/lib/pkgconfig/sllidar_ros2.pc'
[8.524s] Level 1:colcon.colcon_core.environment:checking '/home/pi/ams_ws/install/sllidar_ros2/lib/python3.10/site-packages'
[8.525s] Level 1:colcon.colcon_core.environment:checking '/home/pi/ams_ws/install/sllidar_ros2/bin'
[8.551s] INFO:colcon.colcon_core.shell:Creating package script '/home/pi/ams_ws/install/sllidar_ros2/share/sllidar_ros2/package.ps1'
[8.554s] INFO:colcon.colcon_core.shell:Creating package descriptor '/home/pi/ams_ws/install/sllidar_ros2/share/sllidar_ros2/package.dsv'
[8.557s] INFO:colcon.colcon_core.shell:Creating package script '/home/pi/ams_ws/install/sllidar_ros2/share/sllidar_ros2/package.sh'
[8.560s] INFO:colcon.colcon_core.shell:Creating package script '/home/pi/ams_ws/install/sllidar_ros2/share/sllidar_ros2/package.bash'
[8.562s] INFO:colcon.colcon_core.shell:Creating package script '/home/pi/ams_ws/install/sllidar_ros2/share/sllidar_ros2/package.zsh'
[8.565s] Level 1:colcon.colcon_core.environment:create_file_with_runtime_dependencies(/home/pi/ams_ws/install/sllidar_ros2/share/colcon-core/packages/sllidar_ros2)
[8.930s] Level 1:colcon.colcon_core.environment:create_environment_scripts_only(sllidar_ros2)
[8.964s] Level 1:colcon.colcon_core.environment:checking '/home/pi/ams_ws/install/sllidar_ros2' for CMake module files
[8.967s] Level 1:colcon.colcon_core.environment:checking '/home/pi/ams_ws/install/sllidar_ros2' for CMake config files
[8.973s] Level 1:colcon.colcon_core.shell:create_environment_hook('sllidar_ros2', 'cmake_prefix_path')
[8.998s] INFO:colcon.colcon_core.shell:Creating environment hook '/home/pi/ams_ws/install/sllidar_ros2/share/sllidar_ros2/hook/cmake_prefix_path.ps1'
[9.002s] INFO:colcon.colcon_core.shell:Creating environment descriptor '/home/pi/ams_ws/install/sllidar_ros2/share/sllidar_ros2/hook/cmake_prefix_path.dsv'
[9.006s] INFO:colcon.colcon_core.shell:Creating environment hook '/home/pi/ams_ws/install/sllidar_ros2/share/sllidar_ros2/hook/cmake_prefix_path.sh'
[9.011s] Level 1:colcon.colcon_core.environment:checking '/home/pi/ams_ws/install/sllidar_ros2/lib'
[9.011s] Level 1:colcon.colcon_core.environment:checking '/home/pi/ams_ws/install/sllidar_ros2/bin'
[9.012s] Level 1:colcon.colcon_core.environment:checking '/home/pi/ams_ws/install/sllidar_ros2/lib/pkgconfig/sllidar_ros2.pc'
[9.013s] Level 1:colcon.colcon_core.environment:checking '/home/pi/ams_ws/install/sllidar_ros2/lib/python3.10/site-packages'
[9.014s] Level 1:colcon.colcon_core.environment:checking '/home/pi/ams_ws/install/sllidar_ros2/bin'
[9.038s] INFO:colcon.colcon_core.shell:Creating package script '/home/pi/ams_ws/install/sllidar_ros2/share/sllidar_ros2/package.ps1'
[9.043s] INFO:colcon.colcon_core.shell:Creating package descriptor '/home/pi/ams_ws/install/sllidar_ros2/share/sllidar_ros2/package.dsv'
[9.047s] INFO:colcon.colcon_core.shell:Creating package script '/home/pi/ams_ws/install/sllidar_ros2/share/sllidar_ros2/package.sh'
[9.049s] INFO:colcon.colcon_core.shell:Creating package script '/home/pi/ams_ws/install/sllidar_ros2/share/sllidar_ros2/package.bash'
[9.052s] INFO:colcon.colcon_core.shell:Creating package script '/home/pi/ams_ws/install/sllidar_ros2/share/sllidar_ros2/package.zsh'
[9.055s] Level 1:colcon.colcon_core.environment:create_file_with_runtime_dependencies(/home/pi/ams_ws/install/sllidar_ros2/share/colcon-core/packages/sllidar_ros2)
[9.488s] DEBUG:colcon.colcon_core.event_handler.log_command:Invoking command in '/home/pi/ams_ws/src/bno055': PYTHONPATH=/home/pi/ams_ws/build/bno055/prefix_override:/home/pi/ams_ws/install/bno055/lib/python3.10/site-packages:${PYTHONPATH} /usr/bin/python3 setup.py egg_info --egg-base ../../build/bno055 build --build-base /home/pi/ams_ws/build/bno055/build install --record /home/pi/ams_ws/build/bno055/install.log --single-version-externally-managed
[9.544s] DEBUG:colcon.colcon_core.event_handler.log_command:Invoking command in '/home/pi/ams_ws/src/nmea_navsat_driver': PYTHONPATH=/home/pi/ams_ws/build/nmea_navsat_driver/prefix_override:/home/pi/ams_ws/install/nmea_navsat_driver/lib/python3.10/site-packages:${PYTHONPATH} /usr/bin/python3 setup.py egg_info --egg-base ../../build/nmea_navsat_driver build --build-base /home/pi/ams_ws/build/nmea_navsat_driver/build install --record /home/pi/ams_ws/build/nmea_navsat_driver/install.log --single-version-externally-managed
[11.513s] DEBUG:colcon.colcon_core.event_handler.log_command:Invoked command in '/home/pi/ams_ws/src/bno055' returned '0': PYTHONPATH=/home/pi/ams_ws/build/bno055/prefix_override:/home/pi/ams_ws/install/bno055/lib/python3.10/site-packages:${PYTHONPATH} /usr/bin/python3 setup.py egg_info --egg-base ../../build/bno055 build --build-base /home/pi/ams_ws/build/bno055/build install --record /home/pi/ams_ws/build/bno055/install.log --single-version-externally-managed
[11.540s] Level 1:colcon.colcon_core.environment:checking '/home/pi/ams_ws/install/bno055' for CMake module files
[11.542s] Level 1:colcon.colcon_core.environment:checking '/home/pi/ams_ws/install/bno055' for CMake config files
[11.549s] Level 1:colcon.colcon_core.environment:checking '/home/pi/ams_ws/install/bno055/lib'
[11.550s] Level 1:colcon.colcon_core.environment:checking '/home/pi/ams_ws/install/bno055/bin'
[11.550s] Level 1:colcon.colcon_core.environment:checking '/home/pi/ams_ws/install/bno055/lib/pkgconfig/bno055.pc'
[11.552s] Level 1:colcon.colcon_core.environment:checking '/home/pi/ams_ws/install/bno055/lib/python3.10/site-packages'
[11.552s] Level 1:colcon.colcon_core.shell:create_environment_hook('bno055', 'pythonpath')
[11.575s] INFO:colcon.colcon_core.shell:Creating environment hook '/home/pi/ams_ws/install/bno055/share/bno055/hook/pythonpath.ps1'
[11.577s] INFO:colcon.colcon_core.shell:Creating environment descriptor '/home/pi/ams_ws/install/bno055/share/bno055/hook/pythonpath.dsv'
[11.579s] INFO:colcon.colcon_core.shell:Creating environment hook '/home/pi/ams_ws/install/bno055/share/bno055/hook/pythonpath.sh'
[11.582s] Level 1:colcon.colcon_core.environment:checking '/home/pi/ams_ws/install/bno055/bin'
[11.582s] Level 1:colcon.colcon_core.environment:create_environment_scripts_only(bno055)
[11.599s] INFO:colcon.colcon_core.shell:Creating package script '/home/pi/ams_ws/install/bno055/share/bno055/package.ps1'
[11.601s] INFO:colcon.colcon_core.shell:Creating package descriptor '/home/pi/ams_ws/install/bno055/share/bno055/package.dsv'
[11.604s] INFO:colcon.colcon_core.shell:Creating package script '/home/pi/ams_ws/install/bno055/share/bno055/package.sh'
[11.606s] INFO:colcon.colcon_core.shell:Creating package script '/home/pi/ams_ws/install/bno055/share/bno055/package.bash'
[11.607s] INFO:colcon.colcon_core.shell:Creating package script '/home/pi/ams_ws/install/bno055/share/bno055/package.zsh'
[11.609s] Level 1:colcon.colcon_core.environment:create_file_with_runtime_dependencies(/home/pi/ams_ws/install/bno055/share/colcon-core/packages/bno055)
[11.634s] Level 1:colcon.colcon_core.environment:checking '/home/pi/ams_ws/install/nmea_navsat_driver' for CMake module files
[11.637s] DEBUG:colcon.colcon_core.event_handler.log_command:Invoked command in '/home/pi/ams_ws/src/nmea_navsat_driver' returned '0': PYTHONPATH=/home/pi/ams_ws/build/nmea_navsat_driver/prefix_override:/home/pi/ams_ws/install/nmea_navsat_driver/lib/python3.10/site-packages:${PYTHONPATH} /usr/bin/python3 setup.py egg_info --egg-base ../../build/nmea_navsat_driver build --build-base /home/pi/ams_ws/build/nmea_navsat_driver/build install --record /home/pi/ams_ws/build/nmea_navsat_driver/install.log --single-version-externally-managed
[11.639s] Level 1:colcon.colcon_core.environment:checking '/home/pi/ams_ws/install/nmea_navsat_driver' for CMake config files
[11.643s] Level 1:colcon.colcon_core.environment:checking '/home/pi/ams_ws/install/nmea_navsat_driver/lib'
[11.643s] Level 1:colcon.colcon_core.environment:checking '/home/pi/ams_ws/install/nmea_navsat_driver/bin'
[11.643s] Level 1:colcon.colcon_core.environment:checking '/home/pi/ams_ws/install/nmea_navsat_driver/lib/pkgconfig/nmea_navsat_driver.pc'
[11.644s] Level 1:colcon.colcon_core.environment:checking '/home/pi/ams_ws/install/nmea_navsat_driver/lib/python3.10/site-packages'
[11.644s] Level 1:colcon.colcon_core.shell:create_environment_hook('nmea_navsat_driver', 'pythonpath')
[11.662s] INFO:colcon.colcon_core.shell:Creating environment hook '/home/pi/ams_ws/install/nmea_navsat_driver/share/nmea_navsat_driver/hook/pythonpath.ps1'
[11.664s] INFO:colcon.colcon_core.shell:Creating environment descriptor '/home/pi/ams_ws/install/nmea_navsat_driver/share/nmea_navsat_driver/hook/pythonpath.dsv'
[11.665s] INFO:colcon.colcon_core.shell:Creating environment hook '/home/pi/ams_ws/install/nmea_navsat_driver/share/nmea_navsat_driver/hook/pythonpath.sh'
[11.668s] Level 1:colcon.colcon_core.environment:checking '/home/pi/ams_ws/install/nmea_navsat_driver/bin'
[11.668s] Level 1:colcon.colcon_core.environment:create_environment_scripts_only(nmea_navsat_driver)
[11.686s] INFO:colcon.colcon_core.shell:Creating package script '/home/pi/ams_ws/install/nmea_navsat_driver/share/nmea_navsat_driver/package.ps1'
[11.688s] INFO:colcon.colcon_core.shell:Creating package descriptor '/home/pi/ams_ws/install/nmea_navsat_driver/share/nmea_navsat_driver/package.dsv'
[11.690s] INFO:colcon.colcon_core.shell:Creating package script '/home/pi/ams_ws/install/nmea_navsat_driver/share/nmea_navsat_driver/package.sh'
[11.692s] INFO:colcon.colcon_core.shell:Creating package script '/home/pi/ams_ws/install/nmea_navsat_driver/share/nmea_navsat_driver/package.bash'
[11.694s] INFO:colcon.colcon_core.shell:Creating package script '/home/pi/ams_ws/install/nmea_navsat_driver/share/nmea_navsat_driver/package.zsh'
[11.695s] Level 1:colcon.colcon_core.environment:create_file_with_runtime_dependencies(/home/pi/ams_ws/install/nmea_navsat_driver/share/colcon-core/packages/nmea_navsat_driver)
[14.009s] DEBUG:colcon.colcon_core.event_handler.log_command:Invoked command in '/home/pi/ams_ws/build/ros2_control_ams' returned '0': CMAKE_PREFIX_PATH=${CMAKE_PREFIX_PATH}:/home/pi/ams_ws/install/nmea_navsat_driver:/home/pi/ams_ws/install/bno055:/opt/ros/humble /usr/bin/cmake --build /home/pi/ams_ws/build/ros2_control_ams -- -j4 -l4
[14.153s] DEBUG:colcon.colcon_core.event_handler.log_command:Invoking command in '/home/pi/ams_ws/build/ros2_control_ams': CMAKE_PREFIX_PATH=${CMAKE_PREFIX_PATH}:/home/pi/ams_ws/install/nmea_navsat_driver:/home/pi/ams_ws/install/bno055:/opt/ros/humble /usr/bin/cmake --install /home/pi/ams_ws/build/ros2_control_ams
[14.216s] Level 1:colcon.colcon_core.environment:create_environment_scripts_only(ros2_control_ams)
[14.232s] DEBUG:colcon.colcon_core.event_handler.log_command:Invoked command in '/home/pi/ams_ws/build/ros2_control_ams' returned '0': CMAKE_PREFIX_PATH=${CMAKE_PREFIX_PATH}:/home/pi/ams_ws/install/nmea_navsat_driver:/home/pi/ams_ws/install/bno055:/opt/ros/humble /usr/bin/cmake --install /home/pi/ams_ws/build/ros2_control_ams
[14.241s] Level 1:colcon.colcon_core.environment:checking '/home/pi/ams_ws/install/ros2_control_ams' for CMake module files
[14.244s] Level 1:colcon.colcon_core.environment:checking '/home/pi/ams_ws/install/ros2_control_ams' for CMake config files
[14.248s] Level 1:colcon.colcon_core.shell:create_environment_hook('ros2_control_ams', 'cmake_prefix_path')
[14.266s] INFO:colcon.colcon_core.shell:Creating environment hook '/home/pi/ams_ws/install/ros2_control_ams/share/ros2_control_ams/hook/cmake_prefix_path.ps1'
[14.268s] INFO:colcon.colcon_core.shell:Creating environment descriptor '/home/pi/ams_ws/install/ros2_control_ams/share/ros2_control_ams/hook/cmake_prefix_path.dsv'
[14.269s] INFO:colcon.colcon_core.shell:Creating environment hook '/home/pi/ams_ws/install/ros2_control_ams/share/ros2_control_ams/hook/cmake_prefix_path.sh'
[14.272s] Level 1:colcon.colcon_core.environment:checking '/home/pi/ams_ws/install/ros2_control_ams/lib'
[14.272s] Level 1:colcon.colcon_core.shell:create_environment_hook('ros2_control_ams', 'ld_library_path_lib')
[14.289s] INFO:colcon.colcon_core.shell:Creating environment hook '/home/pi/ams_ws/install/ros2_control_ams/share/ros2_control_ams/hook/ld_library_path_lib.ps1'
[14.291s] INFO:colcon.colcon_core.shell:Creating environment descriptor '/home/pi/ams_ws/install/ros2_control_ams/share/ros2_control_ams/hook/ld_library_path_lib.dsv'
[14.293s] INFO:colcon.colcon_core.shell:Creating environment hook '/home/pi/ams_ws/install/ros2_control_ams/share/ros2_control_ams/hook/ld_library_path_lib.sh'
[14.294s] Level 1:colcon.colcon_core.environment:checking '/home/pi/ams_ws/install/ros2_control_ams/bin'
[14.295s] Level 1:colcon.colcon_core.environment:checking '/home/pi/ams_ws/install/ros2_control_ams/lib/pkgconfig/ros2_control_ams.pc'
[14.295s] Level 1:colcon.colcon_core.environment:checking '/home/pi/ams_ws/install/ros2_control_ams/lib/python3.10/site-packages'
[14.296s] Level 1:colcon.colcon_core.environment:checking '/home/pi/ams_ws/install/ros2_control_ams/bin'
[14.314s] INFO:colcon.colcon_core.shell:Creating package script '/home/pi/ams_ws/install/ros2_control_ams/share/ros2_control_ams/package.ps1'
[14.316s] INFO:colcon.colcon_core.shell:Creating package descriptor '/home/pi/ams_ws/install/ros2_control_ams/share/ros2_control_ams/package.dsv'
[14.318s] INFO:colcon.colcon_core.shell:Creating package script '/home/pi/ams_ws/install/ros2_control_ams/share/ros2_control_ams/package.sh'
[14.320s] INFO:colcon.colcon_core.shell:Creating package script '/home/pi/ams_ws/install/ros2_control_ams/share/ros2_control_ams/package.bash'
[14.321s] INFO:colcon.colcon_core.shell:Creating package script '/home/pi/ams_ws/install/ros2_control_ams/share/ros2_control_ams/package.zsh'
[14.323s] Level 1:colcon.colcon_core.environment:create_file_with_runtime_dependencies(/home/pi/ams_ws/install/ros2_control_ams/share/colcon-core/packages/ros2_control_ams)
[14.470s] Level 1:colcon.colcon_core.environment:create_environment_scripts_only(ros2_control_ams)
[14.492s] Level 1:colcon.colcon_core.environment:checking '/home/pi/ams_ws/install/ros2_control_ams' for CMake module files
[14.495s] Level 1:colcon.colcon_core.environment:checking '/home/pi/ams_ws/install/ros2_control_ams' for CMake config files
[14.498s] Level 1:colcon.colcon_core.shell:create_environment_hook('ros2_control_ams', 'cmake_prefix_path')
[14.515s] INFO:colcon.colcon_core.shell:Creating environment hook '/home/pi/ams_ws/install/ros2_control_ams/share/ros2_control_ams/hook/cmake_prefix_path.ps1'
[14.517s] INFO:colcon.colcon_core.shell:Creating environment descriptor '/home/pi/ams_ws/install/ros2_control_ams/share/ros2_control_ams/hook/cmake_prefix_path.dsv'
[14.518s] INFO:colcon.colcon_core.shell:Creating environment hook '/home/pi/ams_ws/install/ros2_control_ams/share/ros2_control_ams/hook/cmake_prefix_path.sh'
[14.521s] Level 1:colcon.colcon_core.environment:checking '/home/pi/ams_ws/install/ros2_control_ams/lib'
[14.521s] Level 1:colcon.colcon_core.shell:create_environment_hook('ros2_control_ams', 'ld_library_path_lib')
[14.539s] INFO:colcon.colcon_core.shell:Creating environment hook '/home/pi/ams_ws/install/ros2_control_ams/share/ros2_control_ams/hook/ld_library_path_lib.ps1'
[14.541s] INFO:colcon.colcon_core.shell:Creating environment descriptor '/home/pi/ams_ws/install/ros2_control_ams/share/ros2_control_ams/hook/ld_library_path_lib.dsv'
[14.542s] INFO:colcon.colcon_core.shell:Creating environment hook '/home/pi/ams_ws/install/ros2_control_ams/share/ros2_control_ams/hook/ld_library_path_lib.sh'
[14.544s] Level 1:colcon.colcon_core.environment:checking '/home/pi/ams_ws/install/ros2_control_ams/bin'
[14.545s] Level 1:colcon.colcon_core.environment:checking '/home/pi/ams_ws/install/ros2_control_ams/lib/pkgconfig/ros2_control_ams.pc'
[14.545s] Level 1:colcon.colcon_core.environment:checking '/home/pi/ams_ws/install/ros2_control_ams/lib/python3.10/site-packages'
[14.546s] Level 1:colcon.colcon_core.environment:checking '/home/pi/ams_ws/install/ros2_control_ams/bin'
[14.564s] INFO:colcon.colcon_core.shell:Creating package script '/home/pi/ams_ws/install/ros2_control_ams/share/ros2_control_ams/package.ps1'
[14.566s] INFO:colcon.colcon_core.shell:Creating package descriptor '/home/pi/ams_ws/install/ros2_control_ams/share/ros2_control_ams/package.dsv'
[14.568s] INFO:colcon.colcon_core.shell:Creating package script '/home/pi/ams_ws/install/ros2_control_ams/share/ros2_control_ams/package.sh'
[14.570s] INFO:colcon.colcon_core.shell:Creating package script '/home/pi/ams_ws/install/ros2_control_ams/share/ros2_control_ams/package.bash'
[14.572s] INFO:colcon.colcon_core.shell:Creating package script '/home/pi/ams_ws/install/ros2_control_ams/share/ros2_control_ams/package.zsh'
[14.574s] Level 1:colcon.colcon_core.environment:create_file_with_runtime_dependencies(/home/pi/ams_ws/install/ros2_control_ams/share/colcon-core/packages/ros2_control_ams)
[14.575s] DEBUG:colcon.colcon_parallel_executor.executor.parallel:closing loop
[14.576s] DEBUG:colcon.colcon_parallel_executor.executor.parallel:loop closed
[14.577s] DEBUG:colcon.colcon_parallel_executor.executor.parallel:run_until_complete finished with '0'
[14.577s] DEBUG:colcon.colcon_core.event_reactor:joining thread
[14.612s] INFO:colcon.colcon_core.plugin_system:Skipping extension 'colcon_notification.desktop_notification.notify_send': Could not find 'notify-send'
[14.613s] INFO:colcon.colcon_core.plugin_system:Skipping extension 'colcon_notification.desktop_notification.terminal_notifier': Not used on non-Darwin systems
[14.613s] INFO:colcon.colcon_core.plugin_system:Skipping extension 'colcon_notification.desktop_notification.win32': Not used on non-Windows systems
[14.613s] INFO:colcon.colcon_notification.desktop_notification:Sending desktop notification using 'notify2'
[14.616s] DEBUG:colcon.colcon_notification.desktop_notification.notify2:Failed to initialize notify2: org.freedesktop.DBus.Error.ServiceUnknown: The name org.freedesktop.Notifications was not provided by any .service files
[14.616s] DEBUG:colcon.colcon_core.event_reactor:joined thread
[14.635s] INFO:colcon.colcon_core.shell:Creating prefix script '/home/pi/ams_ws/install/local_setup.ps1'
[14.639s] INFO:colcon.colcon_core.shell:Creating prefix util module '/home/pi/ams_ws/install/_local_setup_util_ps1.py'
[14.644s] INFO:colcon.colcon_core.shell:Creating prefix chain script '/home/pi/ams_ws/install/setup.ps1'
[14.663s] INFO:colcon.colcon_core.shell:Creating prefix script '/home/pi/ams_ws/install/local_setup.sh'
[14.666s] INFO:colcon.colcon_core.shell:Creating prefix util module '/home/pi/ams_ws/install/_local_setup_util_sh.py'
[14.668s] INFO:colcon.colcon_core.shell:Creating prefix chain script '/home/pi/ams_ws/install/setup.sh'
[14.687s] INFO:colcon.colcon_core.shell:Creating prefix script '/home/pi/ams_ws/install/local_setup.bash'
[14.689s] INFO:colcon.colcon_core.shell:Creating prefix chain script '/home/pi/ams_ws/install/setup.bash'
[14.709s] INFO:colcon.colcon_core.shell:Creating prefix script '/home/pi/ams_ws/install/local_setup.zsh'
[14.712s] INFO:colcon.colcon_core.shell:Creating prefix chain script '/home/pi/ams_ws/install/setup.zsh'
