[5.828s] Invoking command in '/home/pi/ams_ws/src/bno055': PYTHONPATH=/home/pi/ams_ws/build/bno055/prefix_override:/home/pi/ams_ws/install/bno055/lib/python3.10/site-packages:${PYTHONPATH} /usr/bin/python3 setup.py egg_info --egg-base ../../build/bno055 build --build-base /home/pi/ams_ws/build/bno055/build install --record /home/pi/ams_ws/build/bno055/install.log --single-version-externally-managed
[7.293s] running egg_info
[7.295s] writing ../../build/bno055/bno055.egg-info/PKG-INFO
[7.296s] writing dependency_links to ../../build/bno055/bno055.egg-info/dependency_links.txt
[7.297s] writing entry points to ../../build/bno055/bno055.egg-info/entry_points.txt
[7.298s] writing requirements to ../../build/bno055/bno055.egg-info/requires.txt
[7.299s] writing top-level names to ../../build/bno055/bno055.egg-info/top_level.txt
[7.313s] reading manifest file '../../build/bno055/bno055.egg-info/SOURCES.txt'
[7.314s] adding license file 'LICENSE'
[7.315s] adding license file 'AUTHORS'
[7.317s] writing manifest file '../../build/bno055/bno055.egg-info/SOURCES.txt'
[7.318s] running build
[7.318s] running build_py
[7.326s] running install
[7.327s] running install_lib
[7.338s] running install_data
[7.341s] running install_egg_info
[7.348s] removing '/home/pi/ams_ws/install/bno055/lib/python3.10/site-packages/bno055-0.4.1-py3.10.egg-info' (and everything under it)
[7.349s] Copying ../../build/bno055/bno055.egg-info to /home/pi/ams_ws/install/bno055/lib/python3.10/site-packages/bno055-0.4.1-py3.10.egg-info
[7.355s] running install_scripts
[7.440s] Installing bno055 script to /home/pi/ams_ws/install/bno055/lib/bno055
[7.445s] writing list of installed files to '/home/pi/ams_ws/build/bno055/install.log'
[7.648s] Invoked command in '/home/pi/ams_ws/src/bno055' returned '0': PYTHONPATH=/home/pi/ams_ws/build/bno055/prefix_override:/home/pi/ams_ws/install/bno055/lib/python3.10/site-packages:${PYTHONPATH} /usr/bin/python3 setup.py egg_info --egg-base ../../build/bno055 build --build-base /home/pi/ams_ws/build/bno055/build install --record /home/pi/ams_ws/build/bno055/install.log --single-version-externally-managed
