[0.117s] Invoking command in '/home/pi/ams_ws/build/sllidar_ros2': CMAKE_PREFIX_PATH=${CMAKE_PREFIX_PATH}:/home/pi/ams_ws/install/nmea_navsat_driver:/home/pi/ams_ws/install/bno055:/opt/ros/humble /usr/bin/cmake --build /home/pi/ams_ws/build/sllidar_ros2 -- -j4 -l4
[0.606s] [ 85%] Built target sllidar_node
[0.613s] [100%] Built target sllidar_client
[0.703s] Invoked command in '/home/pi/ams_ws/build/sllidar_ros2' returned '0': CMAKE_PREFIX_PATH=${CMAKE_PREFIX_PATH}:/home/pi/ams_ws/install/nmea_navsat_driver:/home/pi/ams_ws/install/bno055:/opt/ros/humble /usr/bin/cmake --build /home/pi/ams_ws/build/sllidar_ros2 -- -j4 -l4
[1.203s] Invoking command in '/home/pi/ams_ws/build/sllidar_ros2': CMAKE_PREFIX_PATH=${CMAKE_PREFIX_PATH}:/home/pi/ams_ws/install/nmea_navsat_driver:/home/pi/ams_ws/install/bno055:/opt/ros/humble /usr/bin/cmake --install /home/pi/ams_ws/build/sllidar_ros2
[1.254s] -- Install configuration: ""
[1.256s] -- Execute custom install script
[1.260s] -- Up-to-date symlink: /home/pi/ams_ws/install/sllidar_ros2/share/sllidar_ros2/launch/sllidar_a3_launch.py
[1.261s] -- Up-to-date symlink: /home/pi/ams_ws/install/sllidar_ros2/share/sllidar_ros2/launch/sllidar_launch.py
[1.262s] -- Up-to-date symlink: /home/pi/ams_ws/install/sllidar_ros2/share/sllidar_ros2/launch/sllidar_s1_launch.py
[1.264s] -- Up-to-date symlink: /home/pi/ams_ws/install/sllidar_ros2/share/sllidar_ros2/launch/sllidar_s1_tcp_launch.py
[1.265s] -- Up-to-date symlink: /home/pi/ams_ws/install/sllidar_ros2/share/sllidar_ros2/launch/sllidar_s2_launch.py
[1.268s] -- Up-to-date symlink: /home/pi/ams_ws/install/sllidar_ros2/share/sllidar_ros2/launch/sllidar_s2e_launch.py
[1.269s] -- Up-to-date symlink: /home/pi/ams_ws/install/sllidar_ros2/share/sllidar_ros2/launch/sllidar_t1_launch.py
[1.270s] -- Up-to-date symlink: /home/pi/ams_ws/install/sllidar_ros2/share/sllidar_ros2/launch/view_sllidar_a3_launch.py
[1.273s] -- Up-to-date symlink: /home/pi/ams_ws/install/sllidar_ros2/share/sllidar_ros2/launch/view_sllidar_launch.py
[1.274s] -- Up-to-date symlink: /home/pi/ams_ws/install/sllidar_ros2/share/sllidar_ros2/launch/view_sllidar_s1_launch.py
[1.275s] -- Up-to-date symlink: /home/pi/ams_ws/install/sllidar_ros2/share/sllidar_ros2/launch/view_sllidar_s1_tcp_launch.py
[1.277s] -- Up-to-date symlink: /home/pi/ams_ws/install/sllidar_ros2/share/sllidar_ros2/launch/view_sllidar_s2_launch.py
[1.279s] -- Up-to-date symlink: /home/pi/ams_ws/install/sllidar_ros2/share/sllidar_ros2/launch/view_sllidar_s2e_launch.py
[1.281s] -- Up-to-date symlink: /home/pi/ams_ws/install/sllidar_ros2/share/sllidar_ros2/launch/view_sllidar_t1_launch.py
[1.283s] -- Up-to-date symlink: /home/pi/ams_ws/install/sllidar_ros2/share/sllidar_ros2/rviz/sllidar_ros2.rviz
[1.287s] -- Up-to-date symlink: /home/pi/ams_ws/install/sllidar_ros2/lib/sllidar_ros2/sllidar_node
[1.289s] -- Up-to-date symlink: /home/pi/ams_ws/install/sllidar_ros2/lib/sllidar_ros2/sllidar_client
[1.291s] -- Up-to-date symlink: /home/pi/ams_ws/install/sllidar_ros2/share/ament_index/resource_index/package_run_dependencies/sllidar_ros2
[1.293s] -- Up-to-date symlink: /home/pi/ams_ws/install/sllidar_ros2/share/ament_index/resource_index/parent_prefix_path/sllidar_ros2
[1.294s] -- Up-to-date symlink: /home/pi/ams_ws/install/sllidar_ros2/share/sllidar_ros2/environment/ament_prefix_path.sh
[1.296s] -- Up-to-date symlink: /home/pi/ams_ws/install/sllidar_ros2/share/sllidar_ros2/environment/ament_prefix_path.dsv
[1.298s] -- Up-to-date symlink: /home/pi/ams_ws/install/sllidar_ros2/share/sllidar_ros2/environment/path.sh
[1.299s] -- Up-to-date symlink: /home/pi/ams_ws/install/sllidar_ros2/share/sllidar_ros2/environment/path.dsv
[1.301s] -- Up-to-date symlink: /home/pi/ams_ws/install/sllidar_ros2/share/sllidar_ros2/local_setup.bash
[1.302s] -- Up-to-date symlink: /home/pi/ams_ws/install/sllidar_ros2/share/sllidar_ros2/local_setup.sh
[1.303s] -- Up-to-date symlink: /home/pi/ams_ws/install/sllidar_ros2/share/sllidar_ros2/local_setup.zsh
[1.304s] -- Up-to-date symlink: /home/pi/ams_ws/install/sllidar_ros2/share/sllidar_ros2/local_setup.dsv
[1.305s] -- Symlinking: /home/pi/ams_ws/install/sllidar_ros2/share/sllidar_ros2/package.dsv
[1.358s] -- Up-to-date symlink: /home/pi/ams_ws/install/sllidar_ros2/share/ament_index/resource_index/packages/sllidar_ros2
[1.359s] -- Up-to-date symlink: /home/pi/ams_ws/install/sllidar_ros2/share/sllidar_ros2/cmake/ament_cmake_export_dependencies-extras.cmake
[1.360s] -- Up-to-date symlink: /home/pi/ams_ws/install/sllidar_ros2/share/sllidar_ros2/cmake/ament_cmake_export_include_directories-extras.cmake
[1.362s] -- Up-to-date symlink: /home/pi/ams_ws/install/sllidar_ros2/share/sllidar_ros2/cmake/sllidar_ros2Config.cmake
[1.363s] -- Up-to-date symlink: /home/pi/ams_ws/install/sllidar_ros2/share/sllidar_ros2/cmake/sllidar_ros2Config-version.cmake
[1.365s] -- Up-to-date symlink: /home/pi/ams_ws/install/sllidar_ros2/share/sllidar_ros2/package.xml
[1.391s] Invoked command in '/home/pi/ams_ws/build/sllidar_ros2' returned '0': CMAKE_PREFIX_PATH=${CMAKE_PREFIX_PATH}:/home/pi/ams_ws/install/nmea_navsat_driver:/home/pi/ams_ws/install/bno055:/opt/ros/humble /usr/bin/cmake --install /home/pi/ams_ws/build/sllidar_ros2
